392727641
451189940
4306778
1016434157
921615918
1040752552
104932149
342577807
237299909
134565245
30561231
533891891
576166574
369006911
892089185
86319953
462332430
275156415
816558121
187831882
790144334
332936386
599203064
615399376
893582663
562310842
679362678
431443708
389565274
176698122
772604873
1037885218
468676557
519922105
536868270
96728845
210530817
338441564
627632020
142310436
532230115
134723184
241622085
582292833
258077294
1034605416
147058865
779630814
812291807
1044229721
921744319
637244338
106396410
55218201
784655331
645977123
398047619
297110384
758218695
1049987622
977730932
895934436
293678821
958568784
754716471
498936617
667184046
859874509
366212334
3033190
341659010
587676255
896433930
69537036
654054083
525356540
207826968
968694063
990720858
25172583
262121775
384785688
97509303
937330706
202946639
663921688
543720238
769416664
380456974
565006433
577606213
184173322
837622056
182759467
377226948
177293524
500623983
726595709
584507736
529379524
318394464
337997911
680397986
760072143
731488373
727846655
243960908
356954545
673081529
859317086
557834069
198821188
712889251
880686934
1027411962
922455749
485401173
769033669
1001596513
280535526
190116306
37495102
463484173
256276529
300723351
224166977
572933421
482607862
6442082
724196428
905317644
782262370
811780612
625467653
762297440
722301148
635883865
31917460
1020644187
1016656383
545612957
712910527
815026312
924549851
220990672
9265861
1066641959
71816395
1014197049
462090828
515891992
1024228265
425743327
385019247
14733250
1068066580
6150586
491178880
967325379
439578150
2954120
625186783
457459531
431851594
346404787
863345716
745088627
947511727
179410627
604248444
91001514
991689161
922327514
151670404
131424914
331939284
189464673
500479340
518424856
815004868
203740126
585947197
76943418
454535292
957826698
480321626
127833456
882380640
226176024
927367500
236198823
856231199
77453492
467511387
881432774
1046971428
527114711
557332581
112805309
536318370
858118347
455552839
299483129
959656720
110792252
539683661
1062298245
60387606
951600230
70139531
374158361
666444262
682847912
672660322
436173649
878633721
1064269967
959470698
37459825
155710536
797183953
121048275
667408015
189561824
220368156
216350151
826032586
505311767
153513892
644599666
281414063
706887193
511127298
294282808
783902642
81189424
1072717608
961912458
603187653
490142290
992088589
327299592
102069828
75242893
246714508
895300215
528643518
922178456
1039746601
106634425
412972963
886372556
461673306
80566689
182510407
709419709
1053917589
169694897
453596401
499695546
1021169852
481092205
225957944
641527884
18147158
232698902
909280948
812055667
680742191
219539773
766783509
584476281
549644282
713421293
239619504
800700458
654643411
473243849
745340279
543446883
516599750
570846967
32086708
822221570
174155359
618001544
63573154
635845322
586344152
608170145
506084648
647219817
100575354
535819340
923049157
13996738
111437584
466866956
377538365
867972833
970901333
631820066
885648677
380355761
617110827
873472013
1052593034
976080302
141279461
60873627
856886549
733288671
529083677
1050234964
625265589
535298390
637434381
854313318
130353964
1047731633
907800541
978512120
182996123
211378679
844780372
539835306
1004285690
584521200
313014133
656510859
245317045
1005734622
335547882
869005196
511812124
112032316
993302191
600241430
383818819
906632990
799213558
272271496
763146232
936749229
718895617
191724989
669832053
511310503
1018148637
467839732
186759967
587784383
1037150589
223272595
537590908
307719071
1020504116
601768742
775508338
731435186
667759244
1005515619
93456131
528166443
994964424
473501569
651313784
287978340
69135314
226344219
401270517
988880192
402738331
457149132
416541686
577087383
265404380
49037929
956367507
705376886
288937658
980590143
996216554
53908096
205600955
459285359
606845243
850887996
370409575
584934488
461067944
443708667
400316131
288050028
772468228
975247183
88946653
686444784
94803639
712988998
999554316
532199505
438329116
190013453
501566445
460129195
283233556
153671568
68128988
51435856
774893989
333875099
788221129
335830531
519567836
629472921
367092786
685010846
130470734
971052977
651618739
299758711
991907567
665898002
598745787
977889226
524398938
274800720
214752812
816605023
685782016
400782277
194007926
281080793
558914822
73099572
998893605
160028933
657836511
44973112
168574285
610069988
602386700
341702901
284502054
391237524
857176138
556988805
380369869
648216150
752264136
534056194
928317067
708358841
753501076
851518189
464842536
154692418
272586484
1005718387
247639585
109295384
991335022
45156277
544009866
409437035
579119912
1005528169
294729639
382803688
187979785
358594710
293057726
255170421
814855283
968236866
470354723
770421319
499630162
673798853
973134182
763811707
825559312
621072452
871921141
58498146
390480285
81228656
1056213773
507765547
889344859
539008525
402970676
811685829
860507509
606639598
476448453
255727690
309959012
629760271
916752130
704827567
379113878
885122096
985432164
786822732
117092578
856990103
803596773
960495471
422638190
183262840
994968059
1006839886
521836423
335139216
472948036
785711647
325818410
54441364
66926034
73202564
808276172
562354096
358615870
649537175
18369915
711961035
1045140139
25588275
116226255
133578607
266815476
611374680
738320115
931198273
343067143
216442818
276338964
232567121
285418758
867836591
919641688
427748912
1012883984
721170166
76427270
1004958897
819088434
507158914
359147281
965231134
915518616
458487547
343759575
701459492
932313101
218966758
997149540
799396558
620636471
328950711
355725658
388216427
778255164
109379466
142446104
201679386
398134414
49324218
953944448
1069190454
240978596
54540522
288880699
125609601
682049647
928531328
529048300
659743293
890328870
203872224
631398899
899494153
215478561
716107525
61781440
84600223
97711401
101727777
318937153
798096234
971121026
797892103
948569047
324969722
258847575
868287876
801142711
877119749
978176147
388055987
842935678
369236671
645272230
427910278
535197464
693084749
921513118
967451244
1065337147
692537283
1037653230
48639316
129102266
782337148
556201411
997373640
691917578
375208878
332745127
613474002
990655523
398709132
756699464
337033092
79653363
1022380216
704283984
751940548
531745561
729587658
425036834
751713568
979001172
850286742
119139204
262656874
409812853
378444756
256243081
452107056
305051782
387106085
587222764
672332666
1015522141
821169548
772419736
481591229
820674549
37441335
596710127
15013600
814904143
923149555
1030504197
200954870
713640328
203309547
974110625
391443659
196275613
1032111569
674453043
234269091
773409635
770293620
632717321
867558210
788223320
215101649
193325273
256520539
991905735
791858275
522494419
930049102
902238269
102841953
906912761
583917638
200116244
37536850
688610609
731532150
817299477
274548473
737656139
439188153
653088038
522538551
740902655
1051262906
203050902
190336956
756639509
713725526
954086503
785138989
742089094
187693657
512257584
5759276
601605717
11305634
356728022
345261844
4070787
580730804
1069440406
392163543
305427360
272403930
714870345
273293165
867650429
482991785
241238859
27018407
87667580
326631016
843021221
685879086
195864400
255069492
198832105
737303252
27744374
468787824
698266186
342320371
904232274
760417759
219571040
867238361
417669082
238013173
337264144
275870870
752682117
405145075
210403072
517351449
831355424
280672412
767689416
1058642
131986444
174886166
144597213
330152690
882580379
422008163
638826006
1059400854
390533294
290902192
800951142
420049730
824681466
398870241
74678450
1041489083
438540702
740025271
767116744
519857190
684072573
1073646939
815781331
529889167
1025143784
317920445
347990125
587062601
357569185
63645871
203344605
117989860
950031809
77908659
544074507
653139422
805132992
1062410645
58129263
330120969
765785959
748947153
966898921
1064162593
279430118
104023331
657797396
693734409
351097447
346963232
262298235
567436398
501649469
661947119
715772999
800437508
700079295
311335077
601582279
405910564
533379438
667890451
492395458
69037069
583696048
21439607
527483312
398569741
53872022
619966332
909809554
525176922
738423361
632155537
549061315
574824962
842864352
209273962
394785239
1005552219
940245801
1071089085
510125281
749700979
357319864
9702932
247542475
657226247
209659833
271317329
1001135250
696194382
344722030
1011869877
701404216
828481718
492596004
332047859
898113785
399710046
237618632
742470506
247065297
436126861
820648289
79337763
105694797
861910630
263638846
770959802
890479132
648553952
563724975
432731181
1063939261
114180085
816738546
421276985
484238649
323158339
704155033
683948976
586352301
36419900
983032769
214593715
428931217
728643710
817404176
939117296
356142215
708270589
786320603
99499483
973737773
388192245
254619286
330728645
966201061
920628598
1001004629
829065790
205884265
345302487
206406269
111952168
915898722
478925208
767748085
228321860
34221238
907959755
442754203
813289694
193583182
680033023
1067358155
918162927
147067223
395806538
873568547
468674644
356500521
912012343
178283467
79356161
637716334
158895008
225596684
686002892
833685525
949567084
1054476874
77858791
40861508
621900297
760855061
495490370
90357498
613131991
41939172
452918872
18795537
876826106
237749083
105646927
343203044
930839230
926932856
619797443
749122525
919150852
738620905
282692570
855744717
767157722
767015671
715242025
192893994
847926350
155646524
936748330
323928407
50972366
764195310
314413227
267854275
61074757
752526166
572279561
938004445
129832861
1484979
339986289
622328560
608966658
849562791
223704389
68158328
173265595
700036227
343433396
293650881
955773519
805713838
1031792978
810830434
681455306
1051774726
401396977
166645703
162464263
664323393
586098504
985983600
412538182
295471495
675420306
930253235
787181035
993625553
204175953
888423251
39725784
705965528
307267194
1070761705
289005904
42457685
611903455
692473810
889793677
612020842
671619949
966527469
1054990517
995046994
566267303
917474051
522650722
798316063
228724078
725236200
979876432
61588778
216181820
568140799
572888612
395022845
28360665
663747464
467461120
474917632
706704496
849256252
118354093
352662753
1047993976
213915098
1005198600
926830420
793050606
497446870
670352220
959673262
376247918
975710709
869049417
306109561
861469896
528857530
828724175
63104020
854885287
947793543
825995463
193272202
301326216
660538290
11770969
1063027567
356460040
452214657
247820149
922644130
6998825
962854082
581101882
365293593
581136436
284262030
630001745
278187873
820904272
394689629
182141640
308546071
724186945
883685750
967803409
653435799
735937913
126670763
110723339
813500776
791998154
375489562
311135560
186793376
702986461
570672785
67666408
204917271
115397203
785550869
846036833
870435179
301761849
828759521
974730754
227611889
274658343
64535494
1002019081
739230456
809240922
873137112
153930128
572732015
823735891
487364286
927640489
182408815
683475587
306519436
977367273
667879165
364598755
429837263
797668889
682077314
549402897
603526701
492162390
560906373
651004958
954256070
645844648
989299505
995224450
983094812
223416923
837183234
252712737
14575472
799405922
754242640
472811434
359333317
126564933
1039763705
922830166
900574136
244121813
435576416
2418725
39186001
996863363
873525122
617522378
327427528
129325089
781508933
806252006
888132419
768628787
189609876
487890379
450192992
495473204
938289590
792765393
854334854
921709157
569710063
1022657708
78777316
498029665
402920969
716748810
966022362
896504379
969140492
575078174
630337418
965165430
820408311
675287662
466394914
526452126
143385063
671742331
346991535
181181034
43341123
251636329
999132998
513400116
698099662
362887710
174671098
1051253016
357420142
785341531
50610884
783544136
273001114
901419029
686963065
997555556
669180612
214736686
460905896
445211286
357098171
355531063
1051326055
844443576
581461253
138787733
162771359
462350572
764795774
970875852
193768145
73280092
516641210
256880877
482070113
413127759
704329506
998319727
529064688
283351036
288952545
383114550
51474135
909699212
420187995
357261077
754402957
446773616
308275449
883675659
901578011
515143827
281470276
116704793
749319480
672179017
500184278
967992671
164086306
659419610
972282311
91037219
759868627
1069349375
963358680
247036940
268950418
1036503614
360222059
862691747
315671345
94875461
163922383
528504777
376236013
533121277
231220283
639238808
604284232
298516890
983703474
988268289
113053206
204028197
762831027
371286126
782126951
72165689
163610502
426929728
523868522
65778828
1029348899
322460365
194948290
357571706
406793006
573205310
941905190
636625977
43281533
647486167
299720270
411023330
460810687
479304021
639741876
143755432
397531726
694759334
1010343605
640108826
1026175743
988949389
347232167
391359287
554897264
661951955
993621600
15769528
746818772
295430914
416632253
756420137
632844666
905460657
247677653
410310529
910364357
315643155
736938406
506534808
739945218
506157847
728372468
536738784
928450581
69512484
136116795
807297769
563161558
409989303
474782276
844428090
650142969
510697620
320249357
50475181
130010895
1003270136
431521387
1015335432
736287667
480018775
804741020
403968583
214529468
468028866
234257106
10727215
884784973
787726301
280094795
261711431
77535042
283789634
460579399
296754103
149522037
416846107
929352023
149196953
558623309
355934948
34195862
1039250385
205296245
820181466
501665744
919722571
22593143
1039505465
443385551
668909371
160575601
142662091
340766993
508060208
71592263
437080310
784278660
112760418
488326061
332743425
674799980
861206547
463841862
890664196
1018010134
466552216
626748374
27001369
462719142
429360181
785515438
868391170
177661746
724841584
109132738
976725694
89400842
727350013
840042431
615728352
677935954
460116427
393316325
1033636205
432092658
13930227
859668731
805096543
354788513
244705773
695655229
238716821
72705802
514239760
523498537
549871543
874037633
801945303
1067523349
694455065
31072089
281967281
118121784
672854086
476925070
83333235
688535198
414076300
1003208053
253739893
698957929
606728619
1048493854
216637438
190744431
823462138
993733772
644431677
590126307
835045639
90733346
281241893
144459488
268863982
932992517
33407994
189494969
880834018
297797129
583951997
1013275385
43186140
563893627
454244370
146330583
773586912
660112638
125422131
236614443
1022890148
297677773
986171984
20371295
121956111
719834124
647186702
724280941
736482314
1010063040
124732007
212374469
497471104
993581281
440095958
652888898
350017808
1024976428
775991998
576924078
1073198967
357344022
283713368
113283401
477719728
521928881
679996984
364464775
986396723
861265138
698262807
1055760727
241098572
905478612
1040313788
348516567
229239893
322463243
702257003
122858291
314255462
215637591
718003044
59968627
522543228
407708315
113218632
649843628
200937347
51507421
895618166
58817047
653061066
748773677
975956613
1009122965
196136345
744713610
664698349
377139931
662295902
799276643
21956987
684850585
652974062
759232374
528136556
845966105
348015594
468717546
566448830
982683487
222454487
899178900
243345235
291530578
123466494
652888419
90088046
18715316
760993426
1043997713
475968041
201793437
1053425389
987207450
547557176
308708521
965397736
443666599
935614104
350675407
337028135
220172019
710463410
404054958
737285195
515546611
656948594
947194954
1026766727
1048090943
787333818
229045733
177208562
475315077
630030758
991024525
1063737985
781736929
541616744
983175054
358882745
499393884
757406630
372385445
937163072
199328289
823481492
71424554
451924183
464367631
775971558
272775585
45519608
361429232
375420311
348827301
471139952
118275301
466936977
315458410
399310753
357446882
818728155
9802446
383023507
610006842
416837880
597950545
1063171276
447276122
937013370
123467280
927630541
1038563465
694251354
1022768892
416161280
612101965
1026445269
1010098827
221113237
993143343
646129030
948040768
628676544
819041966
536065665
33778733
1040692594
671556345
63056762
434616441
876271441
492505753
930741071
600787977
630623225
139450270
264262075
684518466
1052348102
256667792
93078068
63330605
541897434
322409740
97782208
526191439
842071282
921515508
164496601
438404448
625210363
628035178
194548979
129069673
307273325
854260186
264293958
496909311
357336527
836011853
411362834
317154441
302086268
1014648122
60661753
178652853
15026621
340934218
37117179
598289227
1036778701
130920809
211641729
248929824
134254399
65671842
509581851
386001533
383706131
205640301
392538388
599020316
1051821894
589655029
732277148
871476437
519306941
651427850
13603497
825427988
228039733
787889484
441161582
134535453
889206240
937667584
3357243
987533772
686758144
89649141
846175785
490369370
738780215
266260032
826693476
858685965
160426137
681766265
80179720
520028222
1049879793
406140692
363147105
469586558
513282847
49826832
646425281
408472824
110509036
451403811
977122871
149543554
127638389
812649851
1043920057
42649120
67655153
1047843755
883578953
812021961
926401474
77377137
360322961
504447780
1016358660
630219142
945818119
166734511
699613629
459977895
743783178
716827556
779795052
290728333
637492502
418240792
179145627
1058283851
233713665
589181618
458417893
334886352
992276289
314190191
235293061
807042800
363602382
897745220
119609263
334785584
124926448
521822293
651403496
913348546
1038634517
327342361
777306827
839561247
653413562
551562644
575251579
510419725
593592609
761821260
903735186
166695971
452222635
685092725
789471448
527379604
580269706
246125086
214953496
1048243835
609641263
432432050
1001238200
412763293
689010285
541002398
294051616
15503676
1001414025
830223638
149855579
249094797
101706205
412288761
821888047
101562934
289222869
420841974
962472314
42795861
121117387
414903301
1040423630
298335008
12216274
667543268
908279919
469050032
578624007
179723656
285745379
582874790
160910525
186453332
676990939
976443215
320220418
277125804
176556281
509364134
821651281
369097065
636180665
663959977
179842115
984419130
234809181
473435908
486883063
708708677
420740264
70957732
846230913
328244171
879099020
911280089
1037994978
394206470
675308100
859550627
850124065
58479637
274871742
831188022
352056005
743729768
1034318040
3586181
911462108
1010010622
77718332
503277902
9988883
103704662
882234841
389085373
302482780
836026998
389605653
373726465
411277596
487790112
1009868013
1020788311
116455196
677649784
138946428
534110280
711964107
883410380
360180471
203685214
563874048
4080778
425226833
432242045
110671550
546768036
222924538
567431289
262822333
484184878
801014347
222736561
876204547
210974140
580867666
677266433
804976261
176979070
194987337
600110100
807815547
21338269
350570123
785665617
652587481
562083468
799586166
267379326
150860506
542858208
998200833
452582110
518587090
383968655
655342554
568052617
122092596
949474366
576613451
330896487
562945397
20909851
48110072
59136176
702096486
784234119
13415779
253266352
960459066
856015691
201911440
651196648
895793343
829218900
105371769
525076584
849906635
688483439
393870542
471948936
1012037844
788030273
1072159796
956605460
351818320
1042413827
111044826
986524530
138422365
1041887144
1035782054
271767960
128855774
907377159
120399088
104062772
556498178
125828992
965578436
670174748
227798979
752008063
335998010
68601071
663362216
780856725
1034316871
972182917
511650638
722919058
950937922
740021320
897771783
376050033
611694947
289423452
858942478
570247719
873908663
520267720
144048776
993887103
137701848
350275192
127646919
671008252
199564248
953220812
126882811
560692051
747838796
567732249
720225268
556278006
373039194
945938621
86521908
542966381
971315336
689092287
853633616
798159779
807746864
356052433
769160290
670476857
114001526
623194171
861131900
208335374
439970461
806938196
583000009
841670649
510209283
229801785
921582009
1051244892
19091885
142800497
950297925
907806486
131977467
376051821
637002665
869862048
1057800233
494251886
734313090
296086033
372155655
730624528
33078881
543964072
403959144
358123956
668730022
556919436
136707599
1033067342
276916749
209206927
357036756
828587325
930320502
67141300
679646007
1050492442
781575224
1031399172
631753081
228355600
952586322
643579894
978422312
681699750
826469152
831756530
528733836
515294788
125805481
108492188
693970223
1023454493
1042775003
951518802
143301333
96491412
39898807
218719769
931055213
465919125
128312783
953317513
714267192
731014898
392418123
87032826
703570975
431972309
1050312014
980329713
45090738
556255444
681261934
557133673
730225431
231428690
859583794
259101326
622922479
724166788
208877991
61364653
721981235
104723764
314067549
838247052
1014840246
218836999
868973896
577797584
364055421
275626870
127694401
546249083
498566557
1010388103
413726997
626465921
403035815
725735002
890535317
503224118
454550706
415806042
73517968
388789813
450896461
368856294
717594244
269420182
1008825096
472544597
814351160
457087468
1041480900
672904662
714700649
789820116
490638247
57598012
851217423
286549527
957781018
682560743
69855364
173632239
735043482
303925822
886695035
891466570
1006091249
375014217
296279190
964688719
881091329
491014520
759116453
895829027
973363582
727437259
757193273
106555260
906914316
1042672274
734822874
697531081
938768441
900715582
44973483
475366487
287772306
701726835
103361468
496251931
434138467
597208420
910535726
263990832
1038875364
591600136
867429121
1013639612
188643490
873450961
843358746
178466094
73780183
959834933
134167602
296852687
525152956
772824101
267106788
903294704
308680740
918261968
21919488
134697299
9679705
744139490
1010265841
130258963
347719534
112058591
598838819
552828471
972277659
973621246
759704205
539790188
999842656
545966061
45463229
611501028
86291893
166663594
290257699
222175989
402977556
803998980
220426814
206261290
784861595
279682618
960121820
412898561
502131998
850029956
351585762
956008663
706887449
108156094
712392981
175087008
545155019
706373824
765619692
633980411
433577815
174358661
567973010
1041769812
386556921
446301648
694521016
669767202
153907000
73831665
955439920
1017545769
449153234
416725456
911190514
892152786
168488733
244703914
322902355
274744050
941550512
302231686
419892644
12263037
154722238
677038730
90785078
91243474
804485760
986085867
762141783
448433847
631983365
122575989
1037843611
251855342
98983777
501522924
918639038
1024656030
845068798
551051293
697385704
1035003035
705590978
677369238
803420472
234001098
819830661
109057838
957346138
523084843
694984215
967160133
928463659
248859209
446853001
138843043
483178117
656072462
528610985
1018983695
218823100
52777069
49699660
188777432
724997143
946665228
9759384
169191301
707292111
987883090
865409382
805291075
394964361
612769523
43241957
193377388
28277464
90282511
145536445
154560705
134213010
967731320
531972435
597558416
322028379
989562835
739666091
866297683
340783215
911373250
1002446320
678847343
593090253
101427056
524121082
704486821
77639672
3318078
300999536
153708469
204436103
785501756
259105607
111824009
748398172
756676425
524273191
392205421
385744213
700562031
495182708
705123177
213176934
494251946
1059208165
532919203
495480714
1019953288
957852619
64246345
683002435
605909968
366570253
1022626321
684212057
968591617
387709555
1005526537
1042802115
496917650
838943481
967502352
428111288
225458806
250243166
516832935
242469099
668973156
963172769
480110141
213080057
156803834
257469184
941772355
1016561856
638564925
71972532
178289917
447302667
106735159
237184089
310316814
32021056
465755424
109590191
430441910
236026633
73787558
48859783
432110008
776268377
775383356
369828377
941451296
943247873
282477400
505739842
89377306
184252989
687157383
939058828
51488457
912549798
714498647
428383258
1021184888
826059892
244819699
512740195
138144014
933744718
632433177
889199542
320635130
301444073
259264145
1012897978
475157372
954373014
106494905
795837903
1030873435
632510951
853575594
1007108345
1005703237
660192616
817893686
338680658
674960515
219270829
686397470
663598651
13827457
725569972
318998520
997733223
951056098
75512474
640724152
919383438
735245889
530537042
275928030
386365208
21693593
1070884291
755080645
878023439
898713845
874984800
1004489999
1033901177
206354762
887610786
825130919
158037546
255613106
706306871
114130432
667578250
867316400
591130037
203496773
604056542
999527609
173881102
528343757
430473736
960870720
878734019
426120335
1015290181
658355905
922207397
232570882
936128740
493312351
285742295
539380474
635542986
75732258
859993646
671632338
1035179141
164199201
890853435
49924417
628389366
240263073
704316264
89872269
22100660
324783081
249136447
304941771
568073131
330098109
983403298
439521232
1049845356
211966836
483310275
799828441
701039635
353939516
377775179
153365793
155327472
339848865
818489286
565496661
556492236
362897378
4424033
127293576
650529306
569830148
508403609
821139724
956866775
410585151
780724110
606966176
739663160
744828486
395849699
571293314
55004981
144736436
266978179
529346267
668067570
437005427
236956237
865749668
910461156
777427578
114150228
429032867
987338108
229125823
527468556
467320405
601094066
202388454
856071386
47143308
746324951
234788167
47139636
365649504
29391179
14486627
524809622
29579508
848909228
966721260
191308508
143018695
429465360
1034351423
975101152
699408438
299757527
850659518
857936481
190452712
154784290
197613573
228733329
293732638
375689816
961813339
788936751
114230141
680676920
175071748
393018178
156290324
1071798875
834754173
730274876
524539310
723855636
419741247
124274062
591663199
933046393
980582033
1036724184
390336633
852106630
220750531
764897059
994272647
401621406
116969943
276546558
667460917
7388703
122255165
597128147
777706152
872264560
770160111
81801693
1021835291
274369180
411095590
881416061
5970264
762808302
942929303
238356285
460495686
975336417
256622321
653668514
10944413
682679452
318487294
615849407
852902956
731659510
449600235
124954925
681931349
482478275
14761082
372192175
402691645
463833626
648854660
249303296
1053424943
913922602
591321135
906592426
381359872
854409752
1008739757
233891775
25030533
450203514
978495280
553296368
1069499007
209285890
495589208
156470331
193977651
906217107
119353448
996659475
354806284
210280167
445404913
831918060
931837230
953815474
136909716
748466862
498070279
321615285
435556381
775290804
232492304
1058591971
950105008
30803338
623782970
516556021
327406928
575052965
322152105
316026896
534724605
612047904
901032194
1067552295
585631362
208027585
885241605
647965344
517933789
629566941
258271369
433201149
202688999
946329385
548114195
19552194
148315531
349891764
800063132
1028314947
977781208
653593924
522371924
312581849
1048902027
872554408
998130111
248788226
226137559
949828620
588333805
988803036
27656684
980452843
20883746
616801795
393540038
572706517
660266109
333025577
587174867
128558086
477256058
495130023
265109479
456122173
390626814
79447664
866017340
675974635
1030921892
913323506
78564790
131508948
1015521662
66711578
68384949
702038036
421661654
397798458
983205703
466990105
594827203
25187472
1017734070
765800629
331594348
882471795
393300967
652906486
873885695
871123253
780275681
744367537
724759849
1059002134
493630555
967561035
8199066
122768113
282819924
505162111
380613514
862807307
589640633
931063903
1016035371
579464220
650406593
759565923
1008307712
59854804
570183599
561971706
788173465
765521458
332411958
1036995035
353452740
813994274
418753993
118501992
536505402
586441231
656529925
1054669778
496827609
602420673
275886600
165564929
385227492
85710470
868365524
538101666
123688429
149917677
724125737
1053545704
876799007
357356917
673021666
88436655
677657252
909674994
345772495
963237315
279931447
115869421
157545030
269512580
539084887
595366758
735988266
38422603
1020965874
634527596
220486178
1031189745
1060327514
502329736
69434030
847003019
978417103
543517138
676344452
882331980
245133283
338462887
570032187
907626777
168694150
464505536
162892127
284861119
834214717
441493026
837555819
399312463
629663516
227683107
278494390
673161933
899841599
280408563
450570749
600148590
767686329
524790287
431352001
49241682
380444943
929109347
655964809
169854952
928075803
202377196
571815720
1017332391
849131594
468435689
687197611
32035376
991211007
377372274
341374595
401739967
337169213
448859023
75894184
62929325
517217990
872738410
760690925
920548245
8972823
320971341
889959110
727703048
405133243
737032872
875712808
1015888409
368721238
950868852
650007869
698079527
430087263
742878849
653193055
45154079
263845863
1016885626
676488969
514837718
3576657
720953261
735766299
434523727
625639576
586507078
945871133
559407496
1046045814
353552036
752619923
32644054
578793438
139736704
916628344
947573919
94458783
40441724
959716147
452151116
182562139
726163808
489675883
411229857
770233073
814967769
711801179
1023490227
262213461
966539843
762106917
501894477
169605025
220780498
108598324
644890429
549131764
158988490
133824213
860498595
893532726
766295487
30462001
550745443
983677259
562852517
442543726
512703461
280751048
544210623
333463443
958833042
568084462
748050665
65497913
788832281
689831915
445494915
470266751
186353572
246239658
109741248
267156059
367245898
626395345
530549033
28136158
485177352
825921788
326681313
306501363
577957246
637081089
420303272
430738863
793251808
670922534
546533764
1037421578
103412106
650388190
89495423
173056298
185063196
19050546
303817794
57504386
334465376
878236381
569984269
60549272
665507190
745108519
878587875
739818384
156728055
952492045
383551885
612909022
519269518
473712210
432258284
163852383
922969011
625646317
952609743
1034018553
472208895
424575099
616783944
610615398
1065379117
233804082
131612848
197833661
642208282
270014798
160246589
867407502
714829730
477470993
241923372
756210148
781017099
250851280
717182515
863561844
6884445
395102337
16055277
484090061
1036227384
234841355
889864945
441283031
670206460
366807318
7004793
1044835082
947123141
409023708
509653408
603141134
769042870
739037062
98103751
680519034
896456621
532119795
999924071
960649302
426916983
956569615
987500833
1043199442
385615130
385121112
562905200
120707262
85677755
958980888
324949664
893924159
744703374
668741631
729606210
1048920219
65617856
301481593
144708279
556990281
1059428354
86866985
219175866
53279941
9110547
313016584
945976076
529533002
764831597
811585233
424271502
665253664
889190087
224476429
912653753
592633122
421924361
183325527
634081331
295332411
978598421
63071158
561679522
369616467
608399462
335229955
192085359
157476146
369868052
905570367
53112408
26400241
319855373
519670231
228030359
626315371
506920181
690995716
753585093
504680385
52201228
1051214143
360868766
1058860562
119359485
822174068
135176657
661540888
779017788
608215709
759661233
725128628
154284926
535414171
490957669
444513178
441006975
160923701
739084263
660031215
739397379
608961098
862059814
638818460
396884856
75419837
531736399
212269205
696591117
1016403742
1035104007
1062240031
868768597
760839369
424584048
161351575
186125788
139349388
25992082
790237922
21717181
932172199
889431938
602208947
900956312
669858167
873211569
841047080
335500433
413690058
523162689
359009795
209270232
958032375
1002677220
12890124
836837074
146746253
758749151
174272677
306699625
33005678
511423454
926116719
350979444
376883411
756499615
229974848
463513184
1046738469
806051477
876145103
880530077
872882793
124682610
546343667
336324142
815069916
1037730496
657763156
990394193
873379044
54829854
493720719
659518143
1019431609
611277364
550812336
240171625
268929592
668455644
847761166
915345711
596310836
1015968529
811985311
483493918
366809504
366665446
624442568
984991307
261191274
853490978
1027343189
730894036
478326221
456594546
383124869
70961467
870598212
1004222549
820040360
1060417022
115064236
157589769
422134870
640185074
716819731
573466839
213111089
1017201108
274192270
203952740
471933964
911498595
165045061
195298160
888045852
404021302
894258279
713699841
1037395402
327131885
687849442
540104678
863939696
590949368
856558600
96983757
750547874
44058851
1069859586
800896717
184621063
892465613
395962126
629608558
1033147344
98106523
12875702
219905776
375776168
863361570
535643120
308153969
783614557
317189784
54422356
921552034
656264084
825587226
767807761
342347033
571561239
744650710
634540031
50261148
572672583
690420255
854378912
233498348
981850519
1007490560
1056384851
525462298
83270692
1047975271
952644104
731489502
315470503
452815225
936550850
584281353
691810065
589269707
341913612
457310178
1007767154
898288442
990900655
461221830
385803242
770328742
497533262
862034420
490386736
822994126
393365109
379504538
848499476
45497360
107202761
237094287
956495130
332608836
703395687
462814932
881359874
46903091
12813641
1060406670
383852908
849703378
302494243
838389363
81946924
566458587
300452229
961727572
873418987
551055624
21849733
716042231
938498561
963555672
718387229
684613614
733377047
345704901
765374962
560916836
263567980
1061175493
69769646
832364241
60276454
1009023168
583609686
68382304
313336303
354256625
80215943
732761450
424873152
61395712
392037595
629304222
576188659
170021331
723209028
425532741
184652387
123650935
659635563
392350073
434912876
1058539337
666124876
558621451
376874495
937487213
522685352
275911939
887861137
319301727
390103272
322731086
837854341
157181501
732944715
650350762
925266749
811383327
674743813
225127684
158310997
85825402
453739470
103083045
718076100
286185342
154781120
538634719
98972642
750721026
58206570
464867732
992901142
827836691
590256059
257538225
872341036
332969071
125079156
695738015
787134148
142947327
391745919
949891870
882649937
409220007
480631946
546552806
993530427
612545616
751205310
1006459746
321656386
64493533
149001224
792970392
135519221
31392463
1053549259
874534922
399960826
446101829
188190452
429638123
812980394
10557725
308422491
785721738
1060542390
89865204
621965419
1017319437
831026953
230661046
793843359
627350624
584850273
370055424
723331461
562562083
332497969
417179953
407648741
601749459
29750838
973786412
747912634
896246569
32549139
602907214
664082268
423365868
237234288
486958519
921126134
638296178
537649139
120583103
856185690
24329529
687321217
479132666
255149867
92686717
688036626
603092375
390340354
76224490
548518326
840712380
787957997
469603632
364048170
148193629
902045439
635087927
166745061
366075470
587625203
154949575
1011818003
85424369
221153113
232608750
827084377
352577967
349831197
371586204
1029840793
595445748
432330970
107303367
506913336
144264210
779685395
1041150813
323748537
765711377
1036334848
1018195916
1020833410
931882938
587137452
972065496
54465590
41906100
421902152
685243230
193897406
92848561
818944258
770721720
820550929
757769951
109828351
1043429814
295053962
877030082
891900370
541495681
559943936
124357656
276129317
292379256
51632257
645417476
169516857
896231174
178102051
977662920
415754295
358077744
566866922
874203365
986488608
296916163
176515744
516651058
93112956
766947907
587696160
313610475
779714694
609017862
65460663
15189707
632267113
629185228
17239006
314049384
147825761
188381068
22449581
587220398
574611501
32479204
228531509
226875227
740431913
779801570
631058765
385865807
119005127
496248565
1004010982
238429107
892647972
431220965
662167691
509842122
689314255
1028706540
718968842
858352962
574389428
1015052162
909037061
1061301970
513664247
485581124
695256084
815367000
108459879
307058644
710927441
98261414
659101355
292091383
807108871
859526123
609765799
909843158
549689093
194583932
967661736
316911357
538840794
131359013
359275104
967860950
380317639
568307057
160235032
305091145
690733909
634962349
179465279
353769479
324016338
956080383
795753468
59753172
472526277
749046899
19033703
555411429
741965960
840160773
545239948
433651627
794588026
316083969
978265493
708807091
229276615
667510265
753013271
227004189
616703171
736009751
358518040
1065234369
715283630
67707620
869108371
298728936
797845376
877310841
534872095
599319428
648726345
375625729
382983475
538834766
882402286
696127690
671617998
1029650929
295561997
587899938
205384585
405348713
620313289
1046076792
536486414
617585988
332511428
831481499
1037182267
671193051
620250895
943111235
637184780
949257774
918135526
222924521
935857364
67402306
882846482
322443321
25257379
951273866
506931090
70807880
778860560
1062717144
390886382
212669017
424798858
313645531
288349425
607006370
652863699
188500551
820267405
130766562
313538314
692743769
668356022
26011044
1015297390
923992443
1040237369
67913784
910715931
218848517
583159303
912694716
804684323
826000300
762504345
577815398
861518892
1045619713
702290539
847164716
419901039
353128144
550524114
416886337
941068301
400786462
283376274
901059637
50350034
485436660
499507398
17667124
846229439
432561226
370773056
580388330
770741151
263866896
663913019
974950998
117703171
95281227
558679003
481286963
245986477
417687418
3687682
468779189
254346237
75229225
564003998
379695294
195932206
263255014
476713124
909931331
357963607
48470066
718466650
1058828163
377696766
26883894
328706142
979847305
707036985
719068175
751130571
480671715
963239828
1050510438
153822587
435137104
820308293
1064746864
1018308306
671819182
592257097
767200898
81735242
1017573288
381647269
676925363
993899158
453267255
412016045
98355511
481664261
159268782
122896180
14250681
381345547
967159501
529925652
124585881
681842728
175035305
510630073
837934600
127488283
269616868
645777002
221942593
912546235
768504351
188980178
3077063
747233626
1056067664
458805709
515494889
930273278
965561783
725389395
694368062
886768635
560015039
570582799
341393751
821463259
379050015
438078400
580268583
662697689
102478296
667237598
274777632
587256811
144163410
713163496
18747857
185266282
424914225
100987862
241311990
372995432
881289188
1009938463
334299476
635921351
780924448
16428191
387827367
981138395
290719974
684328264
639132953
43318265
1047767299
752159529
995512219
560509403
259254808
334135730
968745895
1018078937
387177067
421894178
604060983
709158846
1049508219
247399943
1022452974
350358698
141761468
199528522
861315257
453446893
932580202
605621108
196810895
138076250
421186304
563287415
285366390
155145799
977329871
158365181
915683603
884450997
999197773
390960593
242246805
94103850
836869396
1024552707
767788953
652458570
953765010
279747395
283743159
992400730
570743982
327138527
860923305
929275734
329375338
48999533
146386496
496798318
1041855265
583463992
866842477
327265428
659335016
999448014
639826072
501662605
697751853
747398735
588175948
650837547
853791929
829551530
663689953
672132906
438429644
64418309
738290978
647043986
653633879
757470784
463793012
699392361
140382203
1022233093
114161743
914606368
244901025
294229132
220244452
903368184
918431652
908255044
369769395
490000494
526596270
247615639
578714556
741000177
430348261
99886811
215765716
713972740
998514627
292985217
115741461
600700650
94930347
606655215
803742225
8296067
1053050910
294348576
752314227
829621738
579337363
668432572
824779211
230385172
710446791
443812915
1038390589
1046015793
680401833
908654921
330016317
990502540
620339531
8863142
672499761
268269961
174095369
1027541958
972557947
493508485
978160234
198844287
954939904
1066137604
1030889214
149135605
620465683
424856705
548962637
856605385
798592262
832504036
721996355
191639419
78302987
743742840
403292760
481049574
745729317
147325461
855005929
995961753
1021533569
926822585
830507219
377911854
970947659
187788338
478830640
946972861
777073542
242154828
841808143
1024277420
284759225
74898505
875719049
959164024
108752406
788050344
590392051
304880355
676881839
633961805
420445336
573746374
612677430
1023283475
235586270
487780290
945884727
711332225
271023585
806356223
519076399
391702638
668530069
790194206
85587661
479265047
394746580
570355210
473885726
235163413
580008809
436101083
332925646
488826441
1019881746
100649342
467700482
785542571
502273279
304713230
70899006
106145296
904448890
68422547
59084481
749356327
834797136
400459708
423275553
681558731
570490708
29085575
1030693069
331347094
105528594
318299873
404422970
876224539
372562256
781019349
897890330
650562939
676092930
306969523
799938437
581791182
682065624
213509818
59859745
430369789
672082901
817599566
70070505
275691613
622750437
556675843
124404271
100991771
469935140
508304002
695189051
922550119
30212829
566224037
242457030
2530119
953534534
45372394
408770388
329086446
511654069
1029759861
423521703
483736445
325861394
462059752
203782576
901010320
532544243
843939939
594292811
179601857
1040457177
229087540
228722068
1008267537
27829461
731363122
546190523
133706295
279956355
26264509
744110596
1056743044
774088320
223067676
925672083
736406705
34301806
542672133
432302194
890655888
253958042
813535012
226044792
72194522
1034783287
659518551
979668386
917012373
253569713
459890976
836660070
535482991
104172753
490868697
173172949
786726427
934901143
127681718
197628160
352612905
825158072
198967209
951784120
310188537
379759782
486863107
701371487
894968785
727301932
403788165
575415692
987688921
594323094
117003850
331854777
437778399
765334855
708204721
926108343
22214101
499922609
641201357
349253273
659159610
219442369
1015055815
423024172
219001814
562271638
794250916
126665641
734275445
340992709
1059592685
72206995
705463819
842506626
354586822
325415662
55827974
521544037
915665008
133090722
792300308
720373891
544758475
592682333
616078858
463792065
190833392
779324254
637114684
912678411
1036377910
565233813
47315416
541669294
533474046
286511497
827558005
190369725
101594813
544497946
596265981
681487997
93904657
1064393154
570406084
170683112
396763241
535458878
76815314
168587818
669975069
808091471
391763706
1060377290
141547307
182983659
618996096
713743901
1051562035
348579521
33865878
814177991
365649832
144580436
22982125
418595497
181160725
507384034
556553594
16024891
605171728
242339763
108782416
863796927
306149040
888111257
497094644
273369103
38771770
414742988
1013963395
498387733
1047139566
177432776
59725481
1050662509
368889646
163921907
968416284
385025144
533328104
702609441
1012039413
111523231
901303408
138637896
952477371
1011711434
179952137
813506913
48883066
80167566
1040809850
120853280
461668782
884024884
987342466
486691692
986825804
418197923
363309899
23970118
749624739
709398147
283493587
807761668
897452386
988947150
958630161
487860770
766656161
270356641
712292118
742085132
871447738
493841396
255534527
966901436
663964476
1034923360
139970616
877541880
766912631
386869545
143999254
248689781
241047320
833282057
128048521
519449214
347667636
38696939
802440425
38111745
30785118
1007205211
117746236
64915449
711787370
22036333
96384920
32352539
834498899
744390548
783129892
921238013
224962092
678673385
123294676
337168363
204075171
394761640
103608780
420259631
827402235
517336222
608531023
1052141617
990671043
357868064
1015155597
510846614
847695925
151141320
779272430
479793304
994042728
751989883
212552684
341072073
625297265
606109994
966963943
965868355
717393338
11064365
16412177
149130769
792312933
190099089
460592551
258720175
669550534
438760692
659014255
571890419
74878809
954775330
415713781
254964529
923137032
975576942
61471616
334460717
226178713
935206221
703905098
822079466
887103432
73971589
782802739
284069605
359422517
535911980
383477791
679040428
391107739
751300505
450472821
337092465
867169099
323358730
835925898
743964489
122164582
165218235
478666383
247822240
376135933
792464708
599567135
547429348
389555778
121118968
2234699
640772058
480230545
919559873
1034152587
728690798
491525797
893341591
275652921
126133470
310444101
636364519
51045590
146238181
1018026780
94639906
164824962
576163033
103742508
161351503
1066693986
208968235
599357351
146013584
487094957
943597475
182480686
663681191
710619586
357041534
235445297
209964753
526655664
316532370
266143465
1068037606
807660581
849283019
976945374
577147214
218861509
1044814069
487384290
391162676
483838558
415002453
819029915
777961638
896316248
763068894
56475011
1026250532
896618912
607812632
712258608
94631413
768349315
756723040
251351635
269973343
1002766833
84557772
868681340
840154540
220286438
852137129
714965079
986116740
809320365
288210320
615075520
221457751
580145921
237019297
12898014
78607994
563697089
473984489
858014658
855936172
702111709
260503651
752629974
1027783049
796282367
100964321
294644339
744552666
940579957
179801891
1051321367
724972705
298514727
484271309
175743221
1065086989
820308398
680682536
361294284
241111436
207337737
819183874
833305411
349129958
323694143
333149859
548656329
837931814
881251666
460683436
753955940
158312780
479858558
954407310
900096594
244166405
386076694
1036354663
384368183
400513494
766272212
701541604
365096051
587078800
189307321
350248932
833195699
1061588514
116317689
716773430
461967027
753402106
723436769
563016319
373787647
338366047
551109184
1020915600
464603400
924873732
528681099
218561408
84052018
874041906
37521490
378095682
1065448250
452672272
779588373
214884108
697561132
364191659
765160528
768366325
332612451
61238714
310960397
146105864
739614923
635479340
38908515
144174697
238099761
97822507
658263711
592994773
208888013
743415006
1060121563
865858811
207712992
958968320
800197426
998470179
713377722
685146712
1022326628
617130730
326891082
926830478
185086659
995089632
758875782
192145491
96248785
874736121
667262196
243551268
564325091
1572000
992957
536433197
325900218
538806814
256523289
849276452
612617776
136872242
567151688
456183255
960557850
58103910
31442616
689021847
40125257
76049720
13212009
8514755
213706497
482224000
275027782
57365506
29096567
305208366
501318811
752022466
931553811
609455332
662000366
245112462
879097034
543144021
378625987
785343982
361095240
646002318
890514806
1018021464
852686847
983070875
844894129
105895823
986111350
707206306
573195867
938626256
74446317
1057921970
732431006
653605489
741531306
372452873
1073245365
159632281
103508374
70528894
240379798
668895811
232173724
855780636
362185142
703699122
1033107384
11333189
544621828
198644623
1015127794
1057669709
799635531
1055324930
520159164
152630718
1015925465
317636096
689618891
1020761018
672110521
801666224
190252561
533960405
777906429
1073034055
44710614
63836609
786571869
508682441
898801124
780214708
65151861
844007927
1045740555
531224048
854921981
907965045
172270725
505790098
752576135
194718691
938812398
527232610
279435603
863368705
384807508
519159527
640351420
986412784
453311151
328474362
4064056
451563312
382182883
816505289
945102235
280988457
288580160
656108126
24919849
607823334
203374296
220449102
382289708
461615489
526654893
320314705
726229419
58448352
339011196
961381287
7655982
1071421594
52427546
579117107
955171778
790495909
934808668
489626488
90213389
31092103
487268604
176576330
991905674
142028975
4243811
1037119263
680292495
11868458
396263968
268000624
373549498
306442696
976564775
459052421
799639245
514950204
215461875
219098936
966491324
274931163
1045106502
608114980
370303049
450722480
658758307
487468410
751550557
909495494
157703807
630961394
934167310
678870377
799869127
787247548
510185875
79237459
759676237
817862750
875889764
29237772
626184688
744687698
448289654
310436144
688976084
461737238
174247015
137049156
929675022
147407785
303127663
468886618
54598247
356693329
974826731
328990653
154907924
201173435
530923898
214032308
562968852
61420144
174049963
783007974
332307996
528103530
1020788425
146938854
452463299
1013110503
254278922
519104108
500665982
522319231
662960164
831823874
1043266157
92514023
598907174
72487612
762503963
227260008
417622550
615094572
329726260
914140655
380060946
300992051
217958111
194033029
401448862
605388385
11944771
294901408
81350084
167231152
425157623
680393216
326590429
1029477871
689910459
28818910
1007322412
594700650
550700
709662582
117740478
184405158
729193230
359011909
171646958
315731138
999900648
230284264
78710633
866039183
68369306
932757563
216344264
839633438
731135596
102519324
819852172
328796113
879415810
1012057254
865361613
928324475
780196285
569470020
464769162
361954530
620865336
736650548
165491885
846933280
898140243
659018533
651230582
817220150
306370763
475258761
174698753
886379465
675851249
656063333
392204952
748437461
728800381
769523454
528755376
485589008
281601805
50296833
443382977
300755603
473153845
387660581
129445133
1071700491
307434473
328226604
858471078
111713100
164746615
583099016
267602340
15793614
35101717
414098787
772341031
651725460
459223067
373712590
253110245
637169017
342706437
661755351
498709654
103626289
341477705
99890825
89671175
443089503
784544712
366846906
987249481
863365094
181154473
525534812
205005721
782760593
904660815
1057793570
535346053
22947341
493954764
676853084
552267146
880746643
544002295
600431483
407158726
225491526
228163095
500057017
929043208
511548300
332051716
807375151
983500966
341525861
997333376
250422936
792339733
917222433
941304745
138173797
906396166
819484288
931253792
584262350
777207776
273861710
786723719
513566905
966226409
255697205
320463607
143142317
608878625
318591633
296672329
843121980
772902461
50624869
156400396
959371825
723907868
581267482
737024898
151571508
623641687
947190019
477420715
131784691
406644159
577642953
374069460
265244818
161106855
452337164
685664615
819573727
612521986
726018722
452690516
941973922
270703128
743173332
67480329
30065902
252725442
865157059
527212933
644758592
997415046
688805267
991541528
17241523
915111003
293704827
423926979
967126292
503878909
813135275
529281305
501915126
837325134
765018614
1053764231
533172622
524909375
1057777322
613412247
81057731
764853188
221347320
1071212032
522164972
1062397625
442497486
196199963
379368793
995947541
437720708
345433637
582154621
652202328
751613163
145126566
79665829
690205659
275287113
769954736
846836587
38030608
679199246
422936969
1018337620
151721525
695818308
310337342
168461588
364069107
916811270
924504074
343904183
412758050
595021960
995757611
751161902
421933250
547168716
1025535553
656609516
382538183
313798920
623763718
62950731
621682529
900469063
418873593
547955095
574978445
523136481
420194771
405428067
1023582794
177615009
345904557
427433443
669003321
95126208
1052569488
229984901
457650000
689862796
106960118
242281179
315394719
778386368
317863381
964193681
130931166
902047245
940672882
903146925
673241093
66973515
259267344
778029431
387193935
301499945
27324775
37953767
158116024
766152127
455849359
480997968
134926490
945374263
1044470010
710010352
465717109
962194499
406608138
389805594
176683932
868977927
316776357
546311941
688470344
906895786
389854122
379830898
360360166
416261538
697222215
1057404688
437166537
621356047
305158546
352021047
319529765
251494643
484537944
473987240
526906006
270506475
34866489
831288442
961912464
99996236
476458434
164793269
837728298
392850379
694423803
542272954
273406553
711343887
458895972
826295077
483545899
214269398
398809616
346185254
234121238
444573683
299316437
1012339148
641674637
752754245
772833555
103683239
1027871807
663197286
959781663
254820710
315263401
668275678
345716855
164631307
28987313
64124316
1032303271
628411159
258448556
848505001
429805884
50364466
873314052
185170636
528968474
881243563
824022697
950236772
11445740
881662115
503876565
635141125
600953168
631169979
916605808
418889274
929677486
150486483
462773948
963723422
145039509
408483467
595739029
852323955
1018395482
847940876
786393134
866794304
847576908
261889745
436011433
342786115
87810453
858155606
303772921
1026550302
501615061
101416445
268440608
1034749560
218559916
940792132
56503704
860463588
147060988
644930987
580074666
685341111
923096705
541765906
509585617
682408091
24122384
848464699
158896439
350405542
328335951
412319226
322375394
155608147
992889071
773476112
357474458
449598546
531990242
116472641
140571696
26728983
980488670
190232727
1008041120
725892736
859575759
982964741
59089947
474375005
1056363136
1006964331
835914713
599637340
135078277
721284227
246784376
506421186
692468571
745835697
799357387
818398962
598983901
156619000
287867058
364944339
431477956
579111858
1009278735
779088417
817504619
327699167
156669756
934270398
445911490
860546967
951820654
506624291
677428773
772438019
413670488
844909636
720527104
53123200
331604565
223408359
975175781
372508677
776360482
849451440
2747796
587179099
364449128
167012484
527114307
158100573
437301011
322069600
892853777
210527240
477351242
966400260
448192708
688356944
567264459
10218880
90293377
682115499
343707591
76445283
814099479
87862795
240570713
20148266
364802851
12921816
597440775
505839358
446127598
788753282
381864791
777405287
13434339
870323135
171892160
495990094
117720750
112677283
590666894
494739701
931798200
11756666
961202278
795918378
539611203
1053251826
778456538
715964901
471306982
955276471
862361258
485557524
192627532
573133799
503345604
247084591
572253539
869519905
814721895
897109798
1052799428
921647620
719621910
429618820
537717377
433323413
894866897
151408663
48993404
396015218
1016340456
144732902
916922810
286545254
1007027594
94941786
531019072
639253196
729227965
976138208
831275959
227055044
988569489
776892276
445890620
338516924
40057625
497829231
286157729
95988052
184169517
897150470
798185893
1040134382
114940721
382029539
171846497
872877382
596457679
349279983
2836508
249899969
919219812
280579108
507295810
185244527
919156336
880052959
128533037
372075269
614020450
1024942299
663812379
622399963
769325835
1000872531
914826225
949733895
40375015
820823724
690625828
401789848
929863182
382487091
442517225
540919129
381036703
279451819
213358551
892427429
973768928
143252578
130437777
501966120
170771092
128236263
542953512
773613813
245747073
692683613
69482082
839769037
789974714
874160258
510332909
866697771
72892113
79997246
708277776
181892943
592102463
535138463
912869068
376777513
3848856
1068416831
725270020
258297271
885365533
339453619
178652390
692833371
155709448
1013437549
607366920
774197792
453215663
870458177
294147629
93710791
904150527
63221660
494106888
127881280
33849597
775830762
994008421
1052547277
314676368
396486833
778043704
1050154344
116186104
923059687
346513294
675906755
519463485
83856833
163098595
376984414
576903878
980178121
576793467
976085749
329416100
389700285
95691453
326744010
554950848
45061077
759474767
338252979
1063935677
848530279
588428451
63155337
606132935
421463135
627611231
164839745
664357956
220579288
648067998
14616294
763447945
1043959431
219643574
794611792
809271059
163577758
346234986
383540587
187343425
249006766
32028577
784955543
282549094
341363455
704286405
41006703
970558158
474492862
897143833
22670648
142964115
914214518
706091007
436437419
306229198
651138762
422067990
708764562
626538427
50955972
770304269
299882541
457190841
910801717
564229194
246319021
111597783
93067381
180983332
450130196
247641674
693780140
146251764
216656756
451595538
42783805
939933717
337705767
796582536
994689134
22362082
321825877
466044391
166784036
793733127
552869552
469879303
575050010
134123258
765808760
906004996
186460273
1028181325
572732418
316177016
883495749
843037802
739623536
461052392
570006919
749680797
180304936
503505344
981912175
212761105
862472784
797862905
629685852
250429485
190394390
706051281
191567748
80334630
827356104
64266863
660497749
674748290
877467829
756097746
250564163
809020856
416124514
437226686
544407196
585934187
444661258
191927594
40591765
745568654
801019520
636949666
582548322
330800136
1069710041
178573087
537929022
911935357
361102700
34018240
717701325
768080704
628712761
693698572
275793097
481594176
390036393
797506372
240457549
320747787
502014591
826717226
1011939869
60643403
94503089
231882294
228077905
232942149
963390120
937476409
71598751
84950777
633255879
208870097
1014149662
251315244
664314323
352415744
284580750
270442820
958269340
495404413
545923139
183798010
1032344605
432551839
151854105
505219322
234079096
1070853744
782993697
903734702
959131518
285976673
985022858
389751725
906874730
110069170
17273964
833636578
227513403
726348507
493820803
578418050
945219585
76426981
71808899
464493341
427881036
956551774
38505022
42829910
933669084
517998143
618251864
974134868
1032012025
782092639
52607508
779902984
598423958
372761093
113379082
316420542
1023162189
281106235
140714655
536646518
629299297
302572986
159207686
490292709
200752143
272359093
75426225
823353751
128006019
707365696
975197335
113766346
717501343
835338810
770533383
141106650
185089581
759602079
687366565
284563439
216503825
358863608
830145957
995033647
420614710
312675057
460805737
386790078
373137085
318839216
198175382
54912897
307358798
1034276199
590425000
821927724
309837338
111026375
62163335
463869927
23727412
19335972
313024927
28824849
49749715
86037762
1069592335
811160932
133675451
176652904
853164366
1067978026
354588451
1049680763
921974894
873161712
995880357
490615808
243620111
114279951
256876061
947720820
278478315
481112098
651755799
639477327
552247941
691862955
1041788881
816485922
801836111
139207035
670108086
427809111
236154466
199709784
716702383
59814627
464241172
848264423
800761525
194820203
146666320
783328844
664756515
476783100
207273149
317796785
492617383
953307986
47266602
746943139
524119627
395564799
929590331
348798893
841272987
808860286
773763395
776533248
703608867
725688566
632411376
228536625
1000238823
766351158
665754109
946124021
139180380
873821788
234358865
34817080
527006768
110264588
911014613
434151886
46700174
331217959
398937983
576987100
1069939979
320405020
83612653
572013003
628178964
655812922
549510684
256233498
292449747
46405028
822017696
830618373
400259155
990594625
734640713
14370573
390152385
892821917
611326160
878982895
491873355
64213331
658571053
915683054
103530389
257825445
755482400
321283404
480967135
711093113
22262888
65306938
42457318
283664678
249673122
304209861
42961405
598623686
930012394
695821202
515900750
724238585
626671876
418680720
790267842
207960092
245772297
216764684
432911982
884038739
594179457
710745045
615436581
629832099
961318012
845561097
465776481
161010095
821641159
896333038
151242538
942036625
714642294
531456982
359487365
105045000
122123034
107900210
509586007
666990385
146812199
929355213
592969818
349725132
179895219
309272192
158520300
336440269
864849295
46245685
738189869
92343495
857931308
823401565
613743045
549614330
750785610
769180972
898611476
505706636
897041502
97091311
931149099
492555037
71063242
217817150
806140297
976342888
623654865
999181024
270508671
1025035843
355438602
1066808733
570148099
25518058
907136086
193747730
307213978
52302403
672153228
1005441684
747016377
823464456
171683032
92860694
1037634337
452622120
869003823
891910349
560470082
454460094
131247505
322974701
680304568
164121524
797095415
448558188
349661363
156441833
581303878
763769880
359205420
88501391
110323346
326136222
534501077
186083296
937942841
763161219
614291271
371913814
474725183
741360832
204177854
423124478
6655876
61290262
587115073
1034015205
724192074
996060719
17493073
937298397
961028386
194817721
599691064
469930030
810930886
266950401
716047021
459265556
226080923
69517000
870438413
947928548
426160622
422802544
721727623
842517960
678692029
406859459
714989162
242976594
566356868
885081094
1033915562
483079905
825679418
572788438
1112654
658997185
50951345
687084336
344573092
648419631
678909331
280946040
192419094
118066219
285547177
338481513
438713860
899049401
438793437
420909539
13109435
714516669
235864158
41661360
72418638
263192796
279374743
425731615
643518087
698963100
1022733516
721793798
911427571
863198303
329860184
889799466
77733356
270026753
744525998
274304648
431004635
377845154
598404659
344104871
452152489
170983584
605827283
275124713
148833448
109122248
765453266
381589381
908243981
215484869
690785212
186741922
540663823
262421891
811974601
455799346
276192962
1036471923
114252154
266754608
666334706
637709147
482354343
195473359
563153331
859978058
672352114
905836286
807761323
610534143
883354320
479108001
1984056
63588476
880443289
754671176
486744387
1045161957
344735460
871676382
101353590
931282822
868766709
780681846
874914823
600296247
870608452
362333261
120972248
805205981
667662157
187766071
977510219
295809698
759603951
227063724
1054314100
704546829
316641528
676294961
50955340
249351674
651943215
184053281
347931135
143789116
999330182
478789232
656941192
202856745
948910197
204242580
297546991
277269457
540615319
885440178
86596860
394560740
480160551
313729871
443272496
927933848
311635031
961214196
747899972
326918143
490598037
708180103
806305509
799045386
465207372
248626345
2200955
859185328
1031877400
215033760
83491498
292809479
227035577
585202760
14020360
821202930
10261884
1027858363
985502432
107307220
658752998
197391243
192578147
327995746
239954198
580640523
384100612
56369785
79683065
565034003
499752018
392422023
646342748
505960940
1027341004
926449475
450668380
510955191
401512238
832892991
934120433
66937578
1061263500
44255726
77460747
568845503
394081836
169636208
491953925
459188290
513338824
180965522
1056480892
346696738
268143159
449383881
560001052
322393217
327139583
846432499
283416977
848539618
918783692
44342625
874496952
204116744
566468103
182905240
1053859135
843895005
258298956
251662749
996040906
89784440
445020518
550954385
131884382
1070836724
231328828
673623361
1019006714
893529540
420641563
219870797
9212975
936698278
392942380
864001426
938460918
479335794
667586601
456608356
301853177
24814099
173808830
99832192
589596974
868324652
935082030
1025443928
560798327
646546963
506373603
216143741
713474418
958071958
979876187
912364312
946601073
169496499
551193310
523269921
820294627
794222983
80471746
550435954
986927508
420602341
660953188
70288514
609420946
591710102
799468376
587309419
729476725
541879817
579662299
375627628
372018059
507655310
647724378
1060337090
325836880
394893370
719997692
620391652
354628251
646516537
257494412
377762868
944971568
1045638697
330647970
150583015
477926433
473193246
73160440
97287012
829374591
345138066
112024938
480460510
810356742
71965587
932518451
82616942
495116196
713074201
254514162
1043693827
1021288680
775232202
251104886
655593980
417569840
468752751
669536818
857442595
675189855
54519365
1034296514
182598314
470700556
926227530
238016474
234083749
143368803
537607745
245459482
53070655
573908915
637668103
574029816
66652956
884421894
807303097
746532583
780224347
599945119
912036799
753422452
852806385
289439654
880521721
466705903
886991283
182223244
642335258
481791981
120862262
320987082
510925467
696945716
231287597
14442173
626987054
866097868
807066795
813867868
161213609
531148182
964944601
804410549
1000989024
242384177
1050800017
1025706302
1018719545
645045054
374340147
267705315
980591275
2123693
368014246
960678656
175114289
362808368
347631357
654278173
226997967
317271052
203588962
990354499
667546627
417234933
580576732
642376160
980462660
946422304
932745435
764781336
289742467
1041707448
514898073
584278341
1017230204
539609647
202877813
456824446
636754313
539887640
845106203
61749394
268478940
510057029
831835417
190487582
568568350
466414682
838349863
786169962
735939200
1011358778
892391166
378164465
277936342
975993078
1011617438
992151324
968049009
518350511
390663611
928123033
651403840
148512105
362890868
360517909
1058778942
664734525
340858392
793208502
347173943
560842790
381013092
151491545
895170927
622112122
105555622
952992764
999210065
517324132
108084996
193152928
830487275
38840295
680628862
866468050
405794173
50820488
508147133
430519420
701501868
944801959
199936
70740897
90461336
278655764
606878222
710892215
389738840
276097202
974355632
984114675
1071356909
926969691
167901521
342060187
490664294
874198102
393328934
809365668
779832704
746621223
690195344
405762602
237427340
396137239
394828171
903085569
481041824
884567345
753536704
852784134
605020325
311112778
297257374
256394388
1028432568
237224667
829463918
580039593
671982479
284240807
79486459
417711216
349866478
246057744
580118858
358955198
565393498
813902742
990375591
220995737
609552378
97581642
250066659
672986378
721168647
292480607
517359573
348517270
309054814
652844528
169129114
236021250
332235834
318776189
389220990
420775124
117901482
61821740
4659724
386918956
309330139
105155902
309308938
496376004
252753149
1068172688
241182373
1047170941
333992567
300153338
210556508
856201321
194823304
105354251
410119308
110523171
261660837
393856837
663954476
1031477976
988742325
473155442
676605426
553545586
367857586
104671907
221485292
357032333
349504949
90612663
653594881
501585504
27653914
690413041
516112785
150679028
230118836
216136334
127204798
1013771839
466659573
1042971280
784014967
725352037
511935601
635871236
343547208
414629870
969447327
514887210
346020064
919897594
434028762
993814289
937534912
113156754
363022570
778069534
401305261
510921658
286539885
74433300
1030691340
721666885
257313807
904312476
307177244
754881406
179820201
103223506
2416421
755185055
785051309
135969304
128980363
346183220
26606268
225774183
1001802608
123513882
865620748
497386751
213682365
932613296
952482318
640020884
1058916554
528895113
740873872
436168359
812416839
552182290
834368836
414659268
266346207
319161446
783161296
617997310
961344370
910456027
876654753
890630323
219268034
994717020
420296620
395315660
271773179
109060918
361233431
316374049
721783376
260652159
699251027
94785516
868040197
298038927
758209566
951712641
938283574
563307845
805454897
824200243
676647791
138042372
859080587
952893383
1014961371
78898718
135919557
859174948
296086620
296573801
605189293
656336517
29606037
911200026
207830347
902219281
554847064
124326099
36602032
1029209408
800937432
421156691
151156015
410425899
33854167
678664057
660213653
764269133
740300269
117077552
601244560
1011597314
105020768
722398856
21787124
919669042
97766116
160568347
979471519
693233866
426865929
1068418158
60685095
749387065
194153273
1039653547
899936768
805641660
466246843
94212387
366040208
1062601799
455167455
334032473
649573065
754905388
872629834
358031338
631806950
176966471
110086620
358160816
472120823
58207706
662656601
661094166
390875324
165370159
77488490
599348838
1065275825
902041672
108960941
629386912
398251715
1014835401
154288138
815496204
162840614
235889961
632760081
501934629
596221975
426995858
604811117
3069209
1049885113
692672673
331424420
198247483
656263374
590513116
202889386
459208068
858161793
27000509
43100830
292423801
278478981
137536676
824282117
243699690
211480870
156659136
818977870
402495353
251289621
783014418
713311976
388522086
983157992
631727507
694985808
517347313
559326263
155945920
1001960244
695633404
934840258
964745660
1008080684
708036941
849120738
929677459
1033773354
847551575
1071470096
904452217
247727897
593238449
804423527
441509692
293343154
22624471
766336813
757564155
573131050
728235121
663623220
956727301
1001388643
852809462
738475572
124726701
975139025
85342981
793539811
434738076
424036417
710594585
347617939
969554525
884496253
808503732
524584417
471903447
123110637
1070088040
1014242975
763874378
354356529
186376064
977952974
927869731
71023380
51970612
242948004
275579260
775377210
882043241
283410326
101692007
363367206
802880102
712919608
752441148
385288227
443290350
236407105
307253627
160188508
85325650
182821136
466485798
874348336
839767178
752744654
116291094
639540643
884731763
206844895
748205813
545909013
826500742
651106722
539095596
878024301
256418927
835241070
899755574
612029702
473185759
572976330
200385255
506759595
295830123
593717052
946867516
322294729
116993157
286741951
522768110
841514832
50723365
935523727
919446134
1013497364
619065483
723516178
18897935
543286378
873694096
1016843964
60517703
598998050
17691062
649400946
753887674
861101822
164821392
812588264
233890957
208350714
896859621
489047014
175408163
870825575
958517083
81481690
276196284
190819341
799116037
113189629
65170765
92510582
1004476938
259407311
327578756
375488968
305965398
196030549
419461741
547329173
259254505
990338924
750745965
265308546
986026397
583958498
163966133
21191004
157246320
830890763
882835038
424736080
148579337
455865489
219955646
835814600
162749403
287131436
34924523
861515443
281797224
482092175
256271869
280446838
294531680
539738432
135833802
399022270
785357766
53359860
845534587
675254847
960119949
48774090
755065498
842344796
194694539
549740553
325373672
1024070791
665736412
833014693
655407615
568691653
316390926
459625020
965880455
873165440
629166042
243104583
480416297
475500083
855860795
456291696
1020724773
542991390
996119551
190100919
80240195
758135926
1046203306
57628285
1010167585
324337879
535579040
1034254855
616979731
294842023
213724446
750278146
413984552
564404969
687935144
643412512
374277449
582567748
285986584
254100294
734002252
919070734
193717359
606924843
756886425
1061846283
188785469
857753504
931840395
1034688976
182829466
222695942
295270583
836385142
294011155
80141454
824061555
1000644783
1071893699
1022996876
853401097
817644918
1003374883
435786014
964937321
682834861
740135276
475303891
475414461
1072900337
153545367
56472066
72484268
753998066
851847412
822504994
629702547
923783821
119350509
194222792
141615136
1007401360
935914172
918880544
872861309
895039496
460861219
508752946
963426135
744395510
828803670
270956723
75246948
267181330
762551604
912538832
476733636
426616123
211674478
157309392
44261138
85187572
676340633
84380918
482350782
521736166
553260746
28939959
663155620
370066186
1053860930
504512980
145814467
55211542
297905296
673434348
872450175
970029086
350814109
262903699
131006635
584656810
45254510
310862537
713869513
877629189
436334268
518766751
343059684
213659320
1013817239
267256275
890260948
258443918
750725042
2699074
10259943
610866757
807751226
147957355
850876304
229289229
816928870
323816132
112935931
897075078
603423557
422998257
779965380
584811110
273377819
636073844
57602260
427527571
56041813
361911340
828484329
356579898
279308216
1008641692
11950567
426132142
1025442173
893818030
1069189116
263638918
796613302
379616784
223254519
506492019
51068049
865216060
851721828
727315744
961934217
941740116
165641572
792148752
815799806
80624627
157996833
290401900
316441550
910098352
644884426
580967554
707467985
569204717
613163660
465568075
861521762
115147278
463704775
840786608
388774670
841482824
1071009606
765296849
698776257
944509600
784558363
498434679
140736533
1059044869
628964257
334972771
106628751
468271747
789193944
793910545
111140285
1036604404
509227928
260537397
1069029309
429712318
819427432
138204481
174131919
354464041
627219074
598894893
424561384
547006790
1001162131
326411794
268026855
506810
642293424
593459290
354062754
903012253
398192256
245019685
164556765
809075109
24399771
716809891
627462462
197001818
134781304
731521912
857335437
723999826
227972513
312304680
777824393
183873650
279205579
1007380206
837853916
59440980
992988664
90523116
624835675
625930203
517398114
109956448
766331077
360848694
1017862435
543605740
444519157
790361772
941287502
278419821
822607326
1056658738
630527385
722706357
36152884
883590166
32424414
78997900
375925563
39564585
535281208
1007998984
895150960
442688612
900058854
785556568
664218956
27045163
861101439
820717969
420298414
97209270
703396120
449362376
1000358948
367693347
1043449206
164433733
655435479
219553879
156915429
920249488
873514553
862249640
417399181
80099392
14363932
581841686
316988662
303187430
103613634
867537180
36667069
599370002
528957127
354245379
938101844
1049168226
858730521
873073921
648105517
489360893
492288913
485673621
435946419
80411487
1064786410
1060056487
203512188
407529475
56258510
324434537
689687754
167596532
744763033
935906901
671427052
463359191
898211188
745324270
668395372
724539096
187360549
261398001
727171541
282259876
988439351
284297673
593603572
345031728
565045679
943930110
321581646
552431043
301872494
308631175
968192964
613524316
8081541
785360308
807688653
704086287
631179852
1032806321
197958591
760243914
159804006
833169274
962390536
103957987
403035088
990945001
29313401
1000855653
1016849536
281426421
532382093
270621422
676672145
1065380482
860514298
923010973
397535404
121761712
682384474
775671112
111357698
386953612
316839744
504480617
779170782
911897402
1059729906
454175197
777867122
338280541
828130074
226856957
432192219
316309917
447188262
343280760
894095191
168504542
513235181
697081209
171373111
246044028
463877164
97778553
393448905
809694954
228943056
319340709
420308293
1024293530
541706546
97546074
790428953
866583088
1047302206
879030776
365834743
118787609
938963849
560322480
1003399930
551537071
67257007
435120408
646764826
861412906
459607005
863014166
695460386
263454716
594433732
262500325
676052829
908726901
132048162
355603875
904074008
968296472
947154620
913008696
773488977
6199637
782799657
1047463486
890812057
566304461
1069423624
491928150
226000692
188998633
5650804
674622360
998414467
436415786
445610419
900514076
619349139
1066318982
514818635
786190794
439856298
205058436
389116092
194702477
857098212
576317176
715664009
702999674
906759326
264129046
861091707
927747011
875887496
447648280
920003593
623259351
114279195
557560746
15724287
124053462
452168852
388929183
172735822
660241445
115485023
949677825
449130820
1067639734
492379622
9445665
848341831
540289578
893182117
123366166
455244592
529653125
206768998
888439605
84701571
22919420
16415660
463529664
1035790624
943536567
127207514
599251461
634026929
679886576
14076008
372534006
119690663
92128308
518278210
614856702
218482261
971671377
280028752
797329588
996956625
392065082
219134538
408306438
123030686
662436614
637213264
774978666
152180249
701970561
936628408
252371037
23911301
851451423
687576484
166546756
548523166
562054920
221438283
641989570
387747370
1069597735
182171971
272166251
846271080
594686881
924497853
996256466
510623286
173392925
1004948117
230879317
1023096648
411665298
723656972
116047594
536126477
490666985
1035255343
325133726
1033725741
144430907
971968725
484067802
424302331
551626200
957718332
837879888
954054771
611614187
482429888
551808511
902448043
851842846
970503242
725935087
20704600
530515392
650786276
849344599
403616570
160839462
2015081
929638588
922660616
602263880
827763528
79160947
381708222
991776098
408676976
570217228
780152832
474930274
655332939
552730557
432165762
253656129
879013183
644610908
376092951
516297178
167075831
998664305
480615462
371795539
189148116
241248053
173382335
19852929
721799346
643077109
212134421
432367370
627157253
146030926
120375525
700520751
560029138
683707664
448715921
1023248862
851531408
1073478220
359201055
765297311
446703602
825823924
616189819
402406139
229726344
1069168262
368973104
549704181
962395316
650660261
491820546
817945921
539855637
489739976
832753314
371972056
232162576
189185083
467886871
770164796
1033158493
742901581
913098494
344971941
327696728
642879787
956232079
1029675188
929687014
784487310
408772294
373715892
240125297
698588989
786580452
1009317257
57420765
206166684
271994290
574662046
254470797
603312650
219259388
791513171
633870257
777805913
790821119
363162488
19855685
765595276
601647016
231791656
604845038
779471599
818192282
755304153
338937242
134931744
155432695
492700303
885232586
748237081
433749218
60932194
912414179
769857885
803816825
315828725
211804792
829371542
225733639
49493415
171822085
781688771
384075028
90303679
641525891
578672999
142751740
774246007
214166273
12849384
199894669
651527598
345543043
896178118
670816410
338830552
943580285
610363240
682722353
759874818
559570681
611847156
172277650
505426342
218347748
921118515
1073714001
683401139
349080194
1001509107
759668624
80771020
435217447
173694994
728807942
635875764
1004795635
496466998
807664288
1066014808
960062892
679736156
312486091
449586444
657745020
110512673
779253011
566670869
461033472
627717929
1034615256
796545238
971482635
313341540
674041010
644785048
15347919
315758465
418778632
1052897619
179297081
536483624
989665476
598751130
530911521
991913353
741943622
202084428
652561611
483796460
940763272
14987014
789051455
752352331
241648750
350017092
1012426669
952331829
463069692
767804949
820799334
814104708
1037328031
805507396
8028860
977036403
258619349
1067116035
678546907
889514166
457058235
632620115
79667222
872162021
763963434
428198417
737899013
207997044
908866334
92966373
212921881
181665623
617091702
494032413
271880319
9379679
74075414
126299186
883925980
221550402
897613111
881616439
1041907958
716458173
1048247013
326732727
228600434
995389266
964255184
593246070
144565231
1071507685
133771641
243997338
247944231
834113956
468569836
367300683
1017114317
740086248
584694699
792045890
700475611
536907821
62365048
475841910
1022927166
766370264
424618582
300331452
1005832319
846545320
676358328
166296889
478463024
273365564
639263433
789170898
824648572
694997474
531044535
535467391
447303285
322504410
565119874
408044382
843266344
656588465
16927162
849104019
430006907
67256341
224044848
328018841
346578376
5875654
33133589
542777901
816653732
567437597
515600617
683779543
1008368431
262622308
576657798
748956937
8520997
225270042
818592739
1055429987
136001244
320730258
177359113
274964773
683141707
866037513
265237510
186541008
31969221
717759864
391578060
935520736
26713492
665802192
714183316
16142804
424673254
76226774
177331055
451714337
676783009
169717245
1013117760
310932159
206544034
241509304
607429995
362891683
414653015
194877136
247242001
43134932
25352197
445432726
592605408
63705946
562951902
432580624
952865009
665676109
456820203
880316040
476809
538797700
337400508
242188699
1031759242
271756579
414379810
408663984
400845063
1056794595
501165412
331866758
60027082
298859862
34357044
636379274
534730534
980183501
832611819
505847704
193990833
629887085
994696630
269338949
500612042
141474113
870918540
739502658
293762869
845249341
792137238
877137845
582279476
603354492
562462513
33221475
493313717
1046957325
213256882
473699688
866829115
573899552
170110644
774695165
1028843068
1015434162
975222006
397580186
948306349
643151119
897483925
881551848
126987350
814944674
588898056
291851767
163810504
159833187
693771312
194540957
553187233
576869960
786529742
902320757
579428287
158615564
162830094
801619361
456296561
103266171
854967149
706260035
307815963
156213606
204679847
614230046
72140368
324513929
928996079
768954012
995681325
834959189
919889873
283411061
84536309
130937952
437048649
702340955
236510841
454762273
830879843
1014070270
749663067
874667365
513815942
93329221
437701154
342467550
1072188140
147167336
148538782
567867780
131907018
299629690
53326729
187986125
810486060
759742725
926416616
832938339
128115031
859947869
313498011
667907741
647593818
99509401
949403584
71483049
977837275
888607124
943388197
551024952
599478404
735782769
917446763
670525945
79293041
978810317
376515100
616523105
1057201142
466198974
568634620
14160722
290369509
615938901
708240092
785981005
575110378
492012410
555619886
271672708
89098203
980163744
699370630
272644061
945934025
434933574
467456144
204958037
897885385
368764326
1061017978
241792327
773185548
147796938
534260088
622939920
1030129813
387079601
718762412
631061938
555164315
430052989
604073790
833655726
145602534
466677725
640782924
692472170
80860974
962206983
601383343
618101184
430922773
87689913
63779340
635149315
932301471
498831748
686559413
399089905
661415544
740357662
151230931
272293765
660158258
750018779
692502583
991155906
626170286
509260155
579128525
249381763
560000431
174298352
624971189
812354067
596426056
835340342
284722935
1072506809
350743608
686376485
340396880
1048940662
490638768
156822983
466644664
267320664
720651146
687011571
999732738
66971632
531256764
877911535
241264092
40573289
114159778
544347364
584134259
745885037
467526
958188501
195936430
1036943669
756970921
374534222
304564847
141932820
668220431
200197505
920063997
761288012
255879648
440192709
189282650
1066461814
867665409
914145437
119441777
1022823073
421875169
1000601584
903694493
356573748
178824187
464095197
703774641
532859756
635346710
678649057
406160067
224640225
269707084
493553029
881173197
373970901
943000978
318480933
645132030
889201240
103514672
852714454
957237868
657592639
345757436
732686612
1040903544
837576595
189151576
972189505
987193877
956067637
905670854
1026576529
91877388
1045036527
254358057
29864624
851334474
668534158
1026926955
682815757
119337248
735658707
68329374
90090441
918389569
923934379
338509430
58256313
943679207
575987046
419730796
17403918
173730168
463996438
520532719
734969689
287838076
348321971
122712136
277738873
758457997
1056716852
851433939
29902628
145117967
1036580317
662663833
935136516
1021033404
1005437431
626752805
836155226
141477300
403781609
216178376
955668285
332536189
121829563
730655267
164436657
289394088
607854824
772990201
615224997
196190427
846704599
47048816
949816792
610067697
66325183
141401719
386675971
1055205862
919299235
875202270
319573744
57833832
520360396
489627675
209589636
835938588
6076655
734853327
464770303
526070665
971597931
291914291
523833694
692989002
742648390
604500983
424057407
158439154
89364990
387817265
358917382
793983966
417409744
997348233
900565773
1011124574
456946199
861692806
843057434
225418165
320427793
311965450
658309559
93251970
166837478
552463008
346687756
643346997
405815824
498145889
3602861
945556896
431260953
148120045
711287772
924312712
198200808
734935150
971054660
719251416
313350054
264636897
798718899
643070935
380263173
127428967
119747
208930709
1036234616
302371092
28141359
355138519
635116876
480833411
221125002
529102225
425256504
815558687
954341747
348328964
260512161
587462791
602882882
519913779
560277523
508075454
171333358
1032961841
290760687
876474361
294178005
952214794
995308632
845778108
721697703
783434816
201030575
1059427837
859683293
840373614
512366576
218650176
56437888
606258795
239257812
602475666
5561449
613233442
735513011
48716049
323021457
127402906
432302231
773943959
266704111
1003067584
1056323749
888187245
659283134
993445255
472227289
849373025
613997669
244330585
1029159355
1000483080
938456605
986053554
904420933
133238711
946692528
530323071
219687048
234805746
84030096
507290261
858219456
316628605
435250040
403446554
482232434
284311875
1029066084
555092022
192730154
1060755776
492254737
42128749
170959711
199953936
555934908
564512695
634753475
198557873
446435327
757756891
38179364
65564322
48166465
749266205
640154632
541530858
1070841331
567481595
904544798
203170127
397532845
136491038
911503622
56146189
707099952
115585430
534500685
260547334
37482495
411338092
686524210
764057399
1856655
933341197
703460078
1000599635
912837810
428725018
111628635
950284995
383727905
982589601
673412220
340220260
385333518
889146403
283280452
195755470
861342663
199822053
668919291
761440447
347248128
610327598
422292507
27958136
608751479
797232650
601422488
928568527
151932771
791575929
809835029
671910393
65157062
872439944
588383216
112978010
806546413
619472733
875434260
766637223
885721238
854240599
531543490
1042882709
299629457
769921018
39222052
856783172
51114730
967256988
646123020
79965959
718265478
851250743
66957488
355738810
1052384346
430320958
711379367
442515534
178819782
34111082
221918995
526301512
253652274
843752538
874394262
19254395
849426192
786353723
851507351
511471013
881876781
894398053
1018659502
276449849
667875558
310319643
741600674
890500292
847217670
781175202
1003377469
587446274
121609837
320747177
77612737
575977392
334926772
531801732
617092461
175479553
676049170
61183991
225968771
545008668
358759317
125716328
257434841
621340340
481510578
551733226
309396046
436731882
861555063
1011142561
304170770
1060194290
412670459
58979072
412896342
893706859
796775033
270185173
799228052
105930374
1012822675
620455536
906384862
370337978
205784057
707249160
410683022
288934253
1027785965
572471318
1063922251
20399288
791737191
38251475
435725584
458093787
793564624
959285356
678885968
216325173
246586070
790625307
743656688
923247611
477103719
12875832
1059321182
368487661
610311958
80944389
960575479
61636465
944965425
895933741
1006523540
413182681
858429894
497179807
626881939
495738424
126042824
185467319
152765282
191281982
324222431
9790896
991460622
716724367
875449154
261650798
1052509432
63813480
70110017
28328498
231694867
507582791
69333404
264790092
689457951
31195002
561078774
567141026
259026262
867096488
598537332
908019413
880375701
1053904511
227233579
186677591
265859664
6093309
333050108
353271161
559147217
232489170
71786100
1001034720
813582240
801343013
135588022
913805533
915533982
618530475
370449086
765229175
134819029
482689750
552876954
944908688
546034517
24474522
878012500
1057143128
32203488
779241534
771889459
887628869
5836773
502129479
1068791508
607598601
270410627
330337470
600830909
157342560
1034134856
310108360
862928494
409970493
781277777
175929920
256694386
520927339
1020583826
919860813
436497697
480867795
585051130
159245425
100538223
524783071
359382725
432570957
551293851
439652217
873173433
14166078
879628551
726904121
1032153719
625246736
349195887
810071549
490159332
494839003
234051611
736377089
614411916
818145132
714313149
121905496
606656306
83963950
369793540
22616917
453612434
265601336
1045623749
656783916
596870740
120581063
281843024
246718230
940297449
105222538
952200440
554508477
353086952
633197284
203919758
471276228
825397824
319874148
470030006
251215704
221801205
147354919
884304170
110011336
693947066
688350220
969172016
886535747
855492435
167129270
1008383110
229769508
122841443
326082780
541159766
940902235
320579736
526677814
743101690
1040484708
464121973
249383874
207998095
708937025
189298137
249546307
367849782
995963621
76206462
765691098
170039760
881887030
39169288
98280838
859612776
496520277
555912575
182451312
7162970
497916191
58046482
804635321
966957434
953947050
870163673
558815655
158157822
1001681695
260717153
247738425
581365431
929080870
103800435
642204365
142803631
544687084
527390400
680396267
1057389097
151544407
810543948
149040558
58674849
778466181
391777989
261304103
150511649
694465065
719321501
900285985
803521941
575843389
226325553
880146056
562216875
40230354
234706776
367533978
287699712
784614103
67131601
81251603
358674688
824586196
355565904
895018017
58348014
447511268
384299800
604295974
693972504
928168197
235903316
182151997
667921682
640834343
826597402
226591069
123110775
433040851
22355339
882000822
186848569
332493914
745338953
652773012
25797568
724344872
145189218
854204027
168162001
1068467953
988818419
507404603
481275784
203403135
433282293
971772092
490424952
301935007
160352101
183876810
390378284
941011322
416419688
448556571
470842944
449448957
621800737
890403726
258349788
294597606
320123275
1062219018
946508243
262618689
136278275
553958908
724302785
141811495
22176707
846368975
798356265
877654090
819058110
317030955
1022141678
11428263
239578105
984822925
450836935
717177393
26629852
916298372
169384881
684817888
791738824
982326026
911977214
362544874
598452117
1053362547
120244523
938339126
951766213
512518035
480748420
584612868
605254490
197872757
737930055
227055972
1004541167
741348927
154203055
927666729
365870658
318331388
189809160
48792724
355865827
337552841
816020628
539861586
500005798
847407834
688361746
605076313
38677947
990800839
191614814
340767464
110438594
767930228
978590637
1004128733
796047215
872337193
18954653
544635057
366222814
414652602
935008485
394407697
1027384947
136095156
82741609
768709533
894272877
529672020
416730060
973396176
114863087
537912450
753277684
995760589
427030086
110087797
1058765568
972666019
431831445
799845202
651302276
369874946
180193022
1058470839
232752378
172562389
704798692
78577382
124805192
456136763
664540287
294453800
526133976
353238569
771867854
1042364405
207640683
526687987
560386231
517754663
96564487
1039382896
907293129
720126894
415426702
96251785
962294217
1001893206
346915102
74104663
106134921
430440663
775113508
458712400
777761478
763592447
317838887
930343886
110436838
103861682
24067635
207658827
561435074
608679912
545516224
901728714
76288391
872706763
15581862
659719065
177690631
88810991
395547683
796089606
543379955
377079007
810509378
1003021778
456332234
813768128
3672312
421543607
61091147
346077664
850166990
967969583
87178439
448325860
758580496
64032155
201806032
531366669
1033735642
48208151
245518391
1007286682
822340751
805520729
901781801
290820422
572278676
409217995
502773340
845139759
829972789
806508997
957972032
866859244
55533412
7820635
23832797
182268038
1049470299
222848242
929904534
509415220
624780937
1049253296
402448007
113243884
791841210
968954647
197470018
1020999069
1033939218
365201015
332740604
302295925
672679682
615502282
299488431
431532304
278132835
31342763
868305061
653492041
703704501
280991809
220178557
133837234
183903458
635223757
371973967
818485777
257939748
898726211
814751883
470697331
259960346
588765177
452750896
40765499
525751289
908245877
1063634911
185187266
857592550
961006765
205612261
998624636
461003725
545825499
202677594
443750796
792328408
695475436
880158541
1054658234
355094595
119212242
153707019
1043116608
1046686050
784332795
962199273
846967484
211760807
796992528
223159223
154191898
146181770
443681149
730657793
726132814
460650751
763530711
136984894
1071223115
37791599
741590567
868427417
233242361
418629544
486173570
631434144
658310274
1034391501
653512633
958920732
858380346
383195803
275988569
388060028
680132964
164301622
214618363
78862936
959918139
374252949
56145797
672907727
108487591
874059034
406916606
393495412
501479589
148216631
77364113
257129042
402031303
337729652
826851352
361241428
169202860
197317560
79305063
622692248
312119312
378454277
173508142
825485428
638546039
558769519
636746426
525610197
267372091
192456470
828990328
341771818
663340091
778657165
951735104
146462035
183393413
691597631
266165351
957196957
891426711
494936301
905783333
972396801
10904326
450595292
44845212
897966929
16143798
179295470
252799826
485612610
529383355
718487748
140957018
875005863
800419164
3405992
571164154
577830895
1025429259
958449121
849256214
247781457
80049422
825814561
535592342
129047937
988602431
706549885
791957439
224573466
604982580
431158710
1062508368
102517699
428068793
251872543
781788426
625768279
142959624
799953236
742613832
368846923
898783332
73680838
637691837
1017494985
1065115022
556797766
89230657
555122232
25290456
556899129
834922907
582804239
561663396
349158855
224500935
666810297
256089394
356485334
804992983
575073160
1072203942
114900356
526101192
596272487
588691409
868797647
692967065
1005213037
502532194
308899781
947456491
703810458
1032448756
240233820
964779899
850428133
945529914
467997974
124173951
645684248
151876833
376388035
965954724
761220747
38878108
788596733
576320590
376625482
798073546
606553031
1070675999
766217713
592868886
814727435
652924363
71101327
638827783
305881488
774782904
179879422
34087710
642655054
932219250
723665000
323786400
983123809
837247297
143038294
683736607
591898432
928634832
906913049
844392682
36038312
446530595
778558775
645212971
861797561
627320156
227032292
992011234
889434620
377836658
734137429
616335323
309421301
780547646
346406753
282768683
715858544
893573367
155923578
689633524
642332433
163514593
818222872
136895509
622219253
110783327
741773687
136041638
306608298
163264561
390743972
241516317
293293479
671666005
1053375131
507681565
611918475
1001429928
978312281
645170047
95625639
975266895
647894462
128779442
835139445
398104603
540026719
468380446
335787777
489952806
807535613
476950067
67283830
936455909
446366521
853216038
182633143
505535643
204106102
273682615
854921646
1060635299
194162226
655293410
310638562
250552769
142820010
837051340
819195435
355452138
103771458
642661162
236273441
953189716
29854292
112954836
574933463
1052870327
571290705
481782974
767081491
602545087
737305474
592306446
636204758
405579530
653533414
587345010
58642383
309228116
661650439
138658641
199303933
202093230
48484912
320387059
1008897088
664080882
55620397
872326008
559655558
630959273
403266284
762317439
466306216
540149465
119263474
520174529
365196928
363897365
43625254
559663095
1002592717
39042554
427791637
528857447
13644189
639985422
1027260409
351457590
966870105
362832078
702315478
904212569
546345489
611847720
927721672
698156695
632888419
777908456
311662737
809906382
920917671
652541021
47194806
803856606
352191625
93189648
675349999
462968947
127174517
620617428
639269918
249078632
779221495
665673787
1073500426
935319553
1067371369
168279719
169675997
618374098
595373427
174924878
580227416
725533457
30100336
837929376
38038587
585585855
1000507308
983597361
1040474943
956830877
774035296
363779821
483906705
199821527
684279089
189210086
145139186
581793416
610057019
533980901
45731529
668100486
23967577
207611659
733465290
840538263
649571295
695505443
712168589
363197298
600853033
669632811
859261148
741167402
146457582
372373679
988962135
181863517
677200371
447303430
362335053
433222049
494705823
386967666
1018271534
641085365
594978890
314044456
43873826
65794895
485846495
669611822
439307670
725602281
983349545
924073140
249402744
972137628
835969890
646212327
997699572
767749935
292605682
13858345
418072545
640980128
1011111317
807221681
408620949
1070660479
765854262
786744003
437372651
555851798
80123230
518153404
387076264
889440932
817096981
861867991
940640216
214053964
1065120726
196554172
983403894
720914537
150640288
853597952
303291307
899845862
242383095
587510656
739221121
169296677
938105980
725048222
128264105
911214442
284845714
848444442
745298897
220058047
617326865
433585746
21563998
420792669
528982144
248165183
952464223
1699179
25212524
354324866
999837523
569788255
303647213
324615187
647677742
442185943
613495701
855046377
497270093
43182933
200617401
649514569
34279705
687808670
959458488
1029927793
898914178
512975249
117213073
76228903
678406120
589982085
128623529
892764408
224401671
534198831
495910917
421198413
739353962
851051257
94966449
658018551
957108106
360212625
139703605
573592357
382437071
720713251
1068849623
534548093
924334969
102137138
522193523
126124511
943544818
445023041
515835474
438535502
120583714
83108902
756954274
651848458
112211262
589705700
457187688
160393215
189669291
492056355
737839728
111115945
675144869
720439643
74331242
141905309
752344545
201952029
1066004779
273764907
812808579
441597755
804402949
1055733326
27905434
256835118
714893497
14410818
419712838
13899849
884391063
465124763
554449621
776166697
461118336
354568496
241965056
389747498
329941171
682968202
139511269
497323347
951388083
829154763
14724767
315704326
305253185
892386058
413487657
457738031
558946471
755424948
553238538
681631287
397916873
1041715564
476988086
553862655
718981275
820053737
183491651
168291882
169387083
727904916
869702957
104543484
265799439
357645225
754025333
906838453
967979258
911532495
848850312
625222944
885908568
109165930
342568613
957971327
26797639
861978100
966186428
54744103
581821029
623585482
797168916
505095697
1019308148
952304176
315841070
1025546846
1053073034
703579854
432136659
204010638
272469571
824697424
566283716
872378937
29957064
609274834
763708448
1071884606
826486027
673891871
382096724
828391047
949669401
1043777264
963594741
396921332
298514023
539196169
70721689
765619880
464814680
97928388
460417745
24479957
821871460
563345317
24215895
1036710877
788933582
298034740
450117131
267472630
758117282
690141369
752855872
53418766
755947174
186674696
241794909
110162398
689463341
73429116
979576594
691795299
864188110
355234951
682954187
958941691
58793246
823438675
911627407
453593071
338532113
596507346
464884463
418621181
361224546
360123416
69369301
259784082
332545902
34389609
369842635
412685560
883847276
660007338
439402432
611839126
1047907146
742261096
237021294
229351697
587945024
425420716
668554497
273618915
658342844
420218665
47851279
568492542
243406798
450254274
350888550
344654610
670683707
199563030
838150268
42038844
866484120
257565779
644863702
178856681
636519496
335845770
9020634
324297403
254331562
795994996
661182889
771228647
864797779
281340995
221905416
69872357
597366881
139063924
698513526
452540260
1057563527
81938319
174772545
767804717
585584159
1020881001
1056299851
887405860
359881193
794873548
380182537
297571448
657272093
257554395
462249424
319007495
3893056
1069183587
710056327
331588070
143011060
605698758
381126585
672797954
719422511
992360564
468915751
189022809
584371659
688123681
844151964
1044555436
808284553
179570891
265223411
286896178
371583305
818484085
207166697
623470486
269476963
848327196
389145475
361584119
195462834
1042564518
102513669
407283583
703836719
574108519
449235939
692949071
472154018
931248247
118192613
299445029
883745079
249788384
222727274
370309336
904744260
611101007
723891849
746071142
191446303
974912018
388607190
720537702
261913326
120514832
571670788
438847017
971312122
431071377
298099883
1036314502
517801916
353906785
257650659
825953034
262983354
866985409
948029907
474799922
840454251
699348158
1018632106
542813492
74322414
1070206859
12167406
809855226
140844716
45563416
386613253
788928156
1064651255
101954256
488592309
1043833590
290978912
74295253
1028804106
758543298
285325794
885258685
328334856
186411855
669803423
112034073
1047980421
855590736
460793921
164575862
483610152
627979318
886163258
279760487
20063556
246194682
274299804
70846761
754164358
559184924
850904669
685292709
784116468
82395572
320613166
293982425
40566807
1014538523
978261215
120210944
617694688
895282581
176104859
1058088848
962057958
225437510
552359288
133217173
873671824
96393337
820408756
414766949
171437008
513748936
672839723
6858382
17230890
407740286
17094349
809680432
941101907
1063562200
1007266959
102352868
142183046
1004495319
581830477
539198488
725788921
1071445354
120993853
62539593
1907118
605151235
655724905
1026428203
1004067182
624247169
393364743
469337899
278388130
865839116
343243152
1005702539
618392125
450496538
630834814
313053448
61897219
170887338
145175279
859110018
947697151
985196421
366136173
260566119
874722446
504247104
292132999
941251817
899457911
848780920
753003125
851087896
193000492
822920598
1004846668
103469364
83768769
293532593
728428402
982757312
652290112
720618461
303320236
312810656
10987185
986442510
257627933
235893737
822509592
916911801
766055810
281366507
568322347
592660482
212844058
954527537
326120661
937738990
1064950298
800926837
881590136
349733407
1045879421
27633112
759623357
902880753
932093007
829529677
234056696
25309961
245362693
370593139
829109046
254049815
475765144
292156984
386371572
857966453
977479824
981200042
917535040
73139749
40387961
572309754
856856908
964320910
11979003
441252556
961803890
12461777
331633830
503285550
706300772
37675794
141344275
130897250
31063733
775910452
142620258
357083014
540748189
624166723
749362067
130366356
1015493491
501687158
839864344
865175224
989950057
519917194
561181191
241092300
735941316
697654493
91049893
451464928
511754852
620002910
59338165
357165637
505607540
399932390
255699887
951401857
781161470
354471531
557456372
611311291
871032241
573890609
505781819
659084658
572178605
1025888191
742570126
412332419
303831016
374275873
899216279
359887922
474000456
847439529
394356440
886790299
629367270
951679078
1056866095
45456817
949789091
70004555
464784479
92507085
844736233
548023954
534601440
644097652
367443648
45726316
1041070215
381965429
395535775
194105367
859584389
202872979
136766156
650008794
1019543732
956045004
148644381
835528576
360770237
559385017
1069911195
789252967
865767271
371177356
738331089
1058204925
