820298624
158062965
249001161
310744322
28470443
166434195
545659497
101412531
926487755
468065431
920712774
957623270
865440153
170000976
1070351493
281856895
806235129
267426750
411872346
394811054
324502733
129603326
859818287
952685783
8845642
131031996
172818843
229265080
771690365
526655812
995175144
141378217
832836512
871479535
283524887
876262788
902093377
887370194
385048967
91318421
201805120
830532068
942795660
365911768
685183973
509425019
682248375
696026396
468241622
865753492
120403707
605976293
452615653
560204065
345028736
230030992
233403539
804332601
421697478
39023231
735820080
346511684
565355282
156466915
155711323
180557332
591790883
578310015
974956517
352904875
215316943
130309231
417871894
902065810
829277608
1042645365
691369918
594519952
119116499
757180670
513654773
358810318
959574189
189764572
320190024
50140970
655021297
441068000
1021923689
638046006
735746220
519226994
228278594
66687665
402634437
811078234
825184181
772467305
592715221
732546110
555460609
845750749
21947355
9647896
365124404
991722971
305601258
376371709
152749192
566861375
1008909161
511991045
285855598
52376970
860538791
527376836
65372391
398910944
518035020
466664135
268050470
100847507
925866793
296049668
808616878
207748972
1021833624
1003179401
789473280
838754146
579002868
470933685
807883571
781275515
761219181
203704063
439263888
346229906
496409486
600452561
880523373
700001775
751905835
1040913781
795367846
216770768
31684822
970409717
106341303
1035589864
405434705
517309404
731534686
172392497
797693522
417994999
545698565
786338937
77609640
813262040
486088429
832636779
65335220
262886405
1015751979
939789938
26027467
126385622
116967749
747141447
1001802251
433933268
122119269
911943119
175007378
441421643
64978047
901518748
56788967
521443375
119382980
1052518639
816178479
44417759
681152481
659043407
1009981471
861777639
33569781
310762212
856741153
610440277
971961847
740475704
172281345
842000376
809286712
448120407
769483357
585624462
186053612
207338711
1042955868
1021295928
580392954
668485144
1056102613
537259398
499340741
263144302
573252468
807978267
604825034
165194448
437422918
435050440
253291578
933074416
72062772
851215071
3893818
967845972
77165742
558628687
237783625
308883010
836608069
1040797296
271331894
324672421
377099737
112711749
552963906
85356135
175217487
353374502
268942182
280054893
383504917
393668927
578502725
484099299
742776120
153161504
597704535
646898154
650199633
836428958
939989948
1061460803
240094040
1035751710
327966899
1067088932
971150102
256874667
548051715
50000391
968510425
493791623
880386481
542261162
50827351
214686100
862396165
628867342
1051939881
86630488
122803473
912780832
278400564
208357517
859760884
280403577
330704256
193453664
972188451
1019750589
151658091
645136640
630196438
922618256
540549407
787055541
278515356
488076318
365388283
584243129
519922341
138184618
910312439
81917226
903673056
920070067
736636212
168373370
406808150
117866933
873316014
17269267
621527818
1001130306
504970611
102152831
348126717
183911289
754291869
133606838
336117731
42505713
310954625
841138035
878587313
749939664
222130
1014109426
670355420
271563313
172546047
579210502
74810604
532081584
718732443
180478425
552069400
453842957
404603030
265771616
418291044
395653025
198374627
204265048
351640473
317418245
888576433
938675987
878013075
511938547
147208724
767227801
423929967
530082602
987938722
678988713
323962009
366728257
436670858
572959221
2321465
438801417
37428388
440781043
31561387
1018307724
387075165
266221569
230874506
881791595
224783247
328893085
870783004
518048049
529618361
164180242
191635424
566785340
82866178
974378908
1014211881
89190110
240288351
309988786
148085493
17050864
44840334
194993945
15023115
354851981
563657028
538056790
515638293
399331298
601010376
530761398
28958004
126677233
283593437
492789562
267520140
82566355
308531367
730292974
181706352
737999605
1043875015
652114358
268004063
262902426
900734461
151915232
814562341
794757142
1035959052
563586150
683657219
579143016
146746330
508000034
150459700
115309412
618549316
229035967
74720418
529595567
567749908
225242449
181168582
644868335
335205181
196496623
969011411
427158111
433994120
245108802
856597004
112907690
163784341
885507232
6882967
978436697
278645580
152120233
935801861
157427473
676000476
363724622
561984327
387074064
717209082
831673209
256551092
661009806
468778979
448048287
81582560
525946689
138008584
957317199
794897404
409971168
210727696
459847063
465623435
1063393143
764380475
534723088
457089410
771147286
36364894
740589373
122919870
916969663
428145921
58034520
637758480
402505026
528952979
445528989
968759587
446088730
800822400
1047084618
1019771833
726512677
251415085
947963817
377376193
278667630
201847349
969955363
863412249
860166619
194443076
393932803
452825170
571542037
329774973
64843912
416605991
731066765
385205833
1057500434
486493091
241301496
1014843151
164978598
666279852
479017233
612765492
159825833
972931203
277998944
372718583
127759012
343048543
344120810
811699860
117599121
169319741
421026500
9462844
891826434
392002598
676864491
607941166
195782716
112677608
342241296
832423176
181820184
910212230
805968799
325048893
1018248058
118963389
569556807
897386650
897089156
392256819
944660792
421877516
1021106651
1049893023
79036725
347897053
145742775
737710588
903991559
63801887
924689629
631811151
765209604
492001652
522634306
301359815
1048492324
592186389
293955883
572653025
346333422
682112304
607470400
436615176
248259578
531052801
562297355
126955793
442360345
551893429
615252677
996160870
256206754
561662548
66229605
194520535
1016621772
1023738368
933684697
241311977
997778295
914608420
769772920
946198078
258968174
151639946
703787906
433720822
813461436
321995308
194116792
60078030
12086681
738334709
479811534
73285400
1046653687
429509833
935173592
788315557
766440494
886539400
992560230
196883393
782145633
920065247
274583669
880038885
510428440
880488980
341680037
264693571
839413582
453198861
1070237074
355513748
41151347
427967980
871125007
99729290
470369673
1054693365
729096856
693032937
488825523
751112450
141188421
743809819
868088878
125391359
232131976
940305916
186471937
964171498
395539363
907356679
923344656
493665699
268934306
114887365
953196249
600163491
358725517
925973061
909322492
1034338501
96896364
85331562
866213074
635046478
363874041
978789300
489838945
933076733
704558074
684554025
140579315
332948590
1061319688
629837284
376826091
206399213
950222423
547671391
923297041
943728054
503846789
1039300624
665519523
725093011
374159925
595184096
525790135
923197042
264866396
778010330
798176410
699808132
854484150
860873157
224166062
382228276
265863001
758945645
807381317
253924992
180551820
218400448
557483615
144239881
216124843
718167577
423074473
247717378
1066702369
326826933
293229389
843977946
910724000
107912149
495416222
559370433
662236695
723670697
776738616
379708801
372852741
659526937
291881469
764904501
708034251
998108881
1043914473
195131086
278091887
264119962
1015788004
1010961242
533115424
755726249
682285845
464091840
67735435
763041421
1031526891
605551520
369717973
435528131
629759492
87138311
945000729
82331877
970646934
859290304
846120814
122929751
878181758
845921151
494896011
456352450
895383350
564634440
459245551
268194304
378091204
43311822
288148894
55920369
906028905
151398212
533697386
225203340
632358413
921938636
832522393
104345965
747563087
194288713
732747393
930369899
766885241
1020247656
520923877
765626396
63757923
131057586
825499269
72459999
939701114
127590468
633872411
638582152
1056216496
213179785
293177236
819557380
214342069
799484288
622338631
90112805
650651753
44131038
548904039
124770651
75506044
826860228
558443289
802408460
237840338
952503234
968415003
62741498
306987881
348147694
545985498
277643232
596441019
399220778
834055662
858070570
769485955
853794925
1008573180
379613699
226420683
824254903
1065313094
749313565
412910626
247934215
306505670
174422704
529419713
187072858
5484082
930472574
615814279
17317930
936391046
962210424
989431403
187030745
867017403
922585666
951994282
496423497
917493237
880250425
565289509
670344193
118686750
508578938
254858465
758825826
216546816
348004127
30921416
59135063
479416439
143521918
757605273
603101954
441185777
945983281
884959302
70299542
860560326
784313697
1033967454
577991445
784235765
837521255
224721411
292401902
57949980
722059432
97491695
325521106
899998842
1044021461
996705828
951718894
476151379
136677270
912302705
849778609
25559209
924917176
334460371
829026354
472172023
69532656
845843602
350727655
886066108
1016270775
812364530
605296469
677060604
560629483
735034574
212586797
34767116
242305914
150099090
1040799197
307954209
885780875
1060177439
530586495
991926087
213545284
786135211
587949183
86394029
247134445
856067661
491310264
965356148
573612794
449006031
947715185
909875735
1057484509
747833330
717948524
558588179
496968810
117638031
43321498
748880234
499816331
741818469
876589071
1004288979
1059845782
609230400
650788126
677671131
911561428
685975453
493090263
368720901
125634553
993674506
399730243
740240614
283481970
904858511
933291874
147488767
651656626
873208832
312765890
22778675
832671034
676410576
887338509
442943820
267630210
1032730665
257214727
166641117
63988206
582458226
306901116
825595913
901559955
905528442
909956117
449607288
873813024
589350352
986534647
826143275
18035199
1066729017
500446867
400252060
371794670
145668386
199546435
227298714
275481686
743694311
292033036
846225152
367661133
237456354
739410092
386591925
387501016
831464340
1063400023
1002518734
873795001
370483176
622833697
164973565
635920987
751377205
247267561
442721421
758138799
1026660123
71874740
361323507
985723464
312843865
672838116
502833953
239033508
263674422
881918035
549819843
255857501
652160086
476596887
871975119
629746009
15363464
467165835
289688478
793708090
883755376
869354520
374316914
659308667
380143947
3459226
132156419
899413095
41174772
804725701
369739799
287376682
357762341
385568116
776053861
519228970
1068098698
432522290
272919392
737732647
543890780
578142851
967774958
978946527
400136755
917828482
667735517
389153660
602531489
285168265
506519482
323277840
153628111
1010337923
778927222
625993224
53764475
694776788
730587317
561699357
636928603
463293965
41583123
938721479
714298323
632104896
496217224
547825947
439310891
322445161
129994962
899458027
50342503
699066410
162403995
465574302
997956055
428062543
281548850
221630346
902459292
273829588
402390006
273066556
226492239
778420781
837031932
348808506
881421442
424002750
921752001
362170512
194038936
373105293
514657311
742627258
590279139
867361624
332660110
653038774
575199567
321613810
726197617
102739786
134438350
582017877
175390577
625355872
905728155
120885562
1018471127
565627
375744475
158321821
1072128121
397137122
52010083
47275053
69021245
858204207
772194451
490765636
627567311
783549458
320451707
76837703
72965072
133298293
938966462
63645343
909537054
732418547
72024652
31396695
439980
60270232
595038829
923125759
42088652
1062621046
622704532
831802692
465101816
494105030
170070974
824025745
390372185
685422734
712781975
819744870
1056346807
37712360
559036275
406783655
93274363
981451847
956768158
369997710
790094444
437275698
419735894
987529731
683436028
87470885
977463385
159215168
926262381
911394013
331058394
952226196
669426237
92783235
1070877863
50131619
1001739792
936234783
863312517
447091840
1015709622
102955566
243438048
657023070
46944636
887844445
45580831
940664416
337079655
850279710
737180203
188046541
490684659
461024314
924854386
188846731
1009441346
97301036
935534343
297455088
242187929
58186775
846354599
269599416
772613393
1063530183
327132960
88256861
53363024
360866263
16569655
878141534
78279544
692335372
142250831
750484690
480573016
357214800
882325713
410407141
23897337
758012652
938922516
445365653
793541316
671232195
339407560
170035268
273241832
748619042
1001106489
927331903
697201077
1006703717
301430367
909695648
542321871
410166697
664410222
135088989
861504750
467106504
765542984
619260307
987545216
564486985
281179924
812260597
983616573
175215562
907375007
805358248
1027558089
777578505
921400951
596540160
862164369
233162091
455980845
805035694
164478069
288263304
963087220
473623002
660226365
248840521
598868781
962829813
280396692
700564031
662311162
529330774
621563333
520572331
120721643
969237868
887375848
15256602
123701893
430910186
1066522732
1048691488
260885354
739327742
56895402
424244795
587836411
1053713324
230203144
464488296
332149272
735387119
914282896
191052553
29240186
596766440
785008589
448899031
31915047
379918311
561855221
409204142
248646781
1068783915
803807403
286178823
831263570
531752659
981339397
177603290
776582484
192275439
922892561
141616033
488437124
935306220
730777887
704112107
49427155
31945731
24833936
1014910388
551326347
873713627
727437021
1007297065
612293275
1048292588
940353174
513115076
481343172
721359923
1037226156
149578005
426874069
478150091
841309087
245173849
763523746
1774603
8173310
824822932
621886698
32247799
732147980
16160485
115625384
845352299
398082854
730670034
267838433
888100952
899185422
631073372
85485665
1015245341
624435897
722080014
249415087
37655709
34767828
531463387
29151574
616692186
489491218
757622663
136808930
247537779
171999283
538642538
416306288
911123015
334709853
805762371
368995069
735311432
236959803
228542484
858115210
104089754
54273720
273277883
827056025
910637170
857637499
458518956
633642035
330502364
680094057
865281919
562424297
37287266
74186901
240340936
559792248
620462262
140214627
680234109
949890408
752005230
755234290
834231593
7026728
54651771
835110669
910937018
1049396283
739584165
267326738
539373096
5637928
318329600
654337580
858966842
1028031754
920215895
903760971
1062596668
19800487
927905579
522170207
890302636
868901731
483641381
164485225
1028424936
494386000
232574855
431884453
218837296
182273273
747967265
573056496
135759808
1002662829
1064534415
481149330
1052289527
628713581
1004230133
976981988
249421321
535671504
425204456
703808567
431051918
807822621
349633374
471307813
397512745
745399941
599452505
1023458304
412363874
286625645
542556451
465796279
334266059
110048707
9660123
756735296
748145385
30658626
1001663960
787114834
200744317
1060397820
390989503
548973333
882122051
862517170
795056861
752677176
1060557622
30020113
16095878
1000356885
358077684
752194977
894542769
208043207
121007227
542530930
479411376
675049060
189442867
192924638
75327985
502709186
727655498
90994271
37995352
948249953
330112439
444756529
162204461
56379613
484977840
449823541
171296633
970623267
687442984
918707892
542187417
279477080
742962225
225574582
391910925
640145246
985417006
541433612
13465233
416091738
662290651
737805496
315115567
870674637
713583100
678280970
684764600
132743163
845373500
518459219
83410042
247976329
990063934
1013770786
206448263
857180846
668123115
301255567
25538755
62450951
510401513
823911676
617708510
174546176
710687426
13524677
749743880
642072001
866374219
112610494
470087737
908866787
449026034
621239293
619133400
173647481
569757348
502448039
830372161
1023249918
339913733
61942900
242996597
251523240
606750371
214274478
774161450
205986697
903100485
236481673
766882435
551345844
384426880
800841629
278822159
366834891
857801385
345482366
172110457
450368622
635301821
382515560
510556543
125376379
916663429
427475657
1052126073
906126957
603324145
95395786
758754744
1036078670
349813399
614975374
441767658
1032119401
742884154
1001063370
1046635979
404260083
1057096949
619992595
340560176
149680802
867983106
123715416
982461730
678323530
820110690
384751339
671227490
922099115
342714806
819715731
527543229
820165196
777499679
436108613
439109662
682436727
353529172
650730980
926078604
14322387
506324603
420006397
49377589
732523803
696022296
654977787
1034770281
897399304
245127918
490243732
353482977
325602585
136691088
375891961
955247068
40150235
299970449
523280899
69685282
729465398
467024006
862206262
841389838
1040474702
689774316
1031103974
550372078
570454140
481304464
528430193
237030227
676095754
103282254
606020630
421761691
532394117
609242734
764613830
3081226
98301748
1072869406
763914245
374457387
974643740
79708400
252900817
467402434
311286240
206577101
275075489
292817155
239510962
101650206
592056814
54257008
233344679
987526641
222067537
365285820
815628719
101550297
874912167
321407521
432019743
266245672
963329365
823211494
368791365
228740468
381313379
238198880
289673362
985181975
773720115
104287421
52442140
929569461
782652725
734674226
547328648
402044601
324309065
793499605
668490634
508231977
239187271
1059730228
1006947978
266163768
24709850
715784608
948735180
856469614
397295247
524612006
621993336
319914009
764038811
521273953
453661330
61083346
97388161
779901337
786377623
646755550
53676216
829966373
887704472
353146987
389606806
1011115790
288551945
739173844
854867722
236279486
1032529823
689107297
145847643
874281183
933898448
1012705826
286199986
564769280
523119586
557127893
684006522
6233628
640536034
396171182
581138404
206090070
699881344
319813912
548951789
981505857
104074730
369494632
799805239
837550164
735652738
925723258
778109950
1065283535
1024945833
462690798
732810482
117476019
863980797
173716091
296574509
676080107
853483534
593046406
737219791
144383441
268208278
44755717
930962627
221569625
866038509
112045044
161993673
861261350
683550280
674147927
342338768
711835233
667081517
377479743
1032455141
795979373
786872937
98873984
29901913
988537992
547309802
602965082
829801371
643507636
912107317
220031522
923485377
227222768
792230616
511745200
19239461
298776354
848028011
301205355
82764924
1039514552
135298883
87350149
845047649
840694133
998941492
884701567
371323644
483977327
602641115
154641064
401335849
885207311
434310363
996343714
772044701
292359704
251498413
30800242
931230226
136946754
772257275
209433091
59555445
656328865
544064198
724684163
507508407
880749813
738712630
792886230
53205577
636068618
906072315
134145654
198156817
486022971
916363977
995709750
821513597
623850053
589220426
873096635
955026049
499098479
917743099
69861708
714232861
778881254
461342381
692519901
803596987
619005123
598195008
34702055
207997218
889223195
711847977
949505729
1022130831
433542442
70216590
599238524
589098020
819001965
890749150
452326549
416016589
575699061
714092838
192829926
31577660
262512292
158352570
462066572
370610328
97305503
205746402
363920670
417684965
176008264
874881511
580953347
391825698
380169783
205542211
257743666
286715291
1059497951
1035051594
1024917223
925804016
884745883
345339936
1023897597
807485053
519949863
147540411
688218746
690547
914744008
734364022
875506538
13412252
1055416589
684875843
540776905
231635380
55202909
63239015
560298475
285347899
1045914954
209189127
451759743
832153274
560842828
172064705
154090727
1058795595
799908859
273742378
201159025
959313836
388839102
496757508
708660929
291325596
27232017
346249533
619642679
943570240
132608529
939225762
43064402
420423729
1057735246
777925270
794965228
1017337226
777916857
912193977
270792279
320061051
952499833
133455751
509139029
821244876
943468196
801424452
1015803818
287138278
76024212
405734468
595724897
107644774
878942838
414110941
751627275
473496868
561141048
338518937
698350032
967234557
45639487
860930154
215176810
614639247
858282698
228813294
481422853
740038419
760419838
332412571
805605297
710184546
731844694
637436664
787586716
846843765
550795716
751332138
197946644
465566809
720688173
496873310
30341118
118669732
470940981
1028700914
1069367834
760415820
711416176
739506745
92745537
143336194
608852596
852123734
234243623
33205296
43289648
474546590
72257974
319272062
687226543
104316731
295087520
923034926
980154644
1607205
906366597
141461408
153126420
823422276
597134135
948738066
264089069
144731171
1058102212
315241892
123095062
497663739
786616719
55082873
449155043
837727172
186601658
672700663
883614207
815801759
363746774
310559741
78038979
483462560
585172604
732336363
54469547
870187138
896906460
374013460
387110829
447193946
353018913
522340112
13318759
378480707
206319052
396466371
941313014
161048351
94766974
994350328
350628513
82164462
410523192
653645180
951963268
597492477
373490268
896565036
46231169
223655593
254683563
73684689
226274801
539904389
28466365
137529250
238435804
945722531
280212999
52761718
691837797
1064893440
818875680
22972493
345678198
1014392335
51538848
407160310
929288707
36272343
730756883
639349636
1055649255
749000319
122083377
942371798
715827343
763081096
292484815
335276112
246699470
636123828
96841776
178427312
452320367
326390397
566664732
899881070
623746931
44406602
460393854
739915100
614123419
307421655
67434982
771242206
875529492
862277270
963044791
793735276
939081902
633245182
183990241
283967931
436784359
809882077
506133808
1035663249
142036525
721171568
236043934
781807696
128808842
176363586
877121139
464129841
654420586
1003723484
763104757
610348797
548248499
605784574
1070095965
689892231
870342853
24442462
122758408
44612139
687392170
152373679
922844199
257462492
157037868
62164072
176842637
183119337
773840336
605442916
534882444
1067313541
318017125
717655150
510855961
692901447
850209218
475984112
85346041
285026261
53247092
518564604
548204265
107129422
1068740906
28099687
1070624028
483259292
799092949
807863321
730157145
511082416
809493989
299701892
954140514
246275982
454279403
860230947
977648393
251114281
89257402
56116747
942369016
611369995
712715743
990798136
424298772
292902103
878855554
41685353
725160510
220288250
991205438
281805687
801165850
1070387180
139616486
378273866
135064164
696587340
932674798
107845858
418840472
230529318
944922863
691968566
608075494
384862540
741391160
804192027
204993761
1068913153
360401551
1007840851
857127673
520070288
911265581
689754612
687977095
225541671
732702593
406304708
609319314
189043209
224990864
618528511
219437790
1008724923
524301988
348257768
688577137
782823479
889205365
331868946
957682315
472863358
425227558
350158328
636782282
845657623
957595890
566263687
466959875
839942356
231617447
31854164
224693430
886686960
840720330
1055715894
627091472
423467940
601268687
142980789
935578339
914099598
903559404
454356782
590287832
845137994
3929512
347087289
1016586932
794044470
610394669
908649299
498904556
127148283
296211348
445857503
697809817
756804844
293962136
961799351
936358205
415858068
160757824
1011309750
667296336
337687159
612626350
1042428034
214297688
123198587
364777964
563096410
152272086
459389421
230626648
830083116
922876424
908338387
1022522487
85779382
11170481
138974005
502476253
9912253
723088732
304002547
437491093
1063259086
617150877
1040812021
963067456
688291254
1004543166
408387033
713646574
68739020
385334864
539384910
670449751
918113019
466515951
1067573530
674375845
975245102
615373609
968256089
611685512
420158221
674113748
3918522
170819027
862619296
678630883
879657439
801693152
361189999
40576087
186803874
834981374
450575936
357245444
310316659
1011002358
834355783
803379994
249675477
1072534775
725785716
949285612
853143987
416906480
361652887
75214421
58171284
774815895
580121314
684282186
231748715
635425997
757037076
109523754
205597025
29475342
876869049
808914731
247564393
762205296
13478268
381041931
374827464
437535644
1059639562
889195265
440215919
1029088669
212614642
100818537
519552034
601747894
308171049
201896927
704155114
979840873
1035734936
223997601
549035791
372337524
517643952
700825234
1003111800
575074921
1022929945
45220504
244026663
824941616
81422791
128035932
312028223
976591222
640317349
52676254
958103278
854926970
77583191
23980101
105310331
705603766
803788249
740686039
344540386
162997407
438177317
196708532
704280864
914467692
408760643
207527323
695600912
829804903
661179228
1011136568
35310706
279345919
420910481
883146229
946445940
1039992300
682406267
375125827
834137385
297683890
340470953
349918094
117800440
451343683
105564223
165518839
289603833
69599411
190515205
261395597
200428331
340781553
803110836
179136884
354351953
964547236
119694945
217262875
570219818
788534944
220760012
300711653
199537731
869482937
336202738
146060887
89291485
410945482
181204484
967532461
74483175
973129961
452395659
983635607
78845160
96445191
252883480
1033199862
388521934
51713146
888220250
159203944
632879781
229955846
243018909
1060654764
663307428
431989587
96957363
105583396
657755770
1071324184
34381475
942403736
799109993
237872685
695732381
131248663
592534131
802559929
616927676
820678082
388659757
576380243
595692447
427522391
273156038
760774686
393239008
796387274
909731199
709240516
1046306893
111188145
454525266
13184375
371779940
759510881
883933500
862016476
444094470
754891539
834459063
497871209
145320554
1007434712
521830006
321155227
654672953
605091930
581902743
587653532
555571457
329317847
900877414
833890721
632233307
175821735
286702374
988869555
429478461
396825302
86180647
315512546
326247286
388544062
993809974
712855485
470801908
921772477
510845746
961101973
135908191
478977363
117763594
856384216
616473271
152805953
538891572
10684425
590766971
1051090764
361500925
317836421
521690783
110379829
835941782
205360891
557852607
157025497
891697633
41281907
396541646
672951760
819637222
1036879468
532500853
197135123
293464727
363535813
759939029
107932645
317362510
1036678344
138482110
231886111
824016986
49726571
807381942
715125747
791301323
470098887
705552761
364166437
1012061168
326289278
539949354
14576399
752661500
958360249
495827087
321985576
948828669
1068930522
626752550
25523740
301301038
931678677
902735446
634064630
557201042
712523480
417424557
467006317
909052200
957904290
999905432
383146919
412971631
279308443
143918016
886432333
406425756
560929217
200530834
897220785
739410229
979455130
576498917
150575628
334786329
779376026
89806068
745362607
622485514
573168474
24312388
682239310
216916408
348847465
625117867
923170701
704761456
261600254
900106267
930737940
38861298
396631265
1642430
390617196
474516708
557033010
349854208
993922524
996552733
241012398
714098242
460273682
26898942
822115380
28888973
306007946
882976611
593347450
761017155
801643297
179421460
623782830
300689040
79084868
415265634
844752559
244257948
88115326
548122113
365905775
254593081
965667814
368707745
399735334
666787625
1069438175
981770207
919943118
750748192
650732644
612615241
349354934
561811718
490910671
955775949
159116986
644618230
169049743
590487249
589911755
1005142960
135985383
937935671
146690897
166269943
461618122
612124483
793463455
923050441
728289148
541658661
356145498
795686469
970783588
1023921607
741705386
397849295
1049282675
957801776
963243771
239892598
429360336
4564243
1052075518
904710869
714415988
1021951504
610424427
318238936
662746175
354895865
670030445
550531170
1064065852
567866164
404488713
843678206
740451143
637396802
283428938
300040562
586191334
1015626516
227359785
208063632
991906416
38843478
656822900
194111459
1054270316
206437164
490487588
1031690655
603054679
233792009
722774352
646090551
932121857
1029732255
640674489
930691513
246716014
342933683
1010539763
342784413
303554804
525961192
1067010902
747894026
824427737
969375293
362196666
1033635838
376085416
697205115
670281102
75848477
70081741
652555896
189600355
562696512
922079102
16965584
465602020
889756248
626659701
500341910
962269341
15385889
775995380
400133801
941316442
124864092
51022289
1050722505
363508714
948807978
404840540
546621158
972421049
996195150
541487793
869342740
960217881
176547249
401901530
730214609
766379477
535958788
291172351
504303275
1063077351
611962370
353295697
821717700
255004749
1058416199
977181156
414238459
1063310619
41686207
822106008
449086135
713368718
497790864
503140973
957371813
172863478
677864488
94401309
127089996
110139150
117682186
1068420233
229004817
1033560705
698031253
1066923200
1021710606
671432428
734274242
340705514
330681133
379030139
185284621
331276449
171598881
579689854
343183201
596566077
982629047
7156831
736279272
340125300
293284492
192021239
322008179
114319015
624225245
689593186
520529531
736222528
589880446
186303246
866003517
556874315
460086237
147933013
598475583
511042563
112360189
745148310
193511376
869658083
652801216
1007105710
213174347
1001704539
682457952
106236557
903185579
395799900
98261620
899062305
978298654
66205741
702895658
498895270
332446949
650319795
1024326548
583263836
682439784
260897675
117477596
301514943
660742481
199482505
35778887
451389059
63806819
19429505
867945194
991128626
64489185
304728874
473024161
838444888
19059675
610826143
979237127
621727552
480387365
943084874
748742015
648484407
149964630
29026222
102084065
729819128
510647203
273118994
443376517
216308807
651280720
488299815
718871401
88908259
313763711
239412523
190718279
677401258
55566584
494174246
415257227
435237238
358943029
44928875
916507485
307658
240500597
200517923
651951425
603517615
519841965
996540899
767711462
562850791
389051980
734612347
356132716
501502645
435794945
324871024
564765719
87015161
377722110
118197035
778119523
732593807
335600969
845078062
495384469
887068822
184512887
1053824042
553375474
432371264
126805832
503366087
389806132
151736404
31968555
251623522
423797135
139204131
294986527
305716160
190379953
358748948
653594098
910061188
894925222
903689355
80625519
350022318
538072145
635574613
997385873
389846441
415849639
781930953
574792076
102973588
862892555
574355075
1010081749
448162826
363582985
374873303
540808829
22615075
11119814
947006816
307389910
810927074
120724389
904720079
631758889
190922376
786994222
727936347
286149343
1003658176
1052370477
76544499
221645699
908310565
735053735
868461895
54099285
397943030
741913559
473009042
33012711
947388955
868801405
972566702
794287142
399300634
336125426
334992397
1069253575
606361763
133195234
909625310
300135750
485160342
498575409
190954643
538903313
143550728
248331859
1009088988
911236988
182719799
789499033
622362363
286102023
39229553
1010327153
412305131
327870360
682737371
697726152
170792610
984997446
897983945
581380203
13822642
62754567
36770048
854129524
494588540
274531759
408845028
646055374
1054288828
33030832
692107274
723610128
894400780
203644956
455339625
444512710
692356483
365299880
920995388
954915155
321342592
1062650565
590887917
465053099
694170005
511580415
395951616
27691490
328682406
733974261
974433451
766011592
391853990
165933559
496465350
344002081
595859681
612773386
377949644
753471190
35076499
70284110
368667301
211799957
725627967
943212275
407530901
764953405
387143680
430959873
196608854
774894752
368834706
666478902
149318706
727184855
951672140
1030536448
578215722
63978255
402104769
478528589
309106767
492162196
672501537
684842288
266864094
176341531
1020409909
505744306
897335614
587916290
726029094
359002743
405036256
1051823
301741032
445683780
50475315
456707332
326663769
408131300
490947769
891307906
532923738
423095955
596865925
627427228
575143051
29018328
431490704
708115826
674967530
206762793
660545776
751306244
529901671
384610195
596022668
752430951
870299304
418794611
182619631
805866578
984139209
308216074
51386021
716173017
255587381
42327122
872721162
821552512
575182386
830458853
27308073
894887482
210871108
310727420
618271651
1022409292
614614267
441855139
200522818
267765410
947946371
910714515
762736964
390146963
602104224
906614970
1030119893
921383006
990652694
118436225
836440367
158626285
1034300503
159387306
217679618
398474213
109142941
291058317
206541593
819719804
377931661
229008567
145308000
693013893
760670104
603612898
496569645
423741946
119633205
132589486
890628937
436929027
959721254
357834129
645330786
870447146
876539791
583239559
71119873
359930638
951323725
321286188
509394367
118808080
670195140
518396534
348676529
1047179224
763135642
592409456
950897974
488111049
897715194
143563401
436363175
926115495
267806403
123588267
888377895
460350456
928471504
247597707
993345875
769059993
543584479
664161207
176631844
422129353
1007670388
941488877
510721140
251974122
698048101
226190078
542562344
60353885
858595441
469652898
514520031
387088409
939104222
397490524
45578938
181818971
317478023
923460862
1029062695
453450666
538642818
188815946
640476673
945363724
745700261
285972552
939005074
150462061
555551775
267275614
1029966664
192046597
729442416
359614378
20521729
628385095
722715151
90012330
50879686
198135630
724462566
292042933
636122819
841109423
1021608727
1056183125
305051121
52172242
960949731
263678152
952459089
236897066
67061929
165261476
555250238
467861652
467369103
690682327
1040298084
1034308481
1027961343
913303792
535779466
144116811
587833285
484005382
146163633
330460361
36444894
385969504
347625307
203235464
431369908
478427331
624311586
1032181026
916075135
150188834
19427912
58509367
717499868
573462566
463481467
108240281
65478038
569965621
783087268
478292353
93171909
369788983
129926011
900560630
936798726
1070196107
16689791
694738112
614076718
312565037
107134934
622525223
1004445880
685617717
924850350
892404276
144720329
223322106
343753514
536706529
577313992
471430393
945856977
622350211
150972171
180193811
521734175
369696113
998078904
369550694
734863685
791073783
885628168
519762848
656244262
476965099
733085048
446186835
479458651
495475787
144397682
925147025
1009241296
992836093
399841864
49732312
104109576
421726013
334925457
337671784
810030404
421588865
206577790
266498621
568786445
267362015
631348077
774041467
178397546
871303990
245986090
803287050
101468097
544856315
667281844
576948965
535897682
339537055
292252503
286859586
585455781
220093004
284925007
687976720
320424864
67436449
252098596
596423003
544137254
479897019
679776729
935300315
137049951
603461894
299516929
952417279
520553634
525331012
839625172
416365715
221627954
237545528
235101127
643405998
135914667
717883575
32763704
725614151
268719579
688863900
359549764
352359414
744527090
443111604
953362144
378433815
241912275
1017212357
400135064
486862
691645803
317585872
989419195
691817109
79217016
127998359
1005577920
447322
70723494
323007695
711713573
738790491
885374050
282706987
1010282204
915989926
640755937
38182152
259584678
771333359
646773037
439648596
455960285
963397606
750166006
301935543
525899070
272390059
940207227
1015441384
537710141
304317735
230547648
336199549
569601227
228138362
670661504
728196416
3530069
440522067
686529718
131411742
1006231788
546921059
528774529
349369419
127264925
839382620
83270444
991747268
666445509
87556049
747506372
502486875
797151983
454567104
121065925
118824907
763464848
241915029
634090916
373111314
289406230
544756406
740958103
211206349
294723007
805240360
958556436
869206943
286588686
735162471
1003301697
463304919
558754374
1037661096
530360599
530038068
841391489
66369728
651508615
302603061
459881774
617190805
1006162111
496173510
480789793
1060324602
186095926
959859396
710609724
293151972
81091831
926485890
110303624
542061653
548965039
529551976
604078748
425984180
639141778
734403131
229166355
590527818
563363894
403552216
492086991
909754502
805814991
896453983
137366108
973831102
772270314
548010406
689904159
984021866
578748198
662277707
900782036
288915175
82659412
510364705
1019313759
373633367
828145276
837720863
787458409
375085802
657544326
469217737
1000279470
611738323
999302867
814191345
912922809
310180011
995621594
448423085
139667436
556673251
452094012
99452632
787865957
699357593
178561760
945974850
356454255
134225543
887701392
522805765
899736255
963380652
307174786
857272373
121439040
394570246
836554487
1029949162
271402429
529657414
120884594
697243340
456214399
372027678
378708713
768525102
208122827
766949431
526139485
873756747
132094149
180910559
381512475
399032032
777821006
326554763
26612018
208208217
328802101
1021939409
916862084
787819143
422007116
515409779
373045073
296410313
274893934
783060276
751194375
192155160
795580704
865904796
75724310
132744678
11481408
608031850
543973151
278850510
638740881
941526643
181360267
369323804
113478642
1043041380
84406545
886096216
504299195
784680027
130044441
874004284
823477457
373970820
835970743
494782952
195198171
36322049
110587880
626274614
375216235
689813723
351430054
746938230
462956226
774348884
1002545857
102289383
870898970
944747777
1045941799
116773765
55425531
454496551
83790107
842996928
592512780
391822987
894726055
63839655
233718583
97781682
765156201
657466526
234954347
1010977071
901169783
107558358
205246283
1036659316
227870680
271411361
826036789
826168232
735912106
770993623
662112278
682557584
144571455
958629189
1058104539
492120521
511296827
870484541
100388047
128792955
122060988
234334010
181811703
94937910
694334383
493620604
237868692
1018866609
31909252
115506365
61860679
456821435
232841600
233173109
756168845
256124524
286798259
60631464
889000524
650987794
390316450
22426592
685550290
635000746
78052350
68500949
167449629
309900956
591998982
139292152
1027156621
866838040
457358824
881920440
564413306
230691002
895235963
1031506189
335307794
259943977
877740676
856268399
328879835
518260419
244052406
172031090
1041401250
533632194
736922929
930324958
519836499
1057680022
364509457
901131766
389404715
652269806
620139170
767853679
607845135
424916772
803754449
280601056
865951275
713361089
77095325
253583161
1006728520
823724782
827059628
836273800
853727421
201224997
869504872
523578308
402539690
220790022
601606624
697950938
609194567
104252942
535549101
1059277142
1033252839
900165963
936332212
789146859
369062036
568049982
335097706
781215866
105942587
147524708
213255247
619163362
631546053
286260825
380290363
344285833
849962594
880561071
598854070
59583277
273148404
452276261
628154176
806520751
439996714
638413615
932570608
131308618
736314288
976642618
834699981
574551637
1008685161
782519673
271159148
310568518
307338034
312937245
80557780
187452116
725048077
225147481
450948319
406357230
712156668
261307855
999140173
650223512
787909380
517007408
617462935
1016453535
475937826
115868412
1027863204
228102121
430414528
213208183
633464084
840238986
987451515
666952091
751420685
843102053
875471472
1001621250
893044150
754639293
386094940
230615308
356849652
390341045
610890468
905540973
1017657777
480309399
320775772
99957191
100517750
259121279
417391380
734214108
218440593
586012654
970516946
698058841
806932385
1030926088
172105910
59293197
62631308
676336833
68884328
665113071
502315361
265479754
745423657
738601298
106347368
270561684
736112228
429437239
369526189
356808985
407257554
26530342
146440286
940471085
916211536
759918891
451417619
140229106
838598360
560570028
947974295
575974540
996279578
683791622
82265055
723967028
989192475
99733939
184066223
1056037665
147484302
131618435
414099009
27076094
1014407677
375837559
151531371
639003134
511580698
1057440471
339172082
235999718
421058009
1018454748
654582165
476851608
398100695
730806535
397344298
1050352824
196286661
289580056
220648485
666077278
510557141
285395952
115178428
216533816
997398386
682725864
965457206
90441029
339043815
442075486
765759941
745391638
554004231
290265028
925396777
787167715
1004116970
736276017
265406595
618787928
665587972
619333290
892206277
505622110
66634381
662991069
623457545
853792193
806531739
436839505
896884254
999832914
189181880
442695618
184361188
79712088
768910773
1039829901
918805052
236375105
338638942
1069956013
850105244
128017278
39985080
707245352
635927563
841676069
216229313
332751839
244453912
691924825
933449387
315637216
609422607
598170583
47097304
1069730966
1004997424
1001689872
635942283
130836836
644225044
598803744
889103631
790093772
1070295576
781591834
1366732
7185774
279387139
182198980
332091346
207720529
102894562
729947956
806028863
35191100
176398486
1034773656
819299254
626356090
420167708
391788779
1061430453
690315059
759865421
359850095
799902225
358862655
195003458
313211269
420580429
871095564
625676617
1041039786
799175094
264869619
241204732
26040225
8181391
555244942
128131854
65224314
782374312
833452674
188508165
79075401
188237903
654141129
11161712
666841713
954999654
411658615
691041099
835303651
491979297
640325973
279699811
642233169
839044983
852639768
469149251
304873318
599061715
204276126
897707377
45992123
627728050
851612245
956232024
249685395
669350279
316969074
658209924
995960536
508899105
9058855
796503213
330115382
850539598
732427651
461375909
668311801
226700025
1011901897
286326850
925209035
892992348
451636505
405661163
162175257
946869813
207022220
128418820
696920359
151256387
532445987
644141586
704547308
893866388
19305240
140287949
757986976
149209349
667088063
137699464
294462163
13582073
78904879
734508517
242289819
441722448
49456504
213768770
19222650
184917555
316467051
690056907
940818276
934465299
537585832
1018868684
803093385
892123734
96305599
414854683
632524216
668316616
1063903990
553225881
625714064
119982312
1038674071
68730167
713402276
919631674
912658702
448918328
1006683834
808978769
816992991
673031102
895687098
816743325
898949564
385529791
901478740
781263757
591245017
268557135
1044115316
296249141
307815502
904219771
381640826
949292312
81194593
314768462
1072696756
1028871789
930313802
355286643
860014529
746068449
634067575
934602400
595153884
1009719443
523463696
1032878440
685778414
176162386
195794235
646833475
986184121
636205341
102862824
723866698
333291117
682743025
828571856
805155319
471636110
441499359
291185451
476859421
868281991
656828190
209057046
502146946
844769479
567318206
418117683
403966832
276640863
919467411
863398867
639588693
850135772
327389717
263881861
755492951
65993390
34132970
804941039
50510853
816994518
138658336
1036948849
694302249
1031264536
767690684
572849611
441036600
453871532
899389772
467809984
720013270
1030119159
107635964
1012449538
940951003
551918743
929874461
429661511
491282752
825684538
124283337
638320631
576077135
153846289
636016024
176856151
424460271
1011415005
1015352925
31846353
746144434
506287303
180933197
910333811
841841663
312577665
257313773
528957868
272364723
349501808
224819209
594043589
735599376
454349553
965843393
334377441
438228246
622865712
669733991
866533931
790619740
275055473
970516858
400651101
590165156
859163661
423919388
779628725
684062129
775867702
753384657
1066996296
622237178
620952052
673961945
551625329
465582463
943829426
641038121
220516264
416083801
892578410
217897170
569654480
736089621
1005334491
977914303
560595796
69695852
748206030
637777237
328634577
696601944
1045215489
811021471
853188848
564835908
555220306
392691772
145008581
303396225
98918046
870573039
737101680
305263571
790128995
739866569
970571327
773473494
437687470
273776681
287238795
167954386
13788284
777483155
878546502
520955636
595317590
241145841
667470411
458305367
1040005200
488908438
923447167
1065518593
293907817
674878778
1068708348
611100340
9927079
667371399
237599857
238901196
64935246
610318934
126228162
360244904
823237444
824476171
640155775
372925707
907116287
283907319
881827397
361665278
1024483453
624425730
612532764
501630656
233319629
425472926
425728948
244704525
1025928547
10269804
819098501
813188233
669925113
629059728
25812698
38510999
730785741
599552360
531499353
741744315
454286783
229170501
600393006
692111871
824581849
130559683
697856546
324002754
101419298
712980608
1063538603
410951027
887129843
277356496
777963184
507926194
332517021
469793765
893402980
416153339
701431639
573664060
918180907
430595395
178419215
303616489
369939467
714092589
556818682
782553599
694681682
805627145
588556734
8736926
342295628
400528224
781601617
970306808
34095976
90007152
415834012
480935340
33631553
396622289
283277569
861027434
1026288546
38402463
812175493
225926702
659036591
658437337
497748079
730077553
574711756
216725385
359892817
488555862
260908397
278070752
431625537
95874217
774511262
429917213
227498165
851203844
126505884
328409245
707574739
1027231057
596708951
878941219
894474062
665781620
834651619
172715790
894030359
487915075
605176364
1021693321
214441458
175287557
169560262
658539183
603048253
417424822
513609704
250548382
599970140
290111183
342402281
891827919
476750591
998399380
968926219
384481914
554201910
13123943
625625103
750057481
715797563
767015276
199486543
47843987
50183446
325132989
1034095091
920288399
471716019
969475019
672365563
794001444
1050780172
58697958
502764603
266451982
883761309
185337212
606131284
736297275
1038065892
513706344
333807268
1045969784
42305894
979622466
1038483680
981337692
692205165
282409911
635284487
597662608
414824090
95585864
52599965
822110176
293589975
555006200
863609467
63847893
1044903702
773676602
159639825
797746198
217312505
808203074
106897644
1072791690
870988727
204717387
889622598
692223458
395185043
112447863
892605538
85716906
638319245
580570407
832870776
308261072
901383928
260869798
919391707
425551454
132791677
856203259
512440178
229125418
624547056
958390770
863195238
489607519
246224344
729425853
719192829
741808689
935927922
335999879
633329775
965771058
103588779
1022929764
16780668
664925278
23905048
183567649
97995893
97994065
530541001
808371822
993244627
356432003
970123279
79692270
400296187
139221086
1018661393
363968200
726022864
546138456
952916089
307987527
136081038
363472764
908651954
596541163
609818301
58619887
686169404
485172024
987931085
335318028
139450220
993570803
668258550
361355677
652169441
1066221744
640597319
10395723
182802541
425396949
78088728
902310519
704295490
810888048
153820961
544609699
721285324
524979793
623540808
660712143
974723140
393715161
893845411
538089803
899190381
301064091
931457557
144723682
679793542
651532679
166756377
704476136
77986169
701003738
245943972
1060611169
505383192
210144523
72034697
693265861
903854236
133599271
403422430
814556747
678010316
577002513
338324875
601653053
688677190
560913674
38507485
520556608
637404918
671753230
64065341
761637933
783712715
288271093
919838049
389641851
550689804
359940574
966562690
49305960
374740242
244656553
663308521
779381226
816365245
959251933
526133102
606442951
794328578
243280713
474437431
259724467
414929584
106665379
438994892
410764629
33634970
610592955
357418035
720250965
991325325
1046201745
141246538
763461990
365901181
447680024
743787038
58433648
649646595
71596139
1019494388
807764934
987033529
1068970031
340859464
442404905
374437594
918794834
461992369
760905926
496940946
1047284791
585906436
524705596
876271407
107565032
762033973
406506872
509383535
361201339
355993102
380485662
46659925
517591516
714113246
324699368
680109215
97569282
457618586
959573589
72553115
875210743
492142813
640958261
600182136
435209594
274093974
811724505
1065990518
353415879
333365879
537178029
791256141
222174164
67291574
69005167
906579978
858030926
84769595
155594658
545274118
1067220092
140435410
402549297
28526597
1064321327
1070691115
941267309
424340274
190175300
934206340
314604592
283685859
1058772739
460748465
70411973
908887660
431920075
257318061
431311224
175942707
1023861264
13965023
537360763
436136987
163109865
472518666
606101075
900700725
978814830
665650110
1017346350
470701753
92277303
503945930
621414383
521471136
392500879
622382675
872444013
48159983
156775321
1038177707
182289385
575663814
267992946
654293100
815474284
98533687
135522518
1002788138
1049951411
400963442
652945946
540320228
632990034
1035069342
556616213
891787399
909983771
431151705
1010767014
1048569257
726971510
971079177
51062861
246997601
404825053
716010349
1029611369
688169342
883954041
481918271
38681897
139296093
184777394
349325201
76009514
252037531
776153781
688381376
282613139
839442996
58980579
209537165
101953666
45565948
469311867
282169522
569811289
934207787
968337019
88021621
122593602
737749915
907961334
490305195
812988382
738893954
962016971
1006439312
683101168
55001356
114131634
748744262
379165207
464893263
338474176
936663348
833572025
728801054
877619589
256565939
487160831
692395591
1004151353
383361953
945951622
656164367
30191531
229425795
294277360
262508484
204393661
1054935987
762672060
551293153
102000270
759583629
245379800
723665440
640253636
856201166
601770344
857238252
692672752
278205719
755830627
259490316
441531995
389313430
511601914
748987363
521678823
611494251
55133489
610894438
369350016
127600431
165611410
697589519
985498837
536609115
501743046
622727227
214428576
226534347
208849071
609324515
932313069
814516328
766317803
399777932
462872188
197729602
238080400
956930677
57939847
946603302
688410935
1031440585
287765847
794641692
369625993
992941238
961102411
1016692729
421173316
333704314
711723655
499906801
691931914
150275054
389163438
653511309
278978620
137078761
733733743
832321697
238106035
227701640
34513928
275348279
2470972
186493099
683530523
431997058
955290966
780318406
434483948
803841407
742542341
49491308
1033342505
710113520
880905430
149053376
715868573
450014484
94260408
67832013
980109905
958479905
830475291
304065113
366061449
643561954
74492793
851444661
198882385
346501489
161696360
854753935
797151516
510489736
205797362
178009756
797312518
307802044
76628048
555333107
736510223
532221996
737798965
984596888
4057840
479504128
600165345
310737477
24692381
152053383
900570719
361403931
470131988
648442517
895077287
654570887
941738935
609765981
505874321
510794544
943380758
722651639
433506705
917235707
630553418
1056811666
720963293
379276869
278211731
285052945
155974635
732510762
567404994
873447810
1046607120
1015638998
785300175
785755747
438302692
728257508
674402190
388393789
847779077
957956835
339116219
582696268
811764721
590981784
994541478
55356224
911217937
874435585
115633490
269227006
532200301
217393806
972662961
123679128
588129550
392002979
915660510
242257066
646796126
503729586
504966639
377213376
130425633
853845156
906336378
906796836
195100911
539724318
873058808
992888077
97572942
17252840
229535828
224324510
946934481
113109925
168364908
742240676
41748891
156504204
39534289
270151074
578026922
904101957
184476030
723739093
331856568
20792321
10901697
735119254
734963552
450687994
3514126
482515998
312585583
929581362
453310739
798944262
817984097
917615977
431465135
899341545
903578666
739705402
403613068
906767876
539487041
125190427
619761633
1047133793
1012063758
1039788384
577285635
473749443
897803258
69660618
173286899
433216989
821010741
146381727
606542402
554506620
1033429833
264266125
632524970
90477768
767301983
559339764
587786943
917115704
220150097
879097406
699822912
334719217
429413853
512890839
144492959
395499316
1012660595
994179052
551312808
743271671
805049933
714103676
264435217
540709632
36802620
932633157
930058302
608425268
182053694
668210702
455382141
899527257
202004672
313018756
271729317
884093636
924511785
674303285
456481463
943816009
266719283
589889129
832016172
185943839
201304637
587849944
860077849
906555311
619718101
209765862
591466552
209949174
255663060
141083834
75043558
842090686
125920788
579918822
561932615
784686479
829156208
327944897
868157964
773566903
962181293
497816851
1005207417
31582406
152574989
834190268
142447873
86746278
1059444327
473509654
525870259
688222866
909745298
281223605
106117743
131805630
139074211
302480359
285472080
277346480
12593287
549743012
344735953
984557040
581788502
991824546
111978466
226427253
451016442
854030101
413757957
1010499712
135718341
623425999
1062658646
566260500
710121548
618520895
313774934
226698217
26372979
977028896
453912975
319346149
112634671
145431172
222903977
641115400
500565902
129901279
231570155
988599447
373786855
475065288
799801405
109780205
437973337
246401534
335700422
128733329
543584766
1013110021
846765913
86537194
40152418
774395511
160424254
637881569
964390004
506026779
1004545586
703421581
75505632
857646357
90430675
338316861
1057307810
40198113
286120277
639354731
445466977
937632974
739629563
296333517
800591954
938004937
678509442
427971699
364972739
698856591
221000186
493890072
248775108
88283488
243275762
777160972
166619997
330719840
574565568
794387079
321250380
106079217
550477729
337276284
1012025224
353506930
832581351
492242965
663176789
805243664
587553523
606116241
490858377
534925752
363279136
4193926
274719010
644343473
642128139
46515725
156170451
900042513
413762872
565892348
402219645
1065869300
707295232
432418422
15947033
26188818
538044400
39214429
673885644
25713134
147077991
586592637
975959148
876006459
720774217
845068349
112425477
685782009
147982058
412073562
451897808
1042509951
160010576
856767173
392106175
221066932
473969346
6466123
870201548
1047052906
391197395
802084589
447959810
1037962855
971872841
267599709
121927407
47566053
55098559
809659187
892271707
414475709
191501457
8081847
625093803
572718992
539794643
742640751
875609170
481224961
225713371
983151265
49966944
996365743
707641583
904044382
579780553
992719750
338505773
286930651
402460825
888788057
1061420533
79971704
1046442215
637110827
868872451
442457489
924457969
778879841
192775877
319054045
542455966
448846072
6737497
58271306
631797328
663833266
831701852
371882582
44577237
638212121
351290237
376608443
194336808
746557550
765775822
54504320
804445016
807252605
997813708
671398161
774361647
60617542
411522585
653168436
439313665
14348914
446848964
695133814
1026481459
70932823
92076144
510757062
813016474
346063562
658935208
953224057
185621095
93295571
641915886
129332371
423384266
572906919
1062536365
447537153
432816926
778918993
320603390
498498493
663972454
674620880
116462932
375120908
535444013
274286960
68000156
703557650
678611286
1013836422
647974561
498730778
654655063
712369069
464832106
671546152
397307774
561290140
193465611
386284209
260513794
1037838847
87660488
543993876
231308411
516169211
320495240
961617902
513619365
308248030
532637766
796660655
908796053
429077657
741649843
808154954
551341630
10192465
199550602
905859210
700493447
169205644
478100011
587807220
64041470
830750297
855549415
1035373810
899652136
995102040
955162568
347068606
101090755
896379914
765005003
578959069
1061783679
1028047256
246012626
978191225
502704372
85247905
331354189
450724957
768548096
112241892
964520617
312125585
54096723
403826311
546592567
822433215
10413790
629237852
936849644
731270671
152011613
315866071
963311777
771408319
1423407
913047975
453226231
756477009
364955845
228280935
544587240
257678525
974688165
225469894
202658822
875864532
460171340
2243481
69658166
177458887
745386262
1052162923
415265743
937190443
279036759
174826754
255408902
235076422
6565703
329965696
432024054
352646832
813779895
125325552
161318427
781434960
1015419343
259227616
878519604
840299299
1072424256
854093198
854174066
857249146
1008785185
474743151
1012730930
380285991
315474848
662734652
588109390
378685404
42882386
581168701
748668840
84571467
957036246
953578532
91056408
347826950
1059178981
561782074
785351732
695043437
1061108048
606926760
687116621
467203835
666468057
515374429
567321909
1061407080
779607867
1033653464
538202263
406794684
166918910
602090355
976498663
776566746
84788895
31292114
335597047
761124532
231934558
551909937
1066817844
157580844
982105684
565427489
384137294
399382478
978907189
996012713
589562232
1019049
369286003
222281508
268592673
535105176
351512287
256898636
134202080
319562479
194968268
1013096019
999477654
16119703
355080241
274606607
1033471589
717205643
71742262
154754590
428652126
614679352
652121774
184203010
943810313
327581417
471325816
356115957
373092627
606983742
918777977
763886688
176147785
545265354
891022800
446322631
679814201
543317491
568278252
550379811
576142282
585392949
462189860
1012916608
139824496
263719618
418368729
41102694
219913787
27100962
678180279
71636369
1001578910
749201941
868226132
188669421
659098590
31658500
18779500
869640154
140184100
66645881
948698608
896441175
761492136
285255421
487498563
245189091
293548574
1029342159
1022666620
866715230
688876868
775424713
878964637
174302449
1052341191
446220781
143126059
252462311
19926028
894093429
1067016479
594229844
39626032
1051929563
363436185
434664099
840283632
213376638
1059138816
301313332
303187494
88923418
60103586
200623115
1068237646
679839973
582616793
67108688
390003750
461608426
851074098
332995002
949451283
687253909
324735169
413798640
22693698
1033981940
751126214
691966174
542474504
944222240
92164181
582881070
997470875
329763062
555577972
583137747
517134896
1013987336
988616914
722545018
827139654
833005986
47846572
458603756
164332316
408076546
191937096
676796996
188542799
125103657
1009870301
223279404
1070046074
424578881
245597413
782204919
785013972
387124281
243954155
47564145
546251630
878714028
749820285
570452598
531713101
240516617
936038107
1053673
733105065
138775659
290245166
759912932
1050589021
800407763
217393026
721060081
667765673
916920634
480429624
551024361
139827864
711222980
334354615
111037035
1002639315
103793607
70603096
985664085
997080477
600615155
798226457
12713585
237622316
81853254
695167581
541645161
745836662
206564994
558051559
769569588
526343670
523293119
490588882
425437298
239923195
149310271
376519831
1016712464
748073350
700606695
52206267
292419630
466273315
491608466
93373532
466470768
406714776
842070227
316870892
1022235011
377184546
833142602
357629424
42294685
662207851
315297177
411699682
379419492
384347372
1063455042
435037650
89519835
407540178
95064912
870868375
48777147
534129742
896349217
1018492111
285039334
115720594
546288880
112943006
971584210
938275332
808666231
1007546208
243289691
3061697
1005398028
849001904
792902164
697065577
835880844
578256638
79594424
875552534
724937249
281053375
624228959
445537872
668463966
612746604
27690532
660202703
865598894
1067964485
760017361
477524631
789403102
213809621
627314052
262707942
124459577
674806061
333297486
893972867
587082769
925661084
986234786
476165034
426035485
419355949
387831850
408982843
415693334
288583437
320214305
251012235
661908613
757557505
995642185
854619777
980171573
746486302
998268182
960337923
855430244
604659057
550365477
428830185
417658687
268532450
285358378
861568315
900816175
366585642
83626258
536874188
348806049
251218751
570251042
616481250
892176941
989528027
132591580
31910937
15326078
160264060
570714659
742605376
639692172
633036259
165039622
893645350
1003992088
432351339
749550214
773633446
248645989
268114322
1003218915
729752309
965047470
1770029
380109167
227558786
856314047
422211869
937226949
467691289
1053693654
845902145
650418211
918274080
545704108
905882846
160920811
716879663
336831
523998446
620743338
913930378
671643433
654298090
830385910
19168117
493567879
206189810
436899289
12984336
177554156
712557808
211651236
335212848
806531068
868107060
934397967
612512869
188254734
128981431
70574358
396143049
309726128
718891882
616335737
115354010
177689457
556500493
323936209
523176398
533362747
452989654
110441370
8004307
413005861
337531037
492679458
962571435
675083711
155756418
1054884711
185942700
686706477
247642193
48246106
572608507
111436791
994935529
652908755
100385417
669015128
238956987
277990612
1014000567
800436430
29523689
18188978
195719567
574080212
1041474851
872744561
814531466
523607679
943423582
75742662
27643572
758459147
947928162
725181502
933042501
495970092
249799711
889184087
387626269
341814682
450757600
536945158
161989783
431828458
19290523
448731174
859799629
518497256
621510679
842671170
550939231
384758185
1011271489
161302819
120376777
892232127
296865689
1033961126
1004433915
536763396
566442649
1071402305
48426811
116503780
900368149
272345716
389228758
596181644
165694261
1065955065
162291309
252685310
671384590
1040424664
911579652
353117203
201010276
260977680
954166133
887310661
310554827
239131646
71635903
972377784
732785883
700145346
355343685
418236882
497264113
421584175
591528185
729765045
390081061
34776410
934605761
887744664
169877983
360152827
290224295
295514933
152299409
810189241
463114242
938933487
666511064
866050115
906573678
308758955
636165384
334214969
593811531
903482686
1003306120
857069675
963847270
940638146
265136886
44382164
874842186
746953719
1070699088
505417362
622359868
68037623
497271786
758055590
86593140
830513236
616184782
939545057
300066149
1054360134
885410832
362736778
222527450
362899283
106411897
629344151
990041768
920469305
1036086257
312904496
549055216
123661479
692658209
975558485
53556324
537004606
545033694
916983092
666641391
610061179
984648490
613936450
546035211
744501446
633908574
331644606
543345907
340887950
759377178
650226564
808918260
592004617
888821491
659175660
285755404
396969378
528326165
687005916
680445004
1001811659
594091384
549412221
968898670
235643892
517241411
903895080
453394509
288491104
262923363
589753385
590608594
70066783
164237652
1059371072
821747267
565070154
431879903
247994768
374451789
447136025
814659978
209740140
125025922
29454911
947911292
386396263
266213852
329745224
330046739
882261404
962921076
1014582957
1050079202
101660944
417050784
605905989
419689709
358453571
203376174
1064579272
339718348
1048091243
869930489
705820735
654707360
1017705178
264099604
135106371
491089548
382484130
858154485
1025805302
382103788
722987632
322002036
757568541
791398740
800067333
600553198
756302444
236374685
181946935
808730182
396693067
77949889
643661502
1055595730
355643889
231013091
778418326
5470366
350895746
754057887
1060625401
685188673
682227455
995006177
927031324
992648706
576071315
758672626
72102129
95938792
178240382
170543752
883071646
503064538
236950286
1024032359
995329245
252261601
124160108
842593492
1002699587
43591599
206207741
464766840
391879488
588505885
219647268
356286861
1001210297
349817189
847748656
975132308
84474533
700586359
374751967
552798921
734634409
5747262
235948258
85539238
91843589
293699784
769004780
710546437
844244458
554552504
89570017
686989501
337662495
575418344
268229389
834028272
939050362
575971146
622816844
971447877
807624100
756072289
686984146
697971779
157946270
205500841
864800115
1043336229
488638594
501138019
793326195
515856416
612004059
673392229
737676883
514247850
217652797
583246208
252816085
227883551
339159378
1033441698
519056406
41611522
4393223
254492518
454900465
343163734
582420461
498636259
850101956
854179437
793061471
429316372
352444579
199738270
389453770
790916995
663454233
274704962
729469196
280142929
67033695
1055586063
533590434
19512004
366236067
465068618
736840257
646981105
458834515
205872898
866466665
640717735
928015882
836841682
744942790
575316011
938500412
398893032
70821370
318489818
371771234
784728878
634424864
210825945
45820182
945206928
496281263
14532018
1005508354
612653728
556001385
856785641
302659201
14586482
973805730
903480217
306639826
614976858
522244728
284783824
60421680
347604949
759426074
626388467
717031595
991387665
742908186
691056346
603570459
455006066
341878930
74799627
535316550
955526990
661450374
883774216
684322230
1004621915
551881976
549718749
981325182
420226066
781814274
301721027
756395033
331188779
437058225
907626797
486358783
1070813393
708415639
764466699
645028922
193795860
501173396
598554023
303111463
501238634
317024080
821203400
1037668601
321715756
484732073
849105148
705242439
536585834
529349047
442633337
478825840
494833991
1050164026
281638466
889660006
733719133
180256847
380870256
60659632
391698168
866675804
217907118
269782985
500594830
276847661
164736290
911520194
866958574
665735539
406438131
19194672
252764114
1008177030
373191876
706745636
20963666
592724895
153832034
546799685
377915064
823952736
1004581291
681128606
436441860
340113348
587321518
680239082
129273500
1041609395
956819483
1067174929
33171388
224149017
161462724
986598798
865601174
475597206
408987084
1012590608
520293823
262787782
552227048
660227836
677101378
745138211
633682144
389793387
48453727
873567159
2011476
370558829
800548191
91908467
721355336
641713796
471072512
1053422614
402405714
875945816
689878545
79859077
753574077
177396841
369444891
1049967474
919905086
387998618
301018787
860575051
904283754
958277150
960537885
993594093
512713987
934785828
969747086
982250846
724764997
264793237
1065578767
947923453
1023084577
298821466
383521763
509964087
191219382
84625094
724055284
777083698
913407580
115491811
724939482
314594739
985457879
317440436
46189787
832915573
183562895
557389896
370446989
428184537
293199642
494221896
370455468
223327135
7808922
899601478
34205088
884134944
577463439
735197252
715057448
189737041
1064936621
1023728752
354296604
259823766
744710592
578565949
841284372
1037499912
154998373
532174227
633858561
45586635
733106733
638266897
79990986
302816865
725646698
70792716
1009661264
375254293
746377055
148222766
91708581
930839460
212563258
233880781
254122550
139009393
222318375
246256205
840615911
873726967
1057702303
210572427
832126619
63842157
596126246
905227519
516975475
430166114
901593538
65639805
28464588
663623042
701798493
894144251
940449843
291524339
110961078
766306013
1003125742
20675599
82836684
1043684662
1023626848
6375762
183497393
257548980
423649938
359843888
473945894
683738422
595920001
948550144
93208850
586897824
1051060704
517966785
992745648
152713567
1015445107
398744958
844064037
782240176
45535177
240415585
804730072
745609093
972926331
609946115
576840177
788510947
397739465
463785783
544095430
145111698
370619884
894617048
289295683
33127229
313753506
708040032
1065971869
443687370
676758297
811633830
669963875
339130155
220225836
648764398
1054045950
153574486
37841819
1044886978
146659101
77338788
254174914
417945346
394250853
647216558
679399484
123676001
781232888
841827943
596338446
285058424
642153416
434576346
820351573
643383704
867284810
271562759
90462727
839928766
566315328
406610703
247093577
1056598282
494607383
98548716
717108366
1064289639
804503192
228128746
803991215
261830578
699979712
335142319
441957667
665989853
450765281
69518470
96946629
1004847622
942951789
379370803
500765064
115676379
733844505
854407037
672588199
268446153
54045300
356819264
801891953
434238151
71670053
399977830
452068343
636933653
212661304
787851943
629086115
21524037
432893637
293125292
142944385
118316784
933604095
420344946
918371271
390874709
794079670
749695289
455444448
521124698
723278858
910238378
1069730554
129094776
962599467
62659415
73967174
282430586
896672364
559688112
780484456
300415165
992502371
27755001
1073327162
646020024
672966533
746490305
674216849
38491921
264497129
267869965
1032398653
239356145
989769702
745124671
235529043
11434393
76973304
218874412
463448515
131435638
393851658
312601866
462246478
60390854
7705510
13077406
419860841
56241154
424463079
883146043
29075514
187500203
665015953
792516947
444592626
117181916
635403944
955333120
922141323
528667823
286137817
199233222
692144721
739207088
835020339
55147874
681071931
175127871
560459057
967198456
273511358
798276755
425819303
553351615
310559278
1000026509
33669876
398155914
982359903
807665318
236314443
217196229
995906148
417134968
408359271
839250138
500730189
189158419
223232872
411746239
464060257
554062796
66705542
363109222
182372951
70198290
396712152
274419929
690958594
235267406
205999112
463633422
253959545
323327423
746673551
128459363
266588828
914973637
481199861
903997552
880716933
314563489
308375619
115232665
409911622
938784186
948178090
835620070
517051909
768173160
644308216
987455083
468175919
788264632
888912309
205738503
26877565
755978372
445012858
474931000
9524773
144589727
467715321
15320114
435325463
134778661
208301334
726858411
507370087
1064253470
670678182
8332722
714424886
1065974076
35856199
816570051
739378442
326451971
252548485
229201116
999722381
467357611
156553218
205839786
877252676
757386620
196178428
592886448
344709591
294376424
177564698
880315729
586707090
1007366028
299114375
967542315
380513950
139209651
229028524
250123262
648602487
184365638
852470276
616859843
570774666
330857439
80460837
216927222
98332765
420539462
842642172
732655926
331400264
179109992
266633785
572032619
185717259
102560223
593107363
265132154
663987456
740234072
787634949
924247811
503564916
178991706
1012790398
757664797
349521163
706463889
989837151
175878574
443195452
273657033
434080667
875520062
522447541
538723708
618794147
379719332
820936822
874852262
801012458
167504555
745055757
13679803
607384792
72788637
248307057
988685264
811891858
206206667
166178355
579368870
355856122
926770880
873979126
465660310
499602707
623141174
287444734
714236612
66023224
156925844
1024987307
426069335
507703561
164102131
16639023
48740208
708653902
861594414
513901551
705030249
800515211
504798412
702694244
942024620
360897509
546731524
309627926
1027299619
315334024
827060897
211044042
685345746
175109705
663760864
51142106
592773280
814036489
94232386
541866356
588099036
468143310
975433690
538067894
889223846
34331374
962137130
598043026
664294029
413277364
700399184
496866899
256366552
133218209
897155409
946350392
529560211
170958405
112968620
871969397
624524233
369554231
859168392
969170820
191678082
1042538241
93424967
539580867
905847296
397235139
8221446
910212642
544234112
222793262
477015695
774801581
706486584
595472982
186491473
473265541
180051697
183422699
654960315
684250587
709210993
1055188956
650766420
842067307
565291688
721327326
860782410
493331620
650876420
627390021
879394272
612356298
1059025574
782841280
447996856
424389295
26988522
653830549
742486040
482723918
825734233
414577901
910931504
732886611
690800801
838217467
345712267
347662810
973610446
612860772
145690184
203150188
415344769
57758484
26906390
747104566
314262024
797669857
594133893
119385440
1031540292
449529487
598432066
959705548
993082058
696110781
6964105
485600355
123444822
603918228
572446721
581272691
814257779
513975543
788361734
695770377
790197338
413914359
327873436
874891515
347029285
1018935604
742050106
764278379
426350993
244729768
864410758
16185853
994410489
21657920
1002436383
950157551
339606513
422788348
42990433
8067006
759336941
416667997
728782633
588516225
1048706318
510519734
1059033395
1004493573
370746713
502421093
255898161
776940506
1029038463
327446403
175249518
427255325
991521220
861170124
76146465
504776369
785316153
394861397
598815154
271735384
289230987
640095128
410754235
414261883
263571485
575697354
1052141122
734185050
764907820
240913473
282993081
1016465732
527712360
432828721
161321080
208023400
269543875
411387259
472999206
1005309131
678109272
894875197
892717626
604988012
583666104
59262970
369529061
901721414
852827281
344904831
477936938
1059778460
213832472
14577259
675306648
976234057
908276601
686790756
712539705
879931743
1020839611
1025456579
46588552
287637012
581156503
91302698
411602600
452843546
1034050031
159883563
945569080
429476965
453617639
833122483
427764257
456951450
672100057
67974263
787297135
128704769
982877205
227597501
518521874
251250415
308508459
545635940
306317909
17232276
692559518
896182119
215666335
479206449
418095419
461221277
358433544
898635482
987867924
598815306
320354372
595615133
516440037
486206594
471451778
205345710
172608602
390335308
657421131
704030289
336360276
236644526
647502766
12591517
375606203
10892178
135525878
687571309
631095401
296759296
813800820
216895260
282707951
843780834
83679186
1013900386
177783822
1630979
429072255
489015971
185887312
96978870
550845446
883416119
266002778
240118652
748147204
611716706
950874635
483351685
412949460
451297230
789906412
715579280
597708243
176339651
779275517
982241658
767494774
13801016
248360988
257023843
62175042
487045775
1010922629
603625285
134691302
682066027
406747847
192522688
360176515
678385105
1007120255
781332073
57578166
311299010
216308656
9473513
944769764
435351648
446289687
665289993
102191339
372920283
562012063
279642345
963738925
691308509
105464298
349465842
727249215
120139196
407517460
798898086
536165611
941092236
879882516
847026484
272296592
570572298
692232852
185912137
508908593
166098338
414911913
571690334
309302585
980162567
530183463
859207457
963572038
429669104
712336105
688783787
916632039
310855256
306624405
685251971
854106916
525884522
250840061
241669399
118465298
666052214
732099411
722423892
579105059
730726221
371766790
191103920
443725390
54853037
322796282
887092386
778861552
665856521
952468832
426614609
376941272
189192085
497011948
383816117
880503769
758235905
12009215
31202816
1065298060
162682072
320045267
936734357
447790295
963187534
306149257
146834394
556996465
74569345
30936680
62803502
865981220
496353860
816973742
552762386
540579217
617011666
302881198
927867303
660753094
858191461
805893679
119294843
633870557
415899178
1062680302
342610979
814260569
250326168
197543859
440420721
59476817
160783953
770695882
639822306
948250253
241297431
222683209
933859327
300277879
983010996
695588251
945546389
928560616
906528039
1060390509
468677502
659656876
208689282
133512073
1061089292
919167892
125769213
990678980
102766808
92292783
1071310780
643864356
322205773
506981591
748301149
190645175
360464612
852349163
882510441
496379692
470492594
689156048
805196600
555851255
841639191
1043849590
535017220
888260555
239025456
197725698
403210100
450535757
788372676
759964360
446093980
301383422
917660592
627759915
622674859
1070013985
396877201
279428550
1010192893
121503218
320894635
940069882
222888590
168888678
549775058
279637483
1020639045
357807362
73785530
87850559
807562345
847195655
536236587
509435842
169317007
564376819
548452260
9120027
60896615
630214657
207235119
459614639
545874429
53973969
952851147
696113891
807565481
430858760
301285039
1061017802
193559279
932081979
628602364
326846031
625409868
665161314
675782497
94583805
1069699557
437497552
981514342
225803850
532436759
863764455
329378119
513638612
859873239
927538089
850104165
685087754
388311264
10175738
660635843
876613089
434596631
406682399
538258657
701428630
117533951
514672412
979965914
354762502
152123764
128237952
422947028
752231440
55290396
416889032
227817823
581175691
978916502
693535074
410559980
586454688
402222644
561364298
701464786
1006361191
1025448118
669093350
986915422
272386280
589701353
648263101
869979366
651396678
757461750
1067345474
5387294
226581434
134537660
824172536
361043609
479999828
439345713
806104897
469865725
826207365
989439259
558747931
139034866
643253968
1062712115
398034071
952682791
628483017
536449476
642797965
1054976418
393674427
378390065
680682460
816595885
394236058
404577129
337342492
912162900
724458383
680352407
726107479
400310193
974430933
613300772
488203683
29335501
83683856
407782862
3043190
846834217
838195505
988457944
269626802
912857891
79182434
415814879
800321043
765585479
286763431
880903417
428200905
155109362
41564553
758125893
481277948
537564644
419583764
917383604
808480615
763638975
639067995
675898772
610235272
518847404
48003244
131388611
602590831
607767800
474753297
141211299
414157649
75969043
44354754
599403525
477846611
772360736
1048898569
635167232
306401924
583447360
802637744
1017597481
292107836
657370687
325354907
929056048
420987814
153275044
149208794
766928169
21569849
372843925
1030825684
695750076
687595148
540778981
485649043
448934721
61785618
921984110
351894972
213168215
536746094
67571757
291744860
980681896
819915087
624150088
32014533
698356321
1061434214
958299888
471789275
112558068
632042647
40028508
634683221
327151563
79837463
456422281
354263556
565761929
1031314417
368465898
410262117
355028824
313530661
1047519818
253820437
433369376
301240780
634417439
835443174
1004443576
757977145
138941057
960993168
471164288
638736091
735944799
461165556
567547898
712664528
107426503
947835515
649762187
801600212
620611948
251685920
282242792
232483862
754321018
178643628
419541932
133568525
1019191236
212826498
147992118
604560962
231340564
350907972
756325047
198516583
299359862
194234838
509587117
652059688
823209032
858726164
914021887
643980852
183155092
541289812
588413793
15781118
642128325
660056945
642654256
887759491
755289271
269941470
31897825
767817209
594153169
736822545
139849753
776783372
921816860
687678070
164797902
280973009
1050319078
609613007
69872599
312027766
746552866
795675057
440098134
575844117
265645963
983563388
18341407
468134491
543959402
747834009
730894543
998153578
887236568
588745363
917704573
1062384887
849909427
1041384447
378343072
837985596
561453483
1023118994
37476563
687561522
749509256
651766794
1047736967
567531424
541529084
422571813
419206089
1047476665
355885749
671148145
812719032
506877224
664427403
507494492
633404477
463433048
108840777
340389925
520539514
724359333
54492391
766257236
1050404297
507757025
559926773
217378944
838073251
585556372
868732141
350673556
980608981
618176923
275355954
726866176
755826885
735456692
1031153974
401818210
592719214
680129685
328305224
601272196
942654007
1006345058
517433096
588485272
169708972
42342456
856506999
360042796
830157231
567734507
444206266
851692061
2303213
87936876
914610798
977811495
196935425
936048492
154135301
53007140
594121047
441077990
434628660
409463888
802961730
642501085
947947114
49832002
602929548
989277517
96626871
233252665
413941613
253397262
643071051
918242769
1026802270
754357714
693909981
183782326
951510456
205304672
794462039
72960615
686481910
887885101
42858177
683617
858210587
784828626
600017237
280745073
700613868
612477803
98377044
1031478194
560450902
801760274
450383564
181543077
295763891
10376230
943872758
618419333
547507540
734153193
640133266
438173034
783444975
790476935
625594213
481199954
963010679
711618417
814448475
950088479
819692422
711427383
170462921
1037907205
687635236
425811369
249942346
803636435
633345678
109765754
742212600
213080659
148198200
147038228
778947301
914596637
550101910
665705534
605220040
783253500
158114963
679736946
666063234
825409926
670349127
632114825
772749106
85545910
1044090687
754575005
112528806
738379334
824455609
447519014
976951781
69541145
442474262
912818968
283729770
865324023
768789184
929847817
189846454
709524257
269352372
779908222
390708328
1057372603
568796373
20826521
169180771
966014940
652710522
196718514
555369930
354306602
640233421
566770191
543837778
683861631
681017935
779135299
333541923
58533528
26795377
929401552
888395316
858006072
362705023
401176653
967968500
427967015
296146326
346857645
7544687
503618559
276431377
347034500
715917220
642546
222591636
1072183463
539585573
617641641
417024328
104128857
264171160
878667353
4957005
978751673
786293443
833323771
387866464
86500496
732763634
339760043
57440333
647781241
1000215172
21827469
33868721
866321930
945220527
949944779
76906355
303237322
307049869
917525819
795050075
1061438065
936397557
859503447
169510059
818514215
1030912249
73228090
823838954
468440057
19239636
541694554
199572125
49031973
435399578
280850734
29485998
955026459
996345036
38943162
139305376
508112961
913378480
372176988
1040070279
271042334
813732867
731465291
797116755
773546326
461715362
668546997
375019433
468791443
797679638
449995234
967392571
481853186
124732121
455243503
818783979
1001477943
255570824
727314467
294340381
616416393
25470415
8594665
968218894
740327704
848662883
187190802
654744889
1056538264
691566740
214756213
533709102
171824282
299642517
426041453
736096227
495204965
385949224
40525003
75315148
979785300
728682354
571374940
322206971
14043374
291566064
790700029
291825661
438621922
54477545
786033259
211578756
782487831
984603209
289444742
726546156
730109627
1023875699
456011646
724262495
53627066
424249259
100321185
146885131
468830875
612852737
557787748
1023007371
1014786456
754347216
244597428
189234357
185486880
347633921
686902094
934937140
470792544
1013017294
386178809
176334894
932123937
348718054
767216194
946417879
644971487
970353717
7623427
895376791
605325070
788944729
500134930
892659794
923098951
241853847
1019932315
757170115
630820138
817400554
319379230
912572938
462190134
206531614
769925937
24010572
60758052
1002208524
91749014
320728016
940517177
987581691
112181808
551258503
72804548
260005254
996081185
387740101
411067856
960331543
288900952
535301918
755704612
127515063
1025750439
50437866
762317786
141270612
993904010
252517482
82904906
61020287
375883612
534310753
308508799
540112060
406924134
1059228190
497430672
1056860080
802044008
66090353
441782238
841580350
505451033
469679232
638066253
1063751984
453243250
589575249
960007978
763957872
396136842
1038250932
130554007
324429148
680247296
3506919
285586260
739247377
848068482
568845960
101710291
985514375
545411074
172463982
343402789
399163149
957397179
234787263
582195509
591147166
1007175502
837837103
845496513
1042503763
380114568
511527173
292525426
348598477
403787138
223407347
1064481365
906926325
188954088
741575509
995418394
832632009
147514952
997304351
234230989
637947716
1043531829
1073183266
1032761378
468063710
31623117
747478402
357330213
593349294
1033640367
1046636019
415678103
1062100028
53816843
924779769
100888613
672848831
631571625
240866604
415006167
970856626
693541548
37667202
1051168291
496285824
410027689
559949390
924443026
940145140
880405181
653154500
283832653
808674256
539593794
58431695
983107562
69201446
492467113
714388435
315968158
114128402
570850785
802960712
768253926
556226284
1002285693
707150906
28981502
415153549
804544220
775152592
185320110
979126339
380864650
391246564
290042674
7380511
54853855
492204147
142112838
501306220
408218050
178359466
619317221
84657528
991841834
762187906
275774471
796890029
794248447
960630583
282635774
280172295
786605464
402982497
421318063
204163157
827744412
540707464
1026227194
279633914
373015637
690354931
140137870
383362157
167590043
727294335
382258338
675076074
889058549
786042017
474296603
662260298
866353949
504311909
266211043
910451628
89903143
783180511
1025182598
332736344
608327944
748005600
480866078
744452215
304455737
982193741
423215643
670654272
538460017
251710552
511850789
64824676
949571119
374741515
823469460
443368149
895427746
777238878
571859677
172563246
180846885
26976637
286238222
102801806
78906230
9940530
23965224
669470086
992699300
469779706
727727665
681530814
148533489
379199612
621905851
1006092952
568733665
395880084
1017734108
931795957
46686288
913863002
933032433
855507922
943590956
590776138
1048333879
584772540
66716536
24504687
918202567
15523970
1003489994
352079034
84943060
920937617
461147507
665056791
533749857
789561654
123537558
400319570
588871886
392517325
11310839
117088599
117347774
726832244
247207174
590822722
658397373
546528219
122653815
659800442
450695210
1016644001
506580647
480830757
429193733
409693051
114137243
635343233
541040096
444767565
842604482
415485279
153133207
224664248
71154447
419350734
568854499
995908021
1050333604
644704478
688695768
334372644
818086736
473800269
659709002
311823342
853008665
246866091
82529147
962444862
385518427
723917873
156753656
1016814305
912241269
551627773
369797071
743754818
106900983
282069246
979362483
476975515
935599178
364829588
327501593
328404499
105030061
590142446
81859485
345058927
96334553
478058967
707895260
356671517
375838740
184987305
442298960
703136242
453332709
348898755
552405305
776518893
238125089
60887999
105565396
937166229
802782257
697685713
266465211
1023209754
723097910
873034141
324619040
545695684
346192198
1054590394
59326823
830849241
58399383
400507051
301661356
450346808
893961163
749160287
706449961
603051113
624234308
721656362
83423074
639424768
960576012
285316893
149878890
1073258894
368284000
197105016
602454089
493769688
1004813356
514417542
599064745
334708544
622448236
658359208
923240556
1073741737
113102693
490089526
997073685
287192159
857908548
74977299
330323250
268333890
1067908458
959796885
22018017
191873054
511077777
985043779
897582559
684262782
1065383887
569288718
431807772
162466424
625671994
476784880
324999757
774098103
659159716
805766845
969180764
26405701
236108242
840977663
283958907
488109849
548170080
100483673
150450002
1059659666
114361487
804927917
280044523
208130949
1016056736
465117959
984770795
612038775
769414915
399841925
1049361033
93506308
95206432
954335069
875660068
1072819947
552019561
324479580
633966621
694882486
77455508
337766027
513560896
531418030
94256142
238249998
284929235
431127496
1044604500
1043219976
808408793
292334667
510867207
304237545
112585085
246953657
952676834
898748432
4168175
917952528
1071755379
965353768
761249066
267220500
1041813132
457323114
94708562
515310624
1037643747
850428944
65332452
1027426131
57834798
184176529
179137491
712884923
1071525181
948968227
579836346
115694677
485414142
661096055
468553851
627357780
294533944
122690744
27199853
1050696294
896081575
433362758
651944484
793144894
270768878
508519512
114890108
237606786
128648459
82065358
145364953
308776490
976965886
791984505
742185888
474828036
314664940
511825243
771742393
950297303
885724598
126846298
665710454
761804398
366248476
486822181
555947884
829672190
683945352
535184126
805542709
881903629
885457269
1071360515
461684571
892234665
359933883
205749257
483400361
1027522437
687935102
636173638
580978303
954272152
283872209
389137894
992835534
751936212
355861554
41497284
138830635
932124784
379279447
122388341
200108435
266136864
407228476
1069000347
591663292
859241935
542132948
102584261
798696466
271038539
736321361
518842780
565909902
769447375
160918904
210961473
680576964
675236153
195292262
1068431629
1023264915
614488081
671934070
902450808
618229189
4534315
995016225
282974596
172505683
443203748
728467287
650723243
407327719
768959781
421316239
554954641
329280022
446078898
901641041
213571268
671927154
452222389
920187847
70634608
736045518
135140164
261188968
209241553
77044913
527913990
136884492
134691423
1028747007
439202023
203394375
626090446
486902461
667874391
764108031
839789292
562491518
453636397
926176675
758061163
311069286
582268644
893539203
781371374
77604326
332978233
584597593
753850395
733751877
633935554
764457147
529047651
541540115
395244921
609416233
657847333
549156153
963517535
376436464
56277604
195774977
892792253
5947267
816084932
927077116
761843613
356267885
105816044
846155587
512510179
415342260
977163406
309226481
62018274
267513007
753809975
117062013
853933746
439865531
514444489
469323768
877100660
761417159
612668233
649202232
77779818
498183873
415215999
997711399
808183664
630669454
298822600
841027240
604038958
476589946
914627000
1025042705
762786762
1042996076
210381589
6359825
756370869
693787291
598486138
413599429
550965738
399314605
1004142976
195462321
251530457
479239248
565633918
227543401
27811066
21869277
378022959
941635502
676599780
940738073
56089248
781696622
87561482
1160543
66953794
529804938
123387773
814852494
279115937
619073365
188632712
642635321
404371747
222114620
304064212
601413389
514801814
23081547
920372715
151749848
129121800
597896337
158036466
597189293
453381354
657547785
779337311
583365455
480101422
72361881
518996509
572840294
268155543
754285559
329386467
128237910
542361313
924099549
152627784
155736654
547383910
129220269
911330663
788924315
227327229
369870818
171699826
488408084
130352890
661829448
114477582
217164082
479353386
929215829
692147495
499492258
505279835
9019212
472420920
910814889
195313260
274245709
531009053
186489175
398519095
455088967
18601584
173803598
934373291
1019861320
662314524
79377361
718470987
4477544
960046810
397292017
352068801
457930785
727432044
872756955
116161962
150828600
684912379
69997123
316060199
445599462
312733604
861189882
190534310
539849060
648458164
596456009
72034946
28768955
1064572261
745144965
509518783
746799193
6425479
690168302
1027775615
986759469
1036914719
725883225
823300662
323561421
912949275
1059360733
1062561738
785737868
41102753
957837938
141047646
480333583
43893507
843905525
678628384
293627906
84298065
953725076
966813723
61877012
699208954
66689664
181216659
204800538
422323455
998456320
18158934
8288435
980190548
1006198332
738327842
516206114
602567646
670691478
235241635
726976383
102162198
185613061
173551551
26864377
541484780
1057682867
635159797
531461745
957256556
623641145
53532234
1041392560
932263901
82821986
638768793
525918754
1023370943
972853832
694823332
957811778
1061175921
995230752
744361023
275255523
239098180
6601910
873801284
399680614
29813533
178143142
786136805
650433285
163553623
666782662
843565797
702113700
43168221
383164459
477114661
314107220
313155190
837311155
236796625
138453989
814650837
552358457
1057946458
674263887
57765306
973193321
227759405
1022463272
764355602
245154111
475677199
905824925
286014435
65889182
66632820
434026063
214120724
1065362128
612988407
205124564
659444223
911815729
466273817
867844268
118382825
189764910
328011573
943050993
404172148
305291335
595073740
807721542
902184900
599717450
79957264
1049039709
181997271
993918203
226430585
719952574
1040296184
331372592
848750908
427967319
373888392
420315286
146035981
755441117
461675564
32106081
810648940
717967146
100288623
687049724
991833211
1071666252
488453703
688524323
563935415
769188575
252410362
60809583
1059027947
368565563
21513173
241411492
189120598
411106372
821843116
783855466
860502516
958315446
999456449
136494599
63439219
55334622
242911431
396955195
567588320
743791989
1045321562
882056911
545034849
390416999
64398365
247128893
762807374
815031114
1021676884
604327028
611062200
1047801887
531479463
685430425
470921648
69135891
248615264
380781552
394597777
91884519
742433604
402050894
174995390
580376077
387973564
7065315
228541060
477661619
737690769
996166463
820732607
703992810
27860628
576380577
12526015
416791891
144458364
983028298
576924708
113646005
200722886
25002097
778134723
846960387
510135841
984192979
20555608
513342746
387373672
36899973
274816200
756134327
474262873
501534357
401167466
46185032
580454696
689976663
610224389
532123947
857191185
391612608
160503126
854053300
830089475
1012986049
729130142
820073097
279950799
650202915
909338790
1059033853
132095859
1009681539
815064826
182278180
13446150
982951609
660989697
89346739
729962485
295673376
224044137
15508655
333954418
955438060
371021700
668370765
928804020
543828757
983932351
693811608
680332212
865192181
542478946
518268177
83389714
121762701
699939185
992762038
734360393
639585594
294134817
349329223
230974958
984823160
553179314
228865674
414601074
254624506
1049228575
526534802
574250992
599942453
502639207
426355154
618213679
773406897
367947521
805142189
571570722
872168841
865933849
164402549
1055353010
598163471
927500980
382794631
561577992
473241012
71004055
753825877
464060907
1000005990
671309012
254566681
515939744
7870316
720057039
559025985
536270750
616301361
336468142
656878032
295821283
36059732
879198189
89196477
837170923
1002173249
654988158
933891794
607133934
179838647
418196231
181654215
582157508
688213824
423128968
886514436
2267093
464995027
691031104
863372229
650887104
926799306
859128536
334777943
487379177
737912921
165061141
438562960
501408557
493515508
490241376
75368675
592137995
599354133
482719975
1021753825
191102462
930026748
997056390
349365463
523367668
42703274
703853719
749597451
243174625
409934932
364360455
905817643
27439693
1069152990
456160257
391105703
377322977
836653394
907855099
233472543
864106805
490671042
885018928
726389403
335227905
227807125
736620612
1037848968
964404181
888230485
1041308563
1030887228
954643823
728285624
693934997
589265355
25353076
717748651
611421275
820488174
711195198
122585339
246252454
88175977
973236093
1010102601
166204905
649105978
168829966
368076609
918267414
849890110
354021268
780716550
2502687
723752467
247606326
159139151
505356856
314823217
68406505
640995574
518145157
703110369
689997440
145347260
671592768
786931193
804471794
1005404302
270231352
177051546
629863430
462768422
846142543
606523710
876600563
531459062
390387833
639555829
646888739
764610678
949486298
146625566
521895598
224434816
253093676
439017276
207812914
117456451
537161699
326128384
679579800
197624527
79515322
309078673
144249333
868943462
76225299
254465299
119603254
469944779
990463122
940278456
605583214
825038048
626013800
739323388
150368925
430060376
996139578
807278994
921169319
709965684
962593855
104121153
709828341
272129
415017913
1064034759
661031392
647829945
356968043
854679808
606987816
423295740
780530335
266372494
341829031
398356804
54306118
866591385
470238229
1066971520
568529428
1027573490
848244387
289574374
609860045
116985424
376179335
227418094
799560368
696346613
319537085
222518843
841810965
770874776
140083453
598854152
85472986
606259325
302056203
1061439144
283628945
881551070
532704204
67426260
962107297
490851211
482791956
400333205
513532175
252190923
964191927
146171141
943061373
419196995
443072788
487166102
684550679
752143364
838410662
1019886307
939721858
228683726
514447864
752555436
433566895
318447616
1002024720
345666974
179410788
58846774
1009802220
124608406
448554862
361346014
417865328
255004297
307412358
528589250
1028623461
113819459
266492313
127162475
395506216
64096669
541238617
913442540
413791125
52550261
930470887
241091017
460405507
337190098
742419845
910093079
55346849
107486753
956511343
120947636
471222318
970510803
614039255
934124081
1020779438
40325613
1022807463
594919296
271051883
253099496
1063026791
659279198
1048309255
235247946
151938130
315713110
700810112
164977136
900595795
254613197
973285344
652535408
314492292
418962219
837460145
329872925
550536909
173095417
445725675
838496188
146681356
251233221
596468919
366544586
586900964
178649685
445439540
780140089
105044585
785517091
713917715
44792097
741831233
447988213
406082039
1069492113
1061575039
663014171
196773861
762379338
762814053
542395419
256266068
147933100
299423318
86828873
225645523
626070957
1038255102
688030947
850171396
440217289
713738933
791599954
950188449
298994720
275846261
832651243
1012826012
872650435
978129670
485556338
469684610
869907445
803358732
815006628
301971970
9311039
112117562
628112002
678152508
457837055
586311148
496433200
681631468
1020466574
2105626
129265304
690255471
740833192
649717843
576572506
40045873
969727845
344493548
299691290
509492491
519119940
551748265
240927969
925991782
1054617086
722329271
652918838
171254072
266105342
891018098
855217545
1036674300
964116857
687109861
899848616
435069721
844903525
37199930
646608840
57438080
102858859
348031883
33327102
843055416
372648661
298535264
196555422
49680149
791696412
348116910
168016432
200822184
285035333
167917330
516766532
602057158
53967743
77992567
782717568
432628509
433183035
201198452
139690596
853832581
195321693
239803834
210022785
245678268
294791530
281785775
711343211
718133058
1040257053
1024295608
568279359
1025899
136684952
444011190
955335826
852081551
373425382
704438260
33648105
323859467
1026839165
72128289
376114360
850960627
871132118
1071793568
649662422
973299142
5651010
1028268613
1013127907
721317572
724714413
257325724
2954268
150308231
74686820
333745050
213913599
175896224
493635734
840661147
894810356
381121038
526813886
96055567
187098135
760585076
155245165
354443686
811511960
756035714
607450005
346620335
706045549
1049862323
607632802
138347407
1015071306
1045074697
992853527
985014314
958959281
604409199
299396538
249065528
606642005
708974697
654895878
284809499
332577821
698850447
622265682
404734571
321891892
189125752
747370932
838536897
646763841
1057641741
246240372
924581376
788456438
169147243
89601344
870742317
498920671
991236865
503766027
193253019
536421182
432812954
276812717
412192776
1043854179
776190551
724611709
577552870
496832955
1005596668
488850576
732223681
665402705
706748131
431548765
1073527871
759884340
753225061
291219454
538171389
99757778
344213347
20422042
830446229
211398717
568650524
967906820
607999915
977045655
42955326
845307481
220088215
843391296
355941967
544285038
183673245
2792107
371781950
16301301
297582249
246485987
853185537
686024921
323260153
172202756
858752947
197216265
991285665
288730088
26207628
859949465
246838025
469037763
610940153
971541850
789039508
564134828
878491619
598456353
517184125
221422092
381036321
797857287
730864241
344233435
566799672
120501982
1032737730
440504671
206602585
353121393
525435963
1052618951
164368630
968457971
672829585
326639399
338631641
654050135
144049075
412319083
1037404933
428759857
51693311
939614105
59877415
501329903
848184748
436554049
817222679
125251963
204410790
573454926
86156574
604068505
1005802941
764351025
113019995
573521199
47574599
925437482
86316387
248458653
533765568
849179580
1060839426
971192418
807361196
30899303
830104585
857217345
1030961604
391979514
571759263
170666782
701602718
533856788
1000998689
1067390448
475624507
107354371
198954612
847481196
680530398
781994994
322005115
465349074
462541619
1054791084
741126764
992757535
303313764
512576716
737273427
192353132
804186601
906793823
580624617
156276353
56571589
662001652
64238080
413086829
931739897
223384529
567347610
47928147
921459574
926546964
764712453
529960473
319884694
891409973
475959990
344915821
1059809477
270467601
759299120
559017100
61062490
578012977
547473204
366316433
920947756
486650702
610273095
498772637
471748070
794161196
234692592
773554411
772353020
520548631
554809466
484204453
826063660
498312780
153420591
726216860
570138046
237096220
1023834842
415137681
844932945
685904973
251081202
137830225
122756989
714794620
793002756
99773237
43152006
711568181
554692780
857321927
1050286614
821685974
153589079
602390967
567159206
450549829
289934677
750828772
412230439
1062159196
832231323
373986333
275831752
90664520
8341557
707379354
246341884
1004642747
745859403
1028503866
422185884
395726718
1043905942
746008460
618731153
502637682
108010154
320534444
844370272
333134766
635686479
885303550
359338944
466369027
557510597
837064928
798910743
873219848
959082541
1038401794
271065956
461234533
731004182
516146404
419004001
458112094
811616446
485082579
64092241
971123972
455632182
94585214
625135176
1000620798
78006502
480268441
27711337
51080689
173120716
202563484
362699005
707067353
597164978
301451836
771154840
742589388
1069611376
77099091
383263372
5208700
710950175
864935302
749244442
785838700
659214727
510558970
315530668
634008418
77481515
323043783
648888844
262168510
979532871
825431105
605667176
2280053
165002774
843400348
862564133
616638502
865924290
829983169
317345473
1021804113
376893872
385341463
114587337
265202554
1020410031
988422742
783146223
841358357
949744158
464219418
340832594
918373957
670133083
677664057
148124168
88018828
566615896
849554548
711717481
583113383
422148133
426401504
397939079
822808217
627127928
831401936
636389441
28094360
125345489
858447573
527504067
800830541
592046690
1009327575
722295196
217507084
78816109
506120585
429292806
164449956
489642265
608050222
933381722
294796709
92991053
928405893
430076284
421290185
223237160
247436400
840504154
539065521
771994185
15730056
229707699
445101207
931930385
140642490
302757382
819592318
226440211
821371658
382902284
411376027
130612902
776288870
964328304
747958222
370275762
199049860
301434607
26153248
694474760
293637301
57847158
1027308064
960767098
578993992
15593163
486922013
317083938
894520312
984707752
867546572
365024432
982051286
872054205
73053857
994731303
1045760782
155278098
473089371
1018388586
634577723
994951908
824111539
862875299
170163324
180226538
280195547
1062538115
532216273
407008175
392017296
720778912
26798292
536615626
560691218
1072540485
580809645
1064868374
432282367
913693388
740467955
55253183
567090437
58458185
1000085825
23474017
792645856
338915984
550068825
743554793
695503587
64699773
607144347
898151586
883140234
185221885
516721077
855704741
1049969618
498320840
1057916487
235980556
79973363
368018247
807130449
958167612
908570207
214698207
159095878
876885655
455512805
302350566
638410969
439596287
850908508
522877104
672590887
472006547
571803708
868945013
947243302
276280620
530549651
153278647
155985273
732638709
389048343
772043962
234739222
657373327
792792590
440053828
658474669
523864781
560417971
1032959326
113060482
494620112
954337558
515185770
468163550
133247513
93548099
