44700640
1009835043
676857262
581515578
404762690
1070645774
200743338
1748408
686176428
1040677297
686253824
767807239
416022905
817126270
1058358428
530672583
227057356
553394562
362549033
445289738
404607941
5462749
976271341
919339768
840258079
907495973
709802382
921123862
973798411
1416818
981726698
323880153
1009682303
575416957
281898084
235886440
149227286
298657761
957598812
781560082
184934557
558730301
779739627
280649261
168432264
194556462
1045646130
95240124
995172673
101790130
288208467
759630717
1030253735
924771296
431637462
221142434
109171210
987304403
397900531
1028583801
288608415
606023087
94964079
101989509
482157451
385087364
81233774
637775141
51273634
296014341
362887056
143111946
835148608
927713503
797109260
843797606
580273687
773195936
641483693
1056726694
298421531
309497090
449761097
823014555
312153682
898196919
234925330
131697893
257421828
649852452
63988355
799147839
986856512
608925104
526172164
21694859
574117889
571635749
1000455629
91078202
389741096
1027023003
359248489
979082232
946824041
745342857
628180925
334967942
730047238
225108010
992170605
448788165
289462486
510969923
14442287
523388288
187015455
704607984
1060289194
1055230991
873279563
1031959746
90508020
235958348
571746284
711634900
80991749
388118510
541096079
578684399
890468241
266783946
734623655
892151775
760376801
791120179
40180056
418264848
865240505
779667358
75746601
47075104
684722707
988755342
899453745
952281469
609970767
567921803
1975043
185482932
921476096
1052697935
742483020
720004060
872191852
952216024
251421727
185076191
936064098
558109923
841951939
51828105
814347518
367290496
887795119
527674584
802261055
71665021
50517833
478251716
905162712
867726842
421100753
571557779
1045057797
334512722
267959808
707845162
282610971
454304626
93004690
991220255
965568865
232010855
886060772
717237997
224049811
1022809166
561085313
665733844
1009174309
623639138
283794033
69017439
364625098
404243519
443898177
683218075
210490496
354621707
1060546515
1032321948
604706468
1012418700
901849262
711293329
454862149
433978993
318237105
507510029
796682015
159263367
1009875294
846326947
911617688
594072912
595100605
467504236
307477321
231897440
676467772
925857984
882006401
488342339
84560175
376199687
729374223
728773142
523898380
689165170
439933395
723353756
74865476
143339483
819054219
348550657
474832879
400552281
295423255
623132463
833632353
883865788
293647691
66640132
105614967
732442027
910532019
549552531
559055016
1021143840
333364423
953646120
177870160
875428973
965191790
795140784
907669349
620976986
254519365
648147464
668602834
148580430
55924098
348662142
743830154
255068170
738806464
39902868
595728302
348075588
779922592
61830836
937809389
496959507
479852506
190208525
107589138
202455322
171852076
640151503
924571741
452092061
519529107
402867371
312437057
175602943
600887025
353313000
146153630
190779656
165978226
609214287
346165683
566391185
854154178
780973909
421742674
451988504
914533412
593281852
159535834
286190133
776586454
144898988
171820749
586006978
138157248
133694819
612808759
606141196
333759461
756817856
27136292
862102851
695381264
415436525
725360106
396699555
625767599
372119291
1037100007
627790125
254011219
30288510
589983899
680220778
770800836
872869144
412796170
890775445
218890713
179123465
220789195
60468405
658071409
1004673146
902331801
476643074
598441420
459009809
56402776
216035483
951951694
816735441
201159979
770117756
790135529
208571945
564838649
630685315
496924600
661566882
287874168
305500371
773473969
106373063
590196469
824233903
724029044
119929048
823542965
156430669
274529066
68551867
926026043
378762466
272683899
182263170
971681833
500122081
933158981
715977417
328708662
947806804
966356965
656326929
350584210
75424745
745121019
546078470
119946506
627318246
109761597
195193485
144993823
824552265
509051797
830927364
898486375
1001734349
576177724
342397386
565541073
935803737
700706905
427547564
597800153
551327208
139730640
783775485
851333715
703575955
837848915
163635876
523847740
115799295
814874307
1047261068
606669473
825439403
939707346
341427263
620338804
1055140683
211570935
528043791
1056501134
1071362577
65451222
45395
1028423531
966659964
641702088
681923535
793921163
85233580
310782406
1049372362
854600175
517191436
752484662
995790776
536357446
198491987
737038797
1051240287
477966498
213661676
314840933
139768725
71673247
554296019
747718074
449154122
298244457
206342053
933108645
726195293
1037876666
639359939
794306241
122505254
114218874
570302248
44590340
145581568
955676567
101222598
810061759
662809431
411180080
693770573
983697042
459905605
615393226
265185989
426652184
104817951
672427212
388041889
498546954
886109659
11336019
53496134
430874430
812019881
170680939
476260127
949791394
720117258
329856161
668170219
398610137
929585954
339252911
761796058
541802195
508381359
684249798
96312709
181257088
1062298020
560203102
306673651
71348428
879671882
602159545
1055336979
907914844
745763611
834685385
549023587
509769818
622638165
797749581
146703896
1062350084
856418673
575849818
437637679
203811936
783198493
235677156
587055388
428611549
347245344
453830321
999182887
79510070
252989715
161246442
789555183
471074871
230509085
364860248
291835032
136192305
109226035
429036776
550416743
427737623
548192200
903061156
315601878
656829363
158038936
207152104
992793872
1024447131
844205996
836881570
1049770036
822413609
152997875
717455983
508982705
632164174
104471481
204665285
876009870
869688585
206565679
818814834
388322906
799340984
661605071
672986388
196049790
1023476438
552765027
329036723
545534754
507693217
40622216
19552040
360539483
286051357
119220613
556796154
4435008
696484621
1011503321
966630654
901844120
372936596
475644496
796652976
448107069
713958327
554029415
147265322
364344758
1053716034
57513428
248309684
516363585
921949435
1005441188
165293931
83089029
818051473
948359898
187800526
341719064
454975715
219697214
218188164
1017342734
981894923
630250779
442543490
43409312
261172456
847151476
412632202
361474610
421603742
781950291
568170370
60963356
243744437
335780646
742837711
872003273
414251952
997841050
683688575
198126250
463218598
1025469414
319195451
1023661872
769185345
812182239
785940832
696111847
121190716
594550667
612156891
109242091
606800826
314719489
968402813
11813848
549897920
824893986
794615707
667759991
209938974
387769793
138426661
1065445216
135130918
517696050
685806342
668485668
1055538718
1038834830
490063794
195269536
764758968
225610910
461632006
883889169
748052195
366605683
842521514
622289225
405445907
453062597
130832119
875653794
272542083
762376198
888647362
127331254
405908751
83000789
761140247
500174259
923782815
208527178
335869030
435150356
359577001
561044158
882495936
599593464
806271105
1037400543
541242954
630378905
391777643
1023326291
288376436
971810613
141847850
564961087
231585922
382093207
871927619
63699664
733794021
274392120
250421193
692933891
452295009
912772019
38144805
283894540
226494835
472467607
993026487
106717289
577807482
617778020
1026327230
442557463
945115588
126214106
818750531
601909970
751915046
547899408
490026294
853198905
1019957158
414867235
604980606
774370398
216153934
148133185
685778620
831162022
778051061
828991720
774566284
143922820
842973506
795069926
598411683
862114700
851433162
121230599
252138518
198113176
883070058
739774303
302217836
965862335
720279012
18447581
377676765
1046191174
514902668
560841254
764981656
474252686
882018446
185609219
569057935
564789509
488227688
138078372
24298003
808210302
584640237
746243149
1006186645
197769246
340973326
244265812
314300534
62865950
610837520
1047045498
103931104
677454594
93874831
232650110
166660617
306309980
471480962
289717245
1013151959
175991726
246701963
400052215
823708920
256172168
482701152
761747210
133669797
895615695
122064217
247690797
80449088
796754587
1051420320
69456535
564815177
264982036
672395122
183325849
107790491
47463053
1006937157
614265778
402058399
822146872
59099277
657162365
393306518
666432175
526823865
496438237
144714757
129197081
509724008
617594530
421913453
215347642
746805097
270435510
360081232
335442233
887346428
815625957
918963120
908779763
158058631
685586366
509870241
777253619
37628527
525822459
746196064
744128135
243283711
978479363
358680939
42759542
1004012543
1023423900
868898136
225455360
555182896
673214280
142110471
953603882
372339894
961315647
304321376
691321136
1038565617
1003447195
148415477
770185943
3042751
674896891
891230866
146484597
689508986
682010534
1056599794
109187105
395068241
851921739
497002382
309757355
436600319
350934688
265729196
334053159
720175348
352260934
302791031
448331310
954281721
230671061
681646187
456769561
1040056718
695021204
933633235
17313050
643799791
998109735
761950758
655460950
857252124
660200013
622196474
78403494
217415833
645985362
779572329
766496545
486172180
259154361
519744938
747461059
758311713
394787084
763092199
952644252
184173815
537209385
201250964
196551464
75984179
1056835508
642475044
962704146
591418239
225753433
416747783
237181439
982993229
355584900
753135739
1058014871
626601042
262262015
160124281
569165232
973736556
1000915248
255551108
772880757
64332791
402285604
452242541
581688517
577326935
981388509
483774937
90868090
124828829
822475905
354579462
982515471
781366363
596728095
243338739
643068044
938220274
473581508
502204613
409913583
561994822
157955779
619333697
172399446
299329992
839264643
787871842
751623696
1059808988
856424248
276887833
477540213
885227752
1007557573
346556960
213969203
581358737
929218553
582513407
77796866
871257631
132063788
2489175
27231128
885861306
722188026
1013840938
562969529
1036795684
757659797
479721823
273776416
334203762
667113594
537573846
881183626
848481255
637240899
859843834
1013526856
217690366
438749672
979089648
600686317
969941544
422861614
40406294
951882878
451251647
958130873
89963813
71299804
218043409
632221225
625166205
104136498
758606802
952290727
935079875
812579736
131844100
505226419
257568886
838554923
187399946
672103397
964158397
964890325
569581718
446075753
1063769407
1059762582
278765257
680048310
4988349
88528463
103820892
174699515
988134578
16408377
814236977
856474092
410026165
219598802
756757418
878327369
138549059
367025585
497037309
142196356
978589015
565791319
542007513
282021383
616817943
345529185
605005413
660436226
698159865
968861657
128427287
319718097
127820192
784006863
735895418
847996880
327467957
1047484981
533311527
1014068815
391776011
641916666
825498966
551512589
372448039
973871281
774490366
668142352
152177353
133647456
591504942
7749848
475354995
301888136
8556406
721625949
937875070
421432336
546166837
43134658
123471785
451647883
787730081
643322536
356442742
56679917
888740773
548613886
801086004
273826163
627960769
92755954
725959694
99574087
809743608
673736484
955535922
819680539
600562783
523548308
829855663
55803928
398629967
1060719845
593444190
687004369
199534188
388952993
362469654
589696943
714196887
316426060
496969526
1031515423
929869506
260073061
438743334
810073699
1024932495
167677566
136615325
848376451
950828515
1024508730
604017950
890380900
650265487
96436562
214677172
652423480
672483090
1069777148
429835007
98820369
855769177
871911711
763847550
103840824
76640392
1012698041
96496031
551127388
657511647
751094172
321177511
337753337
85234273
615481553
92177192
131006761
482480775
531815851
1051106677
155466433
278960270
492239097
705700464
330490983
607727515
996488099
642694509
777580410
913158394
76056175
1001346226
958761761
511044003
1005540239
554805351
494615119
431459567
264272202
599570794
140654640
617011630
51883303
1062638269
92565797
1058357430
364935787
883463422
999508304
469227470
970476583
777034503
698613223
206253393
1005102019
990533372
1018994125
531425889
735109174
584041398
30228239
265889781
634466993
92463789
847562170
656688905
334749883
751000460
267719927
403853754
358032006
190591711
1174507
249997388
580557649
209678737
610971722
813210369
238281449
147946565
165595275
1047597679
697596022
925339847
962355639
410306154
848137938
114137420
852853867
112513035
351703161
709755055
1009572878
283844254
949325228
620252359
997534954
630085063
984422501
740898035
102351840
763916938
573307885
133569061
639399312
1050009222
687343295
530376367
591409800
716173857
482295283
994573651
282335273
1029101144
1006561470
26345978
1040678754
295382474
337705573
61854475
645356030
983724560
790147409
641015998
500860666
650865608
179928404
