706847906
565258859
65374344
790376581
255842768
654330886
61428854
935297478
282997710
480025169
900530436
157102799
810489889
502329885
189790416
318869523
651498720
446106301
371933167
880503937
779633824
805484872
427296842
996545687
378447011
539787134
462295298
707938116
98013492
535681794
300639175
999560158
420251824
47050690
465684704
556383924
850492267
448260523
341108475
597311121
796702347
972367643
136594760
666359807
869334104
1015070809
42877028
985050896
453290635
350169587
436397789
296531926
948818628
789701512
369348706
1002416025
856422772
333492455
1031527517
171263892
692031508
251729396
540740917
994210770
140046659
369975385
945653160
594175244
16550341
28251951
532453237
228665825
233773828
1003091879
514419734
269876835
872971561
491662989
368662488
852208170
846389421
101876710
723024738
575325058
873259178
454527685
85383633
558541280
885694307
914068919
995869040
1001128336
804353492
465176812
794969267
80689449
713745405
623521745
281804352
269751084
965847127
709332958
709981772
239924304
597811893
938258255
229809772
578069504
673137230
508429345
879444098
212029
859403388
664498162
251383773
385801600
417998943
553875589
150636019
573533823
475122113
670732631
428835259
344334523
801813810
484173916
1011535683
771997727
275165625
651655127
708128403
356598877
669442705
623863634
913194985
1047544051
400320261
791273559
844919964
445720470
196973305
869557135
771181827
380585181
945649176
908322876
22894471
777120037
721132448
1046731657
588729050
280455348
151684259
625365261
455392959
667789402
630740155
190881676
536136281
86939640
105210699
92730557
994510178
720186478
482838988
335059383
396180162
382058828
1011097672
390727039
178645085
541654599
917916434
787941826
955700694
880657434
783535416
498710301
507584847
515288645
709239843
534251406
490486808
378919125
799808431
418774779
1010715114
376583272
306118020
831430938
322359140
492142901
547946567
232310673
690396578
419324767
615589687
972903512
525138411
180181545
674471572
114428975
373877549
547100446
91134886
474268712
621134433
320757692
629833928
791897911
171431902
910313724
36210879
302114610
490546763
949766938
296063817
2357969
778205133
952204842
470417242
468875465
209480357
957371651
164156549
7717043
87860216
742324752
508047691
706105301
63456960
112776274
878583019
445697914
5930357
892599976
763644113
937002746
860190938
551001043
45397641
1051739938
1008782682
784462877
1060061393
190766137
959326749
801855528
642891652
774956136
564992309
928120514
198534673
705151356
659324270
725216077
408771614
157202147
853303482
568298128
976763876
1056094229
292135114
58557739
523914209
188905710
192428285
181306154
364138188
482398482
762068320
838428704
509580121
360722451
485432973
403707222
287923463
785752968
81888970
534344723
784644457
620926283
23534178
931654760
886042908
787652370
1000738754
820610454
949466346
837784665
367160003
672951610
300762989
349421405
757105526
465490582
435108566
26621087
575218537
931550184
474755929
559063468
794485993
723852613
716521661
71548168
1015039895
990549938
627974216
626313556
93810724
1008715500
888962345
829900474
273021688
509260563
230698687
398592225
322343755
258971038
173969007
390834472
2590690
844905717
612978238
780707792
952235805
555060286
81982310
857741556
49411562
871235567
1018556956
5003166
243872685
91255729
964624881
912503282
105891374
972732629
121120360
991515494
683679617
172932501
572824023
7136999
842912788
16187884
1052949236
1073214644
1005311946
53241418
373421422
67707022
167217455
722134667
276061494
339311681
579051445
608393184
706917536
1005463270
462859090
675028242
948483690
382249953
560036787
171273432
615860848
894352732
550710251
1044567920
389578803
502259188
703127868
21465437
498203324
484464379
25679848
1020141959
563431179
736477812
595855040
212708579
610709885
546092362
1067755482
765485903
182384185
290785547
38603189
56647583
752598249
236357587
441056570
865951920
837348163
1044698928
243958169
837335560
955204282
75706926
358596303
356329767
126672499
901403548
523424216
86839272
855490019
65257080
548766261
522258833
886152869
820929866
805698186
812676111
778442409
157847800
122597508
584232468
1044640489
841788970
1071377762
590487449
351748407
792321235
287902301
560037463
531954352
749186500
385463683
954336422
1019040219
297290700
742558731
805164658
269978789
976653485
728917276
783562821
618604991
501217049
909431967
873004169
30158962
1001320409
518271211
371902858
369449139
499326731
983152270
216265582
916449690
576446858
1105116
941714869
549501329
668509878
78598100
104003255
444200025
905435187
142910523
169048735
921633155
434824331
450135839
483650532
755258713
178740105
254737772
324574550
9269043
766452436
194172327
652651202
994714749
855621702
1052618933
302302196
178482576
780358538
95088462
672279364
918818900
1014035492
757789229
77741861
135050995
334189072
367987088
523261849
932664439
105202740
460424886
1064859079
556482061
710841204
1016651547
267288552
206156795
609917566
596252063
240514567
406699361
562421421
563667921
869602025
437922499
354222608
254888964
355531839
373835761
797561511
800843417
633313585
193242610
128205842
334842305
826910932
973327733
528913272
317280911
458731491
884298346
86012778
786749261
838406652
229057005
529289459
969360708
787933440
823517681
832386517
12395502
288287714
777969592
296539581
922191413
629447653
182750251
645183476
1061769717
797467301
702883236
934756219
391062457
961748265
143470328
156302574
147462454
1024113662
792039568
39067175
349551547
556423753
731922829
945311853
976405916
783003413
252419624
276591714
674106206
374222813
801011740
372826031
851571167
366864328
837270007
521382423
748318138
291835434
626436413
881104122
768482720
167893363
243776765
503999405
243741409
738241789
16142979
895312052
664884874
1043236802
626222760
189923098
353941285
1007116250
854937457
632403249
608134663
935619157
721174193
360730203
968453890
56332776
536520499
79533241
947350264
248024334
168359118
929902637
889081822
982562451
412239019
677335784
300421645
545999021
634031617
890479878
1055548689
932315817
472611467
514134315
326686280
669290200
318403934
645894305
966499724
1051983857
385380405
15021587
47884986
763300141
833640608
359874152
570182846
415734882
374118465
837821088
442269094
766989862
877463550
683616116
958442386
127533589
166588483
553318836
535585316
407644657
710472874
959877180
807929095
576614662
369848188
919075705
974228732
1002136173
841217945
802166364
1038007568
893992120
657848475
388762318
60063677
128305985
1044851065
74575235
220069036
491790202
1024490213
988952489
967373468
735447593
108631642
231157136
837612148
66041087
1033116212
940951248
1050712508
643144344
898242012
92379012
557309919
385655242
131535783
99285669
561652779
145788702
490977674
574524598
317765205
586560863
528341625
276777398
74097076
489641154
130408229
612700227
58582534
134133492
1016679536
45885769
546753395
515154730
783995606
288681218
112273727
342450141
767952146
859543489
51777636
104200107
563481093
774455190
798886874
162539403
682037949
873876893
952948754
828555202
491427531
787257873
1035269436
926753185
46296717
683987418
954312135
502362008
832448847
413051470
200942599
130234215
241500912
996890603
830880673
616796138
187094323
377485816
19506566
670615347
374978547
1021357269
1047453394
261929246
471602661
952640221
21232062
907528679
610214759
86993760
823355116
994297522
220850075
334974426
281746859
959377313
372698052
368167419
955970771
790950164
911758113
628630840
10258670
672499208
881674252
160676683
454680687
1051053933
884334124
869078014
215684471
490913910
295493813
815215059
1047956677
460052343
797447011
1026698478
177774190
375794195
406601312
86952881
445446792
566104733
17711215
178365480
277440821
693215061
484172336
649403838
407057397
222691990
601216995
1027720980
616667306
497363148
246143594
332384833
137840065
1067328337
614104105
389684566
968115444
308692081
1001937540
174249158
761404491
325401791
85427508
435843090
998948039
10477063
225488859
278108915
889452885
647706863
940045483
627352858
98788385
43128632
660748501
738010633
422512420
812683947
476716925
336838880
680379678
368462732
110399669
40765346
163726728
5388013
985540446
448117195
459493747
481046084
730730650
491554767
380871141
392267883
694800674
504876647
79730088
169436255
218379829
38691224
928712655
683141912
442538588
195226217
812527182
118464638
645037824
276805916
989931139
475881206
416174098
990262449
574811374
52812262
689528434
755056044
733230130
597015294
997360158
907613015
368401363
409619468
607465681
34442052
474509096
912981230
621215175
377456797
997206255
998958859
521462649
598956782
660977042
292542091
573241779
26502710
802304957
218957815
715578513
408161541
540141867
468439832
759022400
896986498
1065712437
818889092
232125880
931762384
43156487
1013835804
661386386
51356557
990720836
545192159
628241441
848988109
1051464593
123774946
876901398
542647144
158914161
761206154
123712741
493362838
785525005
425648393
87073753
618985117
323686242
105448237
477849876
989961294
1056709068
354649827
593183513
922401635
116646555
92939438
885168343
1003325685
230598643
733381074
834877801
376888614
1058895499
1012033870
387993328
97462572
245806021
406532322
346767905
278264420
540896778
879890495
860354973
339803600
1025744481
872760150
306105865
589470503
1003320758
234406242
328993325
443797000
978878074
918016594
81662114
151872209
435115235
896107694
805478328
161205462
16863711
355885653
738672989
675204890
452471287
46222187
422750636
843746901
819873308
91198847
431396234
987883928
241320555
83427667
884948823
405302044
564299583
1006744262
262845841
982185976
893479736
471807799
636118221
860283718
188310717
860288092
752034206
977691464
759709010
647455718
805610128
168123860
65549380
650781002
160443573
570196955
741720394
608544154
228675215
624253651
344009248
129909485
760411139
709451494
135273256
397239288
501715796
575147935
923761736
381280814
161977761
1003360618
1006982129
195528117
844829614
206055504
510807983
914780676
101529228
670892524
1039164336
489406217
162030985
33255054
118162264
982203600
940664421
425667388
53901589
515197888
323485370
390084075
185215374
733602983
57625654
26117959
4994105
404991787
966445908
279514464
370802501
872694731
405167024
240867547
989531345
934288146
656050502
712645749
577327385
154180304
291743965
315883735
523606213
851072126
324276493
65577603
514484010
931385652
63066223
997219326
461665253
71587900
433256912
511313349
792206590
918600487
720976078
688385238
872220200
242391035
547061253
726002930
90211448
952537521
769839607
17275595
559630629
469510350
961861400
83406460
235777702
187182880
995928688
154661033
170496037
438055378
267136816
980016133
453550118
717864775
264217991
914182580
542800707
709855526
602645028
914089657
671108936
236353271
930544044
619623481
6402499
246680207
893445908
783537906
314111742
1013991700
1047074166
817606652
592023753
1066857403
779602690
179294430
771010935
628761679
1036991443
191387269
452964042
794757460
194753302
843891303
921382286
150726665
322280848
187727735
662592107
276433396
371447354
766558880
616015962
434530449
1066822763
1015470536
768542764
994360892
504886067
675165846
604953157
1015805162
511326999
315944888
344680739
622372428
246378581
967577962
459732707
394003466
241165274
771577744
293748868
730400646
389980630
627813534
612667306
371035192
511504127
901369861
827084605
50175433
776561506
982830079
664004066
865048469
823426420
277325459
738102817
939409012
146024584
891950149
908250972
82281585
990468163
736428161
610691933
782896276
766996235
1036462011
405474379
881533603
253778765
343891999
556608793
754134523
980567326
327408334
928507292
517072930
967277800
241703198
109435763
495032491
185993444
1068216265
586152879
547065124
67011003
795444138
776981426
644789147
990863670
505453446
247982421
329081305
286564456
547819845
220358602
1001120186
875363405
76785709
448142871
694979053
999561757
104029010
786086313
703813270
49366161
825096259
924006749
91405637
466249443
153462986
666682306
741321195
679357543
766650698
243622737
798814102
561656298
454123249
776910793
87058344
572098365
855744664
187880747
1070856227
218194281
1038655834
980580600
482650221
900543802
224615588
774914659
846137952
329697567
39822137
866648380
108053716
1006940977
681263554
125235886
918151182
372693058
196000114
202248173
1048729124
1033062059
149475785
150818401
755910345
474578739
1036213619
863247744
98626857
607230320
227120132
1008367368
970293414
698665316
164274175
498634714
644440792
831362818
288182943
808423621
748942145
206003018
305232554
438324920
826393534
150303772
533032527
429920635
631853477
939667749
12713302
14300985
295671976
1071265993
622291056
884596053
906445127
900898256
311144668
921624120
536430137
994981280
517975177
357714985
187010561
790143929
235139885
21944454
648401836
995426887
490462793
255337239
353791795
891516814
1021783997
304253592
332289743
612694222
910936670
702401920
179871078
82615594
142044257
982966429
436871611
239286229
33118644
424698039
278784182
302831096
834895548
707900314
365998760
696130651
506921203
404485389
258134683
473400313
173052002
1005660732
959978414
509322587
176340667
509121938
198510623
685048954
532343121
724929273
920173685
443327519
499007814
948873495
119975604
793116626
580182434
395718395
99167857
521786607
21995466
214517447
48721143
181108373
118751179
701679302
674711043
1070182252
318187449
765924110
357694907
294771388
643487010
836249108
21396323
599801117
504599718
610218230
221231454
419989077
480175289
132470353
34883617
588290238
946324384
730054964
761672880
883592019
864198788
891426899
1051506294
897419361
1047059690
560832202
195452314
747382179
573455111
476832773
468759758
507939780
745210048
705437646
114789726
127560124
996269024
451726088
643956155
396015786
151780770
831137741
1014379989
488633988
40966166
731443675
897019034
469559588
332807937
530643235
78264386
46895296
200678639
524708251
107847275
222172300
139337745
616166624
1010792726
57639187
709780025
472010098
228440148
654583095
548859111
543174020
646010317
310371491
466488867
1062445850
733349032
896205175
987842828
909407660
861756836
196661214
225250621
324206566
699281861
559754858
116603915
303000397
339570340
834932606
166221045
105800811
23164205
1047240429
751899298
606536079
922619007
545845078
268223581
1006110873
398174616
828843289
640516310
470037921
443356728
1042418162
650212280
955431659
326457651
947659827
480458396
705265205
353105083
854056410
949884766
1060918584
692684680
504444619
349292814
445734808
919311830
881991618
927629526
77436035
748232499
839766497
700337037
317502361
975671262
367880094
824336610
962360525
699255433
1177955
163047170
754675872
1021346144
260676710
673152876
670720773
436817368
770804369
550702675
846877096
901695456
379212341
526905760
389823145
838465890
821632996
939608595
812214377
672872970
1069560553
905599682
877939896
256304301
170758682
632649138
354170114
157255042
249031725
286064946
910000808
285305795
823987204
48181899
848222677
895285490
486823642
28980097
282758456
167887607
166504476
128609029
23925873
87209213
693677361
623051651
74908750
355180183
901540467
830406363
506425479
860449060
234402547
27128401
1036946697
715991320
437091929
293114157
105718214
461053403
201195489
749448650
302063558
838048122
309944488
122318110
627679109
456367307
731878405
226563828
654521876
698695367
807766849
123105119
708157202
327748201
33632026
196341793
571009373
25573924
371216000
328521024
973985842
612922804
624579091
1451877
348232522
550687205
803848883
991814698
768221661
164260960
758102115
119642130
390873952
451237928
926885067
45699026
1028541181
181524008
466607364
173966301
81518688
384415807
577917825
235401034
156484875
1073009995
929349310
702959985
1012968045
570815377
319325922
324996837
619827543
790550228
661177725
813075871
866387890
829112299
248139242
375622547
810257876
592101736
836154946
1012380595
468221227
411001664
701676927
482004641
508093064
24636509
419337796
408709973
373666859
831516482
161264764
603814139
404779385
614687177
621640792
91584775
794143177
696542836
449658537
325047904
130965202
357029661
232846323
665230811
277599431
29578527
528790545
902914247
760561410
458369266
403374105
214576015
467390488
480500180
680987182
943743846
470989339
95972463
315401118
729418796
268527537
899786340
315300941
19094847
475884472
903476700
97412649
1002895792
54877227
457554359
726348391
925973180
822102117
154170298
613373422
150111662
988255349
597966049
163992251
278511594
898081314
227925140
366232616
321102910
652797390
666102375
374620671
1062696815
457050193
313925739
643720422
440574790
1001103403
238744622
334599178
58472914
766890208
410215820
284634249
904218613
1057317251
213413143
284147288
703413031
785812406
839141957
311569112
15929684
503407188
981548197
364842945
333302167
61671110
27027208
598405597
771106492
952848149
813414199
722714486
910737516
321214285
441101275
381699796
724418201
411115264
562623411
640821007
686196292
325159334
345597138
240421651
956366018
685074200
49511196
195751650
736451371
366857668
762336983
600127783
567031420
180142115
401732539
899153234
29376956
124635709
912919460
260404157
735639356
723455080
546650860
286851267
774040708
1029346415
583085474
348818478
872699260
388412452
575342984
817761916
49386798
451738668
799321841
415265488
65844898
574511688
962213293
841246387
78152637
12086860
728660449
514273853
866965533
750544536
156639570
94450057
625395064
807290779
12264752
81891128
688745476
348705489
242223998
850458940
749238279
286655187
123620715
734410069
488216179
666231214
869973990
197070201
958491819
255432738
1032848487
247645744
820606731
652829092
352934745
83886377
453453906
182416653
73478645
152496328
242774965
694491587
949118365
548656851
947267083
275079508
846530688
865672458
651412143
1038656219
992677670
773583082
905978564
297828879
314595566
573862083
344599293
519166304
97624196
594087491
940360743
326426215
215017458
758505622
20231941
1019288946
201333891
653581181
359678181
446742242
767341446
441042593
329516089
1021451294
398277279
917177988
934693824
661790903
1022412380
197419981
409662636
928949335
100426348
1015555556
457514219
279297440
163196590
17848647
635165542
632224805
77033704
404538701
528158291
454930455
403760879
643426910
748567432
271959721
108185959
53789367
77776924
562897515
964723479
446155335
236197375
426568300
159810174
408713374
125945091
100488236
315153243
675839855
1070474051
785888824
933328069
65896484
936718653
172578161
35725931
664635127
455308100
141111650
965474124
997993582
399214768
760146591
931364771
636906315
836983977
844405164
1048214827
76563320
575723085
582228304
761602914
192154444
245830107
7880037
376825275
195876699
769370036
238442471
718748773
1030928359
323868064
1048350967
651608833
514876361
1030690866
197476338
450041073
1019022
303945426
814004104
213056966
1013586721
918653710
429059821
240923854
948826280
430511676
832094369
516031188
79379203
314082372
996365681
376501406
1008486547
125151744
241383913
702307818
90982573
576057787
19563375
356178927
362082323
606098337
445462750
428973384
558616893
955460876
475983709
45596023
839779430
463546807
834453773
558114075
127981485
258532736
953602772
17458310
32662449
396941256
403379831
294876304
249313877
782345710
906939813
174436586
409057979
806131534
165637612
391975330
503824224
475513936
770922351
554503607
473540308
544596082
991041819
954451447
26898596
541425833
794080041
431569316
412506288
295441921
598045400
6327351
138260930
604413807
812771858
423564495
992891074
91396383
837295194
721598638
314208022
275047920
553384562
42035789
131566913
638693515
430786915
548794117
36606293
225070886
144021529
893883618
1026714089
884685746
742153065
525578957
535717229
64509104
341821657
977638193
755904941
1024079209
40517541
411086564
283888554
302897401
845153237
816667295
660605102
445942738
442491481
1038753049
118607053
296765176
170553648
607056828
102892110
987025159
523248160
79736896
451115135
431137462
978799999
201948665
262822928
817263860
251153416
378793755
586322217
583875041
690124981
87463721
738126409
877463220
308998871
68087028
51742202
603235466
767023751
338830543
192682745
252794740
14945273
72284680
184509201
115544443
1022580500
735479305
553807364
370704698
381254876
220735132
902192880
404110997
131284635
1027353202
1002313356
277890587
58544313
1010511204
251242714
92630889
411498085
782053502
1045618
974737446
249490607
737054560
35144161
996940142
682245300
423041156
491822721
644599490
795912192
498918588
393473707
394898764
341349458
54649232
358448137
45157378
483466925
625125748
912197972
714424491
787627099
161744074
156472961
82154394
410521722
616926537
791364894
611093003
418938095
38551502
665833441
686270236
3106108
872169119
539971431
529225594
414772983
677907959
989896364
171671058
605847765
772717629
200226969
283372452
361880813
812929947
588567323
252416973
1023501091
824416988
613072359
516106807
437158333
36016650
549321996
48190918
800906140
91267059
804603480
558943964
992349895
893907759
142972942
35175219
38272
817204778
809387791
1067830951
1000517521
720878069
500793925
429293109
144720005
532265612
139103988
530549963
843149334
9420769
859320608
660792759
746963617
333620963
202898106
184545144
449298588
895364057
523996894
263444607
580021997
164781568
190892627
20763658
501729115
474724682
112504409
1012325264
950205447
685083015
798588432
444723674
612351537
650826427
162047856
543228295
414482164
353395703
300042496
37390725
744003286
700357164
841855799
309977352
230478418
906357068
578712011
87182033
555651050
6733482
563425229
954318522
1013827167
992587620
169209147
75940562
173291420
528226471
382257012
215062683
674169505
677527126
69144755
1004103857
690493449
188351294
897688949
954854704
285140311
1048999633
1057474101
192124531
676136595
92126969
366168292
1000646045
56773278
45113636
967589449
196957974
710977340
990520682
999578991
469037137
819053399
515026240
614905950
185756940
45893340
277391694
317923986
939646693
652174273
840659744
60260297
706648058
29248183
228245492
581507928
1070430172
418644777
815782075
490763976
362017069
543060376
658325499
571829017
407990779
870939552
160074874
1037271534
711495169
314953206
820972096
550112075
284904686
332831427
1038369509
10792271
459914195
220364043
870021349
372994645
460785734
151063695
186670089
720662892
618568312
623146475
1023371305
439440165
12215028
849772067
820780814
239448908
911293273
596044445
304886898
455795970
46789352
289803439
388314779
458256488
313508150
937956285
519077708
513402172
416693566
325842400
566080392
858551077
797944637
478232294
957787273
182909781
529612208
68005354
8381594
1045199157
129433597
236483170
820028261
297406627
251226580
1017139707
319282197
98003932
837132521
20562189
156590548
362054384
896964760
822757716
604504330
326478027
11540821
230036832
251992461
845496081
488356776
55307977
247935346
909998102
381147358
526295260
409652121
353990708
878374954
700494878
684343679
65813467
1028726688
501726136
390781370
845177806
6933955
786846150
981379979
561840934
965750778
336501676
863132447
269552180
338910857
916551612
373415300
261187725
793775933
664584242
23134415
405187116
584295844
936938402
594437206
160781104
706345867
631540081
72865988
998478600
665589150
330010835
966095415
231911753
934189929
281657185
899679577
887234686
543803278
779341422
79636142
487668424
939317598
246242474
411331242
277786329
309043782
697519532
967468860
616642836
308154717
284389874
597488941
307635749
833291459
104037744
942603346
696720817
282111619
962314692
94443365
620754258
613401194
659235521
116654698
805069821
907442673
528712250
418394228
109324676
904033692
290989098
765766993
538963278
486498628
532109551
582175575
120420173
336370931
44893972
739931921
230621122
750495006
371053287
611927960
73331721
175415808
441913431
917439115
328906441
724586077
357626716
485903370
715664671
1058740781
883845904
337215405
591256642
214207330
541319216
786781283
557144148
838137638
948692489
337978157
1039328173
821299419
708507819
166065823
510877431
1046754365
660637488
486922880
171160091
862780009
270384886
955607799
584865506
617572367
619588716
695227109
722162202
447308112
875999740
192183955
564943161
706939784
483894443
449108546
710558349
863568321
153632686
758278330
169884647
747298108
64105392
26597933
999611446
283989326
508837805
799281311
377735038
322532529
154745027
451667073
460171914
653753397
889968571
428949805
27858882
675513417
235331617
509847143
652332535
192331626
896863890
591999054
510901546
820798130
562783019
709403014
972729192
340568991
574937739
188965203
817528738
102926866
332943965
414809833
140585017
765948806
611482946
976221920
153461452
579199021
941324867
749140790
641220172
544733778
482885227
969099050
884559156
744921323
345700712
986614771
122529051
492699834
471723894
601681860
439164589
968034405
735896655
418249288
248680762
288062920
53954037
213891543
422571360
605230544
88751889
342316677
407421244
245649283
742776934
437065818
412140107
675989521
241018068
487956360
304323505
726655169
1592162
958937723
311469870
827088052
856628645
268877880
224212220
652785564
797297709
973670655
813744295
1024872009
273176172
1013594379
1058009886
474911045
988183895
341811548
1007461199
269329408
252711210
769847389
772321881
915604534
241237445
381903901
520032005
10271739
23640289
387751721
29925006
369022388
53682509
427948767
817693011
712694891
940894779
1071218485
286064462
214707434
609358760
185906836
320518214
178539609
460932428
533488200
358471859
291072826
622700938
467062323
44601887
682494068
952896854
875334242
774689782
834674646
716507996
129008640
502548386
161184062
734628195
670128668
844789320
853566301
60494977
1005225452
210920667
771627422
151605592
1057799071
106976774
843523259
951767706
583096601
739361571
845199274
216827009
401752829
704448859
570575030
564909692
932562414
674159924
990693053
238342423
602385780
126297216
105206685
80636466
261115476
1070073212
100945522
438839909
363045814
36138559
678804963
447654521
362966217
47409755
70585618
528374267
593485775
480771330
979256811
111396835
174887002
390495430
257221351
319020772
182192804
311103683
146643479
995696866
349677872
961294925
902279102
511717513
756130975
501384642
717423947
981025762
508137208
173419740
19595076
29120189
409796061
583218653
1047038016
802283851
752415770
223291273
621914970
74289132
56845908
357140153
721916383
614432583
907253085
915005706
116708894
401031946
252941990
892119672
4508057
281436796
715247495
340740864
485461566
531031307
867808006
238281142
153719604
755600914
642350034
475086101
983366139
278730235
406318899
74614539
492911736
675314166
92220740
847763172
723195025
573896018
413435107
627534769
295137523
145680445
233526524
713078495
391159311
462567642
971578794
200962142
326783767
56469533
790011692
425051072
1073422339
496339104
875045568
1032756944
221747123
150003797
800517710
961037490
75584261
755032170
145122881
997226652
416802442
40076209
220156333
668017291
307129307
749822373
848644391
339563425
592814631
1044496262
19488509
471169021
701300975
826365643
374687789
655909970
279958947
701350497
97354078
641708040
980008225
91579465
696287738
943049016
908078074
193959257
575465779
370381204
998685306
479626778
400878897
200007712
712713594
840037805
405129446
106002633
492958904
423216309
624927805
1068771087
754600464
42766562
861265028
494884033
744469275
259167972
726492851
140532922
21173740
251791893
260496737
232982994
477325439
155587229
995063998
840955511
670986375
55365690
1045671301
234656858
347087042
509857882
393620368
916003443
552800703
788156112
906215001
577602045
943040553
464975767
727342336
426757836
329170830
681507575
139904892
5313617
274320959
964444572
961632009
722464896
351139267
143734915
319220019
400478936
916052940
866154561
208336256
670418023
1059941969
665267453
641384561
812382569
256772343
715841878
307473743
610140350
281415956
721096834
270711880
799884363
811826753
177586028
1003302880
328084848
1022521400
656957389
666914200
965012337
12312613
326789384
1008683853
830187717
1040828805
235466885
1000387589
939480992
436438196
374741164
189170937
23186642
169495054
460137757
295648484
879785906
108496482
267150648
42888895
1047964256
560466830
857915739
659201654
274334939
20091946
87954697
601239389
586334243
616418578
608053400
453053923
596164527
899083006
651894463
960487375
550468840
865709115
684463766
401583956
971302823
281798738
257334989
364330495
803236429
563197679
437044750
987101985
340731019
978630545
773814603
405329293
633837329
596540925
499575482
1003534202
523295370
685315564
81405718
421523276
584690530
799856551
420451951
414372713
639750632
984091788
820721586
749583356
90876192
278461709
983345715
756735373
672351401
544470513
278109287
422944488
79567067
920409526
368052343
126120765
877901828
464264343
871539452
1028501212
469656772
465447648
679551186
823191308
326370190
985577898
701261028
136006300
965646080
433326273
774001807
97467242
674368783
962544318
923240125
420430832
59134810
359624551
86729297
255377087
593492703
457293901
818398836
809909115
367011249
20267841
861184380
954435046
48367572
1022313156
40481157
424655963
363709785
1029326037
552702536
121589436
977053633
343157988
662841384
765352635
905321361
79391383
653583485
142440778
1044363445
449815301
20699079
53675937
488904429
547899858
1013124181
934614227
850570070
1065278920
528708796
351647937
585201646
415193391
987782982
202893171
11337156
41254249
1045250448
1010361422
503159565
719366482
501780496
318373841
651467846
303449247
1044468430
818457778
515414062
125454695
840653013
326946866
997223751
664196932
315119978
207951592
795173385
931729031
449205564
1063167543
291730707
418971024
180143293
879365801
1046733678
301161919
525588198
657350458
602517785
573029060
648275706
725495540
321720878
479797059
482420378
701566761
230230425
526920313
936158663
528189673
841861436
441253727
1017791962
597220941
814669111
1024493063
548943773
719246397
65581433
1069836236
763622240
27607857
686331220
677156512
452441358
610129640
902615717
748156167
168406323
773925885
536837410
1057478158
206302466
843153411
554234379
1011048289
192459671
40244427
580773423
678525706
106059000
684791794
874877680
45337729
175432380
707276712
26960224
852019940
226271256
832026537
118873325
108580904
300611579
1003021631
965031316
43021897
388349431
920724755
496615069
584103861
112058970
921719591
309884316
509684805
7842642
644842612
128014643
650022244
61103482
260022358
730234988
803904460
1017144958
1073116770
808760816
128406798
955311448
905245681
173649887
52195258
165314755
665098801
841761618
102955626
222023675
96553325
415045986
634141119
166436360
977405149
248351009
287671263
927612676
226056981
700316761
978293440
1013739534
429761644
416636625
151515310
157167821
959005618
141522737
994248312
557801447
571624323
693859637
714444816
69517928
1062339755
477886732
331159648
167880188
26280764
637560267
1069724006
1053458576
650471057
448860772
332749397
637278638
984879507
437275476
418013505
704110150
1053420439
43880324
66764585
505365462
848632718
488528632
687007171
545629052
19686143
586816887
410272803
490324118
190932697
542753681
402115112
389803550
88277087
447169048
690438731
370090665
137870383
330807274
398431298
369142376
616079308
512068370
355805161
973146163
109513177
939857851
171225611
1029077919
962976202
364496000
1052244940
112439743
706938789
437691106
887755139
495338938
376723780
125260041
943483237
235745976
299956118
698642022
791105821
641864842
753812141
584863020
727209171
788676485
221787674
541750828
576140966
188416569
759307990
651995941
1038015257
538287637
837258652
175911960
694049696
152599085
644333568
718302251
791528783
160104794
225914398
573661849
1919733
596493396
252561446
869649312
415258516
477104411
367668329
668603358
208849511
448352624
323881781
620538925
359689840
996667976
661999922
752602423
287658353
167159185
727961117
442894449
504362400
83251131
301188310
793239129
510192467
716850393
192264002
758056651
844991181
516762570
621820754
874659600
40226244
510391657
201809342
286239377
559899520
668088144
140429959
142607141
122068215
657726176
420585033
1042777474
70179194
223862850
782051017
203922297
825009251
977220213
1056506377
249024531
85161524
41317608
1016773962
176014099
82598736
5819961
310108823
621349456
896226902
666543133
332811403
775925287
618502919
1022413388
1070230882
132459858
641727044
489534167
794731828
623920516
564946606
1049057978
666376128
825363719
96968071
412109926
364644046
469990197
818910825
268647709
1037791244
911789224
563816747
214060904
10473362
810223051
1022132920
946279931
1059461190
99125193
836591892
1005550111
775776359
1040087255
1037722990
322390865
630508964
722300209
812809323
146109955
731147209
241521799
147907162
165377606
319933887
306715042
458804271
887756745
650865380
79216949
990837358
729115750
993437092
444977743
813782852
853768664
694150013
462745805
280379051
879079363
87959254
1025732548
336092386
1053826562
1023068366
795797415
120306218
86884285
376354969
35304692
82157951
458094171
420417992
960747572
207095273
350113935
115929233
795045333
62564310
237885104
29082836
448476465
513351918
104696618
572093672
910386007
160717630
996901957
179141164
167195871
1066115921
385476298
851907650
687246612
994564150
692117088
370671307
549629133
202412181
922016416
88689406
882771445
126827405
1038530508
85902695
476638473
862614495
94278326
44546845
631275685
711931488
548438264
848870243
188643328
301850271
668832503
449865844
1003422069
744855344
659543545
996946961
86106058
444790470
384777241
153573047
135080066
232925256
980081280
190296859
418344883
117725824
1059883401
782540796
100465730
359089698
520477247
274625649
201216387
415398245
109931232
1052650992
310097874
327134108
857833342
553415959
930463072
40142987
916949598
750993645
1057485366
701020555
125813162
53730350
523108702
854380495
145835026
860940619
180609701
266764571
455623558
973193750
257213903
974902970
262647211
162225748
832059549
471477964
553680824
433623119
871218208
402067024
774201038
476697225
180323989
697450749
1010929869
1038786558
370346825
290228532
270223635
277693028
111260561
367832051
917751344
842589952
928398548
270353512
1028421658
30939453
22058567
489989271
44376552
650296480
596343511
255120988
312188484
211257572
971712163
624288056
848690563
474130987
761434102
510827499
983704097
435343225
587592700
108892359
531523862
853659676
635922746
781141856
5774586
968906321
923913187
378052003
379139521
851411410
985432322
152045899
936625775
52719828
316121463
307578571
557322420
497354846
739742441
336968298
986458028
965252436
523457746
663734173
859097131
712716163
91274322
322072874
368770521
710229149
989796766
250090965
731859945
512337299
942787025
883882078
1024972246
190783637
598825656
791833467
1028501942
826920119
905522507
1039503843
732887540
33156999
669659061
134783266
202915901
654642451
853698648
308660629
439862627
195314589
1042668419
957312871
223177417
320826864
239294962
531302812
582079958
352635995
900471297
890366896
1055823575
92999509
884676463
380709660
300292344
820839649
324237922
301290502
717075217
366745832
971174198
438453593
186481577
329793662
363074794
797971886
538475738
823528085
871243623
217811704
652086673
323396022
460806892
157700814
436195046
431357320
630944303
292539120
219731540
754043433
714959854
96466364
39040051
1033514063
22553668
930808524
405608968
671796911
920888905
515205409
12867798
1058347925
1035139670
895948898
901401700
558464590
587703666
472750273
1072472450
1028693572
318844019
538709933
233494358
872612953
662635947
315190977
113831466
644369104
693526682
236114754
428201780
482392640
507108468
320154595
38423721
272263911
806894319
808872077
514471518
1030403413
195515767
491769759
342624906
334493748
17285922
569694374
978513315
1037437897
423437604
805945958
770855048
484539871
300177625
188263196
294208003
752155048
525953598
549208119
910704733
315103415
588375557
689733805
347344106
961358438
618180025
798950328
915083121
954854326
760990743
12042849
885093806
341421093
505424994
207721889
708423145
984955719
94278669
1042404874
174254135
852376948
136085929
638228629
936392699
649222566
674806451
855612985
518850870
426238231
1012784319
420763495
27690334
499227405
83854268
154245924
354884428
178631190
183214592
637948938
194482706
550856527
234375923
2383560
359729341
615155353
547324808
709184065
728164608
436437913
127847752
867095821
635793152
803851825
950310952
373750713
794152690
777917968
354466973
485981088
989435924
939570668
924602909
301687848
1016478418
994684439
341929940
1035009763
655293894
861892846
553650079
60174567
996203790
150224380
677043512
80327618
84981994
847077712
94401012
923644817
547364619
749626401
245657676
1021538465
823403950
267449494
276282303
822194060
117484783
43041384
51532403
227652904
80687387
434650964
303848082
1016694543
172944744
674137138
209061642
852275041
248545677
935137247
84517757
1022130075
820399458
67418108
933620612
720275871
838429426
590902439
779956965
528171625
46568947
948024785
614301257
670665109
441657355
977799316
737493052
327612829
1063038516
182534035
468624614
119506559
34322335
885061358
985401883
350822595
876702642
992849556
241534176
722818287
46749223
1042999098
256187298
223178468
416649677
463845576
760731897
943349880
378227947
997201237
201654431
558515052
419264441
793372712
448380515
754750498
522406869
861080120
307006029
198316156
1069948415
179758430
1017610930
7333304
242327952
431790185
632330729
590217475
157379701
459593878
239068609
410311177
534287062
416863434
993101923
1065330013
584734515
318579286
860388527
84994495
129029947
1018688476
13988846
607026903
281478086
491154409
442045372
869459008
221838214
766166728
192715983
52280412
954856128
582132034
981386857
1049692352
60394779
18596318
1064642588
421386650
780813797
412812934
755600614
790430444
1044791551
496976977
250530877
531467266
208321589
190274252
275410093
639456088
553487775
766433737
252138779
120786160
386689916
227264035
530806304
259928857
541094584
939752164
697150865
177707808
382223711
574659310
381451260
648064236
373332136
560024643
130507561
398377964
248886963
585961071
784199229
1043791338
129342607
596167442
387903162
383361122
789039426
223650171
462587674
645547259
183072946
581850315
6027854
211492802
156317272
249780248
601484780
667892229
611682494
842676389
445790762
936357066
948733729
906229911
380878539
1047896066
134115878
904942122
880344805
978167483
614027282
418487194
417405731
524706784
682463202
520639369
715321714
541583144
266787463
273951975
512334829
487460214
882569311
187928513
851745748
558620982
983852550
287318781
488704024
66473361
959071440
516937584
914350600
247542254
810630996
100451908
1049770938
148563957
268843431
160515617
1025849614
500535243
558588258
974926176
992323121
180210251
623088322
781370297
1006330584
274512881
817339455
79957568
348056754
769806274
548635964
962575843
682365885
350060545
831834711
245979774
830836924
133890954
175695781
166792638
1022213746
2489374
475981297
408048636
752867777
596218163
38197810
1033191692
881216084
124479858
986299875
198126122
217784106
987648116
279061231
174894385
1017257488
20171525
661563554
69415573
103265544
353347281
500434066
514067641
825240624
693141771
272549650
398878823
478109643
981621017
391962147
1026903364
66587963
420903150
1035646090
574604291
882043970
623317670
632775113
988554416
956904139
220346018
895515733
558050212
33442808
514602439
586995647
1009958432
238422152
949215694
97890242
926138770
608748967
257562776
50105083
370194227
473322632
759917472
856634356
347309943
116097276
832807218
601746662
208810970
935083759
762159235
706813369
551008690
970096652
329114736
721246236
432175407
784050874
905121702
917759853
575162424
549496553
805591622
737627001
518621330
728610521
111475528
390754494
108176957
52298638
340941309
825305957
514057762
242742971
1063261670
853384495
67428393
602377789
252185833
967432075
821287559
172566303
859602937
336600624
769225664
7153704
820129683
125930128
124048399
189633466
892329931
632626844
309731970
269886808
249814939
883744476
199654795
322066235
1020121622
323144448
665984856
722286684
121025571
715834127
945638397
486777902
917267524
745164489
757731692
362396420
578945475
447727437
574363725
672407786
837817157
907540253
347066851
96553240
643684217
414903070
914942596
700352894
953931471
388454298
450009160
559664127
926433787
735255079
997853969
1059621318
273308609
602310045
56984147
989983354
915933001
92026425
1042055287
615196825
239735976
20435215
398747505
370878670
532956815
527336639
835675146
672604996
238867865
976216064
578359485
556356270
760900420
583956809
43465303
231449648
1068341497
780396263
488110647
346880599
524021678
122617857
726310943
149864168
306910371
251042461
564357165
512555155
401230512
782943963
272752735
717957548
762595968
123302358
748155738
261402188
422743651
566754581
630541342
1067843466
547274506
939978418
1022511749
998392720
127889404
562330262
255104076
549006327
806984367
949389105
84154352
1061100151
9038433
193004210
902033547
83618681
354910839
513875973
408086721
1053011064
866786011
944324908
890181553
486049681
564018429
1064625597
905718836
794395128
754002050
103415273
119654831
423874715
168838788
48790372
278378729
227167265
653446022
344259555
776452183
447659756
678485043
413554154
359605404
512506025
268006102
1068104778
998077625
672461316
273376411
152651129
834011522
325230649
346797795
528114165
638546797
313189774
301269717
1045991506
1072819930
383990336
1032245951
565784091
602279469
1004423132
175861234
613499101
482954984
578234908
485698527
953198161
88607653
346683997
681995840
519899479
548731739
779505140
34344612
536560694
467573923
61516070
485211088
848288270
115139130
193261155
648246438
690126713
916320600
742574311
44779677
603453399
210853926
547831217
504983240
317155174
621573229
1021584629
378066686
124174591
843781109
705602580
155397836
930886407
415836323
14891733
354952781
384277963
637139727
1050305371
462750544
536688021
503797765
243191526
283887610
894288170
811989910
983067191
943492533
738666511
451090485
506800396
903614970
259998753
909827860
392649417
241415958
944383369
857891808
684324377
794866657
782511733
278882440
450352414
182399149
292273709
807188836
232348262
83906435
415403272
546038913
737784146
400629940
838837248
432596767
547954497
372289799
878004007
902273807
180408788
1042043070
461646069
1021928433
38140436
739799426
79147478
1068985515
177512513
615257562
338586429
892392594
797116422
63823079
983464134
956242844
840763621
574140171
393968583
725054443
955042100
498172956
261235248
1036649254
172444495
873331892
491851079
589144096
709735257
692981812
806388701
850360066
515052440
600457418
630959591
21193996
33384933
436762386
563171686
65054439
825058569
464318740
61947760
426346582
528282670
836002335
879708890
46262482
597048217
154744851
432851421
151845539
118690572
573834418
446686561
190600607
848857222
175558617
658571590
60075133
527444342
657716127
486856066
698077362
578566470
888948009
214392781
710153309
614492322
491072945
840273372
25443188
662420631
847779109
482805204
558627754
927040000
975543554
122023565
221100226
144729890
373200186
968847628
971631222
635058784
500662690
617087205
672241367
207806777
650201502
434483413
650271946
940105467
158536735
370971881
439718075
11879604
356052540
631849559
589688406
666457405
309632558
542611337
485940741
16260269
699980680
672628859
328950287
741732874
499168173
290055467
1002807238
595006075
1029841952
802600101
389055479
680876432
588218807
997680407
672298836
589647451
740694904
731597561
1023777979
958277873
1061609664
298164124
578214754
791597899
56346880
7386284
201332126
422925760
744572201
308277434
600057267
864544486
502922664
761503794
718264754
943642177
282654544
642280149
766456888
624122807
571547050
717068977
9020344
1002718199
992654200
784820530
44293073
949532168
718376761
513353014
376030331
528217833
942674264
929734481
893834953
839248176
685285310
609073631
921849380
582171990
115979103
492214794
584066290
136550647
155579561
549047117
227040717
907561599
579799408
1062387025
108470902
265801205
159605752
104906835
471419294
797231919
139514822
933618309
763608293
903703411
285066179
1010313655
866932061
534456672
158481943
620537002
635700788
394511948
153198456
672121894
997018096
82861435
946286918
944988008
517740106
74498137
335673254
798925179
1009349551
46519663
460016917
465955970
915429879
62070780
534918739
661013052
484267256
437429240
383290711
758628686
38146182
10818664
972952649
649121495
721473976
388999059
138604754
884370740
151084216
1049151183
865334579
331451975
54470396
75201495
277248782
724876606
617355416
1017989793
688441140
1043577422
908678065
388532578
446266103
939792163
583586762
542196171
15692860
755033452
815291438
948576285
691286252
232096526
247688029
563769818
994090495
588908864
1038181962
1043181312
482062572
626563044
1058831371
729332732
1041430196
232077715
810918019
88737986
363428963
466437771
81559121
90314029
295102180
572780504
622159135
454929813
464103483
989815880
527441822
516789316
785438600
812074546
702844314
798804442
450974482
994676964
426363354
52380629
372912297
490044508
97547810
979457453
344684847
69782847
927407213
877043767
1013790307
1054382174
409840339
762943498
859770145
582618642
261690693
660992908
375984613
627982650
940977927
84167431
970344918
172866436
814341251
737875312
389079093
957017697
23004164
557690547
442546112
141282750
388584892
33356573
314682149
499275250
216611027
163171531
552612082
587251142
150351159
172118708
884380781
883555288
830874533
410408863
89927469
311951360
935752511
39654146
614174867
1065715470
609055489
519474763
290009480
255795648
1045250351
21079296
464241331
645137593
288579254
1070271899
674639327
200140775
193730903
420579787
15826546
730659786
510769723
415852285
165912856
1028159023
535533437
92147784
1005656021
116214160
955877308
520841821
658790491
768596898
37934653
93390974
76255311
605857178
986323308
14969088
876168307
861603911
359661809
177589822
504335147
344803394
22556360
255877450
120076558
935582833
177503891
104601616
779197671
73170422
474486675
673562647
1050215707
1018355324
750550736
143621281
331282947
587839012
822553330
420707070
805252478
960009016
296031638
949491389
961397343
164938396
485361418
652773958
950789344
913741171
415625699
583260553
666041655
573111484
579959626
271059924
405013898
413776953
563509720
500702842
140109225
955135751
314265162
194558809
586751584
646635156
929690434
642206476
841423778
1034612657
681430613
57719325
453200326
1059321407
15892211
1028903740
689193015
170219026
682367490
193434895
415783717
384082645
1011658659
464839424
197525263
465399041
919107973
844907531
769550970
131424498
476823772
179779845
31759866
188791732
751224610
1046857131
241630111
184401600
232725794
282377327
142814041
477892256
160813210
813162186
1049709691
688202005
367224347
847136244
936072964
1042595652
369036351
639797834
980781929
561381025
742586643
323082135
898432349
17848111
123290376
833429053
440846220
142833685
337557971
147478668
412224693
676165087
607595063
433190220
863557402
50041184
463837410
614295189
739724178
809637399
261899092
530504200
594350479
764181360
951349703
999033708
225687068
730142423
196750832
803993495
821491779
1033187112
450909048
326835412
466311630
1066731741
83514029
119566827
460575955
869991868
351775741
839210859
336428779
685619947
675491546
1007727148
115110977
414448892
435887
145958873
1019914320
692951492
474215940
850614122
489665311
884662732
706145885
996937917
312556597
198434611
210380529
308245418
1027766147
775810975
486242743
609621338
190913787
942984572
527016277
797749236
908210206
1018945623
875285959
461771931
515942368
515812645
519629739
993480079
1007580842
996636504
370883520
148048569
611813380
509523643
774358720
509823792
1049949522
326309407
637860162
544772832
1050034854
539535560
1041750049
915798690
903101582
698810120
624448416
784236245
307844274
207676802
867668745
871692405
819339933
314007499
786239700
399774355
361248090
854869883
1041647963
72122395
899494143
609428353
1061670824
272602611
639996133
792607143
238228323
801446271
766111915
228148131
33534208
248798395
485819069
836336814
781993841
284662730
1015008118
534531839
121821858
346440066
627417320
253309979
645525988
503866370
266169751
474654623
1007881553
1023023366
685230039
1045276804
4030023
769266246
148628739
774807613
875111840
97585105
325053698
789049618
471584954
677061782
309054907
841525934
680028074
977230577
433010056
420616869
121877827
820327535
807516369
117207482
624774087
975531353
315637480
688439659
300737737
61395289
26107291
712212832
987832608
98993539
655574731
723636704
591832992
716896347
147826226
41946013
733300662
495223435
152631400
862614541
398674078
867141484
107068561
448023049
361174639
806407155
571406081
996647448
1036054311
100073177
505226025
848464836
849246007
129193047
1020902061
46848497
282680316
1052059411
572888819
880181767
892208238
168912955
905246699
498633492
594164200
848356813
452396772
1003448131
390984891
1063429209
388877935
327153894
1063623758
732535360
997850663
433628037
1009024420
653211776
669742166
460905471
740631559
283290725
17924398
1036137229
783292486
706369652
485225123
288888114
126588767
479913563
762619489
738202433
414089555
35670393
253079413
745157422
131129160
387506272
64106412
754053068
987943857
656049099
988560042
440235214
490026366
882552955
948339986
76979498
786910522
777674339
629264523
917957496
1052593434
347068120
340636425
792503103
115376940
250892179
435968695
531408958
943080792
128246080
677953980
977656918
1047523449
35883036
254171572
304292674
412539478
505289148
652062907
801368488
943207534
641102453
159911930
591657235
536706940
121032542
908618028
330794792
558194139
1050675390
438279254
291624249
903296256
926093231
264635578
431200413
351646185
201086734
1029686883
309729656
136920681
393151942
729605567
564871697
341311196
825443241
446461438
13908716
232804477
944336215
649012219
703287910
946195749
811248043
113141615
352189823
939476360
92677291
527784386
736673851
387523566
171293266
94283412
742415904
801972818
562778823
567920533
317081147
529430023
254425025
400246537
899706533
1020056598
812306041
413336995
764414818
971701227
502748964
220811471
405705977
391973672
597609502
475820273
254760697
59094762
305258793
176127277
1022995966
77524310
992503454
1053268692
465426226
565121107
309473457
957764868
158904192
153722835
974121237
439662187
240256063
566531886
739012418
625301415
884606514
365110785
790490583
200174380
361673674
702041201
43554468
1066868992
870896063
884418427
679079066
614781191
80124013
252420517
626634900
871787943
839829721
400104520
443727379
392235797
398363845
389987053
38469941
507697538
257698502
679549523
120600265
386307226
900176022
1064762395
487617871
361795692
268950558
943661502
92562332
880001729
182759766
575680350
125026472
4851633
1016311000
287137951
308123229
588196955
500581669
774776703
634450015
12418800
542761820
541438734
998972835
363174558
871667006
1030264153
632064911
96399491
735219391
1024677264
390678023
1007923820
75746838
492495177
407575091
1065222389
434326006
333021826
1006387300
430646037
613700377
827870188
422945709
55666673
374592766
583819819
508866956
23338193
703417671
857477447
246756876
575578944
551520121
268328070
195170637
7466258
998043535
96233379
866895196
48700543
841516482
921268429
71686337
21636194
681913547
942210333
975323124
50969668
556328239
988115317
993467487
545267248
830349846
39147122
823166845
673043485
28127706
954691579
923045279
703389518
175809889
975958132
915121753
777654477
18195962
635121809
593437111
1008107856
632779698
307817724
1050862296
672350172
1002448313
941305750
61090040
493151318
363797207
45549607
116629048
11691918
30193643
321276284
294820024
625627467
753801388
596644844
540086937
855393983
330719706
904128748
131065887
602430758
590774644
529589301
1069192647
296288969
1069741602
1009926884
351073148
976798977
561394154
50263771
72209159
643294724
956761556
634546708
818084680
968832369
287348141
962877218
888509233
616216442
164675839
242432580
609069971
386565843
74363388
1013328905
765091667
1000387465
851470456
812356006
786282686
344285290
1052716235
854264595
454809201
816455471
548421835
1007818329
983829846
307975665
597626533
964274325
770846387
872018305
903598011
616663252
254774706
315266556
394967346
425560071
219666514
354036548
648622795
184398250
26476778
889189264
733914446
709478262
19148705
540041732
765381754
806091464
710823759
668650199
451718055
44959714
979187822
271042274
883323724
796339585
312563970
1006646210
295030268
1015988303
659551451
772753450
390578552
121372765
785953133
28145565
630025517
1072979855
685360179
158635390
959126047
320373262
341429433
855036898
802079675
563130757
1046532947
487506964
230558308
473729535
266868169
795665935
362121226
1027070032
911387722
233876066
1030309900
146575695
3382961
729191497
593327970
899778719
890436152
294112183
558088352
322925644
620269163
865902504
991510696
305238500
698740525
446307227
843108690
525727692
603330470
1003195799
654032996
731321101
979988344
359307259
809066001
665646625
164616371
256377090
806734442
56275666
138307372
1068981741
154034378
284682943
175268140
148152818
276016882
907218508
246028463
874429828
220568641
702287921
409329823
797730821
366666785
510554707
341491311
616580542
1056391130
841240608
879468955
603903906
893516524
814374181
450766616
794686191
414163805
74933885
675740064
1048250523
801511708
500131638
547771898
80138133
320632954
78281126
646317365
73179252
456992359
723612631
45885183
396821118
646000276
994020336
749620086
832414742
970557108
755134739
622349637
1044060648
851027602
1035557442
280552669
504841828
731528233
33931624
506826843
439754153
458561215
884124647
766370380
155812243
48953877
675986270
894231871
738527669
1002844338
96796459
968618265
457146425
264175516
272815387
695371726
960524121
363867313
244750236
748160980
522888025
1059532674
14056488
840518580
204526883
626801006
1008283875
355689624
234440216
501348937
155868773
1002133777
646851468
818832286
293509354
705100430
615647447
62285944
781818225
538348729
602015009
317835913
653417334
816350546
878822346
237280326
268840279
603663622
93099220
781763520
30545988
237911826
48710937
115156314
708120955
646300433
114750518
250993301
580850641
30882305
688153913
571312796
116804058
664150056
232995944
301884561
495346900
874211497
805696793
119967049
123511815
807177036
749997661
434900123
970936202
808285668
306417193
565282498
70167781
779783138
159230532
108361464
1785061
1010364901
427593668
323612144
182021998
128627788
6910506
412531860
964052227
314445235
873845535
925164488
206587388
897553067
950996524
819031075
743091952
870472692
210482626
941003707
423278345
437035106
186627138
198171825
815167266
50018539
363935499
321944396
22032585
710091838
652608932
595238807
64506873
964271851
1072075800
774108811
749184121
710779536
639366863
74300530
150407484
941675542
743776512
946911372
238622419
636576234
52866552
1012274133
966276313
151854195
485551385
72097672
39154849
313022581
956367620
674337067
625177049
690760786
855446057
16398032
551895722
418126067
880819345
444703027
532979505
1013483633
567753558
728488179
517843048
45483574
92314417
743972199
464556041
661425147
36900215
344023127
117724019
485465620
677861349
321071016
271758978
298185462
895605757
834057015
502517702
576192959
633366576
910573346
8502855
498308585
474917227
180773886
245575059
300214522
184862994
213878705
926880641
849507668
202010702
434899476
511858676
975617139
429329441
308474925
530589430
931180365
905461632
811897289
582146818
89413012
855182207
976178535
673664626
904544445
536853991
17576187
475088998
926515287
726672899
426621969
319269772
433347289
566825196
890221414
451164133
285884379
774429236
276893846
131922951
229556332
396212546
711476897
248117820
830753921
834131012
172667154
105677250
823494490
373184513
728520066
382725129
352220199
783462007
812508451
868462983
858971788
567414328
487320791
375085914
376686866
443109140
989560405
937205397
629546403
421153249
480621191
520152015
189835731
735634381
875824385
218578740
527694294
1028259999
972223909
1045752457
556354394
250609698
73396300
961899669
770018228
186600900
276688195
611003021
939932754
133471729
653404553
1006535786
927604977
912712619
678404328
704111301
351288073
29658896
322297453
1019170633
262085107
959134623
669967783
217214478
34886894
192269179
835266831
310998240
62780382
597992265
239713368
230279679
1036471138
226134312
820233175
788754002
710772500
968500690
773919811
1030793740
167098426
411322025
385558646
83636786
47960956
774544521
740307947
340000800
507123113
667405210
363889068
101949461
766745259
921736427
547650872
363708409
910729768
913106737
554639556
547711590
299201923
104986235
780767699
346567101
46193825
274950318
560358198
475533267
46090832
896993992
21518183
923078971
895101417
40629032
411979049
1037062999
733519474
23433025
631983933
324282878
238459632
693824608
666333309
761339954
442830572
475450717
855710027
1004899438
472466676
411980769
75718171
242154128
107245625
396156989
631700739
488422041
150413378
690591640
130430340
121790622
881335779
66010270
877141722
1010996608
63258609
62364471
123967205
631335576
994978220
772258896
146771728
876577961
179230194
816410388
959253668
489586120
339096925
32751740
410585542
442507832
263025593
375323351
423405741
857899725
320201634
462198513
546269054
364677750
551262618
116871255
690901207
269783961
853958820
558075308
922443548
212506287
711817075
409249859
426993562
726041812
854563653
737412042
605434274
297393896
873710792
999341393
637526756
385374150
196039704
992228292
753934465
1040277576
581568902
579903755
986604654
38298052
80359887
718574711
616176379
235418827
974983752
564054720
913415433
143158220
491581938
974585905
549706135
566316537
72313157
528055832
872127387
122894389
90398399
339714445
936342623
282274173
592928617
631938846
118934895
670816908
167741329
94223122
109331516
230450633
138814317
415498910
66667785
284993555
233776033
936083703
985639189
1033902725
954683117
248206569
677721746
837727046
278210241
116624513
916626608
371620744
165261587
244285898
491221505
729968861
403334189
125269509
477031462
407549019
534008889
179428907
25970833
530032305
235236253
619269744
98197659
758195259
728861041
674843310
497871779
973062685
255924315
135939186
147382349
646952735
787404569
216428865
917545628
802810026
131010021
1041912854
569063886
554290907
242348999
703714608
958070464
554516488
832461452
792678356
266761929
172422398
671722223
521127962
522054083
835936045
877839024
728506372
992351714
280174427
427357803
701271341
207074262
297468678
967641768
449136646
946715242
185393099
660597601
440402792
178090574
1040118747
787726393
269381210
313123356
788583292
478133194
710808299
911332842
880233284
653286520
821530893
442654275
1067315860
633494274
813358835
115461289
126430184
543972972
329304769
101772350
899849841
409212178
843003114
389523482
898974408
719363358
571154195
707345665
188963547
567461289
825560248
453980670
493026347
42616151
911579725
980428133
617861679
322747813
838107161
781944937
270301979
832327120
1049034437
655178244
264830760
981066294
599868112
545176789
313259640
371135559
866972180
278000108
932932670
835140312
778460236
298317890
907344120
833572864
654993609
998321610
515435829
310616867
75041244
766756886
492933615
651601944
293161757
435566465
491373414
329435293
722145639
647006677
487875241
971253142
664135999
61896161
521710237
265768749
913597439
531281152
924186668
245321473
1037450519
956316620
540596534
931709628
923073942
420360878
1060802034
114035747
608234604
1008297500
917550381
722878625
898194705
414156782
616938306
314843353
161548289
758422599
493980068
582789546
587822639
563175882
778341865
382907233
64168657
446927333
567492958
504469001
3270199
250867378
805819671
627122722
9558971
1036034056
545270207
40063890
552027204
736963201
392383359
610824478
772166059
453031509
934010262
573272951
1071115452
641572011
783722180
967563361
825516044
873628280
364987228
853118707
1067990182
954688903
413753824
448020057
263480021
203866702
1054178281
943867342
910677510
821286845
166919767
336856541
101829190
382997159
296942298
1000394065
1002300247
1014683298
536252325
898152677
953784951
680958833
1028249414
871639621
376609863
381746016
75892785
655759127
251276080
49402666
718932067
484281548
941102671
659333259
1071389510
38488020
197369601
117853626
1007062899
84382681
620172785
136788376
884620604
79616416
168196682
597496297
1035160355
423521731
640916081
401461156
38216410
251926955
473854404
147596247
801638210
329582014
612417164
63345375
150701198
705509591
455627575
1052671413
292749060
989516466
616678432
757234717
388019318
899021882
165176363
523813202
419817261
270835414
860461535
376404991
204774730
641701895
512804683
340014831
1025110050
112721928
953974768
727210842
36283273
781621742
827636700
871673783
209210342
969900774
328647488
249852556
449326190
544464948
33397683
862512268
92105346
613158010
1018690592
952133633
332335215
747230142
598023662
68327177
288586687
385210597
988341045
1041194914
71431893
527175774
464306252
149997226
572368923
1034056417
564833471
603527388
906259295
896376890
909114888
187506852
850079237
613356012
651582218
454520942
959495421
550332108
688830822
148316780
319687503
137517850
1005044039
181431875
378429697
590797843
436569503
188842787
582685970
275562291
1038910493
721722125
1072248321
364364102
590531498
840874979
786536111
995798329
384241932
248639563
170725838
30398882
938119060
825699748
622644500
102026793
714032059
309975298
406469157
914386461
206494679
1027167375
1036800739
848567464
293650653
320771882
328959852
156568471
701103548
687888593
137293478
76315073
1052058361
656384245
1005481174
182490819
442107002
483383260
660208055
763031296
543784855
166273888
596110301
292707489
741589715
163594141
559564740
889460284
423663161
164943929
342396981
542819283
623380613
238640900
255838612
693057972
229573104
532753494
908620419
949811868
488729698
785257739
1012705648
1009973166
506579152
300438753
669562702
194487896
488543262
443025248
12986650
1056747715
62412517
888841915
666076420
237185421
928418771
187764881
184277731
944588121
474944321
270943773
1038074616
580292397
609992018
949358024
813000541
1006750904
396531519
882341444
242829255
884086284
1030651368
962817380
12946960
336060418
425176655
1060974524
785155050
449007390
599629050
37037647
954831281
723830619
807456628
861923673
93521164
563776597
92251918
901238419
424538396
1005020928
1071932772
756701756
201656384
84359186
780891021
378847831
249671275
983896039
391001888
895225229
686107154
649519740
153227224
356241041
615568179
379007581
157408802
845511753
990406765
546106220
952066595
69260149
956216199
155361547
859237439
958668922
527310114
871386330
328150303
571891656
679873412
94062111
252832164
134332981
92484335
1061569973
850436088
140632960
621476538
1012114914
850612976
84066245
52215549
900680493
548747754
904641389
355666645
794056596
541597642
79348368
322182579
54829212
8261775
132940538
564003992
310792491
521080988
481463366
214581657
730762217
716827382
672150867
621130284
897544486
214839286
977298265
123893606
5873049
451339263
752940983
134385513
904151071
766655124
7939989
448460857
592793392
696362487
911452560
736240274
144965441
193213196
864847466
675009843
630547397
543865195
489404483
405024745
1029011393
33275673
678064262
907321984
447074181
377898520
794032604
259515222
26638801
721114774
795920785
107118859
210467552
121431936
177666234
28769506
1060638715
26404790
1039874110
65448960
1066671202
97788342
611127366
956659496
501826094
120090505
521572507
977501719
331784906
638704816
748211692
281580142
786006826
43120008
497953645
291450464
350947378
484973069
876338403
528416801
932140334
955457092
672714457
324460806
579370227
923136916
161383671
847105959
71748139
894551729
767456807
614829315
133995075
424505843
720929652
257533813
862760194
970242360
286347623
178696043
111650435
70916094
205007119
959326414
220743549
808593989
595646103
630725265
441403568
726457106
828200089
523194628
194759641
239948790
797569224
431811440
484218935
696255298
1022731459
721573608
531539045
674915139
1068055445
651249147
9840682
555005081
1040498021
332040214
361138442
355386300
499395076
962165701
1067436468
221252957
313866438
537551083
600943886
91626136
255689193
123143110
483522711
456367342
447052160
391600498
603072663
544489878
589744392
949326294
306805748
1000910866
951077241
349465827
250312347
111143474
89482204
378330316
563279740
449420250
686638474
649296937
759986242
461313518
168760703
504320212
960417784
289600055
635576464
809019542
837868503
153540840
858814
132226882
53489902
169496897
98720951
787212872
132723184
991096677
126050750
987412255
948383602
1045424612
783398418
959089504
185797703
228992335
203591456
688281459
970510909
849185689
758945159
570091605
513820171
502338814
967571456
1060957915
142262032
41023439
597539480
937957147
493201151
889666021
42076859
610946276
250049298
1015980927
145435420
752382896
433856350
597848325
839244520
479334190
788649749
20937166
409505401
516978466
562148410
738248283
531365795
679416624
484077752
385264611
138200334
804878685
476037821
552121171
209538686
478773085
977976021
869866892
219399979
692691215
615771376
516214251
890817209
66503155
483902142
637645705
726884958
964411403
203838135
985725475
670538798
677214376
249115437
467943389
200891164
778822662
45498941
628577058
453118489
934313780
680254
166229277
684700546
1019337017
213902030
962589127
944209979
446982209
191471742
8857492
108716899
473449471
74258234
355654551
613616317
450925958
204999175
109857909
700935015
353895361
226968546
579102576
784777162
663963713
59966331
1033930885
144311712
947630239
895086737
1050922646
518904331
630497745
433673798
755225956
405135849
953497211
396979322
82466989
225393538
1029415738
223124051
374227019
12949661
305639546
220900939
142621573
935215827
209791018
682916572
373195703
444756231
76978263
886382197
823159089
36446760
517507512
214499391
42804402
1002723451
863675729
921806396
238415584
837344653
207753748
647807982
987764956
223988927
474360006
272452464
620272627
183798759
928790107
1008647459
232911978
302369743
32118293
993224111
272189000
307290697
615329127
427435481
1014579508
15943285
306433715
813662984
577268712
494564532
208194204
1057183097
641777831
262800363
627406340
208039858
524272256
704802158
532617693
457707576
367296172
859350576
917155553
942669326
72781888
356738490
700196368
1073284635
625093826
750598737
137894544
15122325
243527367
863231147
556732214
632449587
353554597
851155568
1038198237
278553552
740325271
888684563
327008695
807339490
839853412
175049609
789164395
761411535
685086624
933132595
85570538
545142609
1028759695
789932248
929390305
764555533
386320531
693200196
320679737
34713997
787753926
412289118
640466080
851391004
45840202
220654471
393939192
534062559
958966525
425910121
677733077
55705538
895514096
321576380
226849604
717702241
499845705
739094538
1061753463
756531589
582458222
293370526
822469551
892469171
84712680
113574730
859690452
181540917
46809644
984635264
781053482
630421219
326204737
283141819
851950836
815465718
838631047
377682042
400240912
731883770
97554798
685589141
181131475
299473655
433293655
371374974
851629095
162359073
60946620
214601242
709298745
238874738
999782727
637202912
657634312
727667506
168429192
309438204
467557237
246638685
861915036
722419010
894463182
657798720
32764975
410496371
1053680079
809762952
86339829
657130691
198621147
917799315
967960924
642847788
948664895
602576329
407173177
419977068
206846787
1006458100
956200438
1058967567
789381797
606629035
221072028
861597364
743505043
125679549
809861622
523044497
966229036
563925324
213693676
842291906
769199011
733131
1046925683
540966577
656323815
713744275
858699203
227688178
495446171
360618346
55392563
276137941
394584194
1045532052
361000334
543599221
913347849
612062444
923222116
952032308
121151992
632120029
122667040
921795350
896953509
936983928
321402960
716494758
992493216
426222980
808133468
1025417580
765102924
224939627
598083460
762802299
506058037
452196862
357444647
722462593
644829366
513561376
122990463
626363199
730905540
130256721
658743198
189511189
888029677
1020658243
525923980
1055086277
236672856
648423836
894088939
380031584
787522664
558593926
663890472
485977273
919924371
396839590
501746022
708978051
594109334
168235931
163046485
620388450
911559989
563082956
200904545
177176835
264260449
267915094
608670475
164094134
891141194
173182241
570192436
971323394
233411542
729676314
408088991
372767020
817291860
339204004
509802116
374402845
332008279
890965427
401437725
735557847
1063028501
127526941
17908315
277883647
190194664
927948837
847934081
768300260
133134565
392133234
951399744
501193909
306109384
619612863
539583030
59248405
635475149
363604125
300787017
18598848
495358367
1016481114
428473830
871959297
183942848
211378715
12834697
172031153
950381871
497752763
752508236
207493668
602466613
625631855
731142578
713650461
781989862
332465340
174038955
565142598
813206361
407835947
625685895
490474930
356606949
10608181
847456690
237197535
719081812
623071742
492713581
942315030
272631452
466538462
1061836881
576393099
423333224
976274465
906773254
728574865
259313429
57002071
944629458
103304228
151959904
596825554
5451113
886689611
579452343
784443544
464346578
254778118
243635198
485213811
466579566
475414675
755742740
681307133
730595003
853748168
860090295
201462679
651771703
809794836
491061166
668893575
459176695
784210477
198111039
729026414
895986386
1284551
400949025
821280306
797035017
277129434
942764567
820653792
872692119
225232331
889471431
719653282
396444265
172779065
1009847595
118688326
141084787
264314663
149594595
259678841
830744839
347016042
863529335
640506247
906130841
1070420177
1000354865
456036095
294366979
791225709
802809487
502291986
12725696
1050748310
560729134
840525010
943440958
132868936
865847560
907254909
1067005470
238151426
832826962
866624532
216150332
291678127
237716881
698575906
602527774
408662930
70630175
731548715
99724404
28261386
574848328
678582169
419977456
765037772
957564643
893060092
447833017
70811024
370955977
836180798
458426719
709414503
47645151
1140018
488128758
1053345476
292093639
6699318
857324243
283887448
676643845
820564642
200751308
595443446
631053982
142805497
826704452
317624534
915547626
194694049
399713241
643806474
169238364
916353382
349314880
563502449
213047618
18719370
65857141
613224389
1073711680
788703852
331955763
185341573
612605662
658349345
790757011
368711805
105801897
382158951
714868625
305486153
572816283
131549371
710262467
645035119
300279975
488969631
93096005
743790378
105769541
554310112
500238859
181779783
205850602
274019278
335903621
293854328
709697493
1056142455
27184124
785416743
522822280
799930547
359686563
174034223
970257393
772746287
569541500
262540052
108585311
946075782
693260461
722311522
993730536
92685038
264834732
913443637
612573911
530604351
693026091
1030672009
408018268
495796856
1063407238
463431418
42383032
107628210
394230442
306669844
454461067
551486725
247619184
971027163
567553390
410139527
339836863
171999097
1042979411
988231244
193670291
551145911
378314617
531801461
936889903
408388548
648292268
948889188
714853602
144809385
37004201
331053053
922838348
601436500
366950365
849408068
176504069
90721076
39536880
413187217
446435673
36317370
110813151
1034937869
25318774
386790497
381238581
546431956
1024634424
82605000
145018015
860134810
801696589
372795666
99651374
394832300
257779297
671578145
900085406
651856758
384212999
771619352
464392596
723803873
668649525
1025320279
460524957
236541055
454572064
628653780
298108704
386260248
506567318
805445858
960857232
263423456
124829244
321621535
1025112966
1027788045
114470787
917181174
320823993
149438930
939958414
429395515
245574862
974308989
102399037
994296008
868895620
349596423
966292334
705086148
482578957
58091172
501654466
1053563143
624474079
10307764
750074271
1069978820
994052566
1061907052
712521157
14755726
162598736
678528353
25296695
975860432
1043549984
795904104
135230886
135986407
643509118
108619529
939692560
958447900
850643536
73122528
419546257
507588977
530101598
789061391
145055802
707325038
518048077
126817902
871018862
541755120
802589403
28238924
637405824
446561737
528925164
458935141
50632196
815067864
1065635456
573532410
18952692
504641513
36613191
329648639
986874044
50030063
101617151
521442015
836476608
1033654196
436088105
1046192900
182483697
915958050
449101270
493973058
1005123416
1025413497
124751116
360001528
233320308
146383479
690931081
928775878
127066006
525856400
195815775
11827050
840651989
459625081
691078731
1026506566
647266205
273206033
659893042
774653202
194566863
488561097
530349377
969068133
898168626
504939787
566980126
538654948
693065421
1050950994
891288662
908373826
1059277942
762441627
881451899
265570450
227210837
462257751
363620780
153682829
93827408
676599122
169714311
209379642
471811993
487745407
220576575
1011880963
40421527
78535531
145555157
53000155
505325787
522766837
949346917
41951814
206569007
193515180
590603818
264208266
222613937
247133185
244504720
556574233
874545069
797672345
706710920
600931870
66556225
734885895
181903388
910419411
502538937
985652484
577810184
674761608
565566352
595822836
738735411
993296632
218945475
382818876
134874010
305983016
552806276
258262565
204286905
884823602
83627916
326803580
12183894
579699643
745616219
333987614
808111859
58557497
771460931
856048651
26524878
252533028
739462810
988883732
1026196508
199607929
448188279
510471230
935145256
703631963
642727973
269230613
295951257
398095568
978351464
1064320475
812807719
69005582
661711657
353108845
590131252
462125556
903664929
187230707
1066335639
90340135
49146922
787317386
673374095
818336339
955215229
997653555
917138937
1028759952
276927078
434164084
598191442
987066827
472060253
485603485
526925479
1063718833
41868736
967617474
520383510
68507516
262814978
803442708
223834563
492119140
900614423
857115330
882968648
738915367
392550049
427340102
963011413
949967751
249861010
1063779800
128419066
133769400
803726246
371220230
191764234
251148715
460899324
495153304
877373925
130372450
983411862
670367910
421255593
129509627
1062955375
528012411
27004693
264277014
82908676
754273836
733582880
360395842
793745879
513644034
670812918
517688247
582763234
379723930
481175674
834326580
632057939
364023559
800716707
781893887
364170523
122271311
713046131
734036414
518038843
331714762
461832866
666279546
194758914
147971904
325130360
851761503
613710082
645089899
1002709971
733983872
775564962
375909404
566440415
993169890
273057253
819540806
705214880
294549929
807484936
1017219064
762632396
370647394
493013088
404915787
124979134
118087586
152146848
441483021
198400183
464492123
183085511
432805702
640160172
228054351
858826794
983310897
269126945
967136152
337013400
664221400
901800751
280572753
320357139
576059226
989336706
638557008
535391359
326951469
514283095
420316454
937203207
840165440
940086498
63014605
1035194355
457734235
324330037
124919138
325165241
1023614924
849488529
578587730
792817844
1018870142
588402516
508079531
929684618
753534984
1038962418
256383105
110083307
202072228
811236382
797612604
596610264
120301648
654923618
500718661
312481585
712972976
1010934374
239974886
719675763
134626209
540355251
670128025
416907876
407349395
489362394
328791521
905829504
727464566
1062399569
502976775
754045429
711676712
760399036
145874948
652999755
608859807
294273444
140563830
1000590379
470260825
436625497
248468930
1016236121
225303198
333871001
141922072
167972228
423563231
643812949
153504005
964096801
17802190
42496241
591533108
862315641
920747801
858397615
975737851
703320414
47341731
488784141
639539632
503123640
724214345
694883582
698423685
609370565
672802485
1067044975
301154958
991015733
741307336
299299648
338672114
517156939
1047118884
324360434
206949704
95849860
80521230
503518414
1023275333
891573972
614754693
313915516
621643364
982689433
965208984
110279708
324716382
314875004
743181324
501323361
783353775
1021542121
851357532
51214253
623774113
296251569
554425226
692997854
239820139
72638147
135982941
346179373
126795687
800182844
186075415
738185990
719744365
57522749
906144326
33182479
680246647
122398037
620256008
433356591
743895118
40027625
199898670
445786033
505059801
365895394
630678250
571411341
351404761
990131740
681125009
281291155
372051482
383159555
1038699827
942781631
291138557
189991997
909953365
655286329
221337369
302138141
915387080
969716907
603748264
119518363
939962195
528492860
513220049
392233813
252944507
247264146
46892909
1042445503
378911084
434446477
741902886
465971005
91252355
977866596
983365537
609482200
973499890
566641271
198093141
1049180609
255823006
145565099
42620056
280704747
1070784737
742147401
220229662
399008593
543640132
582484510
697687322
978049687
437356141
975288128
358609122
14473451
485337287
197378024
534960917
115176352
302789721
290003334
653711485
677652644
493002374
169261043
581168417
606217973
118171342
797880049
495436694
245776769
144575779
333482973
1001885987
991359807
776613144
937541190
921268854
566650715
411775729
736241746
701028727
1003531334
386594977
851666663
858991784
316819186
481093523
398751485
36114065
301880127
924278223
1023452638
81328697
129531617
189873286
263201045
991591092
621169979
1071925903
762863650
700577046
1057565175
225764826
483763743
546706855
645356260
268904459
812151829
849726059
830830548
1052768900
96242433
219993411
172087651
428428900
204225480
1011855424
438668695
1051617429
793946768
1031763290
1063052895
15588128
1033105325
988238804
618616463
955633552
115022467
753514515
780031324
1035865078
363142460
776829605
127813227
1011574705
540752934
477384971
118050207
172233653
191292845
356188249
962157837
730617853
728429249
868187226
236488867
721089289
803335296
367738175
313156033
916640193
441280420
142171817
396060525
671258949
637259659
304624253
786444342
205047002
801568759
376637858
182202329
307346586
847849394
1069003503
670235700
568408394
555375896
636793771
965985193
843479465
384873802
632500824
792576829
934554990
963475924
663422229
622679394
1040786611
783303895
614819849
630443204
696712067
966044220
271402279
903223518
388085397
716813310
761855755
119349155
823880973
648354320
726136221
580827307
78212346
1049013769
578658614
836078385
601097598
883527479
412439149
64381708
2078906
344868047
729329771
917461227
855211983
155707583
864249318
183653646
840304145
121561260
902571393
638890748
439474503
607175568
232512607
1059985008
572208881
857834411
510211851
681720742
274186332
386731811
504303653
96633210
738636373
909649012
855950095
104312969
289458253
769200776
671499703
259073726
631566626
827833832
830725314
905878811
898695962
977519485
200933403
525802629
652655603
807243035
822812225
766878630
339669334
380373137
646309301
515713291
966836066
501131830
259102444
293454712
58739986
551563923
437284605
386191341
518841338
479366568
214103702
259763155
239919233
1050201725
372619741
929110352
297783311
682161462
974756776
438929938
511105741
783852461
1060818146
238486033
562552753
221426353
764825948
618209198
443632463
259665032
107560726
981743176
1055659673
3194758
508905895
454354875
637612952
1068357347
899453063
323471743
82184191
911054686
1001948469
811370349
1010622500
968600437
324975335
123101620
153118398
558323444
20031964
917216068
132723940
683934627
595300235
705416493
77133785
551326132
358438519
285555095
118518027
437809497
193261509
147895043
1067931553
572130631
778450586
467917996
549949256
293136410
296554042
631761365
107800467
356447532
987851812
420366124
915080094
281564066
275107815
992417240
97889455
377972937
123611970
912486572
130509145
702338040
905032481
611283486
90195713
413445661
787288460
407842199
170421960
64622422
948211743
687982267
854615813
435429168
676709472
411933473
45016906
331148800
866655244
785583854
671977283
101957457
91762265
42239610
465415749
1044039747
302822994
706238282
439850443
312336263
648938256
294376526
342788400
66367485
418769439
411297348
207410444
318385620
554593893
587131071
538764900
614434911
585883129
699334123
807761353
456064493
631309061
83977833
323946531
390936294
1019589787
692362328
899477110
47000136
320445716
574516656
1057081405
755741632
256129138
633270386
76859062
629568710
730877029
163240304
237767579
1014685697
668992295
237187766
321795004
10411403
818929013
526202964
272460056
609043168
614192046
190086803
610604473
280799786
231652948
184980106
635277615
679203126
543360794
758044338
1011873809
440181671
662166643
937275257
988240338
543728447
747217011
110576757
305475871
1023083040
770174344
768940463
756335698
818030357
299413641
542981850
210401289
801558685
237211454
622012091
515493503
713927059
831505484
857294654
986430487
13593484
44099932
72375023
477974292
38001090
958173800
671174772
761405806
164545857
870953557
1041982903
704857484
371519019
468495131
419945004
649588112
198943791
702020754
157681125
260623666
456557115
800806401
704844497
1061459815
424225154
187205560
999710405
221578432
772228334
31631658
26798455
136610400
51209424
229209629
454712301
494764030
368388108
924198659
391839521
887030891
537377444
1046177875
651890951
986034091
815552670
26919190
614226944
410776708
421544432
127290348
297115173
682501158
177069685
1051278945
781741712
832747021
341230793
579705764
773291197
390486259
432165388
700347716
553849196
136574505
566761087
844975885
19064388
184504477
25741699
917688979
649987091
173495939
143556317
153735751
784874613
453896141
773615631
1020068442
682070564
130178504
1004655411
27621919
633095301
87814598
786751101
578384198
83739970
584401359
484336764
67594068
911033491
998101682
600046960
375038231
1046595570
258975664
93803893
559516942
767914058
770302948
421150151
605012651
1027447485
665372281
660502937
451098923
576737310
738330100
802252785
519044253
775125373
468798982
597466846
677472372
536745725
226680199
892305265
926083713
7768375
1019916988
522240814
824363593
853490724
966913397
288639648
136757898
118918223
769041347
945661678
766086227
274508360
584154257
412890426
446800335
161115651
989648984
715687673
362871711
60671019
957028245
208755644
1043662051
969864883
329096366
313732626
902160068
972282803
210022521
698584124
209012361
650675134
22857288
398587145
390066422
536335455
637874741
977990382
942798827
129876758
607267003
1015895338
435949671
648654756
359286301
159451995
437070979
977231001
155215171
688986552
870449521
644394535
931514123
778362446
95608473
616302619
443245672
826255282
319700778
555947833
239509893
125683100
883458180
865881482
470556865
815305344
419165035
307566620
504510046
444677646
529600058
438790451
251472216
471637529
759052267
664933570
79078170
729529346
79744724
125329945
327953849
259217935
331563904
368295565
743014640
128152383
784312677
744458679
141963239
898312561
722066938
356606761
448360922
637102715
519760869
734528043
658108308
414754351
932133169
1037063612
438884632
757369801
158707781
898779732
611816253
992021150
150395254
28319919
850424540
216967856
991689257
41120539
562471585
889262003
694396642
756256434
164608694
1029124546
606552911
294570717
491058963
226133623
784242095
537610076
213632993
761341014
270523868
1061465702
523953509
212971302
517873347
556934001
745606421
906830986
698728731
969299907
697801897
614578831
693331948
983497412
551009492
952467234
934588347
888668640
441304084
356432544
323676783
277230999
51650141
715693241
181554680
854722974
502899788
176076484
633817096
135766028
381334721
811315416
1059733982
217413850
115875794
860644502
27968749
125908461
455219433
686748864
515528683
197709280
1044254858
234557752
972568879
318652310
625682823
1295075
549210816
525848256
390672092
446069204
438294040
621602900
1054443046
211624179
578365080
450781628
1003487845
483106508
632882029
146080900
531564482
926476840
268738214
1062919240
1026162966
224480733
680887867
191216339
529481518
751125411
453781770
316690453
40088542
498709722
667386770
693101404
589600707
113666744
468786893
851515463
471041551
125913132
802748381
396271376
529677690
799281119
889174191
680582842
594139782
981482287
17538593
890466595
507237992
88974035
279330440
218929978
345318032
190553704
821193962
652819448
272695497
694717746
881228198
1073133101
22652759
779102782
249235161
605788306
424311758
67302312
587361981
592046878
350283882
781889060
426992713
841804072
79140143
394612972
904607526
217873191
642350253
312452780
324517049
996308431
683843362
705185748
146995208
489703171
183296342
429991016
786733210
428816497
35287764
763909099
789334391
235191678
708783399
457827001
1059002652
972684264
812517424
699382958
1021693589
443946847
203198506
471001013
473257627
328193197
385023462
889121947
985900939
18876210
644128262
717564281
369965737
540910570
69899382
995848977
565302145
107248418
748776750
1045330714
61540641
244168703
343160160
45221385
665036866
796781338
442010901
231205518
213978519
579954435
592244683
764142199
12985592
322286977
238918287
137147370
1052487563
825490880
190072778
1008634020
729892405
674166217
656778574
442478111
937885477
238291700
526730090
537994248
311605934
108054396
130825296
808873175
103043192
1039518696
693092006
627044008
660797762
671642777
768551596
1033088696
310423982
177714116
323603658
203729311
579484892
348585686
407295125
1038066020
303214938
562166070
260244300
320832117
113371664
792256349
767710384
941726427
70746797
241273815
510292517
1034140790
573951187
441580983
1040281535
1021714978
239484648
47163969
189468776
834592222
624136731
688537058
896420831
1044403418
159564071
483988627
146523049
196610174
462466515
358910696
142816253
410403277
481735883
1014170175
913969399
493136506
709338683
759220398
917530717
67541787
707891895
346263172
394563930
109300406
875925437
395298350
515979113
91089450
697475759
138510784
313066019
921862985
491268417
408544586
842662547
782866340
994007720
973464359
325500430
698279220
1064770050
58768324
1017841689
776188907
1019678553
856567728
617940555
691589173
937780051
809805519
381600164
609258761
885316834
295544566
790860202
266061551
95242323
548950620
870873093
331853283
142280318
758837442
850818970
849838836
307436349
812044923
926823411
808128692
966666070
30207468
674955038
97462828
353397475
118556211
133359396
728690242
227023806
161073948
796223670
16983961
904868184
1060888905
762004434
946947537
563498823
804353326
281067092
703512634
162810733
174563199
732547893
146855574
846371156
751236572
339802880
682620004
29347124
714788288
887911472
662358027
952834948
542942171
582059660
569369521
774017066
333571407
953482969
508536484
846100924
466476907
103246183
943120637
637060968
772502226
274252230
634991893
869214235
72114699
298239358
740890172
190341437
604286221
549492199
503752897
523768791
124389008
999287119
1030648965
775268372
810032677
448489834
390461046
696795821
571957697
260420598
920727222
670269683
751590916
256210493
44661961
481090506
314780187
94593934
633427945
331425768
260784853
9009092
161147122
334537690
962752276
8437938
494075891
780170532
110381379
635253564
508701815
515929526
444396255
300727563
758154772
798414139
115319527
654459482
387169693
894908938
977196059
753761814
185274663
477445490
943702022
421800262
742227790
298684847
965099297
159196468
886210800
920406668
272657118
56875746
946628641
979849307
35086330
636944223
111568470
573573316
936821143
717173328
155682639
776339083
523620610
580619289
143966709
463644346
818375926
796838856
721586200
792392772
572955983
311703942
884926860
904060235
538905810
166753825
217069147
904591304
436963423
343593110
875469654
882643478
341222584
932873259
744109842
870821235
95132502
14680387
860847202
691736903
54698676
403903291
1008106968
846819451
458781444
649407210
385969636
552875177
180727431
978829430
383906540
835648376
421071665
178000799
30620762
529752216
360785993
474523986
518611978
336984865
700716977
903989113
721551444
892361863
329240551
560184318
499567331
398892370
204079842
309254010
759101145
609274457
428717892
610528853
905564169
376118067
247831462
622305888
110491148
424454945
361603964
460009943
189086262
102169353
377046513
317358579
550793206
661465748
200684760
407688883
292767998
751535423
242217094
297967305
905147520
706122744
405814607
24491969
359963217
43482605
323261864
661576700
1048722074
449401580
666972087
566337595
849106514
237293313
1037942560
417877429
363145805
408624376
697763709
253305999
572387681
947862415
470874432
229685433
328000538
152422488
986701533
586949804
467749905
299404555
757307197
553528052
862471331
29136399
258398258
451667699
999927133
1033385831
615041614
773321374
150669397
186347538
27239050
477480442
361053985
974720778
858538847
62777087
238094855
300943145
537786873
862986714
920556231
469935523
999563079
140768401
372303202
452976871
666040570
489868542
590148392
251409313
593169923
311804613
374038765
981916359
652533506
592556602
647477813
1009821367
730092988
820601854
887679177
655931802
502870271
256715519
853903792
960100059
856007841
815124409
547976935
470595678
812762326
900115168
906754693
398104
202344196
609675243
628183506
902498426
508583254
985139585
673267781
254214455
963509127
170030200
291169717
21368535
20567002
68856130
84819186
156792797
455566071
323896141
840223671
247612860
764755656
32979870
135543315
369362286
1003267214
193550296
580797937
120213814
475788428
965107644
280653191
920717771
576667771
441794087
662866182
167303116
780415153
888435288
35424808
941800382
1021119402
807746451
946369174
95776973
198987711
656717267
480518115
533233854
75522194
645999545
1043779601
1053855796
533263822
457188232
68366783
319372941
408658030
921174026
79148849
324269510
934390840
790741442
297085338
691266357
614344016
1021521610
296058899
420060056
556316574
882896681
64296597
655843126
360053718
234553065
1030049105
124133342
636509143
493332896
164079350
1015976536
1070806685
677533542
155494297
598122605
553915140
289512626
211899184
1022739364
579087170
517714290
281287473
1012635132
355068754
947713421
442306990
986355115
838241111
759506862
899573022
786921882
960640211
932012551
651532765
345959930
702999995
909664902
672325373
298727035
519253770
41843243
190012150
807033744
145240712
881647063
227608343
252951111
60008396
829643787
754717132
194544501
441318843
690271587
1049220487
1070083122
425855781
934225986
405558776
259279428
880865904
92610851
461635355
763725800
228608371
298161184
470029001
135723301
217675409
757214013
984827507
644310420
10693928
1072797156
384075128
652501459
290029611
944105320
816633604
917103484
426628133
158909406
506733994
877131264
406694788
139676946
253417730
48517703
606434753
987598710
423805015
577856235
744435117
779282030
719783481
748804335
254696464
1073151803
264855407
870937915
634268874
509305051
896625309
237941946
528541322
875638164
852606372
669570289
771376199
822799081
437540096
709409153
284214900
1054217175
316478652
714134953
800424631
579014711
472063616
689526834
498565758
208202278
256522234
1016271523
285965718
997179792
773025540
700705071
175544370
841338323
82898407
263593517
687112216
943426884
713260975
202260132
276740961
243015745
225585051
297289135
634885223
990562850
122241694
998099407
16741696
740996350
646484483
578631573
118619915
399423327
154660909
143935121
776952861
1011279763
511270775
537285803
955507346
99398057
383620648
904730197
243349479
544588170
583909935
284576147
155770605
211441070
837486504
28870121
282652256
417211223
846562636
766193087
543943605
979509350
892855875
868605598
807283487
55053792
22455523
617061030
548511154
741837402
926443436
1021394693
381211852
191994670
22011265
944753785
761983086
516151041
389131049
947238796
390816283
838464806
1035921036
280655640
192964561
23105321
866572353
324379480
1030513981
381611898
119001285
121031441
994987758
1032750906
643927304
338722111
347962783
109923293
1029619470
1066506663
590103686
653148967
910274087
225916434
374012765
257404714
401141505
715506128
632122488
766391705
570834413
361276183
231227198
452359845
929213675
203654468
787291246
344419274
421001524
316379597
910342641
14344097
366108989
328128038
350736677
262263241
1041402126
316689245
482221566
766249888
444207169
683363691
738533006
915949899
1067452942
227653679
383581263
732955302
509748350
100726205
334319844
1048866596
630681901
932360819
63832502
470923388
644281449
740677483
16791467
549754340
1203086
248071571
190017963
897164299
312836569
254029116
115867840
797185546
960468776
17668555
579200678
976202658
697120871
973299048
819104281
749298400
544892025
472120398
921109289
1020790159
406151361
347974997
440726538
154617301
517903052
88461453
153245047
387690204
189030266
602427704
691948219
828012420
86590655
419161259
438650751
424181021
1008287671
606254557
634915338
58747136
648241740
580801812
918217935
84141720
1052794435
342272459
501594865
28680712
615125169
961967986
835303439
648398550
505811221
516629479
209511580
687484122
62132795
884342576
14933696
231414776
686751671
980885834
1072370321
139950204
379988940
772779645
46098927
501559760
473717785
414679898
989695650
212285208
645096537
642054421
907612697
1033964677
172121682
767266029
737499146
856185351
455577169
586008187
586986278
616981441
740326561
587373881
120001929
402816875
888706567
66027783
618645644
952994873
113528498
939128892
691872176
1064133299
913760998
591138638
1020808265
265391035
147326
1064166228
383974726
653441264
158073318
805587430
424094494
906660087
614376841
78667244
89759008
78852229
158624800
84888783
237946785
41337081
578593424
341492854
754612188
975855984
1007416542
738008330
850034551
722229038
1069863601
809319530
393282616
458674510
524462952
610979137
458288544
341747016
667719249
634241799
925909243
688495173
868700051
283910009
214534831
848962749
133583704
354627383
50050457
485773238
928207123
842670811
979621489
758501611
304587757
351471572
741563664
1056201674
580578709
33881624
728942800
851309247
342604049
978988021
119822460
788743846
184628712
994433059
894106770
291111258
357863124
965465810
331284175
689757864
812013282
908849899
717050783
136968441
551596460
82882404
492107206
571215224
521768920
1017353209
150069526
385465222
670234344
415926441
384959679
26649004
214852143
677883792
332980639
145698126
269142902
608908723
605871951
992439187
174074441
625679901
383870009
571296106
359280584
665098294
771256570
364868707
507823635
969732144
152769075
471260078
459381828
150813781
829542512
348103084
234782055
179039652
451724522
999683041
900684170
604317794
60261308
184423950
363803614
32726301
1047659255
91506765
1055231015
537249997
795482097
762079872
721235954
782639909
168293688
321996227
719623903
211376699
569908363
491371429
949621963
977909992
839400750
545250873
78689181
511687290
802761331
382935176
560215072
608158112
841610887
817401544
344568944
458078393
456266549
626360094
732607858
577667976
657216328
796038084
86216187
818622389
437685129
427517963
25566643
48755668
69848426
380520859
4826100
669532902
943714366
75365956
901717966
979205478
936533562
688498139
777195529
1061453583
395443306
70180339
439445327
334045787
461436572
792112381
393462753
186421030
679874174
130749473
998306899
283271995
308999709
1026976109
528471040
1055666668
293835110
282389757
138531910
609077408
738887609
573503362
179408855
316077813
340320190
658040332
851692119
413707832
498805806
729209386
875385253
181157497
907897216
600704902
941002935
28932008
903292365
879767741
717639062
339435951
5011030
786737906
434962547
1028242491
650726258
462759647
691012103
788334069
252517191
233318634
988233456
149602305
665973857
458090767
634800796
153135768
491180830
425529143
704821880
984487153
637082345
61879420
677125965
134329291
50260853
119386074
233483551
173530330
392354582
792215220
886150145
370036277
738137868
155553207
749109698
18025610
456140823
778902636
999298560
641733970
1027068539
989381779
972257805
921263554
349066140
860923157
204599154
227887632
383947724
920228877
129034898
978965076
381854861
454090685
863417348
430972039
719317685
231794292
675048450
705745087
405098175
555353213
321981490
611825401
197749908
497010106
579173475
534969381
225912253
1073322447
524376313
1055927158
528690347
143510530
1001660913
255269699
563478014
1069057039
740858498
1008266016
630175648
794055813
446795430
372046812
900143573
637643183
304715330
377432734
364389105
116520379
1045338978
1014193121
1048415453
361947200
734248310
939658893
269012418
691437306
713297996
941806580
902958865
378219217
800159918
125537781
56468508
668654735
359986733
830522611
723534934
814197142
682915963
846376147
269453316
796988990
884227700
613997664
364050813
171880098
470379236
179455247
1059685039
534944437
381569826
130583348
562344236
967908251
54355538
348419199
120898816
535474311
104448229
60059008
1049071218
757189000
229348310
668316839
515590726
873778464
676424939
302008445
538984835
151745817
904351695
992864282
763922515
989686225
1061040574
312955030
598154676
599825982
986610206
262364359
273870736
801152755
76572426
39307362
1071842748
786013808
165275646
28388125
277399306
182726780
686144890
23654132
1040797682
924475464
681490780
176389995
651205704
311572491
424556703
389199693
365501434
362665232
181002913
1010002800
333390384
295017855
903325481
108307947
1028129985
677817367
340468723
68302436
464044274
875598842
114343479
554247806
1054250896
245162283
235034184
606456324
243778792
272007926
388862703
850977468
14368738
408440684
50790257
666966573
818421560
340788567
907192459
522095914
350710833
324105074
897136792
487230415
881748194
544666887
285425865
388851303
319071316
769239882
298382297
290322992
875016650
782781385
80328274
499055633
685764242
775337119
377123617
509988764
505490087
741417815
682697846
964828757
722485713
462860564
579236819
309773790
615820795
334435054
283859869
182185569
68868381
1002446798
673448990
254011071
613801808
351295430
899733404
495721734
718524718
274615430
514981069
1032502616
341100806
949014032
814126911
973112127
945153801
226611558
771521327
664378574
724972613
913708600
330566022
42381914
832789876
968042657
423752055
93740199
839974308
27525966
507195904
938337465
897973392
779574846
840255508
402930484
804689364
685563508
676080199
148095502
1030192404
622329492
49807004
738686410
653303287
469216310
357645032
762548308
518449449
865464058
659999333
915796246
763597016
183641598
971466158
572042292
766408272
520117975
634043186
1018631915
483915402
410880253
720032793
168530200
820729953
629676266
339024533
756101124
329308455
511510136
832795305
536280155
99344108
327319168
158598620
255894651
992841131
167826839
338826174
576841600
561145968
662107204
878921181
183846688
275582841
647244127
682809380
182336390
202590672
953574712
178483229
1001102316
736232227
697152350
212849420
800763924
81036693
436124988
257104755
141960271
312822176
119209873
791726029
865349916
463156394
224578114
688552056
785414801
1034210868
886744790
226285329
990555053
365662936
440375844
559179030
611983420
257242697
621670376
770028608
1072691009
223449808
177481238
221857678
959203465
923938342
236288326
140479660
1036872653
911754250
561290969
838808343
377194905
86998800
818864824
697315530
812837545
840534513
495483787
17363798
217329942
501630577
183005128
946603439
339005768
771766691
765605833
390337857
