394707420
920091413
196265864
268711867
444616624
988676905
188170439
735686580
462215810
1058621884
835485523
38838918
104719767
160724251
897046390
705382199
547099319
612881384
442418698
935277913
308258877
1038491710
795041378
749937979
631440807
392729892
45267462
377302695
283478668
36555158
862610668
809602151
87101342
181024998
834610490
508074660
665156845
39505649
574357985
404584571
655199612
629806976
470638754
854557276
528324031
555547668
716818501
453572001
260724734
179254002
448893084
289559721
68150854
115786977
425983211
617406983
888396463
81353227
893294386
48162377
157147411
515313953
855490019
682492445
857013455
133793630
743473727
688554116
930914499
292368699
1031076580
279420427
873384614
861201833
306924208
706578206
50276275
118616910
369827532
112833470
578760604
360480251
66292792
197560787
880866201
175216247
752361267
182898870
482388070
639394040
46145986
276682595
357284359
283504206
1015902099
607887552
106401125
1041382711
518694248
843352770
478075518
894609218
616074656
907810148
945942889
581174031
730307161
828066179
35520625
547286502
511027750
930682923
472999427
908245100
614831698
330439508
352367414
1041842283
1005315299
772578902
390366794
982098208
293688924
175495729
116502219
791314164
506398853
563836829
584398663
308830593
405980220
799857258
295231419
622536939
461636730
520191055
692982378
93567108
1046118915
884270522
532401597
651815742
969326794
826343695
459035991
408307016
362609604
73426929
149391690
844049323
585942086
964503484
166572014
511560918
265392077
803663220
564530760
125138848
568369571
700537720
152796463
729248245
457051924
912465281
894600103
724514663
11206281
329050232
421072094
332670580
953172871
328993167
784719647
918242007
10380141
120366160
494326355
686964787
668370129
243974516
319378097
761899739
351462488
422554439
416615559
977358331
63252503
620898914
648373872
987020366
822428555
346895246
886399189
886347867
553157876
608197140
11856573
864416796
492420917
432754050
135719409
62771955
677703129
542420986
670333317
140052609
770460363
676614608
611186473
403871866
711622233
612231781
394903714
997745602
118608578
927726748
363822384
257661582
452972383
714367477
548116136
702054458
395226531
635740203
931409933
159235586
848014030
499233752
104501196
203785086
749377257
133942800
857924053
938869140
849409009
843778520
940201054
9082785
629323046
300515390
538542891
611290030
624846518
47306985
127710344
597101240
332197815
34607476
1040463422
921086383
43571880
307500033
82468459
674999792
275611391
1054899424
260128692
815488778
227567922
514636697
698165954
841953534
194838823
230025934
1067162363
974181834
758622290
1037311645
610138485
1041512451
16628391
419092839
71880376
634559252
474425000
298951464
682878218
124663048
698915074
420510898
961936664
38964758
123731474
490228236
44900093
882796690
213058856
446844698
902624752
978953607
147566680
730111443
987673043
514593403
761328053
517905244
841635824
827692414
375980979
72439055
132472586
978008822
803505817
241210446
277839633
173120907
659553573
42435929
552879902
879256992
571162408
727185833
572382181
545337821
799312948
724523451
17806036
889481464
180089560
431176773
284247383
415097537
690509118
692717290
336814761
1025983278
217446822
86664451
235548005
109814322
807362072
122580459
734780399
238156881
45960657
1025079839
681710025
12347993
1001651527
517348483
557666547
889151213
543993200
722794882
501669884
823953806
15375316
571879635
790664911
695988685
365865050
309741749
129727939
645131416
856227096
1039619549
200744789
181024998
796629810
723264047
547099319
1030820602
271649785
778555354
498662507
942017737
234854068
777141713
212945307
962551229
133078017
390221559
410049258
708438338
361193187
950253030
728954834
1001473361
658662534
164628337
696463201
770703227
793560029
675988589
128149417
932661874
1018806363
561563436
405415131
1013138709
892273866
905057497
731868656
269803225
632537512
732792535
834485470
527756958
718145020
937821233
23300654
203549778
791317601
669746798
778244003
695671861
281431766
590774586
923133609
578760604
219522411
275133081
598936863
224438089
436308232
746224592
963250716
429435273
449836396
122353433
974604281
204733823
395360886
833595043
855842485
801945077
1063446249
415495594
650757777
870495312
93379779
52690197
665560359
563419855
325859078
93926774
703617341
358012224
204847413
677159976
360739365
465418014
123044612
600987263
174020199
708080586
822523571
352463982
522212025
518729015
299132453
995203371
838605047
663632168
400196666
835735293
57861528
709242213
1039158989
114377430
806000057
436129791
999405924
625470128
495098607
846275388
123493120
813058719
1052985239
466474001
614650298
945609072
78728023
499389395
973006807
923094828
451869176
894609218
581039270
187798633
946185182
962484638
241779238
191041808
36629504
143578876
687152782
120786904
660788837
119011461
1066983227
818253581
390037886
272133840
305858630
355247335
69606744
420750829
745744866
823256091
302923205
222042359
485438325
677603833
269647954
835805291
642250812
167936873
136954194
249246873
276770982
72277457
266830970
849382441
456796074
400291472
595136209
244494622
639944329
34462866
305055240
582378158
634920518
676414904
235697441
832271559
516555852
501684877
835597608
139390127
997745663
567515962
413029818
936442541
643871252
834818275
434829403
304209220
865343031
644632010
3334377
742165304
606771664
1032742963
12673981
486943123
207147458
792937954
466224884
499868387
873467028
904523738
125030888
635773925
438858774
613347659
983045574
1045637148
163513098
420828818
263257707
691035280
563971018
104092411
128507221
832263869
536664004
792046903
1049440925
933644926
251983508
748852086
846255955
124741400
576599797
1003046114
60133224
576152189
85728077
239965730
538952172
413971576
998785237
103222273
861044691
1028100471
106141936
625045995
707675003
121528627
354315906
124552153
307611578
367616269
485517686
364009091
199115562
600639782
793384264
416046382
245221912
361354293
1052841310
42961871
715086586
398347879
434882885
333653277
778323216
344843903
107262084
563201811
29780027
132872138
215767833
183720319
400850797
166464797
208240640
304540547
623250763
581816095
1000141609
1023943979
515423882
203629185
550795433
126755250
798057523
208698071
322558399
533032586
547811407
514523458
917928051
866643988
167377134
739536103
534632012
16944668
259795583
694086047
428053851
104781637
334776028
926058416
1032560245
398958831
60183490
444817194
461738635
1033921831
235518437
339688535
25961305
1068895675
758622290
630462588
532601018
758844500
710209815
635997982
949039400
402358549
99663740
414721284
154293687
266868347
933426110
553861145
703488477
151835631
648732139
711742159
317650082
889339830
764934988
7232100
379545462
700446978
468297337
873573372
189587967
580431025
470339897
868708606
792708404
891068989
479573739
686915362
1039245504
320105421
772434020
917724207
857794716
719587648
812878223
330930317
1022500956
975670275
180927780
165518710
1003601357
610476312
820489711
59499356
30144000
818551848
900659980
98172270
202899606
471907100
483625459
746338725
249571349
499159384
343726274
199706500
436308232
270130167
457321734
408198145
958530327
347287241
815038139
52834537
40689647
351965296
743525716
980121918
794469562
704338732
475742736
68298689
1022175709
385991868
993062816
23353924
183468348
24389677
857924053
131372207
1023894655
993789782
652919728
369219344
999087724
388695554
852544834
332421062
790563049
541517696
512268911
85926879
822286325
860980054
44380299
318835835
1041966541
884969521
1069467768
1066537265
692353392
861893805
110651091
353593428
565144897
1012109053
845785229
137864582
316391116
655050604
719938865
130877179
592902507
599045067
1012839010
301573677
765592749
705919659
127589617
449319424
151287975
369659451
555147204
456796074
692430263
1057467216
1006797371
895839213
746682914
480182734
502637797
508461902
465459906
297141461
77072387
512071690
684545087
1066801086
163230401
596029198
7743883
703862044
560204414
122069642
512195542
692483531
577207726
770512278
756274334
296135787
459891290
211624468
767542096
840491986
644974585
207982473
181032479
23275598
362658263
262911475
650500017
942369996
938208176
886668158
895767774
2235374
516325892
281656321
937461203
282958387
861941307
545286685
757500761
865780276
971824231
911787839
533342832
550617178
650506289
437555296
924568713
118908528
126165849
472410535
1037016409
348247885
401293526
319965451
134950413
58571435
437324110
886044812
307434913
45828975
1035873357
130829699
659930669
68818355
566796369
231944287
971307590
116495534
954919573
603342484
226259469
493269237
468254239
504317291
7565319
165260424
648128676
16193156
583889434
295097888
89412435
730365210
608551533
431028467
390984891
949471942
242707604
567740460
529559612
181440033
933951788
30060481
493929492
973006807
131373328
210948033
237361503
844570401
1044636362
853375331
974099006
248903432
511057674
344711164
853920937
915726897
629873132
466439350
187870569
16255457
257544053
701040916
822464694
147570875
505556706
262714115
190977903
797213264
755569673
815168685
258911868
247702803
950787303
71163111
598003582
790977596
103618836
836267076
698227627
562009695
595455831
803258326
1026435413
783624418
351396373
259589995
552480734
690981207
539067892
609265027
99970272
681334045
203549778
982183397
285009348
859630521
632959730
155367990
984371248
992810252
550832597
108456613
421712639
257617842
360884615
283923527
554370249
738244341
585742918
783155487
273486336
101394578
100139117
831884816
909424679
381438048
1058880774
58029116
348932822
211560577
1049440925
203920710
628559211
278597037
474650671
721586521
329247200
350320116
683500950
96558325
191941896
1018265115
714684563
925271846
650533972
900260784
268271503
659205283
1035604451
167823717
258746890
1006921167
531900370
946235488
431753804
408577624
13318986
942787258
674278595
630680192
605756239
739503964
613265197
504584461
924513653
595342599
888980096
807254825
332833662
614726698
651710693
196603910
197419027
78923103
523884793
115836986
813681884
655248733
790158488
195466913
604564528
361193187
99972622
905568729
577884646
449081043
892938436
993627595
472410535
293804513
925987661
1058248668
29743174
913320935
256321577
118642475
180144993
919097734
471959569
465825238
975817266
728018037
1044098382
139602608
621259793
945640593
286285000
821810143
558595786
102648520
661405995
102594439
164627671
381341012
376609955
918859828
803301864
512847890
921480244
971218030
677874391
1041614627
163442254
43591454
41354523
14358285
1032222890
1031836494
469609581
34556523
707294471
938626422
870852168
1046612259
965002449
140985198
213314652
837940256
185622663
93596926
974612813
243740
32197975
71860708
422675604
864888877
181269324
345366161
294369049
394368217
40936325
208189934
1046118915
679975429
988365628
789661226
35508710
979934883
1022092429
97104650
1033834832
724944923
270026175
12923714
1028485427
804581941
790443172
627374171
162061035
402399388
474760519
400144269
502310489
1010353382
372554382
605423000
775774038
585651943
679205583
41784766
945184981
124063003
603116003
896054465
338832695
908867813
749998703
200872847
838980875
222310947
43720502
950234608
219887255
46922845
77475445
238822766
235476502
712362068
1048654128
640181393
791653476
1041849992
91986893
272579461
555445734
699310455
1016546171
99003991
497938262
841650689
536982424
849916443
840755614
54069350
975244427
995981810
8590356
22896001
661653867
840987694
830933933
212230525
379916473
862947042
469937240
356783358
348155367
294746229
59004516
426642790
539854439
868970883
305875857
674156597
768599956
469823224
938896498
231453075
555187633
814295672
403929322
657659244
44818339
305928569
489518246
730923411
166918636
286971406
986034235
95040523
430396377
704955159
687384216
538680224
268882083
762117674
689866614
357673421
225563994
724477784
923467807
253616002
311663089
172639889
160676172
978266363
762926995
470223982
981626038
16129109
63271593
72136048
784631952
137434431
37033582
589239781
787190749
168969008
690210488
159002589
981125184
829065442
466686615
141838686
119115833
1002766321
362546730
1027501012
536853130
260590430
366905963
241959997
59294865
126310446
832458953
1000054866
921346407
874546258
436446338
507900389
884133038
1036225868
1014402561
347072010
683507766
169799100
507658320
504049390
692483531
413292034
921153015
917644324
163711715
417156888
378669171
547718204
415307562
958705637
972827683
438941889
583401477
722298795
139446370
629916759
942933906
479698777
559132264
937222430
705863358
605749436
241913478
331673708
48550403
156927898
244636417
341223494
238085049
759842511
362057067
653362781
252519347
912109936
409402062
35550108
707292181
186383186
461665105
675297319
180419662
965256840
851957014
1045007417
197691283
862746324
194584617
378199110
515423882
381439841
851961083
419859280
1053861380
774697003
965770123
5850920
340850072
208328136
208923995
334236989
441388375
632103454
493391540
512873761
431709269
409864746
831497927
700333361
696091099
433911394
255494687
203330600
487432222
99063023
554380907
843407199
830529971
848746528
429603990
1063349509
224670798
737724519
481322771
771091271
678502107
594838540
633439370
742638957
222172845
510750585
695946596
1049595234
604955243
60073497
794078390
829613418
671781923
860142391
683063089
751263939
947676417
979232160
362520268
5635721
668074158
170987743
392713696
946120440
567485020
694092213
136118498
679242041
644873915
258006135
357127566
292635365
512873761
490896165
630850993
171441192
202943547
616178837
405288790
417219760
358865865
252959457
472643550
582828716
246655307
123452619
814384575
189395316
1022951468
138564292
654744260
763719819
87806772
376305576
238037590
228435160
215688476
808898728
120005121
941546388
802054093
724487725
978740434
866806382
432844085
194259439
260690321
812656909
807430607
372497630
283838033
920483177
233880705
1050493041
1051807178
198148797
707983147
380252673
3466235
503759180
967583152
311306002
551099369
159244330
92631639
707943381
486442908
614548247
1008088424
182768390
78094709
334594219
407727197
790804631
1024413376
499826682
754411189
143140965
569744009
550938958
439504188
195866115
656512000
222627952
415981145
372315754
479909287
990075846
251644288
850833788
892992620
808701882
243593412
475160050
779653081
611012798
890792789
111984231
1063472820
244578849
179254002
546432543
802824977
215015021
987579887
79301438
420956762
84918051
791050645
943736918
129705107
452870071
935230865
1073709656
111096418
446466977
540841022
165275866
483316081
101436790
347218128
127414246
76908722
437987179
123028693
320645
858810951
717942370
185700389
734155367
807887335
743525716
90961281
801688960
904002726
156049789
738621111
895839213
691739287
1001383693
230025934
418247382
773003995
351699166
572746433
78721839
961274820
505388867
462147766
565822786
358082437
795549195
359393510
64286155
156049789
706294766
677044094
872460103
334132413
91089369
978740434
113872271
151475301
227112336
207903546
604980020
410751490
563609136
611652779
701139447
171818455
144315648
43116539
823422132
617695196
482446941
163779104
266260938
798513696
860309487
261744475
603428221
131372207
1027251776
886326354
898383022
144945716
570043540
85926879
918243791
273406223
692483531
346901666
820657464
746852756
996672318
122120763
136477714
1024269579
939295267
665003101
920487290
578928037
154697865
1036690999
287629838
368335476
550931688
497202262
391703117
8939238
12099911
120559253
1049114904
9443234
1071971492
1045322512
778836450
457133400
182188728
958190996
688684588
496425343
481713512
161367910
848495320
491604730
1033080823
1041981403
19763151
458941051
275609560
672816226
394029360
960878561
436278028
1008833741
496546517
1055002450
746682914
1005403434
477274413
693085656
377343067
309053496
920126435
1003601357
75458651
909757115
992084729
994643565
827014062
417614257
839028687
383035933
450917465
431431126
32157892
39386838
939226380
458997020
852222505
648721847
542475896
633460727
32868339
422014950
204359584
900459212
663457027
731073133
504826214
813533734
362229705
690027554
614352027
788656150
137566098
216688419
36540780
193684795
981086778
566513737
226219556
166918636
329957725
291822837
118122938
480058664
349296736
374139949
181531614
168750993
566395067
209705528
792747528
4152875
504473319
258285547
761029592
5995202
175875665
951560100
907202325
177202157
12098772
904691224
603747938
913256356
171946501
412583485
208893791
74642627
664455290
626719667
1072686291
610256768
386013055
705038395
206720467
49025289
321415291
1035527868
142353106
696778915
91697818
826184760
619065706
85108793
930569404
553120353
550064166
140425638
758127552
205207413
896278667
8961052
484670701
540280456
826989802
691047206
829811594
1017316253
143064255
693444323
241438642
562439764
329495041
887940255
689765170
327814385
20273134
743960807
625686299
300075324
547846915
488045762
383382160
535579739
682466948
826650561
523944598
504861593
236003762
359933830
815346739
1008182024
1002102085
498127168
718380585
455493292
198351616
688670672
797643571
912314829
313629641
389305192
936825351
984337092
114497362
886044812
77136820
615908089
768599956
493317877
200580230
37644308
204641374
126645373
270792242
955464535
263367580
512195542
121827120
295946420
939234701
326335755
470176519
111580949
797816356
925929761
350136011
1034656647
748373963
615762586
691591880
841236134
818674028
90586104
457646940
402918773
851035842
555746690
288390201
155574563
249899394
972353308
939151427
950108524
426132837
618439429
939540270
727677654
250293536
894672625
551758456
280985844
727773032
384373317
427116631
324293535
983904032
907168215
349930571
74176279
232928421
170792681
203549778
439687479
399472322
785343779
213027021
73915766
1004075209
581908809
903717112
388102583
796769902
650585150
444047555
836787666
907431096
1002023851
529198167
18711404
108446762
250962589
114855470
760689629
490494289
280985844
1065091953
14966894
915991032
285618394
850365466
1011846581
977565618
249758209
449170563
680741747
577305021
477263387
256834527
142817389
838568126
237083380
862807522
872949214
816043217
20365770
589513549
470368642
83161214
616094492
10242348
255341094
90320320
875039214
413567555
418191174
870817151
331723406
87301341
669188613
507455397
519643115
882210123
596637539
688625933
189607538
271697456
166215798
386220496
511079181
781656712
393199664
497812792
109316261
22260046
219310345
648694231
252630137
850049338
595750447
254912357
614789806
713924995
461694039
318248901
66963385
1038843608
969583861
307341149
677464315
306362668
165343099
621259793
699010887
374422441
300677379
431913095
720974473
198832263
884476571
395741478
792307827
863185452
893190603
949060403
28012901
208207752
166316619
37518914
612745694
157672873
995273428
989251344
922322309
305906157
1062993969
737812445
722104103
494689518
1041382711
525453537
335051467
931008279
785647082
410395167
306342724
731283025
1038923986
400265947
474680078
778316023
111537664
7543863
871808230
882189440
37486214
845385214
74181345
902985906
1013472578
848922962
686812544
254962990
23793104
875145327
82110176
365763816
961387037
527563043
210038958
354832612
461463849
193818747
1024166494
205866966
424654940
1058273001
411824089
1059785611
679152573
951028932
311691275
819126951
365868708
949888828
221233045
461694039
227700595
41424364
437928657
508888516
904699318
810786646
257106548
190189410
956237518
255285216
58786274
1004317288
1008363231
752742735
976417662
623706731
927551800
201096430
897858441
461854759
148143119
49791824
411401087
240940919
256112859
950615683
1038324189
156017642
356566908
455035733
541917394
143080211
831089496
235001009
442041930
27779777
888019136
721878281
962352126
921612753
85386370
130010516
836078618
195701299
1021383426
570745186
61139712
919633865
129146010
194342888
824707744
870817151
63075440
550977458
651429299
1007195298
846977825
726575038
198342680
496631075
702441594
940542004
985587987
522002778
925649963
293506623
853011185
1012596195
636510493
1063225502
509400322
398762158
776350800
290757945
582173959
763719819
769737448
929354149
746309106
189996619
920841679
362556067
523844868
993637194
938693910
82919523
716971933
579584489
981086778
494394427
677025057
308845296
767735528
93364157
437073801
21085509
183689513
12637206
613728647
860384181
423651387
1070351604
646626093
712896662
152186192
1069603869
5534613
641259427
825585097
895757735
815058943
116973317
903264018
640192007
350367928
1040505592
495513345
470512957
1061579064
748088934
605595847
158601584
229714026
377402395
148440392
896283242
78706466
421180513
801285905
567590269
704420888
1634801
755175993
566620576
354692852
1037851405
903264018
988365628
692455740
31837877
606306900
604455057
16439804
627863769
7556900
325309580
583942903
655504936
295212422
199155538
227700595
77729498
485362542
393955923
889815627
590598868
205832229
1057862177
814113979
955615498
922098607
871963940
562944934
289192862
59306587
413795339
766823629
836907219
932640485
848030052
83408061
762395006
290697548
602501172
149556639
189037607
313964188
393089301
601080443
384939140
736267386
179214981
349506550
1055002450
306175443
413376166
181902610
202934116
187192861
661299315
4837841
657905894
267449784
293399549
760689629
197438101
344356742
322473773
689453068
8166281
223198751
969756394
149388914
1023245311
114155286
385420719
1002871313
258950283
331086801
202605884
774225566
964576699
381965576
225995489
944658700
551921319
465924225
409607641
205866966
340501897
61823010
780800168
771257409
714726067
505203447
436446338
314178041
967460141
530570584
262732415
410011871
86067803
691739287
25961305
843388697
296923756
1021383426
1055182120
391098591
141668878
972164080
2019103
333741192
1029190322
563282958
833228929
174736820
240776833
10320945
1055440802
31980450
85514448
677807520
305885178
199362786
590598868
798780488
816629783
90294790
3817530
1003639810
753868468
794922259
412262369
515313434
241160842
108932108
802193969
1061556631
1003611704
735985500
105817621
747096805
58917869
826779281
857252247
677545630
703654640
974099006
198838599
976126623
354429812
330801558
753250506
571487565
859630521
240790963
648920035
711584797
643296425
986868715
532299693
16829921
684957016
780168653
350902621
78638646
218144933
506619478
759180404
865166916
289883307
230025934
737527573
478308343
196000875
861769984
820089298
140829150
168969008
122364292
102789102
952546608
69398636
96386091
670705107
148440392
1068070631
288143212
251247955
264078687
130867952
231991877
905157064
999437347
31266732
319791899
157655661
1049440925
303725943
773592264
972464713
704202995
508395398
484250354
929681551
98292211
425987465
651971088
787931902
387334246
949631216
1013818151
15533569
322640655
449151631
1021518735
412459010
465418014
571946164
200288630
221243475
1055068409
1042948822
803623362
466387828
793193612
1050919531
811781935
157573935
239701549
837966021
273423416
888945692
354362646
351087557
147206996
90985165
236290515
764187293
458941051
970219142
850514169
167953413
67949806
862602800
1027634992
43987606
771149694
118080128
373883222
93584952
398517098
816678674
940919564
1067168734
1073005565
117627168
655804351
227978538
194799322
48983030
281087739
502086390
907532643
37286826
415082337
626803759
1002582762
837034774
469823224
270521203
288902035
583401477
1069949221
746841103
1068929125
490053188
819201523
895368570
586178834
785103009
758467013
378425938
250879800
925924232
119903165
414228767
281941163
229575249
41591071
234002049
571950960
492788342
10641753
929047860
449703771
1049066413
799170694
705018994
442698382
566129721
722133684
282871778
915158061
226468132
515840420
458948640
503775369
174943059
673625557
82559283
176060539
940739039
391791848
51373073
778332423
790488805
626003346
664360564
828533855
1053190956
21690556
268359151
917644324
805437704
362556067
779375891
312305271
52362649
306920541
967981205
505333586
221539805
381164506
507872845
917644324
866238445
327115956
618687984
462145176
129113120
945162272
688882745
866068010
813385222
644465367
461375594
515962894
879607326
929354149
201417326
877125198
829074212
332912502
282312554
167423667
394707420
373946282
405899393
497275212
441034512
949046180
208964335
929118414
923761622
548356088
339774
170807364
430449229
231080509
656003244
726703959
639410713
810576236
330275117
703326518
877304498
574558864
677703129
666064105
317016838
318789458
182551086
107265962
691154277
472722599
1048406334
1055107668
828518900
938965100
991221280
664676280
656070795
486210054
928614851
876765521
211388818
294227657
845064860
630952700
1040113513
1045094944
1036082174
272579461
416202501
515935574
90299766
539579407
757592165
683507766
936281785
829435284
311649490
1071736735
174994807
427009149
226082557
342084898
582206495
598461238
454998273
708541245
50154898
797733762
561273047
261989507
498517233
347399432
851004857
40283283
528145820
203920710
610664889
748981407
348348706
1001396937
870105814
783782494
409010429
385242190
942379056
990526117
961901841
95640721
227772329
471445401
249919163
977445484
674186486
124629515
704787538
656723775
308737198
1031788920
8538848
606668064
331323633
1051003161
971106472
399765768
954044639
615295979
959330639
202675465
247372570
461878529
143033132
223289852
490053188
294641866
807189885
99625127
374980138
132076186
513594500
995428458
302224119
576785943
147587879
745864017
290697548
828595279
254882973
9704136
954693227
1028170282
475742736
918237539
495463288
631674831
1042549563
923416209
174827223
292396905
338890250
226052250
461738635
142576175
621589342
78600096
44684714
999070509
854409393
605717306
654470169
147587879
748926891
868332320
681011932
441702682
438157353
236698014
19315542
556019579
258637972
922596015
901004169
660690614
98116273
736851956
538354807
636383356
1071566038
659553573
835629842
1056099060
372879516
682817467
995426855
1057067318
883269260
128166190
676215624
929354149
888515213
125721182
778742515
1052079879
418526386
908545664
999509347
288367703
1024682427
10623152
837747550
282566564
842917417
544595378
563862874
971106472
781925760
920264165
870388520
224250277
54298526
422200905
41300659
287440635
864569584
906714666
340170449
730348669
1044480751
348920286
594182350
136856128
405615058
258468458
658442048
657233807
95916557
968035041
803314718
828377997
409888353
28989288
189738384
750280001
479759058
793764518
878173145
363290281
558813765
56066343
402446418
110310756
376069259
474707295
242908526
1050919531
680490690
610697274
46832843
509033697
538079828
48225352
183156876
848459609
473457807
426163858
1012041696
595136209
276075279
1015548801
348122853
147938097
683153781
852222505
538918372
60145545
55914832
1492805
674363937
203920710
480985741
1069983616
396225781
491828991
919296300
653407287
426728160
455679726
386672065
180514838
919746152
493977729
325832885
787847513
914680737
111475207
44839568
241403016
64918534
687182847
876625123
207508242
615455277
594435415
146980007
255716323
600951393
565614105
646626093
900677159
96408189
343823178
507900389
685459190
1042402567
1059104682
220848752
466387828
448782555
894133124
1056398284
439627206
371762684
377347752
115070939
786781470
292298360
15533569
246827904
399329476
638209237
604425162
168524006
55046369
715247593
331744689
955238550
224900236
435761895
97913033
405195482
382680746
178886316
555147204
677800090
582996057
844280116
481106434
771325872
433402820
282614481
1023658239
494828463
493929492
459655953
752186719
404243398
332383070
1070812490
402885042
256979990
402331883
276142028
486350666
636666734
6799017
752887574
124687627
591814853
185823505
1046437713
603823093
904521142
360682257
150601530
604373008
494591251
523491999
596104509
1072809117
1070529986
483961394
381965576
649972923
401139296
827692414
254465295
605811541
755859067
534797382
817365624
82110176
1040951064
978245011
789993330
550368957
721418189
27586689
1000685729
690712785
432271620
107890873
874267526
575959765
273902641
492111789
694272563
822635496
646312869
1012879169
382333298
297577978
991371697
572875713
995657917
705697954
1065364423
814113979
805054523
681578953
477390332
112833470
217666823
235387680
836250456
150538155
947828325
291600083
245352861
793744775
766434789
844696603
571562176
956826543
288332663
486384104
360131640
549437927
971640037
946305623
21263151
146845812
331323633
944557240
772032238
969740773
1061501566
687109053
373101609
706447294
280647257
419599215
327314735
51494540
648920035
460402943
74582784
95599477
910708546
936026614
361893512
119629957
818993360
25308137
647481011
738589497
547245855
787761240
635271595
901315358
822727863
365270808
780089275
550776448
926917186
14979383
630506900
676370351
639376469
268710877
873745268
144982537
404407874
94497097
745295276
1018673196
652027630
914158834
256696026
464263880
457646940
163296168
847681350
74449485
373363488
605294798
578770998
1019601855
991101837
487566156
247203578
723543438
59288610
920137473
931624876
375024865
885004186
562542438
519777358
157270761
927829186
503167521
687379278
619120692
803623362
752457049
135027948
402358549
428274136
59004516
893704057
660879720
53523905
144762788
430739309
649636422
395986687
943799018
588218566
813616476
333530189
243496025
110651091
428972494
852421231
839949435
412006619
69868347
323943441
622731746
292164128
724983269
305488549
922088835
68482370
600951393
512566604
662560223
494551917
234634384
85297213
943493140
406601883
817680401
818551848
383618908
351079955
1001846607
603959075
684385462
13485027
909437309
56616311
635052087
405615058
152886833
631871548
89359445
348296966
73021165
283021589
264585812
14921073
363819101
778133585
797874775
429404227
838080454
1051275672
181465323
905372138
418409761
472231294
627903227
558130483
763764492
620982824
474650671
750955274
983045574
136757541
986013971
351301716
306389142
506756238
443497734
446249240
632982610
230910702
434035801
442999605
275685019
962584185
998529726
494262212
750947564
290289099
89359445
740838005
403395856
758111866
305379910
566341970
955645063
967491685
22906303
401388178
617210491
112995231
900551203
1069852661
321497678
548063121
1008479193
1017781071
527326105
860397727
1066140350
829966436
32048544
381296311
685504604
869199846
473395275
858763911
630630826
495541371
586272925
363624741
981608106
174194051
861377515
600214602
378569392
889320205
904523738
114747253
1069467768
719587648
882210123
477215063
181015789
1036082174
253290089
782768845
608197140
764884960
119590136
176143330
61979233
312115795
580170773
219050432
218428375
625159297
583022962
917925784
268979422
9030980
559941184
1001003221
387191975
461227512
234028126
917954979
845413964
393948524
925098300
258978112
663636392
1005450092
265651947
408906724
90230680
234218471
127330123
776774946
803189918
98459697
820537296
47861162
65925092
442133995
959145777
880478385
627903227
205721200
152885198
476340755
444188506
687877717
212159933
936655104
57861528
838742312
267580940
550083079
298137288
331763468
49791824
205310224
41300659
285168049
304110778
873715017
844442715
17574019
299906530
608290033
657225338
509428654
68618335
504004378
902143141
683333904
625045995
760693303
290703620
987959128
455153811
282808061
370441927
518396387
668021011
625470128
182922382
212373268
771919093
715444448
958590751
361193187
272701673
612175263
330542981
623222881
713242106
932807294
812290256
579871534
831873734
671626633
83012005
523871523
7751533
956021354
1037539864
5943928
270858457
219079382
140016837
92169979
248622946
127580184
434195101
287650375
787478095
117311197
512172166
1040640694
1018219626
629479952
1066114466
200872847
975232851
746383837
724523451
579232075
424767392
377417614
681896792
382483082
792150035
552414854
983822058
534876106
64157468
87634358
551372655
584253030
1020358658
607304873
513107328
430514229
78343606
669586902
526461707
671022410
161410383
87329901
403565247
473755776
578396786
324479289
730447671
401212588
970605869
747751154
307285342
690177436
1032222890
571340121
850422378
560446491
210712648
420192956
866776429
786767390
234002049
448893084
484464072
858901018
685400060
1060376589
95303825
608181225
737242208
84946853
306064994
835735293
9546977
744639675
340901674
243681985
582249783
868905213
112397352
738318617
283182900
939757696
1011977140
788621228
748218174
734857225
491363241
570365135
845400312
797862860
672713016
280582846
717720422
744172701
1070523675
729548437
872851652
864810255
248191962
68183159
1034268172
928876971
45638613
763129272
1022262941
718813699
652124686
898543240
449270722
138343474
166139695
405258476
329549216
926462702
431929811
686233790
409370639
908592513
1052655778
521708095
820657464
354466975
913930460
1000398009
483409111
99985406
160408724
715340760
465371570
496513763
983078374
424450094
311306002
196375409
539770840
910525013
422194466
16439804
85564973
899875727
574404156
322504174
766328079
557307782
625977826
487354373
1069467768
477629629
293525575
687469306
636208927
866272749
512850721
217714687
631280668
202541547
846383885
3418519
108948640
971254566
142256599
763719819
438016073
577626957
149408845
86521268
136376348
510381741
291366301
323675701
616737164
928709326
792003649
518517731
526594394
986459925
965927239
564966877
294178328
707675003
208240640
1023691523
284510018
385907732
872362619
742391017
568910725
26667927
184742050
327792612
175433082
151838981
415557204
436306439
957339457
30056749
270024921
426674351
118059444
842065224
600628731
366166989
83293932
716610469
134594274
883861125
821556085
646286312
805208683
1057859675
925421553
883259148
152588050
225995489
379969398
123274716
483842644
122542022
158394719
104115691
1064852962
544463572
756209962
233830603
659604989
847082420
752079116
305257856
704338732
441148684
388482372
462837585
927089976
21758751
991359391
968363143
168033271
94510883
254912357
250832561
713006897
821333236
714786367
679152573
792853541
547631641
941337992
34483425
44818339
577383430
192388060
1005361481
126311724
1061703536
397660141
333687522
789292928
254012746
660748828
939002412
110074453
475152491
403351904
682209882
862850057
268757550
71060639
1054794479
620732566
1004528698
161023116
57510764
499533464
570043540
975238089
860870163
112517467
1029984430
271770666
92793176
925008636
358633203
607848912
956497117
706324198
1067162363
741423614
290864537
966198475
236006095
469998040
78217196
139439553
776651344
143033132
571584642
1000003030
457595397
898573961
365698237
477325464
457351573
186356210
327899055
539513374
735927540
981834572
354466975
905621188
617918072
552578417
777701985
150770039
324484386
79386339
984417733
1043914484
940753780
533628513
208364455
928424120
1022742765
854307466
732611277
713282248
497636008
653762684
689083391
562822431
181726813
826039970
687088589
678508484
807807077
1007821700
308737198
539125163
134091706
342111934
383754916
754371180
527340093
554746522
377486857
384907061
608458700
623877963
882582090
871200127
28815861
402473897
1036882929
725892326
516270588
122175988
782513086
288828603
148319583
690903901
649695320
838388864
930597069
895580136
114427832
643429580
492054260
683230366
888967379
238685243
892992620
500872171
50210783
749420403
711622233
701547558
730445959
818533295
937575102
613410949
434195101
487040846
123373270
886341933
431107455
669890237
470972174
462331213
131158712
688493151
263517343
961397709
756397326
305548446
286522935
153622670
716787087
974099006
499233752
585522823
112593335
792708404
1060184998
950234608
563529745
613221939
384095647
790977596
873539304
810212656
730879984
521307268
127973101
1035036667
786900822
603892237
351322444
286472062
343792239
695601462
383288595
460171178
1067924394
194386940
893729322
352925559
966179789
979005544
720958577
576825354
803301864
209480510
399089371
1030458895
522348043
313337278
914158834
183834648
969126498
1000885159
712708609
757429170
982098208
491177749
468307288
526190664
464199017
257106548
698313393
362148405
518013600
371480014
49831679
484536532
765073741
614831698
233484402
23198776
99837308
225065576
720671903
626719667
360712264
583518459
794545004
576395503
205545646
137644151
421110281
1020189495
547846915
1011760396
891930249
724487725
848341557
716974821
427535445
555689876
571364525
240776833
535620014
497644049
673825793
295315979
504239417
211245259
1023751629
393199664
35334560
243974516
987216857
404407874
392476256
193979129
404517780
54671991
79497611
174997426
823879272
124063003
980642705
442442226
72638461
1040951064
662182838
203495278
432258480
226219556
507910700
70159887
730083706
413311461
851818690
376366548
357952735
179192429
421064460
996685155
339670161
554145950
205788047
908830604
893344963
587133139
586001989
993262996
521916761
813830559
178675214
609542783
678651104
365200651
346837347
297597034
857138977
572498118
636974992
764564092
829299452
859840604
418034843
125745596
7028737
1060656370
689990854
188696021
413073950
178182439
1053301795
654064672
174078986
790875642
930653598
700397655
45649614
685005845
776591749
728073718
209484997
516563928
488492128
162174779
501592141
658449642
1052668114
495103085
433056555
85541341
135486309
934540144
346951558
515501213
167953413
324538166
352274834
209349534
498510918
786900822
846449828
475083375
828371514
749966553
72339982
648105314
450507113
856108341
961450676
487972142
919641211
736086088
337545335
904089288
1041900804
1068735253
881724936
876159695
937077555
1007864165
178886503
903559718
964193166
195423756
492788670
304855323
313548377
2392076
709223623
1062356615
946159460
470318494
764259925
593316072
243030368
440992702
724840237
87809731
608197140
308968233
577201868
840255014
393089301
460171178
932520383
627204310
536142494
943363709
663828057
365748728
43714716
732124067
769035698
1067244159
284279484
71547044
1013798087
1035275528
63959223
349186514
420504049
130625354
756394334
560416530
179584499
539190104
986358915
564211340
786486951
472410535
90794581
865817575
899056160
310891244
929504333
1057241286
412393115
4413918
216922256
499600355
987005255
881815342
623833393
1061660844
925036768
326924326
105832065
223951311
204523286
1051174536
121528627
561271405
68618335
270204708
472368935
30584208
109653725
770703227
799811528
301039824
931499093
43721076
571384197
944313087
1022895293
394940855
260378555
707095976
481416636
737821146
685959217
312900773
181726813
71651253
1072734262
308885340
626568098
573907312
227035225
120456864
453892647
87126815
634412516
771042591
803863436
978729016
102494112
69807759
269116151
307434913
215860653
349765392
216700054
44813077
739536103
587563748
387106304
904089288
1030813019
120048651
30378513
909833209
563073136
627582459
246276519
313629641
23414533
1023658239
13148303
981298575
945937668
63959223
122374747
492026296
959147954
556615436
760014224
138352376
670145613
80261187
814849012
109511060
805808041
930416751
120555070
648105314
705903200
147126242
823995413
860976789
973708486
805595843
727495665
878783325
49357488
454340183
219501830
411610414
171786096
783865331
710131882
698535767
938008322
681536452
327540050
211528646
583026149
981670355
300216736
434425187
452665111
275433818
501436152
832315914
323660437
236006514
583104107
1053861380
691254421
920762156
965656709
391138990
142576175
1015416624
1002732067
585945045
569773521
295154559
778360159
559652076
712752807
409891537
353532414
288564876
226308824
520853759
378249486
936393670
578007745
968091095
943743265
146014123
790448532
193866193
125030888
460535840
388808035
1041800487
860927578
313125256
86114006
645608944
58412771
460792323
472710574
991318006
516289506
301355647
421542641
1017817093
476976355
364507992
1043486290
391466083
862767799
1036225868
821555937
1003028626
237628597
370911271
40221442
365895510
797838657
720803069
775794865
54545717
862985531
924636224
861466204
814854676
3079437
162794125
478707157
653993366
849874588
876789951
316960033
180642077
377792856
416049267
1037133112
506833483
140903607
1021171469
469343305
218543538
405435783
300528659
873825316
658734147
51899392
1051013226
591470171
327851025
598293567
797377326
869640930
434009629
538672043
203888112
74073322
461694039
228165579
54545717
394413004
316345465
870882928
722548181
540861431
316279688
496899905
423240620
313804151
266534121
365227235
588337106
272271436
6799017
755859067
11163239
871983989
644552889
110993241
694262888
823717638
603021279
1016099599
796630153
249806581
634493051
444622284
814221275
915911644
739412518
19762936
71547044
1041512451
130722048
1067381875
644444276
388222872
44746608
93737992
753198690
991318006
731954758
362463602
258977916
402351422
537772487
603360042
772775379
443940748
38713374
617922053
317005686
742165304
773813648
881204471
1017565345
895360528
670062754
80336191
472730138
742305447
708606571
302969060
656373374
1064383505
554057232
707239571
461465143
652919728
1024171089
512966833
710724855
190257230
149586322
1049387390
811731946
743927063
937578378
282643249
526856444
315857004
149388914
713096993
93331730
102494112
617981887
968271525
587525292
135658288
11527045
682598541
966198475
437987179
1018744781
948077575
89827254
607758286
967866796
787444424
854186424
1023987213
691574001
401676231
199181072
755273008
650842854
668919894
938012952
668319972
766916659
252630137
356419271
321639328
503931964
248584643
692379026
744036018
513897284
599755995
578179446
848411516
600279088
128680180
646173157
211344167
793155371
93631303
9844515
500059596
21837954
683529130
31781419
902965212
596619427
1060124603
424045893
684704162
836439101
276075279
778754861
89359445
549622433
100793796
738288086
682878218
909621225
377792856
944944321
84727365
857516425
288203935
720284103
81020495
64286155
350488694
966628525
254962084
712762410
1069713310
814572
191998121
786206228
121646061
688960064
876656191
968224060
190702657
190237456
851377991
1021383426
793155371
742757863
4264607
606054372
16520283
360375864
307663981
503116097
637125650
908177050
735985500
935572040
350488694
753842014
870224505
926275308
271337853
324019306
75469601
932344353
499783277
442363987
691825510
865389170
730076497
1016301424
791653476
98963585
206825915
371581610
982281313
88977389
207534815
43720502
184305813
939710387
627536415
157511387
912327507
15031430
146870129
19763151
824337511
1041614627
886962529
535212108
403384817
995768242
850456324
173435994
406685633
327291274
522561357
986381997
558917304
872129955
995174909
427012003
405161440
749723458
632513434
198410489
237057806
317209415
343529191
521255725
534713264
50513682
928854040
691004850
752904213
651352952
701139447
704207902
700658685
956053205
126755250
567899249
694082906
603069127
270340657
706495404
805977718
531313657
927367648
695884779
670082758
489113682
906472885
441501935
382858653
942868413
1019941510
673625557
88142161
837713754
824947177
520104948
253329257
666035370
414780628
155119033
1005315299
287006671
366809546
413482745
416063667
315337476
226542760
1005314737
126929174
719545612
577245288
707852944
173062321
1054837105
611071065
768872021
262428751
648494073
704174251
59299319
291775075
56568928
937825989
265436204
577357805
765767119
599789939
944944321
126604172
555127680
223478704
494977630
722880775
985643294
1030792806
190624381
768415776
549006939
105486585
280490738
346751193
464770690
685787311
89041621
226565985
124687627
149125802
747303175
899961393
565556647
928403980
86268779
22775070
821539933
152429004
611925425
763096080
171132706
42662490
1010722749
365276312
175018578
748666743
969526359
470690642
870036112
482106604
415479259
250454963
77223577
333823024
20319583
488031978
637259153
66049979
119308101
794154655
1001969722
296011945
809107041
498340627
64911124
238680163
841603558
501507033
3267573
862755035
119851127
508271864
178515664
717076210
364640099
827250380
16424926
673383945
347447228
944200647
58477693
477701818
272433917
685005845
63370928
40805603
95723159
879380732
313975554
299976224
468027382
730582195
466403348
970083602
751422784
934895604
376170055
90639964
488626358
696324976
698031412
798025393
905064751
803424087
577736459
894461784
849835317
973392423
841724803
156391260
793981756
557990694
936949103
19655258
471959569
479278056
375594704
935323525
676473738
885696987
56080015
423913713
403565247
843251923
998776920
911259503
872757649
298847863
976119049
525235012
866643988
857874164
124063003
23965150
686713537
932970914
422510882
687993448
833859253
367344146
59780309
633221855
83830641
1037673331
704498826
224679708
846369274
259018650
895360528
525309399
63880286
347442582
99658023
3844743
773710785
166659498
45267462
440217581
605274153
877426430
798025393
852752718
943963370
419997021
645987674
482434622
694086047
807089412
410567202
829513940
381233555
269182178
998696736
397352836
597024450
173622770
1037986693
814806907
150179676
705863358
836497348
994238117
1020175658
160879247
1041614903
1067532795
33985424
170742047
798973083
831123893
1086920
220432841
390988992
7497024
974604281
66503965
248701735
138352376
287629838
585049104
247144767
169638120
598826463
57266355
258517649
73316614
977131856
472358651
330383516
678680243
305956289
33679310
390655147
444907790
307303940
1001189307
128827797
389356724
330542981
535987008
942912360
733989366
200872847
72559911
815178413
458363942
795352592
490494289
150589927
780342365
835485523
54846652
424242557
837390712
272643376
419584397
121206586
714426351
1061406106
657869005
179607268
332971483
475264786
231101113
759118970
221015022
526738262
516790455
755438265
290772685
915911644
454621506
944996799
266228337
183717565
1028249674
895220264
571040421
11614623
920091413
847504116
675912558
940941093
458398879
964244980
457321734
392122158
361671566
829186950
287143941
366780544
417939923
271661262
784617063
605294798
787011802
148871187
1015748747
447160380
615315303
403923692
236640049
24101151
343529191
180550454
208893791
895998499
924513653
1060875255
70999804
699395097
225968619
483238284
881446809
500938106
129278011
949490483
479759058
437060655
657786289
872199655
126165849
376087981
492605049
47737302
608450699
688882745
105795046
419757318
676283071
847082420
296974429
1026297989
586333934
731693858
702752104
621255514
839683159
369719800
687384216
418876434
282369390
680468316
861723773
527423253
82780420
1029890347
981381216
189249187
152591256
1002273365
1035805441
647111106
924280118
635227008
11483998
938550265
440992702
626591011
476290761
752601357
397066778
996672318
605381327
780772587
189673662
808067701
180089560
462410854
962690561
1019364724
277604867
980340128
448499104
369827532
1929451
884197670
1055002450
60813227
912101058
1040670245
938550265
1001521342
885026119
172898864
613866465
50392274
80431636
227192539
223407375
227503104
919798956
541677145
309755857
785217627
117471727
498067984
940102984
964485643
379539966
215565713
209705528
366607753
220557503
828066179
383936115
677073302
159939957
323255979
511945808
851377991
866996102
984017923
392556620
169131533
347202797
385505495
748981407
68854785
748532735
469399921
988049236
516871054
746852756
426163858
66554280
559617003
1046562934
963477698
644632010
726318684
144977676
915297673
585199221
17742788
228553354
59909600
749269382
953661936
13378548
929903846
393286147
767291036
691127595
979885196
63880286
71163111
515935912
498053604
71241548
430642834
116715210
633736630
566272637
814392111
278577339
439816631
483020411
897858441
609539610
847592643
626784056
933919492
453942437
194269579
43695282
406724494
1033050545
959896475
36873521
1023832630
770866101
694502362
971927618
867192440
126958697
1069341890
986660675
249501747
601916277
758634301
729235617
99063023
431272719
763074790
116055082
981588780
46780150
39897806
687203343
596104509
948657863
108403503
547598426
887028499
577888059
290714283
884199324
405708279
684957016
72439055
37757594
753198690
106094928
64030222
983105782
144460943
347428958
787847513
637994320
168211388
903294032
670082244
472604017
623116900
831520750
998868975
241900794
544854170
998868975
654284104
214187903
88247446
127076325
713242106
294746229
866091610
106352642
711886679
889729357
923416209
591377896
413094582
463279898
204074152
810390994
196886461
667411653
736658485
244838777
238156881
953077105
324484386
646173157
571416759
600214602
529559612
76121174
756726933
942416529
112058228
612721727
243740328
845577403
929354149
913746914
789226509
256565063
581646345
675491856
211560577
674054531
144643818
247485016
176755897
726339495
85151991
350652891
96567155
731868656
338555062
314765266
1029980194
539102958
150370498
461810470
354429812
998868975
246494329
571347865
37972439
518323816
127414246
492651532
404013021
209805600
798808802
1071284166
604373008
991471896
61866205
69972601
859291515
1024957286
341440968
244854902
599369761
566248465
557981093
788486500
838080454
573208290
898573961
257514602
661939850
240604588
845361220
53422832
547646924
996685155
944063550
715353351
863771721
507455397
838339220
827126570
112191462
464573402
146782752
376366548
390655147
1030820602
84948982
256258400
96010072
437724412
170149180
473496243
800499421
734437342
972068174
608604945
548659642
299081444
682492445
711225191
457682857
711622233
899291580
775162440
410074132
849490757
836313574
391381559
912719716
652027630
193478868
1028603766
375126695
824258560
343163939
368236639
402730164
651179973
582307028
506330549
891830516
678513875
933426110
990714652
91016832
453823871
556510955
558362686
420532157
503254519
486488408
1039478790
571960972
596104509
648624568
310508270
678981246
528450447
412091744
987020366
420115255
680292296
218806977
939505147
47861162
289449571
450985032
486571283
415445952
616396972
858980901
962493326
667199669
736241759
359269504
868625588
77664523
714362111
509281817
752986378
1001425129
768045289
536679813
380252673
1071652766
667199669
583248242
473395275
705439624
246818759
601290284
607758286
208923995
850157904
808795667
1023345882
618630621
623963968
102341304
831170265
464369412
557960739
277701949
942999088
743683838
833731146
426210612
854484111
543314573
539488507
262035286
955309965
571739599
105283704
425003670
791754756
1067436262
916996597
642751415
684227490
600811038
1042402567
276940058
1026426511
762394635
672950884
337352509
846369274
711066589
49357488
128827797
404205926
338896806
15143504
722548181
312090222
1061474555
11344884
1015827381
162942232
899275258
951560100
405708279
474650671
426639499
512654109
269240307
205941584
274905051
229714026
427359376
423794102
397441743
802923425
93276833
102338340
493414565
108088898
437285833
698535767
1057372715
126560206
289146496
273322198
365276312
780003003
255395444
401653488
599242280
118534528
734512594
270344944
863648787
735729276
382333298
952796379
859415641
291288672
302993063
178188592
243423624
926292349
150053508
588601208
999604146
326924326
671242819
71168203
600755531
34285847
187192861
130461830
128075407
18859879
41340997
636117047
82245375
379513841
363290281
1055600752
179705670
980616860
515019524
943954333
585635215
1061474555
700537720
703969446
464978873
416273905
66365982
883423569
279413348
954565282
1039260507
359926958
957693106
437524874
794393183
863679654
481868258
173438647
235827540
426740122
431186481
218231357
1013445580
354007522
573375171
520853759
725315667
564501972
90230680
831948137
753523476
463026093
617147699
943632616
110633008
388718190
36666182
760067838
775958543
96825889
243491412
843487549
293942470
157787820
537277275
955354121
811010144
939895711
709401448
1045620004
154064015
956506192
43081769
925791213
921153015
438915437
894685787
803971637
600237141
420971969
591360646
195466913
495256420
875803089
237628597
162793393
103618836
518311250
634857905
317307999
655822347
738170342
126495621
364882463
364519944
401820738
731514070
860976789
160207216
302738387
795090421
860997406
116821885
566620576
294087771
528203136
924868446
296854663
196160417
1023187868
354832612
102879155
418247823
236739909
1026194143
206351925
317587365
276331113
665211915
984871209
474506893
162292167
949792641
907431096
616289577
126495621
660364155
1001391321
690298029
298023580
572578379
321902889
862384259
535949637
603477506
229032485
114295483
588156961
212451543
57972389
975817444
964339756
891801399
727880978
70901643
633657104
362748355
322504174
585199221
755631928
891561434
27723618
58641016
584007022
147264091
408784506
208887633
205368626
803623362
570257463
106534546
1026719795
249166329
597524288
582354545
683319717
911815190
463956749
606668064
963495488
921153015
656474953
58412771
951592496
678679888
853525686
908245100
924752565
345829322
922899075
959405335
223921157
914106882
926223445
976826453
226279033
1071537013
396824210
886527433
575959765
91683006
352559939
710209815
485721234
826039970
497522393
402893789
631212895
459520611
446249240
678712796
161574284
648012964
495798231
156345247
519464873
293072484
965288729
445843534
706578206
103752165
100028310
808323335
910655061
1010349024
796716865
386013055
326551592
275777658
54846652
531858345
469119652
419181868
404013021
985452523
268613092
711681875
1070812490
47578716
599596152
397200177
867532879
841117986
376325833
745567150
596104509
377417614
508059699
560800033
586664368
479873740
1007997269
256258400
343580906
283274378
68618296
285635263
49857709
337617963
831456891
386767569
830297969
421542641
510394688
112049475
643196158
742992923
288646397
758414260
577739143
1010569258
392752615
482352031
831831292
939745950
100237648
682209882
578806208
852509507
1036760074
114951536
543366636
370847094
504620136
685611389
694092213
395911110
325394106
1003057966
45638586
657905894
664671324
216593175
318876820
900318281
157247663
763960950
636833634
914502742
735801330
277971921
38105518
285902757
1022207361
205866966
168707106
1024219386
304237104
83122395
419265199
92805923
950035471
437920428
912133825
854169704
631916865
392466492
104017064
974641468
4465141
740387146
739387043
445265875
262539174
508949003
317893798
174328098
80945409
1026241276
784571587
200744789
971807891
183537568
846505818
19134026
25961305
1046118915
360164950
811471110
213641161
776243981
126969336
989954956
23094994
685787311
889672388
811731946
653661892
172490862
499859171
564530760
263923540
923677574
402893789
1015976295
893792588
987552093
1023587135
154498650
392122158
304871897
716114330
441507056
975038334
768914590
796463323
571946164
593959628
92591978
647303146
419266489
8477830
734281896
940235459
340043931
117953626
858291982
284294193
56996242
15025829
401148928
748157907
349556772
633915106
1026815054
550011845
548726366
451757749
123321213
553824296
395915939
571416759
197688118
643555781
277477708
672915324
137124914
954255601
307758175
565119518
229905414
1044776157
767051680
986381997
416894979
597794196
360015599
665211915
606386911
268271503
299225491
459251487
212669671
476404601
357136103
1007433731
484554181
236017486
799901197
384967111
658523872
213641161
115016055
186161273
240226296
521255725
955238550
177174106
373363488
970434897
645285987
57266355
757617191
125745596
294024449
236943792
207603853
337891860
247233382
249093509
669439711
1056367203
712718679
1001319599
86769818
717343972
603909872
794519190
116121190
790134834
116104295
336600473
228435160
268697588
155671099
212948380
321440464
354279084
179308635
910441833
144087291
525051425
484905071
692567901
908726617
862053822
746852756
422496653
256233844
835119996
548126021
982497984
724069666
569633314
778471294
988741368
787680708
706447294
13972952
599474695
970746024
267726958
618236839
688071801
390051245
421180513
743619711
744814864
211377481
554474811
458419177
528761040
9729307
436129791
705578614
641293742
891561434
538439498
73173137
477331045
131113341
418268138
64425068
1009330899
1004519099
837940256
1046060041
912799947
274489230
194354204
1057742059
118429096
597156922
522471321
647133627
546653125
598141398
52168848
691804655
350711130
248042705
863917199
871831367
640979733
288055206
87641011
571919575
269229323
975244427
901471878
430200394
914504228
342951141
402000758
175418154
398987627
96231569
285437174
233195592
1036091372
990135536
698524513
468907494
123044901
272142295
952382894
57298022
349217532
260647188
568519778
626579481
888980096
778555354
627466424
129727939
1012227171
27500692
138304239
436639840
474877784
124649814
341093262
307748638
735029024
284207734
704207902
263055634
908592513
40675432
864332204
551758456
432963008
980642705
282396325
8139740
797377326
383544884
85297213
127891461
42811464
791653476
158771464
565648842
502069023
576291185
297765386
425701097
924723690
1033534647
433236304
897671722
919354110
687886152
896278667
891830516
107869776
151879202
764569499
126958697
538672043
846836301
673383945
465464880
772815991
456495056
354289645
943721232
709734256
359550325
740164880
587563748
29050634
183546575
932710457
1023023339
654977531
565500697
989767028
650345872
591921849
853379842
240844217
83380795
881362298
75781414
64820641
953238008
975301194
88372155
456796074
841172861
105557452
73173137
175843989
400469865
830829591
13524871
39897806
290697548
998879792
395049753
777339037
77472671
40289095
394042371
959077433
336876049
473074945
979170959
157961836
467448100
1046694195
571946164
595958430
81885480
1020134425
711066589
230733622
302327782
230617223
390449018
293707791
465534423
773967353
492888465
1072674374
744622774
1046612259
792467216
206163511
209721636
104323643
24391118
301297550
330794012
406224053
135789789
63434287
1004922697
312631746
164392364
953205350
834269697
557307782
276999981
658782914
863819933
341388568
406987786
860589108
433157130
891628767
608711644
538035720
708271230
942751887
875960524
389278496
123582163
569953740
614936459
1001558549
417156888
237833538
517190979
683337495
225643869
87762065
524636525
360361635
500265328
893186967
935265757
609099721
612897849
40122858
143685062
513605065
963706934
727168782
498909540
400179914
108323752
560800033
557990694
700901308
991781048
598153746
815726848
593835205
181126669
451914252
1058148395
740117213
245955278
110801496
248906524
144982537
379075217
946120440
588584295
292533392
649204942
668997023
578738403
562009695
778181908
610576876
732244452
161313318
221243475
747470127
515846239
728073718
158250836
668005597
840238333
992940798
360061038
873947306
171746877
1040153159
363749496
775622054
608465048
578369463
472089718
269526244
552680651
341388568
583714833
531643388
901551878
484888613
93926774
497765801
34869880
773429652
521630370
668835113
271703872
171843282
1026297989
26349685
1049098197
357949337
860134609
538096214
213149300
786620322
523225825
893032243
915991032
125030888
759321125
1055087573
505230214
122751731
27993694
744814864
560747377
719630414
783317268
571416759
662294936
835586428
890046161
614017506
673768562
227393620
433582264
443148899
227012346
209062026
379539966
734155367
1066547664
237156674
306978467
739206616
612937314
142813690
821394058
192056757
718813699
167929262
155019012
668095540
927760372
172914361
367937612
830505601
947758761
356698606
503278542
715353903
565344674
911141755
593400809
267028853
886888253
236804778
606771664
1014402561
949471942
1063211887
661776432
387502644
638648393
428171336
517833428
649596760
487586427
223163567
175072525
499868387
154339789
348489910
681710025
758612181
482075077
844379638
198410489
213149300
59482662
789662959
726484478
209074711
186383186
802054093
427164909
565921660
1068113583
1042108539
656318801
299064350
743770403
670734492
309786388
645431875
791903111
738758960
306357092
774019176
519304721
621685143
117443980
68090818
831456891
814150294
553474447
147163047
432083813
727495665
147234450
835417839
32463295
244522550
776755141
583164207
178426939
563503366
726066421
14506692
952068295
999789836
550766232
102338340
720865154
1004519099
506540688
609875442
806429571
637442075
954025574
344356742
520068026
320814405
169094142
584173207
283408479
244860362
240266054
110376061
784631952
414050245
1033471656
153451336
23300654
76450226
321079625
690210488
250377765
748927871
231840159
1067013677
538781192
114674895
389767445
64434013
540668622
712362068
965139888
228792367
605381327
923344754
129218737
882127189
662592157
521682266
463538951
808878383
631326914
773429652
639851249
761759660
798775510
462147766
831497927
32609032
383862148
653452415
53110682
478944274
138823265
624891547
293697836
123373270
933286954
720860111
615991855
944660217
712708609
83049147
732011370
718036446
18457817
54767382
339774
11930941
1045119588
626053555
314351188
565886818
1023222013
65889049
577802588
896352013
41749498
448050398
722968231
441460704
1055600752
585509210
151812736
736682159
580431025
664152689
591470171
131185167
1062479069
697603218
343596100
746914437
1071845451
850240634
691556822
823125970
256376231
134594274
398579312
890379738
1063587054
482724149
325543104
738318617
292626970
796286261
617183589
53995993
252938975
707692854
699511177
795744029
680468316
703969446
684512016
839655011
867892186
519244283
930978735
494977630
721267198
212852321
767695276
1042232928
191334664
776388911
576940729
508832540
692567901
791777332
727326046
329758982
544022549
367344146
889856082
929966130
848495320
1015706118
468566530
284758151
893329428
305604771
902530496
243079554
391048051
1039809861
218184718
294704139
682833481
149848991
179214981
296711824
335974549
235392127
291040946
643273763
630573832
209516498
626568098
49513423
815309714
622145180
614810890
274517624
1039704114
323829930
702187964
425987465
118800124
1065181862
1072072762
695093604
289353668
36666182
76170651
836389373
132373743
426001932
933640642
738725089
931469275
193185489
218231357
462406534
957432300
968781233
583773714
167403947
1034362834
767194654
391048051
399219516
400850797
924733704
335016069
1009270423
948105402
300528659
552890829
343411940
725302274
654064672
745295276
661607743
756223009
860709034
186027512
239624723
50210783
1024733382
902032447
971807891
201817525
925036768
303165540
430744938
297261518
230739034
222881656
227139673
504620136
1008957616
534794227
286192102
275774749
132228080
706059719
995235893
817680401
770794591
443585411
433745696
433157130
362835828
947431480
525464473
599474695
712428586
522355009
487977814
617523061
696712868
268864146
175216247
368335476
5504726
85710209
405935259
654413228
457536186
66580039
721674842
68412109
81871554
896352013
859348219
514730178
819696051
190624381
762306265
516871054
906181591
816629783
717635050
452684758
688219060
835129527
1038214283
51514142
525130570
416426754
849757156
904699318
389712307
876188883
185774769
85407517
416991921
75465200
846594637
517652955
448873962
1062043170
604105616
981930824
223483407
957220241
443750040
209349534
888968838
621064757
661642772
334421073
126317968
458822438
246142905
875747310
38218602
922734285
709393406
784453165
170492951
412021958
133033927
588139915
565774397
17536215
1037320304
571416759
486047697
1029864056
37046677
1069054170
762485551
971218030
885405338
889890106
1046017820
706664238
710164544
204123992
814244368
129967270
497221936
847681350
749966553
403522253
224250277
1015561109
730014188
58473096
870852168
901933054
714118708
174194051
611290030
632537512
337555839
364640099
641473084
695981653
363264714
821825267
149355412
773899999
846227837
933402565
460756940
212323100
357209187
915307858
1027634992
370648866
458069606
384847359
641511607
521776539
359952550
226565985
430072936
896054465
125386076
679975429
787954392
824450318
1055440802
389767445
710824282
340176472
490716231
295212422
1024540665
50237509
464770690
34429742
932970914
796667258
1005169011
1070594610
365040571
987673043
218724835
369334875
328977643
901180388
383959640
889565179
23359762
707865196
780342365
472722599
929086673
127411664
798025393
508395398
367837269
694084089
805251706
990231001
457321734
508818296
914992245
262435274
1014221475
636208927
608078842
1002692996
755273008
379952538
713504954
677846209
85416443
42850042
554015716
972440672
455240091
241471362
356931121
799658436
877763584
842798506
659988145
627003796
527587847
459035991
421064460
141838686
1044529919
421249049
299213867
801011490
813616476
339702029
1002015857
350522165
425691732
565822786
654933701
603207742
891312249
153498671
1001935754
901904598
629146848
836491130
338256562
637246807
935042849
827669471
178853645
628767079
752326870
141668878
406987786
1045191856
714711404
341440968
182768390
714891604
362205760
16147794
703617341
653154411
340128687
747746825
317834366
517325502
714186110
6407659
736638451
348007083
293506623
1035527439
80207128
78008025
232452007
303707289
759500248
548957093
546653125
573441621
55970619
451609098
786206228
261138349
614810890
401148928
942181996
268750006
430889844
81885480
304435874
122074105
840562312
226468132
910011070
1035527868
511235457
907202325
602509924
745841584
795380292
1032864665
172817788
298372519
892960061
236006095
255667866
772533672
196623925
105528987
90097983
1064451099
356698606
377523784
534999575
119339041
834289700
661272675
522886136
207391122
918859828
854288115
1048617348
594911876
660828424
806917169
465461852
204681356
52321410
798274868
589252216
896734290
103909025
925098300
421712639
741958376
437127835
99658023
920981627
938723291
308176073
68042294
459345870
766102105
933556775
1036460256
733496096
383862148
516297486
62252123
715060961
79024618
122865031
338478720
441881202
576620220
105070274
477325464
598786372
578125344
825901640
728500508
287611159
703720863
457029890
417841017
570745186
572504142
85386370
883111599
585796219
808608198
830805474
395519351
565886818
224949247
792186280
740371170
446183046
501737836
802824977
903162938
277184143
1046110216
376424266
240006662
1001756922
404918985
421778909
392488275
395460820
250454487
945825978
644741557
927202308
429391951
500002758
560121677
390244188
748205857
1041961187
173438647
978749974
616634657
20258506
250531563
404013021
739126213
26146288
285190916
839110182
339434940
832097562
504879356
679205583
249655869
753788577
317097435
535511899
343055126
779273003
708195352
703654640
1043236405
789097042
869640930
873741541
266784702
524742604
362615549
401293526
64209050
806152800
339526424
877426430
354977062
558013619
556606869
61866205
482823670
504494708
487611581
188850295
851961083
999203678
837608553
842390349
992102470
570224161
559965215
610262627
357127566
635600988
1010780141
133129794
43485535
269986104
1060975992
280582846
967088729
165343099
463931483
129153823
232621977
547245855
275998041
952546608
766102105
995267830
217002850
572779765
65150071
737736326
682758220
1026886945
227043709
446466977
873441200
876117326
1059825812
875590986
903102273
781152714
521030076
685504466
857742534
754627532
985731470
593364343
572779765
714139573
688625933
609442669
40064229
239940105
929392671
869729956
821558755
1039614589
819598188
902994604
3817530
1038057131
426219783
340865807
1023723948
400469865
806526054
286095400
233012086
128963819
1023272986
512566604
76044958
749149596
15012559
843675083
178083671
451415718
762306265
79314413
391358192
298125675
647005737
528097181
843358931
573192341
101489172
631280668
609062422
5504726
368716178
692455740
437442882
31055736
693864307
298454723
1014141109
439844022
450818401
978740434
89074882
189132812
534166782
209559141
672705207
611271647
257485150
369774774
981930824
246912501
892982371
64905701
229496476
555445734
717481362
122553088
52570673
334206676
888540560
871831304
318824411
548623723
862248186
959694021
389562888
751560410
872972787
744792760
856696194
628839021
119033551
602067561
1002233336
952046573
249806581
987673043
657708055
569559308
228180968
550172442
378731843
1017957822
109557513
1062124934
596145330
98922859
54608577
371289485
543202896
814540366
1023894655
686038093
929261710
108403503
889151213
1013888463
416670110
877363525
430929060
451953692
852020830
224250277
522306958
901603005
405222696
4093932
34374225
568552924
123505473
1008899364
612888342
1027501012
320664622
459345870
358173270
409757907
299064350
1052309093
486442908
25764650
630571550
343324454
655086728
132378798
127710344
772859661
396824210
718586511
479404546
409757907
940235459
906146330
135146196
871743199
695392661
350911231
236290515
602509924
902566021
971218030
349916233
168024938
938869140
924562711
204359584
759321125
136051690
143503814
203994584
236046751
718765467
153622641
1046695265
498783297
149652019
227700595
886924778
746929536
21914352
260596494
730879984
566595277
722394815
776389469
235351020
938723291
375920850
551683495
467723290
538542891
941320785
767122716
26349685
303521610
738693835
880710204
519764505
436004439
861837176
803598146
938831917
744540181
171101134
715653609
727966316
996072530
277839633
360375864
826184760
461825430
229769012
338832695
349186514
428008103
469482877
362835828
528593420
965005763
380902255
328171845
199199433
33396385
737495047
132299487
980084708
451660265
21321666
252014354
549892033
915975957
177560095
548292931
920981627
640985581
600951393
1028346660
529097537
205362703
653832427
110839860
352464652
226082557
556654586
104663486
789953069
556433269
822167496
24772165
93364157
284860758
686038093
667980818
100069755
479168387
62620416
379703508
286111892
489620955
249624763
811660814
370908669
554598500
695431827
319376610
156680037
190813358
750215833
31781419
842152787
1017703456
85710209
144977676
211390454
514808245
690589867
323834974
390346732
420115255
818502456
305423260
394875061
359509594
227139673
819389158
754664934
807362072
1054130914
538402125
930693116
658880997
655050604
505929789
429005165
97611215
362031535
936627048
277013133
45389652
466660585
513193885
799857258
346644763
1019804612
643555781
469937240
92613947
626561027
29971330
212962469
503006664
711886679
1014431912
1020292045
549006939
161200444
321497678
499868387
434707536
715848671
848495320
984343948
773357694
382463702
733294918
139399322
926190152
823879272
416063667
979710468
144178523
37033582
113151309
420828818
101436790
625322293
1042457887
1058239030
621578516
401940578
1068476630
249075521
169257304
704330529
51450100
894133124
833731146
351079955
577271381
482564890
54528239
156927898
685013463
175464805
1004501090
545137939
431824915
257588530
732182143
742784782
535495163
3817530
892674902
141855191
127593207
559467287
966597973
578007745
181465323
288406603
154339789
595268105
980036689
998529726
211417624
78240867
835298043
437442882
97260030
355252039
707264310
747899506
204192207
522086121
539992317
1036646886
273070990
657000502
669550977
118534528
394922866
648546180
535422184
611308153
747096805
676405985
273698385
1060124603
859647559
470176519
475302955
383535643
912649125
828371514
209697878
382850850
1067879474
438941889
376440075
70473801
244854902
987454557
93331730
960501951
171345710
303988649
825209490
211401084
178515664
794746385
661594789
9815588
460421535
815346739
134773930
653724515
886829555
274153441
1010276426
1023519115
376305576
410175388
429672599
274355997
756567965
789661226
525971282
130025754
306721351
917855113
38875640
705395011
354128295
804977825
173003199
182578592
833802920
305055240
600628731
159506973
675083227
893679233
29686439
1062342579
659988145
126755250
687063177
587516984
1046693909
809609527
303281497
42819326
82213830
344356742
652621063
162612392
98324947
1072435832
482106604
393730578
650822894
716532761
148315823
972164080
182558955
595644686
1036796491
274655068
950516384
906966895
743525716
1004361010
20022669
538122322
23490598
6673413
1046310946
243426818
1052785921
365267879
147711330
581341443
180642077
438246339
310827115
988614288
927108862
136293669
147566680
348472688
62716317
390086938
920501653
1062141979
856852642
272805715
938568457
248701735
639410713
144244101
956053205
500386426
662972403
297712244
332055477
636989927
749444427
328674272
793656817
42193763
1045906393
526856444
893679233
13524871
606176756
299906530
56152201
991677206
218709157
281834147
541002168
669146131
333334949
351783173
171101134
834275592
592902507
847082420
320480529
92093036
410672006
551764566
893294386
273070990
875960524
597051714
1034432769
833020578
976346519
34682788
125866539
619907781
489909178
70873974
68510981
451402003
351269979
1067635318
846119447
699773922
637239821
75751780
169822232
814787308
671783593
836954311
242117880
249402994
125234585
667366563
296729203
373774792
373366329
284207734
486635385
412893028
947783738
992102470
646961419
5710137
717882297
825420741
529452159
199115562
739693037
372168341
845795565
431824915
526348537
424119687
40675432
828371514
603552051
441689487
1014402561
199418149
972793261
511795971
246142905
940241369
575327465
556903054
1034581966
25367772
312226750
850036561
37486214
584536731
470512957
255583865
741566702
394277209
130633646
242334655
66516765
399157012
682876764
373986120
501468780
696233904
33092512
891110907
5375521
728951397
870113857
371499008
972801951
171716198
23300654
709262726
597438924
246888307
949257799
1061912094
231728732
306175443
442323383
889815627
623265439
651616680
683193717
332663077
946656276
470512957
403565247
149815483
266830970
748088934
643480194
130769143
966700633
890897261
85710209
749874780
463366301
1037100443
633865598
1023222013
245599843
306978467
68431077
628144409
12741346
677846209
834379941
776394666
792669365
889815627
339018955
490384881
439844022
282369390
437500502
531372821
1051215854
768870768
294475330
437585364
862088341
580299264
989954956
944381381
447686870
1073476475
471298322
332828950
224276135
234186153
104637581
776807876
176833371
981247942
631239258
391934835
439837557
742217648
136998346
629323046
171829019
138347605
676702136
851957014
192130258
176727541
212852321
33679310
804251175
709638716
927667695
496978394
1061225122
1052067761
373774792
583702711
619218710
720974473
212373268
899056160
3605760
71829662
507470555
825766058
386672065
68412109
756455084
189020778
660052420
638658231
147613593
146232128
557130672
1044722307
746190747
97055634
785876380
677484549
130722048
628767079
181671158
175387402
697743405
140038844
938550265
105795309
957427490
622905253
375227838
790935402
112969490
307748638
765436946
624228704
457574973
1029133746
901797504
1007765652
347291297
388598079
283835139
1010397945
845271395
534794227
315367934
692848434
862081116
609276621
69990028
737745545
238365267
468680857
1028249674
542579400
138666932
333413965
636290224
230025934
446734688
1058870588
654132072
977302395
498063887
181505169
662182838
919296300
819906471
544617721
279093052
131659258
61499455
23275598
757585994
1017422020
440081912
970865748
316449070
550464002
1049139580
798400675
802164539
259298233
206118770
362144296
577884646
1039529099
312711940
18703188
473328874
246679317
481416636
869987537
71786050
232120919
1001750258
1016423532
936100635
846449828
204292712
479173562
647482324
899689946
358972701
1036091372
294683882
220278291
65825334
995174909
281235992
1053542620
8235688
699187880
255583865
959709531
196299745
729362545
516871054
633414808
1018484643
956237518
376130224
990135536
649674294
185500875
215320913
683319469
760293750
141855191
682527070
963616941
110310756
492800904
633535879
1052668114
338091811
411752443
234746847
284550976
209971187
890155831
255887536
582467361
1010516496
164857993
652355048
999448781
54671991
287047394
390518368
1018468355
249402994
767170318
770460363
299637821
736682159
527076986
974690987
361894903
395126264
1065078679
589676589
105486585
748107329
1073737064
614439658
266525773
666342455
468876854
798859089
749197566
53110682
839568118
760916490
176060539
1057041841
735482807
1048869921
638066179
896225573
415254992
799233122
418125859
454466592
662732974
415451457
426003790
611308153
740247777
23641617
136271957
482142944
429332373
24165010
464408898
110299011
75261303
865730105
670259344
811273283
544414481
486442908
390086938
269788012
327792612
704419269
580424034
301573677
620085583
808540453
441784445
401227714
217229892
680822794
993545247
22203354
118429096
901190090
321497678
415528312
620582844
464573402
1046020370
553824296
283818987
846203496
228180968
915087799
1056562587
526500146
1005295542
831948137
160778118
654083722
737191479
368057857
1043448373
696701442
905740724
493507837
54794700
411795993
817341403
332333801
341538825
227885541
548063121
440436694
771083545
305906157
587296067
911589822
334421073
320884901
527563043
332387699
340143575
982098208
441341010
1008957616
590086245
518019816
222042359
434932518
135399070
565477244
819681447
401951212
902353600
972000980
1038085096
354600297
894460392
244140759
1032706892
151835631
44862341
101849986
516270588
732920735
449831792
701588104
96124335
69431941
785198535
495840949
207883783
105854363
817896892
902291013
1058090979
194031061
69259516
1045136874
975322899
530018225
401631002
982497984
223478704
714179770
778471294
865460133
969400286
129455059
317452960
6599336
868140973
292626970
728841895
67888550
992877105
828911560
1070237647
448903071
704117897
1044960077
1050680317
707160264
76388152
209559141
579871534
814244368
401423096
512929501
976718609
745331310
1061703536
224250277
537920441
374766786
834429132
167028038
528911856
808503117
452324088
623173328
1071845451
305705853
1005359964
544091257
412393115
1027225411
203392566
469773344
1071550669
886044812
1006676333
273406223
620582844
907724229
944577781
1016134143
945825978
1019941510
41469080
1023500862
858083864
713267322
522192378
63849767
1056729688
615458567
131580193
198580445
696463201
672662170
726958371
875590986
308067960
805637481
114295483
8045613
352026484
98486362
514815282
380998585
81469278
615018060
613410949
339953262
942246418
896869156
702245767
1067620237
707239571
953036603
724452569
135190218
102704225
407045027
833196450
621956725
187060526
225388527
260795464
898562950
1006300895
496857761
147003850
841121916
1022445126
812541727
15473039
967086779
978131408
719454836
423792391
614457657
561333988
757239671
913338760
990998653
416238878
626633353
903294032
1050761997
478411685
736144881
711846161
369304726
825941945
460055022
683502277
373101609
462783973
219811109
33734739
1069603869
960361425
977643744
595912580
1009273579
1034044499
419757318
715129654
323571573
1036796491
630572898
379513841
153051221
659539242
535422184
947478449
700333361
297364670
248595357
527326105
566962828
459500246
1047703244
971807891
61256580
539992317
560748061
510541859
855822107
490464557
563405920
24136123
1052386619
717913615
872185444
983822058
1069710290
566271589
823626464
857013455
532154058
308578953
1017817093
1003730198
245425651
170847955
1018246530
553824296
952945007
963084453
457072524
603775359
1011927740
619843363
323357810
832180886
881724936
182344126
64078130
643758916
321805801
138670703
63417033
710597984
372873937
148905537
9815588
226283891
919438810
98324947
396225781
14361420
333530189
610925572
557738057
171017653
833859253
890350872
934296007
905740724
927182319
669043256
307000871
686139708
318746842
120559253
112591009
26672799
222676496
531750420
877426430
304250919
1010349024
276450894
922899075
156577296
407378383
535892154
120252804
641913666
702493705
885585186
693567760
312234226
76908722
575882066
1393206
541677145
280854793
51526272
719299052
568302318
585723749
1069254098
694752839
397988484
583995864
934459922
75469601
494775012
560416530
223729625
50154898
455240091
65560948
975786506
699130624
1037552197
155574563
274606048
937586601
230093131
15705788
884070439
677055501
58292599
603630500
431732560
219887255
386933328
1043196210
101311890
239656207
507563108
25150445
247787779
371499008
749149596
572667832
440533467
816152837
75263122
852553982
597598187
863662581
288233542
123226008
125120976
618708999
15533569
1001644819
171107390
731557495
563899448
823422132
1070294968
487429804
23404265
156903216
133942800
539679817
1023943979
571620385
418539242
515676804
499389395
17948322
424737437
553634817
416289808
966304167
280992405
194808652
68079366
121528627
498842709
432860277
101554962
10320945
1012928920
407947795
167936873
582852985
663349508
45389652
1067840004
104853506
409856171
635784300
390426392
443148899
80261187
797584854
299213867
1026610053
812517494
834876939
125219365
892132698
441356969
208136666
780594056
1049908316
779522173
228507470
185857059
440260286
18062219
674399387
96567155
961184535
805262920
257096365
68037574
761617812
546111393
122751731
270096547
318628744
202181889
40230330
241893714
710129423
853521105
558482180
646859658
940001280
890792789
476022886
26917157
302718943
167709888
774505258
928476560
219274048
925202983
633666693
748578803
101809677
86619258
457086943
836954311
1069994692
348088476
105795046
670087997
68130523
474760519
159185456
735402784
9546977
878891550
993757123
773799331
261281127
853838217
142382632
430458076
623706731
828335771
873441200
93276833
826779281
730971021
212945307
907354289
644421900
1013615870
1131777
452236458
593420771
839085689
211356922
900389496
890168937
438846309
700780626
14480872
975798073
556903054
138868920
919746152
556915880
451415718
591825222
1031653335
698350293
505510377
962027147
944810245
1029980194
319259219
588601208
268973175
993460869
337144174
221427285
1002635687
859978705
894380063
599596152
609099721
895848061
144207504
614884218
788189897
421022433
158017496
447196423
406620151
38875640
748930742
896533416
565626116
915937777
755438265
923416209
1067759509
957101149
632127904
160299621
879456546
490570289
539259324
43060494
473087072
582541177
561335213
696463201
1024324263
842035113
377200995
594224237
120484298
269521355
830949702
1054899424
52682304
431475213
38421778
1002014496
91847695
518093622
4862068
345203230
1067554887
412021958
691963316
266173881
111475207
259939544
784016747
336032242
822170496
952523422
270024921
233654814
558794702
898778601
194325127
249242537
560264199
613866465
90678471
803189918
901823825
847826856
827560711
1065477669
915029120
949792641
348331893
887295827
745529063
280078214
901551878
455122247
180139165
841320370
20142507
364803626
292850102
805582372
343503962
69955665
24585364
336345001
1049387906
855490019
275852624
163417637
306809355
917649292
67044409
218099251
1058757160
420115255
269595225
377417614
361562507
257710898
512205948
317005772
810220067
644103793
837034774
193932933
423792391
872396883
74820279
946235488
721017490
146782752
717869802
935116713
273561777
651523788
397200444
708360338
772807671
290757945
754664934
563862874
550344099
415325091
645894944
252855789
613976006
498510918
457287485
66580039
465113423
841612175
280547417
920487506
328171322
935563635
1020876836
714359721
683193717
1047108897
921673197
17166134
821928376
257417692
222938622
711407933
787237903
202217410
734685749
549394977
857955827
289484275
701442819
680550540
1054858675
322184213
247700053
248042705
354600297
310508270
129705107
130970857
159235586
988380278
630082838
312252537
636681415
165479197
336370201
407700491
392266911
429594249
493839824
935018816
154685113
1054996982
871716673
33163896
415000882
311573880
396875831
102718672
64461784
1017558723
569102525
675577770
752457049
872315098
545335985
238027290
545833140
1022800971
863819933
471785425
179982551
525130570
457844390
795475905
393671657
157358095
586456092
870539
524567717
468429538
573128268
363113356
673198207
127529156
593393475
780645040
114624018
993718469
330791507
576620220
436329841
808638922
692432365
721586521
587759502
520337108
667645657
282851414
808703712
817388029
993734740
676422297
189773863
747919985
515501213
725007619
984417733
663074853
237908247
544803411
28941507
991142201
196890719
383618908
461738635
434009629
176727541
164108745
21574419
553676316
492680307
340128687
183483516
259197622
322565755
933853528
771597391
391188744
569105566
32985163
310230322
331254439
119776605
213339189
567869074
5261024
768944683
316356415
265550399
250767624
26917157
325309580
287254696
958893503
855736521
49999202
254085611
262170570
501397267
273486336
768530291
980504991
352227472
209893099
914631217
991109983
953038501
261375308
501458530
237326563
1055791449
642125679
21265610
240820294
721137468
1020903393
704794670
797701427
140985198
662745644
888487148
259878314
476151273
762817293
180318491
110161967
622654634
730923411
730083706
4372278
1028288129
703588532
593878209
1056099060
423659506
111020334
1003028626
684746179
117432804
824932031
153082055
1054616819
458721829
132853244
989351819
597438924
819195711
148905537
803623362
31684064
946895986
498063887
663853819
915144299
917850410
89417395
792668987
283755824
1026795301
88869382
392888429
613410949
72469718
151475301
603076651
925170908
652957669
165479197
713418968
1018967623
450643770
325284893
898818797
803189918
117775843
182401468
308176073
361194516
948614804
950455233
599078633
920154108
724581903
155758176
715273128
909833209
1046396902
305704538
513594500
418244958
428901712
199181072
119257138
634966829
615538582
267127366
698490604
832822900
105371994
438965244
335016069
987196418
4775365
890025974
205735083
541043713
187357820
29971330
246801712
838772549
60749138
529356997
118616910
224025287
102789102
119521031
1034683360
724926498
305705853
38424629
589965574
23433149
994112897
872078975
77072387
592102371
42961871
310804205
144244101
17234040
196000875
640945735
1041849992
613832407
718103306
536477617
43215245
457595397
539615068
171257107
797177031
882127189
976417662
858901018
245655152
1014556410
786798604
115836986
815275173
209674270
723266940
839655011
324898326
847546425
692528263
682511941
418505668
212211902
480873253
445202328
1035060628
569790203
359269504
648002071
727608111
333855414
869696229
731614717
459836437
507554010
96124335
1034616293
745685944
1054130914
945570319
779415924
485108587
574183632
814516797
310498718
747708188
689723085
366607753
988085778
705043883
262806819
707986893
808212166
313595799
206201525
565614105
454516672
770347105
892041777
810804747
163078574
700018585
276010827
351691398
222295519
183914749
237922463
940871454
599292354
727908989
555445734
936310963
508141466
932687188
333007874
139439553
722395801
1073539030
981012748
288611566
74319151
658099597
778747979
276758604
47306985
342297512
1031336570
213027021
475035930
1016499634
558963750
404617522
704381560
1018767779
314619954
923467807
851818690
224250277
901088738
172462824
799500700
33690490
1047356138
640215619
739777485
236739909
38218602
93043712
814970922
814572
837308627
795744029
1023987213
207535151
41900641
1059527829
684645071
508948717
1003028626
1015364620
593564391
423981797
184882138
658099597
1049503520
323340412
857837754
822184493
768659771
489013281
493485494
240814601
1008806773
572963808
1059305085
719545612
137180560
180167105
547231013
180908787
94354069
991645809
415242620
365030913
268973175
1047570269
298861597
1024024111
382557304
897087601
1016105900
120353450
7743883
54069350
302845292
192219905
211531008
982769048
50208524
96124335
294938106
222324926
430421627
362235553
225526348
242707604
1020361539
508065260
889729357
139824375
548116136
217119944
404447069
837516868
812014602
200992015
678068381
752500057
167377134
774565169
719479214
639851249
896734290
704711865
635564339
1003853784
622853007
175072525
575851988
801193391
636290224
137144784
350711130
46832843
1055982069
322307956
1054089136
423432779
787954392
879540652
121528627
522968236
825120889
731011583
1061872565
314140796
326877229
1029326034
857714919
4413918
263449352
224081353
547603904
205220960
759110797
205752178
742292916
950402046
807708228
862364841
1051239039
597951324
4413918
10170272
149355412
590772368
964503484
936627048
433661323
847082420
930776298
577715112
701334833
432083813
584301539
360518385
240801292
375404193
173846166
936026614
830673610
166686235
666537874
522330420
835119802
618708999
855339313
595822191
562767610
868905213
510840245
10293871
1047527698
479573739
1050673447
902291013
73021165
248608407
692717290
283818987
46566534
1026226028
697333299
853278859
772867980
261138349
73247582
579493538
729775924
97315620
669890237
295468586
876656191
818324281
256399217
961232398
730065689
107102714
755086904
895054539
101489172
1033911081
960826614
653832427
69318839
690506782
8750579
83670384
537171222
804403547
523329208
644873915
206351925
568842234
926819808
209074711
333459784
653181144
245409601
995273428
230152219
989221377
788656150
119011461
31266732
615315303
57326802
717632677
589239781
735081560
435057643
32781678
271477745
294579387
911259503
343362377
828371514
920054199
1031788920
291288672
873467028
979442349
202286565
647140499
257661582
374816026
665252594
988049236
1053834262
754371180
897373689
384069796
384939140
674165654
20467159
800505709
812972304
668366700
789320856
566318248
97842613
443114742
1061703536
772351637
536664004
762051698
942000556
529097537
800437729
190702657
804818211
867146804
712718679
950738099
937243221
707614740
875031373
589199605
51241959
850833788
1016041724
675574248
388808035
180144993
700366847
840420088
143106096
972717938
734051339
15473039
918179276
1056099060
191334664
201922608
107584159
490802870
393610660
771560530
562457698
597925293
799916759
357092802
777981762
1059844454
613162229
865084944
121267412
146512884
582664756
1040995428
994332819
826108317
603310116
1034616293
86444316
133410028
278093310
35103261
859022897
614367916
113976632
465150393
71860708
157429252
376795099
294593046
463789051
591635107
554580853
800073778
529306149
958943810
1048200523
468761958
348455720
611673821
348362344
853507442
666443826
107066744
253933913
971296273
852161432
482133844
944944321
1025929730
265577819
932275628
716095027
971633013
836252861
36478370
844292262
204490476
142551641
367151629
983239404
147551651
260724734
1024171089
738758960
76696458
1052476856
535511493
940796032
310908567
63370928
203629185
354971496
645248195
278478494
369719800
177947053
995280591
684014682
508100997
550045467
1048344193
552383409
425287664
699335563
174078986
1000660064
362205760
911348418
176739640
604980020
117144450
338979272
778471294
468566530
860663470
701710177
992481266
21010990
604867612
651011511
838548783
623265439
895715486
774768041
354429812
452684758
898788282
811951670
520013067
361360134
653128945
505051452
571473358
950500716
115700818
288390201
881446809
836954311
11206281
1049731776
404527318
75242266
57577332
425992156
157492691
683193369
388598079
179397455
164980732
164170088
1037778008
754627532
299049284
708195352
290536677
616962150
205096610
682165563
479940815
551746375
362836060
594884964
135137757
883744031
1035292789
589513549
1070812490
673174367
108099564
902233617
780389203
389767445
875738629
73965017
162523838
956574948
636306897
731103299
721309216
402966242
149431560
88135561
521926535
156920926
287436344
120315545
44977097
396849517
59613209
659930669
813563083
755175993
292558437
713006897
54366919
794675311
615498306
896352013
116354127
306826411
316375817
73003090
624982481
794016237
444425979
991713882
854464080
152886833
254168053
511945808
495128133
495136447
812039863
243221560
465431315
639514947
967766345
882366433
10539065
258911868
548435646
383745640
956339384
258894951
443323958
780069613
667980818
260047162
539264733
428448138
703617341
702680859
677561017
695338292
372497630
941337992
207026656
923094828
63124243
157158812
293018849
918273155
132832867
999789836
893092251
924381617
95265287
856837805
1069353696
720550639
795273393
229799797
806210385
671510943
515337490
695618426
153715760
128872353
77292643
106534546
657708055
772153515
1066109960
1022951468
118642475
66785231
858058733
540954849
659206876
211609771
718684545
1030539628
181363881
884013471
81275311
953077105
939811222
611392944
747899506
247777503
645171900
256819210
636434816
121167849
515930917
940739039
692637671
1052785921
230025934
117762271
305018573
563344112
149341180
246494329
762580540
11665859
425536071
643908782
430848205
926819808
841635824
924577571
472328867
224647771
771602479
507573109
849734536
809107041
10483634
30787618
118642475
141308538
149670935
984685521
595382572
415543385
131347167
756726933
391336420
866142319
498063887
114021834
480519849
621071474
894216505
421072094
234906079
202614036
44430740
394247333
709861349
797862860
958886977
595519275
771668278
434829403
731042174
31389897
397560749
988676905
90115936
219274048
752668847
651967920
23275598
713028098
802630529
450066227
239465370
756457312
808067701
648993276
241560117
227442291
194584617
659988145
1021027797
158582557
273515872
790259966
582354545
985968149
519689289
606054372
437824151
574558864
441507056
367757812
842148034
152334368
701741181
343823178
166549969
653152427
303692656
727679707
713028098
484952213
310972443
66585655
846661216
492117469
55067033
116081685
497520097
290757945
310230322
40569975
751898127
535111177
437060655
782642012
255887536
291873278
283385640
400488780
239038875
511074547
786486951
906207589
826677373
1014427655
841265898
672964955
964413320
945042441
107170964
362783458
428465898
770260128
274542508
986348843
972788101
427284184
599045067
969775956
13649681
605815841
1069605294
395261891
362241683
615908089
477563260
279390000
310209004
626344776
313548377
1046104651
436061117
538592361
202278097
800365869
542955114
538813415
920344213
517743161
663834051
345845492
382468945
763556717
109653725
835597608
493065125
47754419
151886850
501878650
213229731
268523471
187642357
586664368
210396327
2636146
990657711
89329398
1029705251
414116777
954995301
413482745
70421864
201417326
829409297
270756941
143373436
835787629
331669333
755116637
146980637
304237104
846945039
387413731
163074816
188791099
675745796
240266708
1015827381
34074617
816245454
274926769
601309087
935919811
376841485
406927092
855512095
72603992
172764332
877264086
922145584
811120605
882712871
596598603
334606484
295076554
704602446
574980205
389712307
561838368
36001987
770472695
269240307
405564350
72154508
1053038078
1004681995
229044517
364882463
360640277
702187964
151090924
406927092
132443501
329421966
202541547
406740867
607349700
629740681
630118649
890240042
22398907
831389517
281793731
797804921
764872297
524325980
1040507155
184327671
972717938
1040778572
581440337
183876252
211254508
191372779
556433269
38223117
799113523
944837087
534797382
500465551
543229819
559093425
753010999
325543104
569658156
778245405
1025079839
963294382
452972383
593474466
670779304
874283884
841704971
864569584
694272563
1050675804
676393204
886327279
575238135
671022410
737582226
82294156
1016836473
458886175
406382197
404716809
87807006
579623042
9338555
334478355
226468132
549767429
666976339
743222562
534713264
785723831
393326188
816333496
565757763
348155367
194150631
85243804
1010441229
573529156
649514012
778467210
378582313
1068398390
353614953
423011149
46145986
392260910
323571573
348331893
59996212
1013138709
387873302
1053159522
422861554
44713707
242935145
255862967
494309445
30520818
987025144
246519815
660364155
262714115
565396321
554380907
630459156
646373621
811799640
312090222
883035141
69824014
394145460
188032332
1018468355
637479984
795845153
854693993
256418674
43049146
727018703
748479034
787968374
548956347
1054950121
647291785
621255514
524568030
964754954
96408189
481990556
262443031
778534498
563073136
1005821806
191559834
787011802
498669851
353593428
320090932
271477745
559310996
755804915
530476897
599789939
294342583
193380029
798429452
193074334
736992642
571514314
252840791
299065479
686310633
203805984
365364671
830848785
1006013134
640017072
130877179
374350588
1026435413
263763871
744540181
283723398
819004995
16640663
767857037
806210385
928618796
1052957409
355850536
370722772
44405783
887482973
54846652
779930239
933565845
653734474
971807891
511068387
910236359
442799913
830590734
412623424
371340579
1056466698
1009494442
1072444611
77944940
735071276
42799290
592109906
166918636
504141376
111026701
353240913
146688614
273695129
224250277
16255457
85854887
990142450
978245011
44684714
819475046
689175870
571043615
320158631
32016112
116973317
878891550
639647338
865245229
410754752
811731946
622905253
812789561
221537617
578053082
307748638
30468847
773922485
368219688
251437581
1021315449
670087997
166659498
303924040
397406125
72328225
414881267
11483998
648114246
162218311
1054972652
563282958
284279484
479873740
649158919
1038431759
714798802
687579029
433747028
908758161
289556154
302089894
440847859
622666582
1036746733
221128747
108323752
52942671
135114242
846119447
437060655
906348236
94694353
323675701
140942679
199413199
480519849
248631286
858407658
922795189
491529033
717481362
46145986
490896165
991444154
685959217
985252310
589269282
83385064
1005715303
826343695
501669884
571492537
129267529
264423238
497918487
204925072
963614671
852509507
455122337
216736058
685504604
515423882
400169494
182600120
49791824
645553510
186449597
780326168
358705812
1060769449
955957220
230840531
341417688
783862254
101392789
597648298
1017925968
122767058
456811701
565648842
312587037
603228975
920029351
934523812
515175448
462507328
934088652
259589995
867358616
226934081
727219296
564354137
581050849
71098947
959573353
77560542
763159290
602278921
450823686
845795565
434080608
393566830
641760449
493485494
748282175
878279754
296597674
1006797371
19818714
485250440
133580312
749937979
20022669
735482807
60826383
790134834
218238931
180940146
955161312
515751177
1067381875
562127866
1031981634
713267322
55067033
518428665
226707972
992940798
467348066
217683476
742714244
923677574
439544393
527587847
13327480
374950774
540175201
425691732
774019176
698299039
1070294968
3100616
146860120
755175993
92238463
699395097
430373134
774578191
188632433
786964351
227371378
472328867
77136820
83832671
633439370
137903572
569725449
339317790
164968553
764670098
428901712
421423406
430929060
385996620
425428706
74304200
31781419
829789415
738046601
248752627
889076799
937397848
348079605
642604294
767266629
264619211
540051405
735613396
282566564
442442226
537920441
581040288
133374801
315443996
253567855
393009751
117200895
701741181
134993951
40569975
164381151
1066136107
340188152
84865762
369194937
842321392
496698426
586695303
416273905
288509212
1024160272
109557513
728951397
549099199
601324543
160957893
764562321
94559894
346721842
398987627
1015136636
646726140
854537074
525593521
255654890
735371193
195367102
100374915
785810951
59277094
807146921
358285099
593830627
473391862
907332117
276312164
35004865
624265431
561859389
1017558152
347869690
301213804
209230891
1036079982
129468488
858696081
720982176
774602629
764934988
351079955
623431293
1018603263
217446822
33612612
967670947
777701985
782609190
154133165
459708976
81603223
979519408
284550976
115866828
246886589
763159290
1017483697
672741360
401495837
899275258
1041150510
369590153
205231598
142208905
423432779
778086299
724514663
540280456
303724303
281834147
953666088
128438281
247238853
707124701
614831698
838941465
221807140
156716274
114348840
242090934
1022952756
788955138
854598888
900380955
925654637
310526528
1019941510
631549046
488804268
120430850
148015945
609062422
5599785
881156576
819785075
925859146
569564865
515803931
110993241
967507092
795352592
948176540
904165742
689358237
200435003
794154655
683633400
722446737
421072094
689402452
801710092
803584745
716254605
342772914
56345534
105903620
303859545
836395296
287164844
973708486
524325980
734437342
167292317
92379001
810132241
51770070
979386411
797643571
657060088
773710785
750947564
706250880
457574973
26302450
439222911
840354518
102718672
936382086
413163461
191389737
962221940
533287453
1057029744
437442882
245206274
178863349
525971282
927414514
640081271
794755451
635038960
563503366
275846733
121167849
266532916
679415504
