632007018
993801787
641447718
728806373
119629413
331586151
527193418
137738490
636922303
643961147
249828
905890254
935656062
553155396
305336740
472071647
699509066
910684255
762938105
799484360
273804473
911736020
257983155
1010643515
987984542
367814594
932668270
832527536
1060979694
900727038
209990350
444550223
203712029
292540080
304000801
48437530
611025586
1063727258
942845449
973285307
296080831
224377330
321858499
122383704
653049389
561878320
386540485
849050970
685034607
708502297
1072997304
763494817
740611177
754395865
103530603
1013755476
898379494
746482042
918283982
500242841
688299126
45709129
977028786
410828317
297002204
607135777
597188794
167409176
691067505
1051172503
156648745
335941360
900316666
951207161
1021008827
701494244
573245694
873260058
484184005
920974768
933508244
71208942
19831673
931920038
537389909
490421122
925540194
162803398
949422060
72466501
451723040
130862591
780191537
1042898931
561652536
750236401
225091756
169231729
876447687
62715354
469234078
399796012
143079937
598777001
875499227
186217910
291753570
993510233
131003389
72959328
461684261
12041105
951482717
267257689
626716041
753325363
843903466
258628666
808552456
20815868
480759246
340048004
966404008
13927959
988742110
669286736
813649132
453595167
102240653
74837333
509426926
172767181
951440913
1055139839
765901903
755533230
36539262
914568905
801543727
193920744
93455849
307422232
406902100
923857716
699212764
508977466
179324791
194112245
860363812
841744840
533788851
970947264
1039035363
616705045
927896157
189859358
772946722
484229816
466900037
576446072
656386202
289072443
208854015
195737392
1036351270
724173199
211698636
480631379
344212862
609076771
950242084
808488719
990075893
60792960
351397506
996899379
189835670
314595547
481584555
802422690
658311524
525563103
974769386
1008916016
737212966
621475263
383143971
406852613
187488314
681803682
550990355
833137579
682039770
857266989
559252162
807089641
814347483
347841931
718378508
79274952
753227946
807255919
114410197
591773355
405822444
403952524
668948616
446197183
1064577308
689326094
277827079
243783344
561795787
902594582
168157458
478508975
611588727
713129001
412803214
114048488
513124497
1030493290
330487338
874613526
386044465
200389631
19522076
423508538
598828453
738479507
907728182
450914438
548781055
672717300
219077213
575551827
311015200
836669604
162850491
381941567
269252742
506942586
839730209
78590758
1026033104
393824204
824135931
671617492
423508538
827951447
34529293
499528675
109244126
810740400
777946392
180344115
735593555
198356914
981440282
639562463
353458527
343589912
761967500
696179472
1065088007
329083187
55998682
667290355
390200180
458197460
287385803
1027985240
838187356
600566219
493736453
830147326
558594159
210932497
1035113168
970732949
444451180
640722058
860132395
93108520
757993591
735453934
555675835
1056733756
487200956
695309861
583845052
231401435
380840937
1023341874
557410243
279829433
319799505
647581734
709496472
986861221
281840496
162804765
978483983
816119165
1027207957
390704692
124829559
518922413
841898819
986547113
334532750
559227150
270626846
526016878
750493866
662669854
728643210
466863733
661714034
621709381
982143806
579467710
49281900
1038189921
605850850
874975128
34246761
1015285930
868020362
254152123
356700430
181224031
231781025
278573890
791336888
175994165
213058521
457481873
187739123
757772928
682782111
467493560
45199123
976027414
481797291
449575147
330573145
720368663
907589627
63609622
226043652
111303196
43034862
278214701
78442868
404598161
21739085
137588286
816046159
365242105
80827045
445963366
532672437
714079364
708712033
85274801
770848386
749648493
146966809
666229764
416828082
254557813
55886035
309138267
1026944250
458047857
938327572
751659274
971372570
141809462
653469012
962638539
191204880
204254971
221355448
664060844
712197959
211939120
413238542
56701216
522619264
137593951
908670431
236861239
402994997
827516563
105484908
949933714
626903533
545337214
573363058
846872974
651998459
458047857
723010208
883002115
514033147
81097677
232256374
756880833
137333292
1003817986
121700200
98541866
203055721
182078620
13546401
64617714
47187551
558030054
741488312
256345884
1006306709
1034051246
640705606
1014582237
880688103
113876475
894861162
740611177
672256674
875531176
215579061
783495729
396436358
149689827
193312004
852082095
122601579
343717600
722765279
435357753
272979044
527238893
230037959
228607888
778947729
106336646
904314417
345085790
795506414
170529856
532283985
130508224
434248868
173725876
230169361
49995133
332843911
19050921
550322089
628057119
328052724
6072026
391102630
289350834
687116824
258353896
537266913
242430392
630246263
721076640
142888915
321818346
730017995
614020543
1026892610
321004455
864164939
242884016
1046073136
173289539
555671581
997198582
411145446
332383612
292034258
539382866
901372326
1019273151
25524248
21153314
1040393646
662225588
252691248
75268825
533384970
633413158
179020760
826792558
919883466
473112341
131550288
105004915
556098508
872000359
154811264
184581155
865166742
488916183
57889981
38043842
530314486
1010359560
237243922
256735515
535694023
177398550
752748435
706400790
820684479
894220258
886241403
209324136
39603677
345921237
521499762
499966849
328296553
767108424
585377609
186004183
412485862
279603477
44938809
737104369
275483988
1031326161
147848613
989689774
494818313
386961783
273454651
113655616
570246943
623896361
117998491
750156827
416197319
508205210
763310036
178722552
691276312
496657029
356213127
1007334570
279756796
121293979
310209951
988742110
573318019
518292879
173833197
420213637
699514114
504210209
334134516
828112455
724243084
260383436
1014720449
896802601
572067374
148530917
643704129
264015491
335119423
337796409
250061815
290174269
811071176
226693925
59456334
833908164
302686384
585939807
39567584
907852693
309575848
356208542
386977069
1037010940
363807905
532927037
1042690616
881361743
137454013
546808125
677123058
233213619
400613258
470128693
1047369496
724848650
111816816
710384291
521499762
464726815
157359146
574353280
390704692
879431351
871565053
846192677
15873609
733843427
511306358
941488228
437243497
633413158
358042303
339331607
258050032
877828816
244487191
722541429
78549167
446959561
84220721
1038575926
818103355
455578188
588137592
612699451
512228449
100045365
973570440
747988437
530788199
802987445
842518541
702426054
841398062
251204746
371691143
353545074
550622398
681870733
606787673
794596475
563444112
318553258
187857989
149605685
88949403
7294393
985153725
183343409
2740389
212684562
511397531
503355904
51369974
861544607
196648051
400472818
179034772
223376396
776364932
313199422
839755585
41145969
141809996
313848309
263328442
941001237
735120432
509014959
160851559
385592112
687602396
103070482
200094702
880601267
888692197
996215789
796405954
231789362
508540180
351760899
701989544
262226179
623953344
553639118
504813931
721051329
335953121
161584036
742484811
774328203
936493955
949560926
511442344
622218002
585030706
407341674
165187669
484330507
871279445
573363058
331766280
469645064
115623666
263986725
448304870
425055014
644179943
1056802458
77969494
505565378
244952292
221370850
422728081
281103692
868868149
630827592
834172395
893814528
496489016
1072088010
765602822
263383972
693868121
78274249
264296920
615729288
609292966
910407839
414088468
515462137
752200605
725243086
928276310
841371638
201874676
439743160
193990311
100216002
248778133
225757422
546875569
95994088
411623900
91183963
34284141
1047844203
1011397563
290536891
454588605
445381978
948651873
30519957
187111033
156125656
642641075
947110127
390898471
304689347
359582122
683095694
775982287
409931703
504810064
111303196
39759686
307245771
125485734
265823349
72663763
619577253
327916814
31302707
633480131
782743162
728941755
910484362
633644957
237783897
597535916
308184480
86405704
745132543
725238115
732831284
413677266
666339284
142592403
930158495
669829282
206059547
139660021
1061857020
610687304
916357876
378861938
893864732
166360398
93108520
669750477
1047674794
920017839
594837535
566059107
502284071
1043580992
354999824
23133176
729491938
89056091
331586151
280209783
347320649
616913399
1070040327
930158495
796811790
1067889886
118519272
947150668
954359008
857761314
35080403
209648259
805506574
820502202
1072599813
361406589
721742886
304509504
923980631
525988452
327449617
486366541
269595419
336082949
657963162
997764885
729571034
714517683
527795748
803415285
27900799
329397297
973962082
91048129
790617582
494425485
532665340
314955794
1005554990
345522859
882598847
563574936
765400570
803302231
800086791
569772268
375296883
661151965
870372343
724157355
1026384734
560499148
927424069
1003301445
490411100
1003573718
90382109
896195550
300688191
518716047
888339187
477648259
609420756
295016165
265518124
782330239
1064358338
661171179
472075594
223421180
364409
915419702
87100828
969499270
495833675
644024669
283146753
104825127
662251504
991445105
638646091
801538289
148711916
103530603
450978526
1525160
306252770
211572003
152050241
89948754
598757039
48248403
67757071
1013268830
407840905
932484033
87940678
288764814
673843330
589298995
1024000847
969183516
202948031
1014720449
783189334
522272487
713578516
990683415
310797351
540973992
1042972727
1052127643
461069347
475920613
26989291
726105749
599733527
701940793
801172066
450914438
933823802
194439952
971442795
203287420
409154
272485190
220534704
1453758
93707369
369408334
98281752
821511265
437747183
218523330
684776999
830976704
691888552
280209415
188336903
510073004
271942295
129893838
477450264
112268153
841365258
510642974
754029103
1052399164
686904354
662130048
737405059
206046994
126173752
1035369872
361583961
14583339
292503312
316754553
655290838
956673049
115114951
411939281
43034862
634202900
151292180
430237318
163182639
204277004
432911359
504078248
916355400
80965066
405039990
942845449
1002569357
589872760
799022522
191907573
276813200
702168025
1036556966
516941033
209750419
542436590
266470543
243884806
216707657
435476215
269251856
638389134
908853816
880398353
46366153
232628194
1013268830
400481229
329172764
397077913
789487765
961922657
1072004695
861112684
542497712
566634712
488423582
710436869
293286513
197033496
724420917
475982769
129535038
233221829
844273058
742609039
115994520
335588247
251945153
752828666
980086769
154296157
465262983
147445481
362298552
865233874
221654301
362132351
377739521
790617582
938060309
632468369
547431247
637977233
103968197
757075353
461953283
195071715
511146860
485963947
371030706
703208455
687798580
70895537
961927127
406412925
93809992
1043426940
292560892
1053611275
539830314
725238115
11376353
489207413
1046506556
994991119
637183774
543545915
945811006
558096409
51369974
543282771
864053940
529643394
1026424720
1011681457
488842740
766134380
496180444
645639694
396365038
968959279
785078127
449380349
851213437
669368499
252473622
121044562
561323574
629757521
358287483
578799969
626676988
1015544030
615497423
476419234
538406442
33215469
983468880
90607247
107103697
18304362
395330444
921230989
682191460
803798291
271771388
399433019
191593164
565516721
819015103
869832227
950521329
944655031
1043979029
265487673
309138267
197033496
1065088007
186719566
599027913
278883116
410756020
688294073
283991877
1038940360
709336454
746456550
803945422
1019281213
785697565
668912490
618675223
735314334
750306184
862979695
353064052
697663277
671946812
422096922
437101761
951255594
440380804
134131010
1066628737
347320649
428165651
474352487
638674890
434235272
680124964
73626645
646914592
189215330
112504542
511033876
915947859
183326550
878113443
180616863
842465751
210718815
378486521
966849615
362476613
20456648
903297389
594199095
841649619
86601028
150415441
53571144
406852613
796405954
353088613
119557090
1063962878
547659566
696280336
25524248
1013433644
1057021704
701900570
753298533
86291538
509847310
171527480
416148264
1013019408
219403277
764535479
103854796
390168933
360341683
463288450
952926487
498872359
870159019
189628789
131294998
862998305
635297877
61348787
299751312
1014582237
332336386
607898086
568889185
318526066
528478930
748928581
185405397
649187393
449060545
846264420
797358711
888692197
838847522
378369995
603521063
417012599
80287263
611803812
386058340
943133231
176738073
543410445
1019574986
322579783
993983040
193751300
673266220
596718880
592968153
994394431
860103774
647286766
125034765
109719457
414159248
703143433
261608880
894098056
174162646
42090831
243216969
289856445
822524570
595647442
679842473
389392483
630552981
713242655
664585086
713861550
687817214
43455305
782604545
1048516382
758080780
791632280
749983785
654062138
521935116
763858614
770597231
925611092
400097495
996844185
855246273
299570000
693616534
361582295
924675061
215012261
303388440
2697352
659258579
841476233
130896940
465259855
292759682
823897451
507620701
84751069
445857157
948344565
1006009411
499112606
454159133
916873036
313348619
1056768429
647627177
6967706
751780010
91646564
842998877
517521929
1016887293
228900341
285863726
997185981
688650568
546190489
462799412
914538303
166094067
958429913
896195550
877505449
747225253
152442344
750156827
804961465
249491350
407602639
36675995
704540826
151285808
517685910
412722314
286434353
574111775
142786014
993510233
538298280
230902319
494817349
704276574
795077788
664789139
516287882
604768238
779996288
496757527
847109586
990041227
360341683
697946357
860504412
338341781
903036366
215471867
901459191
314558359
165609555
878358207
378562042
627173090
940847827
39179290
685395102
942868987
76715651
344367762
487078778
634151743
1007334570
405251123
722034993
1013692623
25524514
561652536
761918585
270782288
305258038
28560443
727452470
440586311
976863864
415047572
95972883
404649412
545599102
933508244
914065104
634354865
71181236
1036789046
427379537
1011625986
421003362
317448522
725228614
100416369
864853467
1036209001
809823066
289455154
288156210
741482318
972330648
1022938972
662333455
620250623
804010135
1013518
68103450
992220809
571281521
1006658716
117590008
905504896
702292139
365933004
63852744
650045564
391368514
704851389
384886434
869130638
932211264
639563855
239113894
915536102
942971541
516895220
280590654
293451701
36490573
152586216
964681727
702934868
352995215
562755651
422496298
276390934
141028559
270640571
523982474
882744878
774430681
617904107
283720011
556879663
500618937
1039542991
1000658435
476744276
510483496
57889981
84929186
660917178
709061612
867068475
72261246
483262390
843903466
560770383
18418492
291626158
693760327
2812138
675292334
408696427
148151554
718762342
231769279
264223757
631627754
4290134
194693094
777851606
460693606
402724320
415964548
195993884
861041381
200623815
836419943
7608453
592435950
808440235
186696184
884491091
79970796
740611177
358765963
613439387
881782782
1016432690
1031500651
656916411
167029877
52719543
731055628
743191768
708018323
777867502
331545619
357293922
174603151
309064194
206834659
375908004
913293301
985334085
632454880
547501366
246960176
389466424
402493749
733165941
701306920
106710860
847791637
578740166
138899611
897416359
275558287
877417995
1020751602
187742381
358941293
224013481
728353870
734360965
969059495
745461039
41333850
955249143
1044145572
8809705
964803539
223012633
364311519
768579495
811506334
345361605
306707915
57198578
663026174
363672819
887640196
889132287
524918000
519552554
830695025
237309489
1072553391
1018022115
392500192
340232042
556029365
338100334
188059567
819631083
852699560
625794276
171084590
504459666
291878058
1008635192
86810555
429998326
914107982
159327446
843801907
707205194
64336806
624354378
237190120
487156545
769151965
944879977
915196364
101983584
418325998
208046676
890504150
238742655
133602095
961954417
669640101
933555880
705618750
424075235
345622021
933633761
111834850
1068077169
712047690
575122883
907698976
836882377
7932354
297409662
1033373812
445847119
330790320
688356294
604751254
716354870
714289448
734509018
367101202
90860106
302480584
316499404
388107823
819696831
465634058
807993473
258685441
1042971063
831361236
11505794
300901340
222506883
116847639
593961581
51510645
98635690
743079664
483509437
842599630
881334901
1027023228
922571066
310136820
40078471
711598697
5022671
609642774
127593748
457184385
300884771
411770044
1021780847
635088078
627560842
108047547
632053502
285550517
839753298
1017352155
475626707
768306763
850779242
412128022
983945277
101805265
188278960
547379303
621430166
573379726
153822764
1018426395
173627244
713861550
280881232
457498779
958859503
466720797
615327856
556405172
178636312
120186854
460693606
945010235
144555837
722819430
440240756
285212052
695300119
998650213
812945216
886365292
25524514
438931356
253490367
585807420
738434449
900553307
622968450
970710448
773753211
134901779
1031153644
952911819
735408249
939751140
490317079
21334867
272621400
212808603
166729914
26361292
191001405
566184218
683311960
576892728
324845379
468097536
780669769
861979314
992052603
670622347
1073105891
642445404
370669228
141905051
916786184
266010924
968217578
139755050
532665340
237004533
63414499
989484179
693154854
129806012
429435064
127393744
653036984
279851591
205029794
1044555914
1027465353
228163622
21351807
666301319
833529580
547848386
399243495
553481657
33220439
939713290
751207204
629042764
281131027
886552626
941042775
873163609
73243042
609076771
304449097
10744183
900447260
19831673
297080951
421998411
884876175
920298492
580246360
326925454
1010488748
205331830
512393792
190548189
759301267
474234505
1058575984
578187649
30519957
95970845
137273811
176711368
945705837
358270947
243528084
15979595
26875063
199599243
113876475
779832267
409441568
508511747
200962767
517521929
23246238
938019660
858532608
429453621
230131884
840169995
372063306
795811750
263372614
7584294
909053753
50951669
62578262
79901599
864059499
568910825
3623417
230037959
226675439
675086816
1018479260
696105461
809450720
445789998
372313365
797825225
385817765
1035327591
1035925118
363552058
206963420
82424661
777794758
10644898
97307728
829996762
1032153577
458920335
22574968
424128043
328296553
267350643
322816341
641172536
181198230
556835360
757749928
840708418
975445184
545360887
463528811
240549412
41793400
447412085
171452749
1005510564
585665811
919089337
1002569357
565613067
849146814
850193545
793896858
688178008
957462635
300091069
387224350
67402752
904380022
198139542
360378214
73626645
781946965
905135612
472187572
165202288
1072443038
8571132
129927615
726683749
15496168
542228049
150837839
624123761
62346728
679406349
1019022157
355641748
61670314
983273427
38709526
931134131
1007192399
452436396
1072599813
2107486
124263689
841511858
678965762
36102532
1047221512
44706000
398877007
384094913
1018324221
339553914
621475263
613760070
868064276
537136613
719677614
358673492
388908290
144297912
821279106
417508811
55886035
252273520
121663689
859557312
135135117
773997277
1053763047
947424982
491552516
218149735
687315278
589637641
944001558
14724565
525327339
191950081
899062800
577309917
186323147
74512855
733218426
350955940
940906929
295177971
853873572
323830321
1022842780
566634712
404195864
891404118
839312598
901188505
289776915
875531176
475298925
573379726
478563770
956758192
793871028
859840554
811281447
613162329
158967532
839035379
408557458
1032212782
824797797
783240310
1056901931
356831990
551540692
13730811
456335172
796264674
138946052
901491662
1032114445
423029239
479527750
364556842
957433287
485189362
198121035
123073644
460022965
619483889
915052661
601066254
66414325
470100975
642313716
1011385837
580593021
291878058
177938468
727815524
711855348
182470705
166094067
290257266
366193530
34050206
223500429
813214748
1015671272
533289012
66824332
936269196
590595211
598097165
29881043
420500196
278252722
294476222
858955948
277827079
441238364
653905722
583617444
434236364
97835749
144470674
889769304
81045828
1007323122
496018981
369707290
281079471
467805792
386379691
880003226
537701164
875201827
432550728
11945114
243238753
8688065
807381417
772302679
761431156
107989234
43015221
895574344
461736802
434236364
927025101
976876719
659660698
970910511
334555180
272302191
125964390
227659101
692423805
939011146
829924196
1036450675
540546707
984326235
236931509
587714530
708888833
685024793
513569950
165432096
507206654
959780332
39133701
565513803
408092825
1004477875
664789139
237030837
659831212
721698207
485199038
940907240
1002706471
363165334
187523554
328856985
847276169
970732949
358697486
624619959
669778117
139891300
797000675
270332559
461351907
812280292
704599144
419204622
88193983
642313716
509788695
235371265
826495901
557936049
256828007
114837223
483915854
662914068
989261427
248601192
1012170772
572570023
539551716
110500340
391764158
1016432690
346694306
177617204
74050942
31526257
774051253
551326882
99722077
106267820
805988641
1070954648
744768726
822438595
868933233
276180160
1006200202
371162373
550457410
223243943
140834642
811591625
359484903
663728962
736628362
892181203
317374278
492909733
793400978
782553380
830073885
882563876
1027985240
345622021
195444493
279756796
445037399
383212489
797109145
506814579
969792281
518716047
943042450
713234343
828227925
330560715
829989431
367814594
1035735981
91074107
889251455
911147331
326356262
65165664
675450186
981247739
945335208
129571268
697867511
627180031
435932564
561420716
507862442
107498362
638190224
914116766
943605642
799592039
1046735850
78787892
923478107
528537190
352553367
1006607653
629303399
44351710
625040470
18142584
980111089
171814932
851516024
964514878
361373522
844509817
340044162
668031461
511940641
296066411
147491573
872401900
170082088
330227485
696118832
1033733479
250198427
690769600
54906646
995873886
1032392659
347791776
91020638
745439608
532081949
934823648
357939565
159170797
651843934
870748840
532081949
71913335
419904146
291915770
223068575
114251691
157422436
439078885
1071802540
188436469
262100608
637343469
580338629
123987884
689538300
772030742
155923743
962351415
1073538027
250471757
486083582
701628430
539830314
282533111
351760899
688294073
14803585
114565941
945198063
126448370
135412006
511728790
370723732
106475078
512595227
129598529
120591658
366614002
529557239
236234796
266697146
377905617
104151906
131414081
481967988
456920507
472959589
697768138
1018045038
494155460
564993374
205241913
2881259
892975300
287257194
25626402
846167352
289030432
678220164
777612410
2921050
144832391
862868118
516289079
407001595
269659542
215870574
727592504
618456481
525535455
391908958
443826123
1033373275
438433922
103889084
805256030
1011327725
241180315
80127628
427796972
480759246
911531712
431319872
879562590
515185378
795145674
662214059
312750443
1073427186
99518832
474934367
685899407
210517205
639639413
938019660
681370092
778313333
988832579
968613938
829267599
750861230
68686963
979135540
14105382
751450451
784514604
84648134
257997495
1051820199
972153679
634293713
199093554
686217610
494979496
1034222295
808110523
929371622
908121667
280695037
860766165
933880359
601980023
843992083
141131579
330986494
407056400
272343167
302473365
790977659
1042521736
937021909
923920215
823201660
456966941
794209392
719187547
755429193
797082873
539236665
753484095
503449463
1046707521
251194940
482645269
748456195
1064640303
1004318768
330134957
370669228
795722044
801400798
448681655
94979173
870831839
181797995
19298247
543581636
837841598
216474223
665265643
649291355
888440659
764301123
177727123
474625078
875047170
138817818
843992083
714209530
686733648
89258401
24774271
333577005
840708418
29000618
492576295
262582965
428067679
387882815
953069219
883513713
275483988
121765670
466762728
91968733
135780467
994206562
256005086
812197509
584428449
104514663
508802783
735802458
153394180
773568579
470242041
394145023
653629109
217597036
560222456
814585349
697768714
4084099
850659367
256398707
527795748
446682363
195719019
845594583
114662602
961303302
583013296
7430992
272903838
480260269
217597036
986160697
671245361
916499884
14522011
285540607
1072706628
198356914
141327613
70303869
222576002
215929944
236931509
138407741
821291166
1010170505
1059025039
828256763
650107495
261854939
391929598
526826348
223266793
1037926498
444550223
342835386
272428139
825113704
885270268
1047352535
45366044
628093092
279973862
918117967
442393964
887498607
727567051
187996751
813565561
868261690
683231362
838476674
310286204
792740900
237588673
845707745
322551299
45180675
669938207
873953300
474032019
849148661
159402416
875087604
185389926
438189802
782217886
592171318
1041707768
672514414
760470822
220471598
357742819
125596975
922327940
267351272
568466371
336678389
423869530
1052452220
802665442
21710261
295547419
1013506379
452185171
812668955
708103817
923663531
903085169
568179591
387465915
743608204
302403271
640042304
353458527
1045522122
40895940
1001526291
457184385
1039542991
659790167
943430052
318315036
705767702
656314195
588952099
180716599
378652776
834621456
136031679
529519208
877417995
801535303
287405070
146642120
334456503
238069595
987787449
1053052930
170679687
285726859
880826600
1045927011
472332835
1006506719
361458022
212549687
127107054
199863597
288931738
878072773
712175793
559329939
749843181
550096918
562243194
59395389
821822370
767696940
314346189
418010232
505897773
300985522
340661168
373099725
848891257
921074582
103502345
407718837
888228829
851736868
149746518
286631428
167156837
853252255
181998293
332540795
273958534
111616482
905817358
471152415
201497979
214650612
208366849
605453308
946609559
69871885
987174733
525728681
358870821
745815927
185405397
136173378
285627324
800608053
181999921
969141608
824473399
855765324
649625995
483314753
875157065
245134830
302883276
982320696
902737347
820697572
703513630
669836156
13704153
463719974
469797970
195778568
877952453
455557464
6592710
867363609
276795729
1053505724
844301967
647204380
1058706138
1006200202
412330927
497266631
623094637
203895392
652109211
28326122
799782257
733598866
1002928874
146988109
487374248
749312194
640293631
711368671
327918478
597781429
794844774
350311294
497198386
750548092
65593181
407110330
745582373
349519695
728424856
959636587
223982620
16226975
600689858
286041550
975439792
1002928874
12670545
398335833
168157458
1029110625
36539262
532706578
853316139
698682782
50346637
323261993
720605155
180344115
345095116
121326214
104059122
89265859
25635741
709560190
283398743
106270259
628620261
841796154
601234349
176475981
157359146
126173752
197572685
690113020
407576556
124371858
311060680
422102539
436634644
1010680323
804761831
1691291
340048004
1035618981
513355801
574094736
593439353
722309160
403943709
618735359
665183561
811071176
579279827
712483175
140828567
743830403
49830419
499439731
236234796
342302975
906927881
268833078
326666708
926081378
462799412
556050707
137412525
803329611
565882409
920017839
874065543
462746564
704241286
655885013
1022520242
68878783
71616428
556929827
209702535
254041512
371977095
883027354
295037046
588802563
783696071
1054246793
774766281
717862386
1061141954
897262054
1026863933
744795317
2881259
765540080
152610662
947928787
681318588
80965066
926759950
15453791
166471818
964935573
762089871
648256609
154117018
20255367
71426180
92669128
414326694
50894681
648423836
226632299
717500070
828796436
190466937
875579059
207750099
604522653
812448320
1072785945
21352965
313876033
122324194
225055151
31164715
746365481
581783561
1047259414
788352827
56957233
876757651
585611408
471221911
93253588
827914652
842501018
110261540
254809885
884672577
1041159628
909784022
448467195
282528096
1032136605
262622259
843262264
913159090
442473901
541896325
405685812
148361423
1046555286
404931978
1006907419
974196950
104125005
814057687
1039657194
1056027388
472053887
14962577
706305812
468524285
934992255
428165651
416290277
422859349
449424818
635297877
241377777
349307463
997713083
572626636
377905617
640034845
125976324
29450497
1044164404
709554007
474575083
177281307
71108511
360760167
684675708
962190638
623111064
1022510907
920380223
431214768
273150769
378652776
874685436
528109213
1051494371
552656011
29881043
545121127
80231204
777119885
50766503
1071970514
168281811
49763282
810132024
365167310
501096056
560358779
938557322
171975179
496558810
962985444
1014117973
901701539
784940224
789957797
328856985
340044162
495532070
720261225
685798686
530887657
790385166
257538581
303228067
251194940
804145642
724157355
858143764
21020803
482991174
414565540
567217489
244309726
731899281
667038699
465118794
185005198
484683420
313636253
211093887
233044756
665666845
110518261
348969157
263219226
132056733
738717832
542492867
610523719
348141050
738663718
131603983
468015412
552678775
984165461
472369227
148914787
717397116
106187703
451832959
353088613
925492730
995154482
54143018
713861550
364770712
140077936
814666257
428249329
225531119
1010838260
103017670
532344238
55007211
149165629
314808751
571352057
886301671
636062596
256560470
673817367
877274830
843992083
1008185710
367461797
448998220
136350947
1035817043
852532738
417643011
72700600
185204901
323229195
567071024
107178667
111637465
793522378
744767260
1045478942
479527750
184331541
660419807
104048125
699015995
623966924
288120874
259598324
456966941
459846048
436228052
921168020
96561332
255622783
222112270
723935985
782637006
883891369
303430581
268457659
533275467
525536298
159749575
790617582
120183208
194425317
682037790
437271208
461154466
903297389
231675253
799407688
520703045
764610591
341069934
592220278
135805206
959150546
686982912
46101401
397911344
897283886
127188147
137746050
165691127
1003062831
952479957
109143195
674711043
66193977
356755674
326845733
961202069
406125789
9430390
661387396
78064287
395570568
68410591
931427225
795166415
704222407
351397804
870990212
340468007
55916678
801614524
369518894
824797797
1043292616
675240034
168018603
28670137
303162512
384820853
610833553
399060147
11018899
135167181
188912325
984589384
647971922
82559179
731804482
867591130
98662327
483690694
549763522
131353510
808243780
224908094
413924886
870217880
1060780418
53571144
604108744
1000938397
394655983
48414785
370966133
1047100640
1026306673
817076796
630170337
647286766
42436148
780669769
1014513883
256560470
704915975
40902839
933690323
488563355
428327360
543328021
307304010
853999096
178171330
1018348180
689816522
504945634
219228020
676553854
358387454
13272287
349448250
256974249
826138876
467647348
720313317
337916620
283975697
941189177
1067189798
434755653
627657073
907728182
1001198976
326187370
962607519
1022810243
696852454
759102919
288565582
301085071
432867152
91074760
783407114
652873474
66648521
161371960
378883190
227665433
433721643
128996293
758775999
142203592
1011316033
417012599
1068744944
29555361
270848276
633509840
445381978
636239203
845156040
969661822
40998543
171095874
520272007
264429783
72334340
182089417
941115019
626683950
386189216
562311888
548510945
680567573
693818054
656798889
260848691
241014579
177044451
900325219
855730328
836906162
859529563
546190489
309462515
380026451
933862818
756538055
146392325
965694558
776934051
124027568
430711491
383086532
715613043
429545687
895948044
239808300
881031906
844026176
806490549
235371265
907769293
990805544
135133314
800596175
204666775
994127878
319684625
85962470
806557511
642299224
444047051
956322888
272124145
822129697
138389094
1072553391
818211752
118284791
763291048
162171641
914198452
127219574
688248246
457572742
602441794
994127878
719929034
420532867
58857177
509849505
624757622
560770383
404940450
960789113
845752941
503189092
42675581
521978679
969759908
903596502
664199583
835475157
303388440
327015949
850645378
253490367
342587164
579309071
751988876
561652536
440919989
924629483
575893862
118302231
813176755
34686312
488538831
979814129
978029481
379083993
967643800
270891529
981788241
74338063
385611861
489282390
182470705
45101916
21739085
723123946
84227060
99574118
2908384
653905722
1049992952
908869730
388852916
200463277
582364697
566000273
419478260
981525561
576997545
395648181
375908004
34972057
783240310
874777430
456891537
127187955
96841060
457352072
417828911
757982790
454298316
556258094
994752870
12034970
762608748
948975205
449772543
959780332
742703334
144157952
822279475
495196277
704445053
229503989
798733222
181670987
58966753
483104054
950148325
481275587
166014927
394662438
283086837
280805586
211873123
840785984
478691781
751612238
48414785
409068717
775657675
970881414
105618901
960771753
132964735
751270344
571792606
330779725
809999544
488561937
305193381
599733527
3194960
985590572
826345929
787232109
516805381
194904109
975782399
263383972
214832885
108186889
654053627
270332559
164474565
757791864
435132939
432709689
181999921
880296570
171780304
343018514
870904791
734198722
180971163
179863553
187984163
694244431
817814510
128361817
244309726
631979899
860957321
930910596
248995167
935797741
992809987
931640173
357267370
299411767
148668863
248165936
116686057
826299253
1014811420
637411230
750493866
396809975
358765963
367541667
388118472
3061571
717204161
873260058
1053418290
158927424
281210161
484370507
1002490986
29519757
586341350
949030137
107989234
1049383295
281182026
294661032
200133920
626158395
170082088
677485592
572705042
895085930
123304699
206864846
157256815
396090510
23133176
877561256
875322630
249491350
284331941
579467710
591773355
249590688
1040195070
1056027388
155578810
875488030
288635564
199119724
584856082
717387185
960400993
574390187
337963190
189318088
114162106
1035539651
94427734
586193125
76715651
94726677
977642445
690038111
309784622
589817825
694056607
796523428
369157613
701150909
1052690670
838976362
775982287
739163463
537851909
446561386
43032359
644679872
579470979
315205793
704328869
745779073
910802092
593132258
606252891
19478214
402265086
804374811
450452208
1043408455
916114553
932602393
1007192399
364904257
520280089
841259189
908910573
840898058
80799559
347016276
752498697
598212655
612526713
497513377
253583698
640248123
639121339
694340077
91899390
640313734
84668914
684874092
386018104
334326278
281836559
640632732
670016223
214704315
224100890
255062023
740305155
1017418574
240145339
625879391
998556962
258454270
585549916
370231634
153397685
380810769
5572506
242367254
928276310
466701300
503947886
458116079
268546093
798221010
932655769
82302576
51780844
742269002
282075027
525728681
546849563
157724146
321275430
469736125
352666401
1035644131
603399063
651018747
107178667
918160383
83141764
766644487
380823981
456456654
348902777
1009376480
819315550
375581851
320461696
894561719
240178940
741489505
436621050
25873061
455421650
492909733
848475785
1028572715
351868521
64727341
412563064
312549890
989969668
316146252
821001094
677316811
901372326
550096918
524632492
503355904
124250551
330779725
1036205980
237190120
984723514
507849328
571417045
1019562033
715177896
570079241
627247837
458598816
67772927
685034607
112977918
18849897
398583899
484714055
966517335
446101677
833935015
583756588
824935584
686532989
135229981
18917561
642313233
529900041
507598586
420198879
943593415
362260020
476085771
812035265
886654942
683311960
140333934
842060114
978636907
533572265
998922070
33870796
743908982
769475095
762241877
611457247
112451080
1003020271
1038257437
232810021
15671811
234575411
695650788
1007690867
263186996
601176113
927488103
151099419
1064195715
1067007808
792871281
408791046
664653131
433114517
290095608
627143032
495813045
564181879
347538835
317841342
65388803
517686723
433394381
770624098
494992255
954176022
775808954
541066429
309643300
577542494
445766023
205605760
307521248
914986239
329620837
727468595
422476338
954425318
975705575
786826212
921152240
1048897255
498679571
516511014
604531626
238344338
355051818
433980828
262901219
622723431
918795872
510154088
910446102
949491776
624205301
603324051
729467244
1025034007
150919039
721827332
895796637
335663283
1015563333
438214960
615337176
662333455
774034006
717500070
1044408771
437224781
441748312
1027435192
870693145
974549537
751988876
902774504
728125170
872339861
850080671
67318977
250331070
420142061
406739772
834853778
1000418600
471522860
115832116
173066568
995818355
126133613
363672819
66426260
83469055
41122023
985177728
810795583
244884193
74837333
584567124
220471598
738750193
555151015
309530047
633526801
859898591
585197405
844037905
212549687
134227100
1069974577
155557913
931640173
855727434
454691250
910456299
707936562
136325066
355451432
252860596
819718378
246385705
617569173
262445115
760579681
800596175
400122744
358270947
930339754
390005878
738664009
478778879
401896953
811377127
852699560
847109586
5846760
834611814
677160650
236168975
932973480
414326694
377992185
582910483
111864003
379499338
652389549
267111100
818211752
366111860
277594951
713578516
291950320
845702941
772115988
905335370
705122054
451216957
214242824
269941197
188377983
758544381
147018585
924096889
423682344
447051283
381851105
346441112
692527047
185958706
292727220
587889601
201298408
607699282
473975231
833425483
254981309
111045958
125811666
553368177
37273047
131453551
68669720
156307182
80264739
905963861
52788560
935458588
663148696
510174127
884446219
620712848
910456299
229914936
1053505724
634115884
434145035
931427225
350974983
249917981
1071572301
1016267836
730460814
634361975
952688244
993551627
457294289
419226573
470374049
32339740
658063370
300545516
284877177
535790883
145225805
563345143
1018910331
656463746
100899041
310720395
39512867
516289079
993277187
825357101
429224813
471221911
611200723
418601761
675055532
569455905
926966990
988742110
77046975
163836652
488324926
1033715545
927691737
419778176
199407551
70856313
413308778
452102057
258583134
662214059
675834662
56278624
1053208926
801744773
788542102
775358424
285712642
574133088
352349327
906144897
341681702
521935116
820771285
97541564
948815691
526745642
312726291
69206217
432925878
516824050
670461187
151285808
711962647
185839507
127006428
800559446
517521929
373493044
93644751
519552554
349466462
258685441
17421926
946496978
927532716
874975128
886297713
626910285
560044024
703903297
1053505724
658973406
692580844
986946997
270879658
534451200
1040393646
302278880
561080962
558528840
565763261
401790609
222855372
223236291
644693325
443570546
145158373
611465107
347173801
266795502
776903080
874239462
90172612
965398012
1026963738
219801315
5351225
282923376
699163669
481410833
451466547
137648569
387406458
1035925118
475451657
788218715
956758740
513198297
99211611
865719843
680871067
337963190
897487185
616169646
812510512
625040470
1015909324
292364789
424906437
970732949
214931645
147113013
551067608
106470431
643809799
729601555
4755329
578009994
913133521
375113014
652349465
33500633
761967500
700911604
611475974
428884538
1036519744
1009417466
1007271734
298567574
578387415
864660421
201804119
372603457
989685828
833137579
656314195
97471427
430646301
642299224
207340537
219077213
654602755
408275527
874638044
805455966
953069219
227081966
75334287
514838838
833552832
551540692
230735914
280209415
890693062
863694262
751538720
703335587
702531449
559227150
699514114
552860487
310089790
565389896
1049028296
223790067
596782409
596159565
170308955
962484658
576446072
1004083918
354158011
1003643403
675191854
766311146
520272007
217822252
118540090
64617714
80038656
518302339
45933754
383882469
572335294
770597231
272392551
149565708
1071511286
1057370625
971616026
457516502
309946272
586510585
46338661
221325005
550131796
720414008
918160383
1005597277
375643596
87174392
967374719
648458366
748406302
959806596
538321573
146903097
281730428
949491776
521451696
1066649019
599733527
557888844
336700253
452093395
403615029
315857987
220767306
847746200
761004649
527238893
1039542991
535618258
712368698
746482042
694674839
618279666
997369609
377831693
957842753
386620569
32215400
83731887
719737578
794356256
645423334
1002014153
1039091974
1064415388
647091948
240549412
575617227
10938200
24928749
223238953
537428708
688990044
182036169
946651435
990703738
178903659
368556086
343579687
131412062
228953798
484370507
871498768
529643394
1039318143
432611380
687315278
181295297
457481873
867977234
939240076
507306591
70226811
328322815
410802502
886552626
748434248
493022597
234934682
489575091
147349313
712327507
60186232
577618048
707621936
393845867
128460768
478914644
574632279
847533682
823201660
148831956
108363356
16403735
679862327
1010197272
846053905
202049027
87605872
937703232
285375949
805309296
916355400
456941475
8344287
382540550
619981934
939743768
941855731
1028259002
602765713
762202678
888692197
274131066
531111512
502575694
19280520
795702442
478914644
484432885
721473584
137357073
958492424
307432821
54442908
171527480
318463579
493983210
966539088
943744433
678787831
291831904
780669336
429869044
509745241
485701285
1036966616
257968980
48464645
131550288
468976332
487071278
833229113
165947434
1058737436
661930946
426583217
562481010
599364111
159002557
771218463
615337176
787324751
95935600
781036377
1035399488
847393638
689077831
434145035
120019277
413619979
316010401
37629957
571153027
407282000
512057669
1066389984
15843244
353117949
508302661
509726207
270363789
899364274
636004619
754613757
158930719
768306763
620091352
773291390
102687061
993511118
6508525
50005740
818297218
604636552
906380823
828549881
132749997
436908961
671644871
392362948
471149245
504251030
561795787
616725765
43159570
305858845
677525814
109120387
246005352
456358602
244097222
1005465599
948186631
220083267
477802011
680191098
686074948
286873107
281840496
487884423
860166899
950127428
750489040
808311798
314463421
980137936
1002051339
154252443
298068381
275831702
730550521
1010601855
163684257
725517862
35470980
167266820
881908890
548588857
379901444
428327360
593771939
261750827
786902104
606232116
303361176
161380127
564269801
39512867
462441762
186389580
69196901
433313974
626467383
812411342
86262996
987650966
732128809
825427838
413547533
731418037
99495380
422367426
883420175
174199539
716817595
122049634
591900574
6644746
722491620
735608767
42436148
707745972
454506792
566593254
331586151
669778117
980665159
675605427
763602217
92505455
268152515
951146779
292388783
421785856
468097536
1016755627
328970774
109120387
621826949
1016344008
98281752
223238953
627537852
164559653
538790131
1038188687
910407839
548828892
761936120
775659255
994820219
574924894
930745527
170496288
103589779
756741378
80814656
168768601
836879592
894628880
488842740
1027497620
429824950
479085785
925925745
875808589
478194602
811795741
844299738
428486217
1014173213
365686671
800596175
995873886
985504057
715097203
982597684
204143730
340226241
591963902
781040086
93884587
985259797
1029181233
976497595
1030616478
904877215
416699580
93533863
265503636
793046418
744223720
355405768
692915149
695893424
39567584
1013067486
1059163260
99607371
976838632
323467271
603016556
682594930
452936154
992261237
203000771
1056547474
141028559
347279363
305193381
275323125
72679962
55916678
1014293897
131603983
950664628
381851105
327905008
28825713
751771884
195498961
1039496890
176106937
667358745
793011040
1064382761
558096409
906717981
379412052
720775380
37997316
705060332
595269731
761182895
71743632
747761052
106907487
708172791
918438898
382577994
694504776
112767971
795722044
530410292
446360807
889122479
165691127
253369928
639821183
880313274
100644198
304887385
939750671
709282516
229829079
246724632
867458320
144599272
683980743
310051159
130935987
501061422
884302328
580085308
529482468
732665264
138759307
980994064
133545557
995457838
425631372
205243286
368064544
718211518
972798504
380438767
62537427
1046041071
944158250
880255979
972802057
457051380
407535393
178992054
138990075
171388677
118450168
709541704
1021978014
1031062220
288158785
438196110
54072420
465577719
419904146
243859100
667956696
485828500
993693306
276376538
167395004
720830369
308023478
1039428191
1020226058
749163859
662993530
666229764
488538831
565712862
75734426
516272846
165426144
186641298
631943587
322921937
232373067
111525382
542788796
742528180
409441568
758178465
816165550
571226061
633949200
675834662
870618308
133749769
605379854
93136502
953375544
272092290
182423658
315801173
341957429
609516339
565034403
133903945
249491350
943617317
14577600
389593570
516538919
99118647
395547234
859071614
700944780
260224190
227135002
943120331
725228614
193990311
485455315
212449257
53342831
189075515
738669014
756846966
40825849
742707084
1052063987
995361817
473213922
632753257
102189814
813176755
265605117
22956172
55180375
428114169
624486805
487688443
15671811
705347708
488820112
767164499
830960338
563200306
920595337
102741116
711590255
872000359
910610799
526217108
750373639
200080005
326991222
876268101
877706568
225943650
837470990
284110739
211779240
12424003
562756517
318481929
790551870
87368772
528996214
106270259
993815090
247098019
572763519
525301377
1006653554
334737882
962451900
191617854
65601608
571165067
803340563
4796787
22332230
585297725
551728588
807981766
151942898
309090052
1024800865
500301449
1043201560
1019038945
993397441
473725698
445852513
94225163
65593181
953614482
934114135
779289945
748928581
462970310
259334078
402994997
523855331
483120997
114800310
373934139
158228534
9579995
275677080
998945079
87210256
812197509
71108511
477736594
281529156
118226963
729051064
1033467488
747824258
404353908
1009341251
713508919
362656725
801769790
167376384
610593079
207340537
199472188
907755238
386827172
841784003
265764317
830379720
930339754
429163879
24529309
55916678
566293702
31159203
255601705
991257154
232840424
580422406
381330130
266840270
193864596
937460873
384381573
881031906
719671779
483821966
499204532
178722552
314191858
413389403
1024454711
645135613
522795149
4505281
880216702
922016433
955010379
510463927
108972961
883080134
459272465
650533813
136257897
714117617
62615462
395777571
887968841
199352800
546520651
655479029
420754804
934370178
391189767
227086809
539236665
514333714
324147928
833709201
646037662
424661456
853664607
286862400
780269121
968374986
209680824
215753489
157792939
218428303
491298821
674768651
400005660
131228486
205213294
129237318
222974436
686400964
854208936
1005106018
658050482
678765797
334036044
434964486
976058283
756991389
532590209
31355505
411584399
937436858
699559057
821034209
146903097
1043739575
127461795
93354467
596429453
407614881
960530918
21315037
229600341
867789710
497776810
1053688656
795722044
1062719223
566600655
942594202
590886167
591894492
921230989
1046563245
173289539
931044876
590086453
868445877
683096840
302028571
522665385
609145918
72871688
951575482
570088312
883869116
427550540
868983045
222626086
359226381
951484765
282610889
648423836
989895844
653905722
246958463
128094475
809105230
699594521
952604610
593132258
835921648
115703736
721473584
566431117
370807295
1057370625
915091691
594199095
417318247
596677957
1054533972
676259862
747592013
619088072
243645240
408187639
1037167755
198435726
866878817
314702880
266115996
583676231
865208558
105272498
1044082570
850599582
514495990
136048339
344156450
343018514
634354865
1061238404
264124224
894861162
1038856907
694439634
1010488748
838306581
23218392
813514575
122290226
1062659035
498056885
501696032
261381191
722036765
782604545
822886354
654450878
600033577
310182023
910545427
847785952
133922530
954534500
79814397
453068336
603473088
773054792
131414081
603746256
29652089
248820107
18363256
729491938
233280958
245783399
249743528
388460317
784470049
1012525432
858254627
461435245
790474670
266393952
573394015
509378071
972330648
387048487
461259260
107362826
573245694
485125359
796862459
590547349
38753259
799000507
819365582
459613083
35810182
275310092
172381517
944457177
942260447
480481000
227611711
47216419
122416703
31740215
126152394
990579453
555120203
912028376
993551486
722368461
1012037855
553155396
192358054
749982660
196217021
373826549
118503504
590858007
200929422
86953223
226859970
155596141
569579480
550765599
37253798
561169651
759775606
735179648
483688619
110761066
855366853
224689082
707549811
639303584
981829574
620771151
802048712
146932840
688835708
547111934
194767414
47754283
689698569
89331965
1027985240
941855731
241697343
725404397
582364697
321337018
253030562
305106890
588893782
215272383
546635247
337295263
888521886
463577874
900908181
83222264
912249188
387000676
231924086
785055389
754762501
706229567
549963123
790272656
24928749
99913841
249823655
795518905
692302109
273399212
502846050
349114173
60146163
184554351
954492415
35678163
989644293
1011737723
150418202
488538831
835194017
104784133
527145163
47782108
974829895
364409
769594124
221777157
86298018
530660441
113438434
392500192
961968906
921262382
426524763
271961378
801614524
747154106
373343937
178636312
41333850
937406171
641259651
786902104
603182054
959495230
73025942
208565239
145377203
300829903
238250306
855134761
735408249
721473584
793466557
486789985
567369413
507108494
761316872
587173179
25763379
695300119
46161721
590858007
846502146
275296477
407056400
327174924
950938494
213992742
517546598
1044001347
727024591
862657606
525211782
467154980
371691143
730858291
556328061
590242795
1071153052
335820662
1061659374
52505286
696930707
213041844
710712326
334532750
322235545
200466654
3498521
947412949
332012275
830960338
578630574
1005663655
46970659
379726608
199472188
353123957
755802353
283783805
1071933243
880833666
58286077
82507921
994820219
397183097
101241842
261788211
764162554
1040662404
159932550
572672226
612663432
733850624
996488083
67617857
893684513
404791894
102199612
1061659374
826792558
172856870
129082985
575870576
580676574
907365909
653049389
600149520
1034884205
556557343
546875569
219172091
295282774
857980789
804374811
575188648
723810136
220083267
719671779
385753241
674001288
507551421
408246720
187660699
856818794
621209265
197175052
583838873
694892230
1007070200
977571219
63446519
602421959
967915755
814600191
376939269
102997245
970304326
990805544
28566561
456740660
584856082
42082969
797401672
258454270
629154583
698168500
726563451
551944649
191868296
213221933
315274919
266453895
39571173
578513959
604108744
891025619
328960187
28227893
624119208
389785976
772043094
55685787
412522185
679079934
471221911
856498297
749272120
62346728
933749083
259193021
528996214
273150769
479682576
185192102
150101493
623643200
641259625
205429129
865155642
723123946
635237298
496906193
1031500651
804374811
152202850
403914874
821535619
504284163
745392296
383882469
793214762
399352843
883420175
29928200
687711948
882919140
133600732
994933856
171570907
671652419
241595878
709006565
1033481085
67938782
340698020
1007551600
794939253
446561386
828654358
1018281407
365155750
977892674
71373381
943430052
230671494
468524285
467262824
873244791
753935489
685327703
1017220764
99525838
897227709
747469106
381096222
302455514
883332482
331490020
217580929
459836594
379653701
3883926
770204661
440061963
655528984
660465162
151592338
425712037
761004649
408013100
371708830
813144189
379290647
490220181
916986904
759215236
300863127
907722045
85742203
802743898
561912630
633830069
724445319
408246720
405314715
897370080
228373414
1002143747
854958793
422954914
173773803
826862399
973420784
230823143
652389549
599944414
68676458
439637615
795153589
85132551
1007838715
336015268
422163895
35039049
826476171
650924488
143907913
714857443
649100658
837426986
359340355
958708280
526453188
229294984
381558354
840199398
265605117
573313945
1073037265
811322019
235108957
694902498
818595411
425126744
686542325
729989221
1065581353
459597068
414851448
778226869
643809799
697331146
506755734
704190918
46417981
979343855
418853506
544905017
544315674
461821595
63550924
461168308
748783482
322471747
965293241
559778437
589553390
366295956
979310908
338460486
548986788
1065907870
170186662
454111836
71622415
288100931
792999251
521150344
238549751
370966133
343048104
456636747
186897475
880858866
737431540
311639082
488842740
963392365
807756069
389586603
440315418
841961659
488623067
385813846
27555375
829989431
386189216
543853055
627791367
405294717
412902191
921875217
621399923
426366940
402306990
796295033
193751300
404738231
921954361
739339286
334243160
542224774
817860516
433313974
161452870
499513792
859304788
670781460
27121984
86765858
537178138
769187302
160548620
579231595
451832959
627758299
604902679
437258589
192264374
311339223
537968653
531864220
524363024
322199372
625892301
395083003
389155600
130508224
251871879
716354870
566653032
12699537
13381656
517910816
583103441
451628550
1043779971
916114553
1315424
1041233692
204937239
399496771
494737684
188572842
115740756
340413914
911000285
896886342
392643213
589068475
550079663
722066878
329566240
408013100
663777077
81191553
837778216
417838294
277001985
146494518
188167807
201269116
221654301
421403600
25739410
1051767471
434386603
749249841
16377172
1050863599
288007994
797544684
427605344
409441568
819730671
552455334
577838608
440116047
643704129
75131444
1048957408
538911813
55984088
270458067
132689341
713861550
986228528
823620145
681916434
363215670
880707828
922748384
1008136035
430626284
550775660
98777052
22103891
687381381
703030457
603521063
938998156
184990497
401470455
14269918
154058026
426429652
369935865
662251504
478952404
305588317
125954487
458354650
483120997
33293729
742882125
859315152
342003342
713861550
696875190
457572742
629559263
750625015
866256265
388908290
415997605
351585689
373816592
910105505
752659511
524821905
831460738
53668553
492443482
98836785
1052690670
164931614
499080097
74305066
856498297
44932492
986668767
1062204183
54171622
36087885
904163533
792429729
959030197
380618020
731871938
134102578
949075543
351623964
931405659
126333133
557524519
802591066
799000507
702292139
408873745
540638563
880826600
847149457
1063623973
583630957
281606061
496489016
870274125
906868392
315065275
184591073
433114517
585062755
981431618
78373521
309946272
26118385
75075036
991294990
868567831
431362682
459919456
301889613
759443097
85054266
618881764
805087514
425780403
1009855901
1031644710
1007070200
229735424
953971385
568281935
256398707
577140069
888573986
239541505
468542996
61670314
984723514
184127964
450730524
422367426
124676270
340468007
731899281
702555911
539551716
665406561
820513375
870831839
868445877
32680381
278732043
1024480028
765497101
751362515
309414258
540930226
595128236
452571641
124377808
431664984
96071620
421667736
394494107
993510233
925092064
882632838
16226975
723010208
682858146
775345955
694253714
51967134
902576578
172939004
1056522378
185434463
459156817
224780589
64061442
230575487
735766870
526745642
721469854
775872661
1002481839
934606386
901927462
287365691
869088580
381874959
729948378
187643622
461390369
220595079
237783897
281644735
579385281
739669424
732089686
225010871
875087604
744663125
595295593
896886342
850538251
1012500144
194693094
1060802727
913184804
332820506
809081127
19092272
247836846
165726770
157668964
1008422085
38628784
731335793
134121730
339041084
403966153
851269452
305048727
195147033
17666276
557992639
783420788
615608080
115287216
416569763
95442065
331589624
957462635
631243475
897944500
842283613
36395048
70462340
953779752
707745972
474278952
1031433419
195719019
687317171
1030461627
938622333
1007551600
351760899
515340231
576958356
138913716
677849303
211905040
789360501
762974695
195071715
787047864
932460977
895055527
89946638
989267239
395118441
355869660
639872595
744754458
939097014
712902778
540610251
321490120
400466873
316220119
477509935
281162068
548770378
678714205
161702725
332342530
1045002921
491604407
731946938
118284791
859459225
980671039
597377899
498628285
816337223
549231476
563870071
690197485
210684643
591773355
138616147
947080574
157950257
969948542
62714669
543957562
693707180
340615854
789962282
999027457
674101679
478953706
1014020286
657939498
29728001
600676840
873799012
473209534
196640236
589684498
219235153
296499314
791114986
539789757
795506414
568808914
1038260613
779485997
531402875
784760495
731747518
754663463
146642120
751470983
326251605
605417255
829543222
395118441
850717040
664552453
759335974
170964606
355367195
609547258
539193032
876348853
104613552
784449243
532672437
525082353
717790353
998671314
837001671
328781300
644965798
854868237
923159947
395491779
277064116
394634423
823692963
697733679
210028736
642415632
304989963
938025006
905955127
992772450
330850231
57492648
1019095039
599534698
120721806
547145022
18081925
2040741
909429635
358042303
407657710
433315225
503978712
743241929
421112724
231025567
415713082
1042634318
702704747
996312670
474278952
852602466
781337277
1027435192
285686560
509788695
216204527
21439099
406852613
1020620562
19175117
576931459
448945266
872370866
613704576
656519474
598358035
964027606
945047252
964803539
543901167
881372787
461336337
203768576
106819676
496858317
147111942
939750671
309068229
1061723387
525123356
204331704
235196369
526093401
103158766
814563504
13273404
979008705
195241457
900890069
744768726
151001870
188075084
393156270
221139729
873621798
518851703
53310851
786053715
929724614
733941105
79825613
574405709
784267888
390200180
798335845
731404702
462441762
1048014373
234585017
915895522
78122921
537314582
778113258
924228574
337423043
129313750
1039228334
657963162
243480485
958418494
452433534
462220404
453948307
467179405
930339754
567024627
344610856
333397626
503645741
163229245
277218793
199825704
863292386
624569118
205710623
273083685
279628258
167170099
136809454
904715702
289678744
976660618
979727837
1038303092
1001086201
770783227
356837270
944179625
946931858
1051172503
978181213
1026236928
979684464
300635799
712380707
358765963
54207261
65388803
507551421
137821404
879311896
176982250
104784133
301137484
1011718433
120246471
905135612
674284498
824035838
480179458
84929186
440648374
127719317
645018245
414088468
740144446
913683711
147852173
348261816
562950252
97533008
897944500
400466873
850748021
72185094
625794276
1000418600
865461088
338341781
47518717
269941197
559780507
1003340599
989152569
5569139
914116766
666339284
591831908
214650612
214669346
5504165
250990945
262588741
609146279
546932335
111546604
13204457
987569164
2891486
891025619
39825900
704599144
994381017
56743225
636471792
266082023
343359300
179903317
604437480
647856982
450672585
264223757
1005886871
114792905
802364840
702288553
688944459
628135239
724349597
491911472
276150845
412939706
411594121
898854427
1070691349
66370505
254738682
570818724
35547514
818630628
788765044
266840270
358460275
231675253
916756923
833923713
205710623
285479254
72700600
1018281407
683819535
254981309
868683455
283877564
139891300
243377122
382637019
1042616193
566431117
731720927
243783344
34050206
599442607
191903734
273716217
56966535
548983780
668004681
492291988
301962837
124829559
24951718
860710495
9264015
828549881
731565518
180740906
296969810
489031575
556830215
616397761
927249460
1030989280
614677006
56952877
23716439
813673482
331490020
132678824
76891941
618864888
448945651
731055628
466997105
463602782
212212655
798152285
793390050
234585017
983381495
227041973
709266917
10312223
891088860
70618719
599364111
297223904
680254898
428346221
817570041
694067179
472615480
604538069
243044006
237023584
519408597
777356091
130714764
386782463
846264420
857226994
786462904
1066319025
1063559056
279434777
1039428191
338381248
1047710473
754652219
138421286
122811064
721034682
414081496
517916290
407335847
624408856
487614095
914203329
1057255944
292497235
533289012
689028752
421491675
1030989280
263713852
1014559951
796049869
833108037
774430681
970354837
425814564
192997629
459597068
757691628
179828214
931776530
588350295
794844774
49887525
340291026
127955669
985674156
732450289
958178400
855947919
556196725
952479957
173883129
622826252
107577523
115695375
336081750
589684498
744900996
331184954
801614524
49682801
745815927
453331221
527145163
135462718
21739085
565778262
66968020
62490497
708494463
279369389
403562663
130714764
257623329
161601881
827914652
573464307
597420274
837304853
105925327
1046573325
220792796
357742819
790229444
1048820290
933366919
35810182
1038748606
242828821
936204609
65844067
366295956
997015251
689640452
562555694
1039279081
677772188
960653339
738735253
717288694
652471375
209018445
304000801
688403524
155619751
750548092
866223644
775695630
633644957
69100140
684219049
119425566
107601510
429945112
1067709063
880914436
297002204
341774580
471170953
245201997
330779725
1008151926
301606641
846528946
481473960
222855372
568647876
777794758
219783946
655837347
983451988
993277187
548719355
598777001
184974631
458928382
69731781
231740254
556349532
1018588903
1062659035
188059567
18703411
567465469
550108401
449500355
39552389
889946537
133935485
439947092
256662641
1008712589
69100140
235212121
84123119
973846201
321259697
131367206
1009258352
367378813
169077384
590630658
864794333
708336303
723385187
83309010
258699154
848189919
352345113
224379870
292321254
975519910
458125544
929221059
195786786
933793626
378271111
758837007
995212330
924194749
892181203
499528999
448681655
312256802
772201997
1043045266
197612578
157388447
835360479
350277558
53249422
354723959
1023674697
573962717
457196518
608179102
417643011
626158395
774632323
745624768
960608504
447554637
642668176
275323125
441358814
22822164
63306176
96319561
272243596
179903317
382327260
300812984
751558255
218995708
759102919
837602742
894449447
615401714
790431141
923299573
659258579
181150279
83529366
494737684
831611151
255458358
197787696
933880359
375274672
678220164
64299259
222640891
115370157
130149846
164249158
194890079
909053753
58855427
387080706
94684909
553368177
477466328
848447354
589335468
74460998
356225529
419522942
888361033
895055527
799021875
491604407
192014775
652389549
784760495
115114951
351584262
941697740
899854821
631943587
1063179300
45768575
630127059
1071166656
1046922893
637676118
687381381
1051696567
779110083
624619959
470069982
556405172
448304870
613452885
604065990
849264893
10120674
23029436
790127119
330353227
447062062
598021406
529871815
809348289
1035369872
330573145
300921867
456348671
167425204
662192765
938025006
507903572
736735811
763858614
219611632
477795548
125716980
256276721
274683365
1005351398
711962647
170438381
843903466
357031675
988482649
419030935
708073286
301765549
757772928
871257907
927432801
869636009
132749997
1069974577
577834987
352507558
289455154
514717000
568621164
291713313
792230344
507295725
352486969
458354650
528478930
823379955
382165914
927377492
418567626
377277991
416269155
654359117
629924301
286649887
790493719
259808781
445639056
1016344008
880662616
739339286
1028408336
70147155
69599173
160771374
806114063
731531152
914188474
317175397
61027413
121310765
490054380
194265123
990295630
398662890
392616892
453476387
924609790
500184164
224988724
331754317
572143801
237340388
49427543
287698549
596744469
700338591
596318109
896178175
672859826
725410626
703724312
633267490
190577029
34010983
409285708
363145003
740730495
34620429
251508416
588016432
350645557
448767088
293851828
466558126
254152123
733431800
479973470
65461428
296387763
30156727
935705708
95266286
739291743
694056607
1037601087
1003020271
829553305
209018445
313988461
644155254
596782409
895116321
70303869
598757039
58356382
603975831
655183960
409154
242891522
1037321767
323830321
835881176
370221037
397264824
250494050
723123946
664431351
728366254
1029102754
488433330
396182244
777668798
324460837
988240634
117458915
213819808
472456616
1064664032
220883640
681679326
708293317
87672709
86262996
517465892
471373603
682935396
285523748
248140887
36442391
847393638
35810182
926760804
301962837
506426177
568866789
196747903
230163659
832868112
580246360
520950341
1040301533
571059547
91851177
590975274
429466647
584856082
89002038
468845810
424075235
578009994
847165098
728541756
972132481
355128749
849898124
38295715
552858364
632753257
487071278
203161405
663561140
126152394
591440605
585482839
834076746
533067487
772929385
793792837
601462051
41999140
491290855
837246489
406940284
153070748
58033442
128795645
47725445
331934397
499460077
33009981
279315996
414984385
289982155
307309754
579783849
981431618
384668558
829841524
435167813
924220608
83141764
731329243
994280475
90145650
528125035
531910455
679570888
875652372
109706096
1006584267
979679587
860688121
99574118
521889652
371587505
913538971
289646778
180344115
333775701
851736868
1460207
549238183
902594582
476419234
757992428
493742298
27231663
107751797
279756796
956983495
899225928
926776097
742932432
84657087
710945261
778957509
253128662
181364645
914631607
899761489
971099069
891799372
740792922
389221788
631201582
194014071
785536450
556879663
364177001
536331335
732057049
211678809
1069974577
32173581
356754448
286014954
437576510
684366993
886568410
897516852
299328092
901928684
732230811
684938804
774601193
123506252
4092428
321715105
555120203
533289012
922909493
14375747
832412965
940701397
737539854
155578273
466149197
487099205
555898856
292330844
916150405
512270300
257187767
629757521
560213445
810599005
227665433
154948390
11529428
618073072
11425507
293367300
48730947
9098566
819938669
681407631
517049887
6948510
320314733
175513004
694189321
49777748
482642468
614927258
208333963
541438587
185490486
1013045079
468097536
998542984
10467979
574111775
302480584
450745677
364686521
228900341
583814895
1065884105
553368177
575828031
77600106
880477319
599159661
930754220
1010242941
51471579
551646166
349200938
751450451
632364703
42596056
217793006
155797210
64061442
125696682
276802711
708092143
247465151
780729349
947110127
838608940
1023674697
629292260
207452686
778209151
837707974
255399732
559477152
591581835
1036152704
79970796
313876033
214669346
297967505
990556492
566669923
950127428
668770887
881057985
753213029
561920405
525644724
662410242
39992343
95970845
459472691
505667240
466208092
799675882
863489833
102612332
170088684
407511573
1067709063
17666276
719613475
663946007
1039318143
427493273
881365695
685880039
248025146
871335495
1069354529
545200428
752959025
987296336
308717927
413056021
704540826
460693606
709006565
286609812
649523198
773923494
591013519
1012648635
475626707
601176113
522099168
534785748
1022382037
187415385
979223715
927022279
611618451
486990406
618680397
225952618
419219900
609725623
301931410
712842728
850425569
499209037
147445481
190477737
417734680
273724342
323261993
181857235
724013840
568647876
522489073
684563507
274995402
842060114
922021405
957127006
202883354
320490930
365261653
863487361
865352826
156210579
499439731
330995844
761316872
415618338
443702207
524445947
82302576
83483133
1066263338
195444493
920066171
1045693737
655184463
533525578
129598529
303789058
208698816
459404043
1042761058
477348718
991767848
1054254170
762083276
246818076
297098895
170135293
751647321
470304650
811101063
355722021
1040651080
504213751
726455661
680567573
808668257
86214804
795768914
442083873
818297218
489557658
718956948
356158843
184127964
775810304
833296009
12500375
1071681250
712380707
978043217
785830702
458125544
83397637
287967180
1028274333
1006607653
491219713
301765549
71014025
728941755
360421490
972506498
969943339
383797229
33242837
963652365
45424766
940786930
949627848
146727329
59963617
637032096
485709426
539655394
606787673
869609259
268595283
447412085
580676574
578412642
461733386
928500432
361992888
221144784
45743265
495612869
98606890
987681797
476874683
272218840
359340355
949214160
977619126
761995251
702426054
622470035
781524311
879333143
1000667081
3883926
558767721
586993125
1071219824
242109256
755802353
225614208
765142365
305227374
222253551
132121919
342421857
128604258
1008712589
89403404
833497614
568488415
671656036
352644846
14045172
235011068
681964530
566323016
106372662
810750289
461168308
862998305
279057589
13546401
739021534
11374342
948346163
819280942
682858146
86334649
41108061
529216410
565509473
303759870
396016315
428751426
592856162
438931356
370669228
290174269
481275587
643452658
983727065
515741537
509307352
141636036
225757422
56314131
525765168
310035977
114800310
418731095
686058993
253914821
640041104
976540949
991543355
347382132
106348159
956262521
395547234
171696290
992899763
823476149
769450164
777911787
529074086
733752822
564993374
733497946
350871237
515141653
306918083
164429186
778378643
780729349
922433481
480578623
89040375
638111426
981829574
587511604
444095210
526035723
97597574
830792271
844221474
240601393
148919146
211253219
522984616
705539909
746825404
944476959
491408171
863919640
133580231
207533678
59662230
721051329
651126747
957974759
152610662
504347408
880833666
781412938
278136625
912177218
424075235
332060865
68676458
328547234
1019281213
663750395
934637533
1053035115
652942016
346211327
35744973
44151205
127719317
125095465
817497212
51844975
351868521
665801888
1038257437
1053554895
846073945
177862009
254557813
395828698
13683158
751735703
24427917
1056472227
447332963
897227709
900560881
535348996
415721500
1002448805
659320379
222253551
554242019
564958515
840664735
506849937
938233372
307670869
266470620
911058933
212536117
760557740
878358207
624097395
1040634380
65718944
164167224
258471058
318852067
930020625
830047693
600276435
590028838
888083414
232081181
388773906
116116376
722674908
1003155216
736896592
633830069
1030114325
393758893
307821476
434628905
35470980
284692105
295658609
364992345
201192697
729136315
958057858
42346064
103502345
824135931
847121292
1042351187
875662543
343769377
950188119
224004896
846810675
788899603
109350788
59645095
670944220
711412315
299483484
394886770
1070056701
514623151
71325148
118215778
578418294
406512536
512228449
1037367650
372146437
412029584
210825908
605212324
196215702
513759161
211795082
58302116
1019936687
332209608
753553197
844153900
400564775
837602742
604274416
877642255
29198749
722895543
993118970
737431540
546312329
175801559
463206121
307642043
818418760
126173752
512139255
509757899
351645980
574924894
843240658
859504678
500184164
380438767
401657503
375558351
272485190
665165293
1073427186
1045453185
575430902
1031115140
242216437
424777958
464941365
734863990
835750504
692473298
823050001
768369633
840546801
180942308
350665
898131439
572672226
694634001
564726054
673992339
571165067
835360479
993858900
574745668
983730822
961044230
87104643
133320809
254928004
1007619904
994417476
583026965
154620161
499665765
506857142
924936419
123073644
308015204
379228127
441721597
699746172
653049389
599178232
42090831
413619979
457516502
39571173
185222315
425929073
438115799
590030696
1008860581
246469946
520950341
156589542
788158892
26891655
223612004
665910222
957355449
534530380
960823425
1020520541
502595678
158927424
1011397563
262714880
265675558
346663305
499966849
176808512
1063727258
957123631
437224781
839141148
1061966682
726159063
187907434
81717794
460022965
136843626
51902043
456335172
359938603
222640891
326925454
300478940
534642297
175637659
505897773
359484903
812119259
87210256
273014249
609292966
981771285
1005581145
868555703
599178232
793369382
693882704
275030979
273150769
901595
512052149
422728081
204093899
847944536
944025398
840447738
556516126
751296249
290095608
588249383
273013418
1014323038
57532008
356837270
61180740
1053473342
670825305
80885264
999191248
970919592
765672126
790120950
735793519
578267052
327015949
899604564
493611551
40290505
319771989
390200180
910688304
331312838
662317128
97471427
899381423
585420928
1069292474
167364258
23681583
443751043
640636123
884714228
867141645
590603079
461336337
358722894
613824967
975148047
284331941
316146252
626146159
1045927011
518424800
55378620
1039035363
114663731
699025086
332336386
153243365
745250723
50839060
409626988
305818064
618186741
69194964
717442618
679341606
529301748
29721616
367196016
607590432
329722283
440963734
559549833
503477551
804397352
23029436
2107486
85203836
1009417466
61348787
957865654
538333712
1053208926
508331117
872137518
559160656
903760267
812280292
37912085
311688902
1060538803
543292869
1013306227
633564690
54934473
347740423
336427141
369143140
237244009
605973131
211210851
398187021
828112123
643809799
796249595
853365789
136273467
924568440
165890616
186206355
256836740
978222735
993135302
206272514
303789058
720015183
107077639
498259933
926906877
297349718
891996736
193101364
556788175
627020999
83469055
466964960
687661671
878768758
133935485
757791864
101646093
965707355
244567439
442199972
753954804
153665586
529662083
553499150
921720964
183877815
1009222944
696576322
93499446
907188257
685041198
891338339
960983906
300829903
533542498
696228016
882638237
768371677
737551944
564767693
433595689
926676891
710338984
827989278
6964087
736520102
963584543
1008719135
364864137
479418578
319684625
571281521
604437480
1039657194
269839408
90615155
559797608
388378629
352349327
154058026
565516721
687953934
240481055
515073645
58416192
386901115
122049634
282610889
1034963874
175799898
885170055
721729325
215870574
566653032
856073676
440342386
306766226
584022599
604768238
603922987
94046727
1061659374
373759413
867774450
880688103
661773803
243297281
913679880
365280536
820703315
765348241
725153809
747351032
606882017
934100610
673746085
324147928
423508538
833845045
432371836
289033167
441620958
1065887573
249281315
85078310
451002015
876510471
47311383
621227387
72466501
910088903
310273526
128353670
872000359
536008450
223612004
868201213
59284982
807255919
312530287
144341994
673266220
297413773
961880247
651384044
392153500
740821164
1017134404
475052626
772521570
39552389
292364789
265503636
981417200
77600106
289651846
411227104
548387202
517546598
621035670
435048863
478374113
147938061
854395713
776364932
731804482
207651765
309452602
208126781
308396641
917747064
123609827
273811274
191673088
84360887
738787900
1040955487
686733648
339646907
276932609
325527156
845398942
448032678
962730216
901122757
340321801
338827925
190311397
1057388784
313247934
132498066
556006246
793763297
99871751
721726056
667125824
499550712
106467713
942050841
313915042
32483857
154861498
886241403
590472592
761499482
1013418131
968921871
827918388
1044555914
280301765
1065567474
318374226
184637326
6702108
459243346
785842122
192264374
778957509
408013100
365145904
953375544
813805708
783787964
306766226
108559984
569923152
731404702
509203282
815044692
977639954
152610662
98195989
441968780
87717323
134319302
979445985
749329205
644023386
791536717
812668955
398553120
532770750
497721908
490968846
945504418
420551713
291895443
721811557
666301319
1047897920
934410650
439070409
1014500411
886470445
868555703
462746564
375356441
755712203
167354994
569579760
282211406
305688279
539958024
1039504021
630841652
333600191
694599011
1044655657
17422302
1013433644
701199032
977642445
290009043
194326747
608548481
585024359
267768671
1047998475
109580910
886297713
132690802
253558531
375932062
822980219
68022894
122049634
91518870
275030979
350139690
263829300
365933004
387003438
310742042
137974850
446474426
722819430
628409746
556929827
112648800
325845626
994733329
813676943
885229035
14384985
398175421
11438635
606882017
467100993
779444710
498667801
541130648
652436532
572166927
337651990
720775380
87596647
608301546
904773959
22076304
211392121
1007619904
199119724
1056547474
38541508
163905087
589627537
930158495
976551202
995277252
429224813
34569347
973382870
327794613
639574149
756844742
16280126
111642279
608081669
158618637
130005232
154924339
635449579
586485670
515677511
1022575434
173591299
42333621
842213871
560264961
283398743
395083003
170308955
927083047
771835151
1062659035
555275656
283187894
51996537
460369507
846244393
882416225
9389146
112017087
597778403
661539974
555120203
600982825
506857142
1064195715
43930076
128811061
23819268
320607386
990683415
983730822
943593415
573971306
356269023
434682573
694933113
216056056
647303212
321818346
216781563
125241587
462116218
522795149
779110083
628409746
1002717149
772520285
726840252
342084291
31489120
108592465
803408893
596066110
29134800
144470674
119629413
972326222
50657988
800099240
669750477
731868983
668091467
711431293
637884023
553668411
322187913
887260061
968556643
945689642
460357668
708172791
620368775
742484811
802048712
560317377
217636975
624370621
1045112243
177727123
731363421
712047690
235951118
658754469
2541862
527795748
619385144
551638384
195048890
990134179
522912808
841946093
820928028
398406072
64424065
36289006
215951197
257623329
23793141
677915703
275601948
529189212
992226211
560833657
683433921
874179293
423787807
184552250
199984294
791161667
101010179
503022031
669535604
679835041
1013518
751207204
242884016
874426561
253172609
972330648
546841290
552954914
997877602
190346685
712171837
530733796
19831673
51134274
636004619
710157294
711440377
814124596
563347952
942559276
194945906
752707412
804860440
505437304
414304636
627827871
454078388
335179905
335096049
657465408
811339510
956425757
284196606
438367942
704204911
477841563
545183402
563084884
158930719
961852403
770204661
438988532
626514100
768085647
325845626
154179919
996931888
725405066
708006262
663003737
889475015
198305607
180107921
1029201021
485330951
577226375
94513539
612663432
637081805
150255945
16982988
203894479
172926385
859547010
578989344
107207481
738664009
426429652
172923791
919358525
557273223
403605636
106470431
855701216
343106817
439626406
736587715
241738652
84379592
226043652
849738924
821561711
991865332
31124379
988758698
653631410
110482588
874103008
859557312
705539909
91431871
958393302
907188257
1066319025
180026028
860563826
163182639
759041207
842252487
817241293
994929200
512228449
913483293
632142536
910484362
679851882
345477298
226634221
121815105
441895004
604576123
975465881
56444116
784412795
635795391
624013337
442252221
507620701
313848309
882919140
495753578
371898184
394397747
228868952
648423836
15843244
430849047
16256784
354869544
744118989
751607830
629542651
961652503
568808914
53752883
946245627
1036209001
986038110
437189369
3924613
568866789
563389372
614630728
1062242089
793612053
353067195
869832452
288144708
620416044
142631896
189794251
31524111
77647218
51011161
972855267
40907050
804258067
160630441
1012124201
727990910
82559179
178856913
122478973
634925361
534844469
448817290
883029936
687401950
68103450
22168095
63609622
240776047
224021733
10045313
170386973
440885353
148235583
153199945
832332854
52017433
368181543
304185967
342911760
27555375
723641697
501313840
480470333
1071704438
830960338
97617522
292594874
1043722990
284331941
7852207
426286587
190058033
82378252
600883455
872270413
615729288
280794236
861450154
689816338
566431117
470186143
165590242
564379011
641835803
178171330
731418037
730334597
467259642
141161583
269642791
399173701
71181236
461069347
227414878
845156040
208583876
913213375
18532443
405366548
200463277
660284397
413401529
356225529
13904679
340048004
988569402
469567863
60618534
948788195
612555169
264367389
561315017
391102630
638389134
1028443004
577226375
632468369
195521882
108458383
410075453
481275587
860265003
837664996
880484558
877800954
416760441
94481010
489013954
331526605
825624682
465825347
73692051
801453064
308043205
892181203
51223190
589817825
147080278
814466578
634303683
556159192
745394250
282230243
585905530
483690694
388547330
454851904
738972327
567534247
300829903
426600865
535192596
704276574
437939969
38397281
131016680
915037148
484870443
84359962
404112023
253690665
428486217
545638183
464587865
179426241
962985444
466588318
346590306
430711491
1013339053
747954413
256114986
889245656
426864169
1026695700
325768057
900312921
912028376
485037282
559112488
836862188
1002580372
475589129
125012825
962075226
1039924162
254596346
350763937
44706294
198435726
519817184
683408976
971034876
389785976
989025926
766541765
700399919
722114824
128581903
415172270
1051412831
966192674
424777958
450149154
324569978
401188766
420752271
797652513
308953214
983156492
221112221
698451718
315432545
67938782
729601555
463670578
456963979
19831673
124829559
1050826447
153394180
177206047
1006963692
6204755
182036160
856225735
777911787
743079664
266093734
711849239
844268918
612331880
136682082
52607188
275404558
1053208926
998068296
975782399
934866534
251335237
704472627
659664224
622771094
620557272
316213021
229006753
865731769
57492648
547212237
827649878
1004402633
708018323
781979123
893684513
230131884
513998168
206073100
546808125
156690557
282211406
799927717
533854145
722674908
274639265
927537860
805226630
91431871
186641298
379175748
114162106
523970231
196640236
464303852
890504150
322869255
795150129
793749263
6792007
99559609
741010877
299483484
687506504
1047491962
453750172
17756541
1133906
468645389
938622333
757994565
700988531
125282896
1009334688
577762488
826000924
819142577
476369517
42221136
575283600
441709078
543225505
348905618
694277128
4523234
898201878
701882672
573245694
38460872
459371940
713990329
1035113168
356700430
521327758
622489056
883437398
353387055
381658653
865352826
161483185
833271358
32339893
87104643
108941527
485870642
744027857
861041381
96237810
177425348
219270158
844947168
1037722563
991901833
280881232
635297877
334815027
8577972
413859619
90796957
389084705
554266029
22013637
60760295
898854427
558890041
651843934
566184218
376860687
417222896
338818261
906116415
686543909
536957994
552664791
335588247
695402508
1054531751
921344386
159170797
1072507888
452507350
23964386
467618442
123075004
253030562
802071908
964338982
229071958
278907392
596744469
694451929
684782162
413046948
159645395
1068970970
1059948627
675024447
1004890794
509032181
636017066
992809987
518793591
499558478
606984354
974554173
967714090
764234770
289869125
643192483
1046616566
887091776
231870850
521746880
729168282
668008137
862515448
591492953
895197235
727744625
106260679
1006327351
28825713
537775446
137268620
868829160
842596
598097165
884413862
802669570
443826123
472373593
105288066
950330235
646239245
537545012
51369974
753471131
760355478
657264043
131843865
985230599
1048113319
256930015
31836570
595128236
326094099
963392365
1043475898
404649412
665261870
452093395
433096988
1050212281
306116069
191467968
1003073248
351674966
290343039
456272472
290174269
644059140
921701261
275150181
882854822
627827871
975439792
1046984396
221759911
944617985
882129256
458633910
1020682674
1035069619
364646939
628833853
199984294
135780467
952433858
1034340906
963656202
822204362
996715601
802034240
228591086
477640644
737960987
343108227
343486747
58693626
386702465
589564251
1009178466
911003898
125739351
701537458
938373402
320215613
880597366
495559001
157430669
880124916
983814767
557273223
702036409
651830649
1043179190
282075027
744663125
955812071
956861018
191974124
235693738
1030989280
379308066
619922253
769421650
25031193
484207783
21074993
803329611
611230279
829448848
434066
412718341
457371741
469469491
3061571
328939529
454904942
539789757
943324277
954784573
829236626
547332310
129673922
105859501
658575926
106114166
202019417
565866985
412939706
285078190
551944649
402722705
294785524
493342811
316548006
961589066
439501258
251204746
614316718
283966531
27555375
767984197
35399898
285968443
364864137
353566809
938684454
187907434
164050327
158468489
36708344
934370178
485963947
510665963
971696674
759878907
870704945
924724685
668557234
976816353
940001499
229925578
332811617
250494050
645135613
294707780
945544641
685024793
274978865
305688279
697412482
1052748086
832868112
794639798
996885370
698410442
1063798251
39729667
524503026
847948925
474812093
1064640303
776702386
148830058
496410318
998650213
575122793
120177046
9430390
298184044
523651645
400966595
745624768
926760804
367101202
1024221498
299884795
509204608
927551387
90957357
507295725
515763668
574390187
109706096
734290696
461990026
69945483
896776690
13904679
1026637610
603976296
387313751
467661844
99559609
338772156
771795401
565117531
1018640604
622430577
30409697
460772214
96237810
1068802829
917574674
344455248
1000571531
879462903
175803485
158967532
898828260
559181768
957805238
729601555
976816353
1033846803
218142649
832938405
604829599
385813846
942845449
597543466
285375949
119557090
628159761
192522082
187742381
45366044
25364815
286235342
896199058
947290317
426282730
217147839
674776379
511212786
492694093
653450318
768306763
381238738
497708750
535258644
141269139
605788083
271119954
664137051
248735688
14569207
353373526
578924644
437919861
529315397
456947675
6072026
758412674
95098105
25763379
330100972
592898324
455421650
429869044
647991315
1045005911
355509185
235643585
327417263
120071086
346891641
447256011
157995313
537150452
386540485
914160100
949839489
274978865
273958534
921189592
100026316
763007950
1037434501
223452948
580834820
117729883
679737136
951207161
324893344
585772984
143907913
788886671
845433053
973089598
62490497
783138249
432709689
552430593
92336402
430756796
367569073
180716599
212180814
229515604
815234189
334989272
636161021
1037282564
1070691349
986702538
103731065
525270312
189322772
1003155216
892909714
365563904
889256518
253172609
249510999
629924301
256920866
629828119
601345298
462375645
265518124
726591707
740056178
846971716
751941745
972506498
639590482
773508380
756952739
331184954
1043255750
835349031
1019038945
1037631645
700105868
973095730
59099417
159541332
419968589
638779070
112461840
84638865
952935786
150590533
385965873
486302143
433146206
946791997
834009408
385455799
373382643
166214056
886113392
352464342
418567626
65461428
103298969
900655759
328520978
705539909
400215365
58857177
787961624
641339001
154272826
43572005
976951673
723780608
296488572
601819349
85063107
736488115
364608002
979495841
625640437
584630950
962075226
48756278
986806810
38771845
857760135
758768876
952935786
92721241
728643210
478175709
41793400
1005663655
46856331
154120522
486919330
201609439
261854939
943410264
1012697822
234381423
933690323
130903361
399416081
314481095
7932354
709336454
939240076
905623520
723320854
985169089
200929422
331532992
720253932
787442152
837477233
97898480
640255086
175803485
1008967073
870704945
699042822
799592039
839347224
268805193
712180743
570137454
385382679
980086769
863542628
19104712
1063506173
1045426995
98043281
790525497
750583893
492866393
385394686
984984170
964209338
966572535
413056021
322816341
847393638
182072221
94001588
128879770
415172270
694103522
717768249
1043363641
700044461
541059281
557992639
628890688
534402289
60950213
143168875
69600837
1045640025
739154181
203895392
699295884
327015949
808440235
744768726
234046621
820055964
42346064
289359269
680122311
161371960
918030239
164044660
1038096483
263088778
70825079
498764036
269231549
266828126
975740900
191204880
1044468562
282528096
685041198
36338122
909568277
877470796
819365582
819515008
180380172
907773250
313876033
909037031
933519319
718816326
159413042
745598112
977319098
618279666
120425019
99725567
860363812
741201758
59395389
30778471
47658979
123094577
670428101
1040015437
51011161
159994886
150101493
817855966
14180605
811387049
711697476
195498961
459833401
638293937
701578430
56314131
232860294
474658703
317448522
907852693
774586264
975101325
680376979
190691762
160548620
903556870
926973199
44316571
616047369
843016774
565811947
865987709
256815152
334529312
493064503
994004791
234437045
7057130
4287139
321293292
750212657
142204566
50169269
401009317
1030071116
770923060
357293922
703608501
452368661
29269971
685302531
63385623
352475928
52454341
203768576
18857654
309982409
235577085
78549167
981289709
166310663
766497154
738972327
678765797
468462285
34010983
1030291517
1039232346
119434377
195256266
84153085
585835404
93884587
437085346
763251358
338132121
876813895
955854785
952632868
277292781
740283633
511538192
86810555
691139203
510505756
700992148
222515822
862868118
533542498
154369130
20749620
966572535
751868285
725153809
49282451
1045363430
662417174
430886723
73373802
982143806
392071467
369748160
699126635
1067100759
800399952
123506252
680593436
351005384
498395952
265987495
788976842
438158980
842609001
1066389984
130935987
115287216
170584391
118949285
115170689
707745972
554450863
275654726
684032488
310572914
240787425
308447113
551511058
287978665
970304326
808630900
615325652
65388803
588788506
216654393
125088069
582910483
112307647
451173692
210563624
428486217
818103355
967180992
343108227
822699447
466152703
348509962
564513109
409425337
547420414
807248805
69950592
425842152
759041207
625110313
669560742
464291683
867636611
416281646
709560190
240269811
949217553
117810064
16275885
163829220
907918093
832024693
663148696
364837839
1046368944
1049112365
256729573
1035078925
781349806
943717381
911117385
101531853
794146689
283176815
172800211
532905553
763592196
798394413
77647218
325845626
469736125
518836323
304296323
83415836
276225566
70856313
890390645
752498739
986946997
704851389
698466446
502539593
604351244
634250632
897666483
920474193
798547670
1016585083
523029063
1016135321
707353390
949466957
896058917
19198566
880538320
996312670
704023801
313343774
352078805
836882377
769153912
940798793
50738524
364904257
690966844
1007551600
834172395
782981619
299505940
840764022
991294990
934080746
466152703
119630375
531997877
235371265
675598122
188467085
719614922
362796433
583269688
416886298
468849159
91057967
345564845
612597845
525746459
367101202
887667365
883356445
5751203
678965762
736774558
744485797
854661243
367234399
366073934
724420917
478338974
225632681
237023584
764708550
878858987
321259697
561421661
706394931
465830604
44075201
660299307
297670063
310866229
553032669
717397116
1040435513
404831342
963936121
714320014
925776745
765901903
506466009
978624670
677714982
43018381
422288495
897990241
657852661
882598847
193105240
838476674
125685682
805606116
686204286
595986250
833843828
312651399
780479465
434085343
219837836
162747736
852759220
297223904
1059823825
186313538
410567981
4360628
470178474
437071149
753786664
976746854
734919314
652389549
994323467
290470842
343579687
48730947
521969653
240145339
995248528
198514737
895181922
638769676
996215789
996715601
395928829
1037367650
559246556
109719457
187614301
764566090
732678763
478914644
57614408
979935128
188141316
585035927
464205511
1045310063
499558478
994004791
1066159912
1011737723
513198297
307477735
601357870
853555134
272562918
122721916
331184954
57765822
767016143
98491083
80600430
96173045
741225993
179818205
498308017
940812979
160435302
893814528
375274672
234585017
1020767958
1069660604
770162926
1046735850
899462170
544934553
377241581
179141095
54095975
290987785
228162044
178115868
590061067
921526208
614111854
180682832
89528087
403948845
973027709
967067291
797082873
82507921
155284081
2262717
687241178
37484239
1047844203
787268938
266304224
961941328
995129359
710745547
337464422
1028155992
776381690
921079253
12775739
211873101
150665948
579384350
500632604
833324425
31480829
592492655
265522662
274131066
941855731
146301687
783240310
999027457
718174089
414385337
619733530
249034267
905500766
1046073136
413571565
575555310
954359008
475444600
12567641
775850570
368181543
246853225
1070169371
1047379799
979797963
661203841
290799983
723095687
990683415
717829062
796367930
223399238
880833666
850193545
860401203
1041660119
509726207
803907452
848617109
418429168
93024014
12158790
161458208
876441516
350476612
302859100
276930646
986437587
285284553
706109219
144555837
833380036
565613647
185405397
427914434
111369303
179818205
463131085
175803485
972153679
751190630
231789362
301389314
338473955
575025318
12328139
10450164
990830896
647192132
620670535
947985544
905794382
486786950
847393638
165137404
523773610
741259636
165726770
282968245
591731998
864630774
340321801
702840988
635194577
213175489
1037960547
347841931
262747594
865794093
960375704
487227437
941374698
597428389
163466820
303988957
1071219824
854302444
188336903
285745840
234381423
603746256
832137434
439947954
966109695
467032260
234480483
643161909
408063494
548387202
593000374
1007998204
1006043420
474755778
977892674
332371819
965494338
67318977
1020767958
974243486
877655398
281594888
808488719
351585689
536008450
813731853
466863733
239084630
190427743
136906018
1020459085
352828256
819790416
697895262
285368568
525301377
422716199
565851998
737803061
588827980
48464645
446709084
152683328
314611285
4848845
2853250
844873467
370007506
282905587
386834613
909807335
669778117
649699937
798394413
603226025
502855000
745187440
798547670
817737581
922266348
884313815
286036137
647606597
971434139
136528160
364722105
330056942
228591086
850210339
411037667
437688817
640896535
513355801
828599549
927707245
37482045
659831212
762959922
882831580
973172512
432842994
336678389
847267064
154252443
68020243
872410143
905935084
525746459
598757039
1005554990
220083267
443152409
624486805
964836182
148893035
321799499
954425318
602429331
176558905
961179273
953699906
628343323
514103870
457516502
248665515
943983786
396633658
139224576
438433922
921685357
983272647
135615554
906860185
672219107
395570568
506849937
582455167
625879391
79569190
847870647
964710376
697918454
353378584
374032814
702010889
112984884
1034367593
562925979
732647114
122721916
397585716
89468755
998076981
330312280
498008858
812280292
149725383
1012919881
471704093
589880997
577309917
777543464
106246103
238285886
776487659
517610817
560861052
614635970
450978526
615329547
479830757
275601948
92296951
1061646311
887936947
184824785
114734535
51134274
180429229
689422043
921237437
57421621
193312004
154811264
58308616
42333621
89729611
776081694
706172772
982612807
820288997
133600732
705874490
222626086
601717773
58941705
134328534
43169861
221625045
58941705
807041153
195209238
417244935
494694424
338132121
938733239
759833625
120370129
570568034
436554867
1042226641
411939281
356094031
878092689
1030463385
685034607
366073770
984326235
42406641
423139132
77133606
367512720
711153193
893710011
835575447
952934645
802347647
701265034
493611551
443691005
626750174
531653944
680908287
600120093
748328323
338100334
201423125
378050466
69430596
367101202
875684394
258370255
861399323
433509524
87935487
1065130342
146217393
862635004
18493851
669644142
547723103
887365635
624119208
470785145
135542505
974619493
77526517
600676840
108262292
119702587
659258579
784208181
1052784628
15993235
860670199
609292966
878700399
78442868
22411558
518613682
959795829
907871691
396355052
28419622
530507754
77526517
22491717
227865193
53706417
290174269
782517773
441056125
346366603
572247080
213447867
639001096
427828869
294560970
191955976
686022397
800253484
814923769
436368713
940001499
159054125
970632562
285607688
684032488
345307395
476660896
401470926
797566851
321940648
322235545
61240630
200133920
133948475
692850319
598455613
738951638
952041469
695041828
481716432
833287588
715224258
180682832
759833625
229925578
963868240
320400470
356225529
839224856
527634360
350871237
1017352155
902576578
403212929
181295297
677110739
130615660
983728288
720775380
353092770
568114331
530733796
183983767
565794944
873799012
426011671
302596870
1068684020
476389879
6592710
217027313
902576578
963445924
479745713
134808606
1002096537
363928618
670802965
413296644
430886723
75172905
219393389
956983495
168537329
1015765466
850587383
1030525976
918707655
804347547
355641748
360378214
544864662
1070056701
943172260
67660632
850659367
506680746
951364673
221403344
1059163260
889021416
1039452924
454307091
95739954
821765285
301814217
24584948
147364920
473975231
427028362
854331244
874215678
430851284
370615388
342478835
355663386
381120089
724848650
148095228
1044145572
620411496
9662675
145058232
95690116
456358602
740857550
670622347
539236665
364403481
394305883
122811064
66576198
611839472
756862902
290853218
580338629
54591526
99211308
772201997
817737581
298642266
694933113
586063056
288144708
610137805
223347249
882536248
900560881
844898232
122008051
947982422
823243114
1037289054
69045863
378425955
871565053
374239258
1042634318
549763522
696875190
583676231
422859349
1016220225
901188505
782611328
84584453
645423334
1025505815
714892100
12118968
23914572
255267743
963325701
108880264
181800515
1042616193
664199583
294360898
429729487
62981353
976876719
83789471
507484015
65526964
1020413763
263579411
151492080
524108657
350139690
976838632
430762502
816430829
506025235
364987816
797743582
952859722
1027038394
638033054
778130372
76465258
624013337
485125359
611108197
133063106
253690665
185604702
716619657
983830222
939223925
738951638
356333406
886006842
419778176
650136685
659664224
36250721
365261653
39762533
1051094024
372595972
122767367
1043679523
688944459
753036924
180971163
690038111
527616610
526217108
804048675
728284674
894489399
772143097
369949535
972912455
572326059
1038209214
138209146
6854291
860265003
115994520
760998559
132210966
31693379
783420788
729136315
723780608
165131243
510945904
152683328
406109217
123506252
170972265
1064635079
335069638
399040403
614600698
1012485977
984723514
509138318
761499482
114416142
283418569
986670290
394649100
484616782
451850802
371499901
201609439
844955335
929789871
915037148
762524541
514377864
179544444
318614608
449736488
452376800
897381237
729136315
639639413
1015617376
165214836
956724388
430878596
613042095
595592167
619281451
555209111
1057858920
687852327
609193526
11507660
623960130
81191413
799021875
892319706
529472032
452830700
626360466
331407982
130903361
92346846
400467041
151942898
80127628
694692762
28553736
618548882
40364213
141720303
548510945
736517275
748648619
42940504
231361329
751511423
626466064
1058658057
574023605
738663718
646902893
564269801
224267828
449591583
719599285
369157613
203768576
1032153577
183001978
303228067
1056300546
401334360
215518358
304211043
720613169
884827770
531542890
859071614
357273
1043722990
799000507
739154181
314461496
145954318
541178097
740111825
714625164
486587456
766311146
175190047
496955533
319350132
547723103
776725465
650379726
832024693
728545390
505842282
994891229
280923628
301799282
606984354
103530603
115249016
609420756
935283937
604717613
420912575
135883267
293221754
484714055
279369389
304449097
357668039
505404938
652130250
309462515
194824045
502284071
977402831
636341243
590528293
266084668
200173905
296771588
362008592
729948378
439093021
183834722
1040988777
403808175
803302231
678337075
159004946
155596141
455228238
474478972
370056210
550744574
867395488
743558988
697998952
657530006
685395102
229666266
550775660
1009956046
337916620
834995469
723797161
556849196
856871938
10938200
68686963
209824987
427358946
824935584
983517316
542228049
494737684
1007690867
285523748
394837771
787682333
1049644582
1017931843
839887317
912912867
635237298
910286161
789261006
71014025
753143677
603599159
73105273
254421646
1066989592
595381477
689232740
99998597
191486682
921021636
3884938
535926474
491236609
649849972
314753346
754150113
599534698
527238893
945186217
410756020
343886956
656386202
453595167
236376832
366252323
749312194
152442344
535001876
752828666
690964647
834553151
407016883
952487862
904886628
245351242
265199249
356571427
552858364
339342053
726105749
254749968
170691801
754029103
772520285
914947725
117684260
658125583
706394931
446682363
1017175678
341338784
1051767471
577838608
572387705
839878970
263383972
5017158
448425831
349128513
417125240
709225014
143557024
242638344
772327413
314945039
23083253
803158279
544315674
309099641
155862361
116982403
530099596
1038680520
459833401
12639999
67111228
291519452
979310908
161156327
938772189
651126747
679849435
165954565
416309680
1057358775
765250700
299265065
935928934
483062955
461532422
438062124
59461295
395570568
1072706628
106440951
199472188
562966115
31526121
