1
10935
0
17053
18476
23211
1
3
1
1
26291
325
1
30035
1
2
1
1
0
1
1
0
1
9
508
1
1
1
10
2652
1
1
0
1
20780
2
1
19651
1
1
0
10730
1
6
0
1
1
0
2
23326
1
1
25305
1
0
2
1
1
1
104
25574
0
0
0
1
0
1
1
0
25490
20882
0
26881
1
6
2
16136
1
1
0
4
0
0
0
19649
1
0
2
8933
1
15510
1
21770
1026
1
0
23601
1
1
5
1
0
0
1
1
26632
1
4
1
23357
1
1
20980
1
0
1
17442
25874
13664
0
2
1
26888
20283
1
2
21331
1
0
0
0
14048
28177
1
17440
1
25768
25576
1
6831
2
1
23671
1
1
1
0
3
20796
24299
1
1
1
0
0
2
0
24379
5
2
22662
23694
0
0
0
3
0
2
1
24990
1
0
1
1
2
18399
1
6150
3
23503
0
3
1
8211
0
1
16302
12072
1
2
0
1
1
1
1
6514
1
1
0
1
0
1
3
17216
0
22257
0
4
8
14014
0
0
22954
0
1
0
2
0
3
0
0
16635
1
24182
1
1
1
1
13596
1
0
3
1
1
1
0
0
23187
0
5480
0
21266
1
0
0
1
0
13752
0
28534
16745
20107
1
1
2
0
1
1
29797
3
1
1
0
2
1
1
1
24194
29831
1
0
1
11092
0
1
10959
0
833
1
12892
4
1
6023
1
1
0
1
0
1
1
1
1
0
1
110
0
1
1
1
0
3
15
5514
1
12537
1
18371
1
22087
18880
0
21504
26498
12559
1
3
0
0
0
1
5
0
17749
16174
1
1
1
1
1
14699
1
6
25027
6956
7655
5871
17389
25024
18759
4848
0
28257
1
0
12579
24202
0
0
3
22277
1
13678
1
3
0
2
0
20544
6
24118
1
1
0
19739
0
17389
0
18941
8932
0
0
1
26272
0
3
1
1
0
12217
2
2
0
26684
0
28199
1
0
3
28630
5977
4632
21695
3
0
6
21607
1
22750
29370
8638
1
24336
31323
0
19372
1
1
27164
20508
5029
3
24119
1
3
23977
1
1
0
0
1
1
1
0
28875
1
1
2
23625
0
0
0
3
24776
4
3
1
1
0
2
1
0
1
0
17256
1
1
3
2
0
3
3
0
2
4
7120
25917
1
0
22525
10292
18009
1
0
1
0
1
0
1
1
0
2
20609
1
16913
1
0
0
1
9476
1
1
3
15501
26730
1
2
0
2
14490
1
0
1
49
11961
20833
0
1
1
1
0
1
1
20658
0
1
0
0
1
2
1
1
19129
0
17421
19379
0
29328
3
0
6
1
1
14354
1
19844
0
0
1
0
0
21122
1
0
12735
25787
1
0
1
29
19183
14233
1
2
5
1
7915
0
0
15255
0
1
1
0
1
0
0
1
25393
0
1
0
20894
0
1
0
19300
13817
0
0
0
1
6977
12382
2
1
1
0
1
19333
0
1641
1
0
2
1
1
1
1
0
5
16470
1
0
2
1
0
1
2
6
24356
0
3
2
1
2
1
1
0
29105
14525
21433
14931
0
0
10683
2
0
1
2
0
1
19607
0
1
1
1
28695
25061
0
1
0
2
1
4985
3928
11172
0
14312
4
1
3
1
1
0
0
27115
2
0
20678
0
2
1
1
3
1
6
1
1
1
24293
1
23426
1
1
1
2
1
1
18996
217
10566
1
3891
2
4857
19123
1
14817
2
0
0
23290
2
1
19991
2
9
1
0
23200
19981
21612
1
4
1
17120
7407
19764
22898
1
0
18282
0
0
0
1
1
2
19986
0
0
20142
18168
17858
2
1
1
1
1
11228
0
0
19149
16420
1
1
1
1
1
1
0
12973
1
21455
2
2
24804
0
0
1
0
0
1
0
3
4
0
0
2
0
1
0
0
1
27291
14089
0
21619
1
1
1
0
1
1
1
1
25901
0
1
2
5158
2
2
1
11
3
21
2
1
7
1
1
0
1
30039
0
25044
11
1
29470
1
12188
0
0
1
27863
0
3
0
1
2
0
1
0
1
1
0
1
24810
4
2
1
1
0
28643
0
18165
0
4
1109
0
3
12
0
11
1
1
0
1
11794
5545
1
0
2
1
27871
699
5
2
2
9
0
22418
25365
5377
1
11194
0
1
1
0
1
3
13924
23330
1
1
0
0
6
10080
6
22475
1
1
1
0
0
16121
2
0
3
0
27878
0
14674
0
1144
0
1
3
12828
1
1
1
24565
1
2
0
7
0
1
0
1
1
1
23328
1
2
0
0
1
19251
3477
0
0
0
1
1
1
1
0
3
8
6532
2341
0
28159
14199
2
0
1
17744
1
1
0
2
3932
5204
1
22110
0
0
1
0
0
0
1
2
1
1
1
1
1
1
0
0
1
4
2
0
23956
1
1
1
0
6
2
23852
7002
31085
1
18986
1
1
2
1
1
0
10445
4
1
38
2
1
0
1
1
20175
1
1
20500
1
20459
27039
0
0
0
1
17
0
0
4
15026
1
25836
1
1
1
1
2367
1
13031
3297
8077
1
0
6863
11366
27152
0
1
12203
0
1
1
942
1
1
2
0
1
22775
23399
0
0
2
0
11149
0
5
1
0
25492
3011
21794
2
1
1
8345
0
0
0
1
24931
0
1
21795
25608
2
0
1
0
1
0
21459
27030
1
21981
0
0
33
29246
2
1
22293
0
1
1
1
7
1
2
4471
3
0
1
27732
1
19845
25419
1
15625
0
1
0
0
13581
694
5
0
22126
0
0
1
1
27329
2
24679
3
2
0
0
22351
25968
1
5201
0
1
0
8829
1
1
4
0
10189
1
21279
1
21221
1
1
1
0
0
5440
1
3
0
1
2881
0
3949
13965
0
1
4086
12982
25770
1
1
0
1
23719
1
26
2
1
25914
1
0
1
0
16482
1
9579
0
25116
1
13498
0
26415
1
0
12540
1
0
1
2
1
26596
1
21
27710
1
0
0
23513
17081
30218
3
0
11819
0
8116
0
0
1
24332
26398
1
17811
14272
1
2
0
23271
1
1
0
1
5039
1
24428
0
1
18190
1
0
0
1
1
1
2
0
3
19386
1
0
1
3
1
21916
1
10013
14
1
1
1
0
2
13417
1
23983
1
23377
0
0
0
25238
1
1
26209
12720
0
0
1
0
1
17026
0
1
1
2
24172
1
2
1
6
25031
15708
1
2
1
0
1
19230
0
1
7626
0
11924
1
1
1
26243
2
0
0
1
0
22949
1
1
7383
1
3
21583
0
1
27586
1
1
28815
1
21137
20
17824
1
3
2
13
16422
9857
1
20443
1
0
1
12045
5
0
0
21843
1
17646
1
29425
20248
1576
4
1
13663
2
22511
19775
0
1
0
1
4076
16780
1
1
27349
0
3
2
1
1
9442
2
0
1
1
23215
0
2
1
25311
9739
9
1
1
14855
2
2
1
11518
1
2
1
2
0
28825
6
0
1
1
1
1
2
0
0
8
1
12432
1
27972
0
0
1
0
3
1
1
21029
2
14231
1
3
18992
1
0
0
1
10189
1
1
1
0
28
1
0
0
9283
0
1
1
28398
0
1
0
1
19973
0
0
1
1
0
1
1
1
0
1
1
3
2
1
0
21568
2
1
31284
1
19535
2
1
2
16332
1
0
2
0
0
4
14364
1
1
23419
22233
18420
2
0
6
1
1
15992
1
1
29455
1
0
3
0
7176
1
1
22408
1
2
0
0
0
3
0
7
1
1
0
2
0
0
1
0
4
0
1192
5
0
1
19992
1
8
0
0
26516
0
3
11
0
24667
19
2
2970
1
23619
5
0
29669
18
12895
0
1
1
12121
12457
7
26828
1
0
1
0
1
0
22
28007
1
5
9695
1
1
1155
0
14141
1
9270
1
0
0
0
0
2
0
0
0
1
0
2
0
0
14546
21373
28286
7906
2
22191
23932
1
2
12820
22165
14057
1
18352
3
1
1
3
11639
12668
0
1
1
1
1
1
1
3
1
10
27455
19771
0
17028
154
1
1
0
19307
18896
1
0
1
2
16323
2
0
1
0
0
3
0
0
0
2
0
2
1
1
1
1
0
0
25006
0
11653
0
0
0
2
1
2
2
16888
0
15370
9
21085
1
0
6
4
2
0
0
1
1
1
6570
0
23301
1
21488
0
14719
5
1
1
0
4
0
1
0
15906
0
0
2
0
1
1
16262
2
0
1
1
1
1
1
10571
0
2
0
1
27224
1
1
3
1
8748
21161
2
1
1
22969
0
0
1
2
28687
3
0
22685
5
0
1
1
15571
1
3233
1
0
1
1
0
2
67
0
0
1
11980
0
1
1
0
1
0
0
2
26651
13743
1
0
1
3103
1
0
0
1
27062
1
0
28335
15838
0
1
0
1
1
1
17943
22267
0
0
0
176
28512
0
1
23628
0
0
1
1
1
18497
1
17243
0
6
1
19206
2
22070
3
3
0
1
2
5
0
3
0
2
1
23130
9658
1
24057
1
23526
14592
17258
1
0
0
1
16490
29045
4
0
1
29353
1
4
1
1
2
1
19337
1
12087
0
1
1
12
27157
2
0
0
1
1
1
1
23328
0
0
1
0
1
1
1
4795
2
1
12006
22345
12
27914
29596
12301
4716
17417
19376
0
1
0
16499
7
22350
2
8
1
0
2
10126
23746
10
23219
0
0
0
3
2
0
4
0
1
16451
23259
0
17171
1
20173
1
0
12933
1
23149
11461
0
2
14956
1
0
11431
2
18191
34
0
0
1
2
5
0
2
26685
0
0
1
1
1
0
3966
1
16142
0
0
1
1
0
21561
28025
0
2
4
2
464
7
0
4
25070
22454
2
4
10079
1
0
0
0
1
22181
1
0
1
1
0
1
25838
0
1
1
5
1
1
2
0
1
15787
0
0
0
0
20432
46
21510
23177
23817
2
1
6601
1
8124
2
1
0
1
0
1
0
38
1
1
0
20079
1
1
0
3
1
1
1
0
2
3
1
11
1
1
15071
0
0
0
1
0
1
22844
16458
1
0
3
0
0
3
0
2
11052
1
1
1
0
0
1
1
27819
0
18125
1
18151
0
1
1
16266
27628
2
0
0
18687
20174
1
21728
2
1
0
0
2
26587
9
0
1
3
1
28929
5
2
1
1
3701
5
28456
0
0
22415
1
6
6822
1
28831
0
1669
30307
1
1
0
23952
24087
0
12106
1
22668
7
4
21564
0
29021
15885
5
29253
1
20940
1
3
0
4
20248
2
0
19571
10901
23051
2
1
0
21094
1
1214
0
3
0
1
0
0
16627
19455
1
1
5
0
1
25429
17176
1
1
12227
1
19668
1
0
0
0
2
1
1
12
28200
0
0
22178
0
1
0
3
3
0
27875
0
3
1
0
12990
26049
8903
16847
22020
1
27284
3
6170
1
1
3
1
20016
0
1
1
0
2
27020
5
5903
7556
1
0
3
3
12085
1
0
2
0
1
20923
2
23303
6
2
20546
1
2
1
0
24877
0
0
22378
1
0
1
1
11585
0
10266
0
0
0
21754
13138
25359
23750
1
0
1
28135
0
1
1
3
0
1
8750
1
2
0
17448
22804
0
0
2
2
6
1
0
13759
1
1
2
0
7880
0
0
1
2
0
0
1
0
1
0
20927
1
14188
0
23649
1
0
1
1
1
1
0
1
1
0
1129
1
1
3073
1
1
0
21637
3
1
0
11934
1
0
1
1
0
2
0
0
3
1
1
1
0
0
7534
13452
12563
2
13834
2
3
27740
1
1
26838
7
1
0
0
17872
1
1
19506
2
3
0
1
7
30172
0
1
18283
0
22670
0
23001
15382
0
1
1
1
1
18712
27565
0
0
27277
0
18876
29182
2
0
3
1
0
20967
0
11
0
21356
1
34
1
1
25976
5
1
30993
1
1
1
0
0
21256
1
1
14000
14656
0
0
1
13071
0
0
0
0
1
1
1
28280
22810
25129
7429
2
0
18094
2769
1
21512
17120
1
17147
0
0
18823
18044
1
24455
0
18393
1
22802
13548
0
11540
1
1
5
0
6
0
1
0
25674
1
1
4340
19085
25429
1
0
0
10156
0
1
3
2
1
0
1
1
1
0
1
1
10045
0
1
1
2
11596
3
4
0
0
0
1
0
1
1
0
1
1
1
1
525
0
7
2
1
1
0
11
0
0
0
24023
1
2
0
8
0
1
1
3
0
1
0
1
0
1
16192
1
1
2
1
0
0
1
1
1
1
1
1
1
29290
27497
1
1
16264
16738
1
2
1
0
6
10546
1
0
25406
2
1
1
0
2
5120
27216
1
17356
0
20971
1
0
1
0
1
20660
0
13379
2
25048
0
22012
15159
18590
6039
2
23758
0
1
9927
13641
1
0
1
1
0
22845
25070
1
3
1
1
1
18181
22158
21235
20201
1
19913
0
1
1
1
0
26321
1
0
690
13460
6
0
0
0
0
0
0
17057
1
1
16205
18
39
23043
1
0
211
2
1
0
6
0
1
1
1
1
2
0
8456
22239
26994
1
1
23045
1
5
1
0
0
22707
16641
1
1
0
1
1
27780
2
18583
21239
0
1
22984
0
20212
1
0
4
0
1
5
2
1
0
0
28746
23594
1
0
0
0
13597
1
2
1
14574
29676
33
21580
13581
12190
1
0
4
23793
0
26826
2
0
4
1
2
0
1
23320
2
1
0
1
39
0
1
5
13279
28504
2
0
19107
1
1
2
20065
1
1
1
1
1
1
0
0
0
28584
24932
4
25631
1
0
0
29842
10547
8847
2
18216
1
20946
1
9661
17377
53
0
0
5502
26504
1
1
1
0
1
1
0
0
13146
0
5603
2304
7882
9602
1
1
0
1
14337
2169
11
1
1
1
0
1
11527
1
5
0
0
2
1
0
2916
26
0
1
14931
1
0
23857
0
1
1
1
0
0
24173
1
1
1
1
1
0
0
4
23671
16100
1
1
0
15664
1
2
1
739
1
1
1
1
1
22377
2
0
1
1
0
1
3793
22575
24075
16714
6
1
1
1
0
0
0
16316
19
19565
2
1
11833
10749
0
1
1
1
1
0
25107
7465
1
24267
1
3
0
1
23672
0
0
1
1
2
1
1
0
0
1
23734
0
1
0
0
2
0
1
1
0
2
1
12396
1
0
4
30633
1
22122
1
1
1
1
17543
0
0
1
16579
8
1
0
0
1
1
1
1
1
0
0
1
2
1
20177
22027
1
1
4906
1
1
0
0
6791
23544
0
1
18923
1
1
0
0
1
50
0
0
2
1
1
13339
24149
2
2
49
1
1
1
1
1
0
20395
1
0
1
1
1
27323
23344
2
0
12168
0
1
24121
1
0
0
21305
1
29085
0
1
21867
3
0
1
0
14472
23472
1
0
0
1
0
17665
14688
0
0
24899
0
0
3
13825
26965
2
0
0
2
1
1
0
26989
0
1
15538
1
0
0
1
0
12359
19054
3
1
0
0
0
0
7
1
6258
2
1
18944
0
21258
1
1
20171
21016
15715
1
27105
1
0
0
0
2
0
1
0
1
0
0
0
18868
0
0
0
0
0
1
3356
14681
0
0
0
1
2
0
2
1
16456
0
0
7
1
1
1
1
1
26073
16897
0
2
2
23370
1
0
22430
0
1
9432
2
27318
0
20619
18582
0
1
26821
2
24510
1
0
2
0
1
2
0
23
1
2
1
0
1
43
2
21291
22692
1
2
0
1
11948
13290
12714
1
0
3
1
2
4
1819
0
2
1
1
1
1
0
50
0
19719
1
3
20727
0
1
1
12
0
22733
1
67
17964
25121
1
0
19262
1
0
17791
3320
0
1948
15202
2
0
20580
1
2
0
0
1
1
3391
1
0
2
1
1
0
1
0
1
13
2
0
0
26600
1367
0
14985
1
28424
1
1
0
23009
4
0
0
1
2
15762
26058
1
2
2
0
16
0
0
1
0
2
0
0
24881
3
0
3
0
0
3
0
0
2
1
21385
1
11268
0
1
8173
1
25469
1
5
1
26126
2
1
1
0
1
1
1
1
3
0
2
0
15528
19436
0
12488
1
1
0
0
1
0
1
0
20161
0
1
1
25532
2
1
0
1
0
1
0
20699
0
1
8213
9690
29121
24239
3
1
4
0
16523
24210
6
0
2
3
1
16
1
1
0
0
1
16295
11
0
4
2
12401
1
1
0
1
0
19465
1
8
1
27605
25654
26438
21611
1
1
0
0
0
3
0
1
25004
1
29566
6938
0
5
1
2
1
1
1
1
390
1
1
4
5426
27681
0
2
516
20
10336
1
1
2
1
5
1
0
1
8
0
24287
1673
0
1
6
1
0
0
1
6339
23789
1
16079
4093
27624
1
28882
4674
16515
1
1
3
1
0
1
14428
10513
0
0
10470
2
19103
27
3
10911
0
1
19462
0
1
11390
25
0
1
1
30255
0
9485
1
0
0
1
1
1
0
1
10
1
0
0
1
1
0
23575
7261
16641
10238
1
0
26447
1
199
0
17238
2
0
19041
16022
3
17864
1
2
2
0
4
26863
1
17428
18765
1
2
1
0
1036
1
1
1
0
5
5
1
2
0
0
22998
14133
26060
14216
0
1
16665
1
0
0
1
1
1
3402
1
0
27535
18996
4193
1
1
8829
0
1
24892
1
17080
0
1
1
4
17741
6841
2
2
16190
16604
0
0
1
1
14
17449
1
2
8603
1
28331
0
1
27374
3
15131
0
12770
0
3898
2
1
1
2
12082
21774
0
18973
1
0
1
0
9
1
1
1
16775
1
18579
0
0
1
22853
27537
1
16040
26247
4760
4
1
1
1
1
1
16035
0
22646
0
23497
13289
5435
3
0
13679
1
18285
25427
1
11459
0
0
0
1
0
27282
1
20067
1
2
1
0
0
4
1
0
26543
1
24576
0
1
9737
29534
5
0
2
1
0
0
1
24798
1
30232
1
1
1
1
11707
30435
20775
0
0
0
2
1
6120
2
0
0
0
9
1
0
446
8373
2
1
0
1
1
10319
1
0
1
1
2
1
1
2
1
1384
8144
0
0
8528
1
1
1
0
1
0
0
0
16687
1
23404
2
0
0
0
0
3
0
1
2
24542
1
1
1
1
11678
1
1
1
0
0
1
1
1
0
1
2
11835
1
2
21836
0
1
2
0
28556
0
10001
24692
1
1
1
0
0
25360
0
2
21393
22346
1
0
2703
0
25821
2
0
2
0
24303
16376
0
25023
1
1
2
1
14389
1
0
11
4
25277
0
2
1
27331
10099
0
5
1929
14903
18591
20349
1
0
2
2
1
1
16891
19679
2
1
3
0
2
0
2
3
12559
0
21334
0
26080
1
19630
9602
5440
1
11762
0
0
1
0
11260
19013
1
4507
3
6505
1
1
1
0
0
7319
0
28027
0
0
0
13562
1
1
0
1
1
1
1
15442
1
1
0
1
0
0
0
0
0
1
0
2
26977
17933
0
10061
1
11774
1
27871
17397
15384
16601
1
1
0
0
0
20197
1
0
1
2
2
1
1
24716
1
10357
21426
1
2
1
1
1
23977
5
21341
5161
1
1
0
1
24942
1
1
1
2
29750
0
3
0
1
1
17797
1
0
1
1
1
1
26084
2
1
23344
1
1
17740
26777
31218
1
6
19799
3
0
0
1
3
13230
2
0
2
0
0
0
5780
0
27458
1
22572
19408
0
27339
0
13287
1
19542
4
0
17226
1
1
0
0
0
2
1
0
9278
1
5492
1
2
2
19402
4
0
0
1
27834
1
1
4
0
5
28919
1
0
19972
1
0
0
4
1
1
27623
1
1
1
0
0
2
0
0
16118
4
1
18029
1
0
1
1
4
1
20033
1
1
18
1
3
4
30638
0
1
0
1
0
3
1
0
0
1
0
0
21684
1
2365
1
1
1
8375
1
1
18613
24575
1
1
1764
0
7599
21973
1
19300
4
17706
1
0
0
1
1
0
2
0
21404
1
12088
0
1
0
0
0
1
3
5
25668
2
1
22217
1
3
16646
1
22678
0
11574
15392
0
0
1
0
1
0
3
19806
1
0
0
28510
1
1
0
1
22391
2
20515
1
6
0
6
2142
0
4
0
0
1
2
11433
1
4
1
2
1
6008
2
21619
1
0
62
1
1
1
1
0
7340
1
1
0
1
1
1
0
19076
0
0
18815
0
21965
0
1
0
1
0
0
2
0
4
0
23473
1
1
0
0
0
1
1
1
2
28313
0
13406
2
14901
1
0
1
0
1
2
1
6
17523
1
3
22798
25
1407
2
1
23998
13
1
2
5045
19613
1
15824
20527
4498
11368
1
1
0
10
1
7016
0
28954
1
17939
1
25113
3
2
1
0
1
0
1
30643
0
2
1
27848
0
2
1
4
5
1
1
0
2
17778
0
1
1
0
1
27656
0
1
1
1591
1579
1
13225
0
2
1
2
29081
1
1
19540
1
2
15493
1
0
0
0
3
0
4
2
1
0
1
2
0
4
1
1
2
1
3
0
0
16009
1
13936
5
1
13773
4
1
1
0
3
1
0
2
2
3
12983
1
1
2
0
1
0
24719
0
1
0
2
13982
1
0
1
0
0
1
0
4623
1
1
0
1
0
0
30843
1
21202
0
1
2
2
1
1
0
0
12152
8049
18279
0
0
11041
16934
6
1
1
1
8528
1
22538
1
23
8
3
0
1
0
0
1
1
0
8488
1
1
0
10163
4
8717
0
1
0
1
23589
0
1
1
26287
8
0
1
1714
1
1
1
1
1
0
1
1
1
0
0
1
3
1
1
23009
0
1
0
0
21475
7960
0
1
0
2
1
1
1
1
1
1
1
1
25950
2
0
2
0
7582
1
1
1
19686
1
2
24875
2
6395
0
1
18689
0
0
1
22616
0
1
0
4
0
1
15897
1
0
0
0
0
29170
2
49
0
1
0
1
1
0
1
25658
28833
0
19064
0
0
1
3960
1
13066
1
1
22662
13674
24015
25874
2
1
0
2
1
1
0
1
0
28845
2
35
10446
0
22248
0
3
0
2
0
1
0
14040
0
0
17138
22079
0
0
3
0
0
16605
20578
122
14794
1
24935
1
1
1
1
1927
12075
1
3
19627
1
1
1
9331
46
6582
1
4
22382
3
1
13502
1
21323
7732
21301
25249
1
0
20192
1
0
18815
6434
0
0
0
1
20509
1
2
19060
8002
15628
0
5
1
0
1
1
0
22658
23817
0
18409
6
1
1
1
5058
1
2
21162
22042
1
6
1
1
0
4
25673
12095
1
0
1
1
1
23116
0
1
22495
1
0
22864
0
1
1
9237
1
18083
11001
21572
0
1
0
1
1
4
21213
6
20414
4539
30398
0
1
0
0
2
0
3
1
2
1
0
1
28110
2
3
2
7558
22702
1503
0
0
23417
1
0
16355
0
18607
1
0
16734
0
2
1
18693
1
0
1
1
1
24669
17420
0
2
9365
0
1
0
1
17690
1
29344
1
1
18133
8823
1
0
17439
0
0
0
1
17301
1
0
23990
0
0
15848
1191
8238
22430
1
0
17447
5108
3
1
7
15042
1
1
1
13683
3
1
0
0
25999
1
0
1
10450
0
3
2
1
1
0
0
0
0
2
0
13697
0
22875
1
2
15095
2
0
3
1
1
1
1
1
1
1
5014
17396
1
5623
23375
0
2
28115
1
1
24027
1
0
2
0
25397
1
1
1
0
1
0
1
2
8076
20742
1
1
21832
32
9
1
0
2
1
0
30526
2
1
0
2
0
1
19260
17420
1
1
4
1
1
0
1
0
1
2
6
0
4
0
1
3
3
29445
1
25
11
14377
2
3
1
3
0
1
1
1
0
3
0
0
2
16234
1
1
1
0
0
1
4
1
27364
20099
1238
23462
0
2
1
2
1
0
0
1
14526
1
0
0
1
1
30388
12965
0
6
22341
3
0
1
27084
29584
1
1
0
1
19470
1
3
3
2
1
1
1
1
5789
1
14115
1
23390
17848
1
1
0
27777
19298
22647
16
1
5502
0
19877
16683
1
1
16313
0
1
2
3
2300
0
0
2
1
14752
11603
0
3
1
0
4
5
0
1
1
4
7307
2
8430
1
11632
15730
7460
1
7726
26517
1
1
7528
1
2
14031
1
15715
2
0
17447
1
0
21600
0
1
2
27
0
0
4
28178
0
15040
24973
21783
1
6
1
18871
1
3
2
16759
24903
24924
2
1
1
1
4
3
3
1
14197
2
5
0
1
1
0
3
1
19737
20362
2
2
1
0
3
1
0
25330
7867
20018
0
0
0
29041
1
4
23458
29066
1
1
8520
25223
0
21096
0
1
0
0
1
1
1
1
12866
1
1
1
0
8682
1
20
0
7503
4
0
20551
1
5
1
0
1
30021
1
1
1
1
0
21278
1030
1
1
3268
1
1
23013
20505
1
0
23683
7
0
7785
1
690
1
1
0
24858
4
25449
14440
1
0
21926
2
19946
5
7050
1
25615
1
2
20481
2
1
0
8408
1
1
1
0
0
25984
2
1
0
7096
0
2
2
0
2
5
4
1
1
0
1
2
1
13750
0
1
1
1
3
1
1
21784
4
26328
1
1
1
0
474
0
1
22150
0
1
1
19
1
1
1
22530
0
26893
25463
6
2
1
1
0
0
1
4
0
0
1
0
0
0
0
25764
180
142
1
1
2
1
3
3
1
1
18338
1
0
9744
13225
27875
1
1
0
15419
17419
2
1
0
0
1
2
0
14943
13
2
0
0
0
0
1
1
3
1
7
1
0
1
1
5
21689
1330
1
45
5
8553
1
6284
0
15468
24910
1
1
0
22857
16516
2
1
1
0
4307
1
0
0
0
26674
16537
26182
0
1
1
10682
1
1227
1
1
2
2
1
7083
4
0
1
0
8000
0
19587
1
1
15062
1
2
0
1
0
0
2
10339
0
0
2
0
17852
1
23932
19150
20050
0
0
2
0
2
1
2
24289
1
28749
1
11954
0
24
25057
2
18014
0
0
13659
0
1
3
1
1
1
1
501
0
8145
17212
3
3
1
1
0
0
1
1
122
1
10
25107
2
1
12822
1
71
0
1
0
0
1
2
1
18710
0
0
0
0
1
10273
0
0
19676
17717
0
3
1
1
0
13017
21713
0
2
25871
1
4
0
20763
20051
5
0
1
4
1
1
1
1
0
452
0
22839
1
0
1
30853
20746
2
0
1104
1
1
2439
1
1
1
1
1
29501
0
4
24676
23728
1
27456
0
0
1
29361
0
1
5841
2
25584
1
21563
0
0
20437
1
15291
22498
0
12515
3
1
0
2
11690
15239
3
0
3
1
16702
15107
2
1
1
1
17357
0
1
0
2
0
1
297
0
1
0
4
21427
1
16862
0
0
18600
2
1
0
1
25464
0
0
2
29922
1
0
1
1
22389
1
12745
21652
1
0
1
1
16969
1
18851
19935
23
20276
0
0
2
1
22615
1
1
1
2
27515
3179
1
0
1
1
0
2
1
0
1
1
0
0
1
1
1
3
1
18293
1
1
1
1
0
0
20778
0
15065
1
0
20845
26472
1
17995
1
2
1
17246
0
8
2
15170
10385
15670
7
23873
1
0
1
1
1
12135
22137
1
0
16602
0
1
1
11122
1
19063
1
1
1
0
22391
17459
1
0
1
25
20325
11375
0
2
1
19994
1
0
2
24864
1
8605
0
12328
4
14511
1
29947
1
1
1
0
0
26402
1
0
22273
25335
16794
0
0
1
9712
4979
25077
1
3
0
2
0
18494
27065
0
3
1
2
21930
1
1
1
23696
0
3
1
0
0
1
1
20948
0
1
19746
15518
0
2
1
3
1
18
1
0
17645
25250
1
0
9
1
43
18311
0
27750
19129
28450
2
1
1
2
1
1
0
1
1
1
2
0
8
1
1
0
24229
1
1
1
22033
1
0
1
3
216
1
1
16840
0
0
1
1
0
3
18516
0
1
0
0
28175
1
0
3
27571
0
0
1
21360
2
19467
16105
1
0
1
7991
1
0
0
1
1
1
24877
27265
1
16450
0
1
19062
1
18687
1
3
1
18758
19518
2
4
1
1
1
1
1
1
0
19272
0
1
0
1
12084
1
0
1
0
1
0
0
18917
0
20377
1
1
1
0
21255
10729
1
21
2
21506
12687
1
1
4886
1
22231
10
1
0
0
0
1
1
3282
8584
1
0
0
7285
1
19215
11352
1
1
1
1
10
22057
2
4
17072
7696
1
24719
0
100
2
1
9603
17732
2
6
23971
0
21519
2
3
0
0
1
1
0
23494
1
17800
1
1
0
0
22660
0
1
0
26517
15463
4
1
1
25106
1
0
0
28844
1
0
0
0
10681
2
8486
1
1
30662
13522
1
0
23269
3799
2
0
3089
26179
0
0
10166
0
1
0
1
0
0
0
0
6890
0
1
20087
0
1
2
1
0
0
2
1
0
27467
0
0
12387
0
1
1
0
1
0
1
13766
2
1
0
1223
1
27719
1
2
24044
20745
0
0
1
0
1
0
0
21187
0
1
28660
1
28902
1
0
2
0
1
0
27050
1
2
12792
1
1
1
0
29067
22310
0
1
0
1
0
4
0
0
8549
0
1
0
1
11
1
0
0
4
1
1
2
27193
3
0
1
3
22139
0
1
0
0
1
21812
0
0
12
3
1
1
7785
3
0
0
1
8
1
1
1
1
1
1
1
24627
1
1
5944
1
13298
1
2
16193
1
28370
12601
0
3
0
26248
0
1
1
23692
0
0
20782
4
0
1
1
2
1
24
21693
1
0
2
1
6
0
14661
3
2
0
26833
1
20026
12514
0
2
0
1
1
13972
1
1
0
1
0
1
4
4
2
1
0
1
1
5308
1
10975
0
0
0
1
21747
1
3
25688
11949
15248
0
1
5
1
18071
0
28859
0
2
3
19039
1
24895
0
0
14374
1
1
1
20179
1
1
3476
1
1
0
23701
19420
0
1
0
0
1
17601
29318
0
1
0
6489
2
1
16683
0
0
1
0
1
2
10
0
0
3029
2
1
0
0
2085
4
29235
5
1887
0
3
28201
1
988
1
1
11233
12387
1
2
3
1
1
18198
17657
0
1
1
0
0
2
1
1
0
1
18428
0
17320
0
1
0
8766
15734
1
13
1
27426
22503
5933
1
1
0
18285
1
1
4
25325
1
0
34
1
2
19799
15069
0
0
1
2
14121
6
3
25834
1
3
20348
0
4
1
1
4
1
0
0
19134
3
0
2580
1
0
14448
1
1
0
6816
1
26436
1
24
1
3
1
1
1
25
1
1
1
4063
1
22798
28600
12445
16241
1
22383
0
0
0
0
0
23018
0
1
3
1
1
24
27962
0
0
8354
0
0
0
29136
1
1
20139
0
1
1
0
1
0
0
20578
2
3
1
4675
19557
0
4
13557
0
30489
1
9274
1
20
1
0
6
1
1
18560
0
0
1
1
14077
1
2
0
2
1
0
0
1492
13213
18429
24141
1
23980
1
1
0
0
1
1
3
1
0
3
0
0
1
353
2
0
2
6299
0
4
0
2
1
0
1
1
1
316
7
0
23069
0
1
0
1
28385
0
0
21833
0
1
9
0
7822
1
0
1
2
4
1
0
5413
1
5
27136
1
0
5262
2
10906
28884
0
1
0
9281
27217
2
0
2
18635
5
1
1
5
23228
13664
29204
0
1
21770
3
3
1
23260
1
1
1
0
1
1
0
1
2
1
5
4
26245
0
1
0
1
0
0
0
0
5
1
0
0
26861
2
0
1
0
1
20037
1
9523
0
0
12992
0
18027
1
1
3
18156
0
6
2
0
1
1
1
3
0
3
0
1
2
1
5313
30375
1
0
18991
21477
2
29302
0
1
0
0
9
3
6
3
14870
19077
24279
14805
0
19341
0
3
1
7600
22270
1
14529
1
1
7209
0
14870
3
24131
31
3
4
1
1
0
23743
0
1
0
2
2
0
4
16312
0
14137
0
0
1
17712
0
1
28184
1
2
0
5
25
0
1
0
27053
1
1
0
0
1
1
1
0
2
1
1
15401
0
0
3
1
0
24238
2
26218
19086
10931
1
1
18077
1
0
0
2
1
4
1
0
1
5
1
1
0
19959
1
1
0
18643
1
1
0
1
25298
0
0
0
11606
0
0
1
15750
1
11935
0
24268
1
12697
5499
1
20743
1
1
2
1
0
1
1
18249
2
6189
1
20122
0
27692
1
1
27594
1
20422
3
0
1
1
11477
2
1
15549
27161
2
1
1
1
10841
17643
3844
1
0
1
21256
12385
1
1
0
0
0
0
23358
1
1
6
420
1
1
9282
3
0
13603
3
1
1
1
25448
2
19521
1
0
1
15494
1
1
0
21854
5616
1
13535
23166
12433
1
1
1
1
1
1
0
22033
1
0
1
2
19875
0
1
1
27904
1
0
0
3854
2
3
0
2
841
1
0
26156
1
5
23582
0
0
1
2
2
1
22230
1
7078
0
0
0
1
2
0
16304
0
1
0
0
1
25193
2
1
0
0
14628
0
14516
17
0
26142
15661
1
0
1
8710
4
1
1
1
1
8
0
0
3
1
1
0
17138
27138
20364
0
1
1
1
4
13488
12354
0
2
1
2
2
0
22770
0
0
1
0
1
1
12041
0
0
0
0
1
0
25696
1
1
1
1
14690
0
3
0
0
1
1
0
0
21239
3
19402
1
2
0
5382
0
17773
2
4
0
1
20503
0
2
0
1
1
1
0
0
12533
0
24294
0
17863
1
1
5
20985
0
14507
1
0
0
1
1
1
0
0
1
3
0
21943
19584
1
0
1
11673
8961
1130
1
25438
0
1
1
1
23
2
1
3
30691
12156
1
1
2
1
11231
1
0
0
26116
1
2
17285
5
0
2
0
14052
20272
1
0
19340
1
0
0
1
0
1
1
1
2
1
1
76
1
1
16702
0
1
0
6
1
10181
6
1
0
25089
1
19490
20440
1
0
26919
0
27096
18107
1
0
1
13411
7242
1
2
1
5501
0
17627
15152
0
1
0
1
0
15
3
1
2
1
19335
22693
23298
1
0
0
22825
1
0
1
3
1
1
0
1
22904
1
1
1
5
24544
8822
1
1
5
11430
0
2
0
1
0
1
1
3
1
1
1
4
1
0
0
23486
3
1
1
1
0
1
1
25307
1
0
1
0
1
1
1
0
16700
1
638
15656
0
2
18632
2
16916
19689
0
26327
0
2
22001
1
3
0
1
1
1
3
15746
1
0
24819
0
1
22599
1
18751
0
25210
29628
1
10405
1
2
0
1
2
2
2
3
1
1
0
1
0
1
4
26867
2
18187
7
25850
0
3
1
20235
1
0
1
0
1
0
1
0
9854
1
0
0
16283
21949
0
0
3
19854
3
0
5
1
0
0
20394
6
0
0
1
9
0
14092
0
4
28314
0
951
1
0
1
1
0
4
1
1
1
3
0
3
0
1
29170
2
0
17566
26421
1
1
0
0
23690
43
23
3702
0
17630
1
10835
4
0
2
15157
1
5443
6
1
0
0
0
1
0
1
3
3
0
3
4801
3
1
1
1
0
1
0
1
1
0
0
12405
1
1
0
12295
1
0
1284
1
1
2
0
1
0
3
1
0
10216
0
0
3
1
0
0
1
27039
0
0
2
0
1
26833
17574
4
1
1
1
2
1
1
0
0
2
0
0
1
1
1
2
17750
11466
1
28517
1
1
2
14471
20103
1
27800
1
1
1
0
6
1
18109
1
0
2140
1
1
0
24306
12254
1
15568
0
25369
2
1
2
1
2
21548
1
1
0
1
4
3
1
1
1
19
1
1
0
3
0
2
1
15008
1
14887
1
1
19
21884
10075
6426
0
1
2
1
1
2
0
23660
5780
9746
2
5
2
21101
0
0
2
0
30134
1
0
14850
27494
1
1
1
22775
16356
21950
0
2
1
22146
1
25901
1
1
1
5
24029
25884
1
1
18780
0
24377
0
0
1
14764
0
24100
0
0
2
1
0
4314
1
0
0
1
1
9
1
74
2
0
11614
0
8
3
0
3287
8
0
25729
25179
0
1
0
18558
1
1
2
0
30081
1
19805
0
1
1
2
2
18411
10122
1
0
27115
0
21717
1
1
22084
1
0
0
0
10180
0
2
24284
1
1
0
0
24045
1
0
1
18987
9836
0
2
3
2
0
19700
0
22560
0
2
1
1
2
0
0
0
1
0
1
1
0
0
3
1
0
1
8788
1
1
4
10
5
20038
1
1
0
16440
0
1
1
16172
1
0
1
1
1
5379
21298
14120
1
7
0
0
26815
0
0
0
4
0
2
1
20184
1
1
0
3
13
16592
0
11998
1
24676
27206
5
4
0
0
14001
50
0
27265
1
2
0
26118
0
0
12206
1
1
27188
1
2
4
22585
2
0
0
1
12505
0
1
0
14630
27115
0
3
7
27968
1
17420
0
0
23170
0
0
3
1
1
2
2
1
0
1
1
0
1
5
26265
692
1
13724
0
1
1
0
0
18642
1
2
1
0
11733
3
23062
1
0
0
29521
18092
2
1
3
1
1
0
1778
1
3
2
20248
26739
19160
1
2
0
7
1
1
2
23719
1
1
1
1
1
1
2
1
12798
0
5
0
1
13491
12
1
3
1
1
1
21341
3
13751
17403
0
18868
0
1
12521
26666
12748
23432
13960
2
2
17899
1
0
1
1
0
2
0
0
4
2
0
0
0
0
30113
17725
1
12
1
0
0
1
1
1
3
6051
0
18639
1
1
1
20835
0
1
1
1
8627
1
1
2013
2
8856
21289
1
1
0
1
1
1
2
13251
14539
2
0
1
2
1
0
15347
3
0
1
18918
1
0
0
1
1
0
1
19890
30029
1
1
1
3783
1
0
0
0
0
5
3
14501
19816
0
0
9403
3
2
4
1
3
1
1
4
1
0
0
3647
1
0
15234
0
1
13097
1
1
28083
0
1
5
13390
2
1
0
1
3
5
1
2
1
8677
0
1
1
0
0
20967
1
0
0
19128
0
0
12760
30553
1
0
17609
21765
2
1
2
40
1
3
1
0
27834
0
1
3
1
2
20204
25297
8318
0
1
0
0
3
0
1
0
1
0
0
0
15025
1
3
0
0
1
1
1
1
0
1
0
0
1
11623
1
1
1
2
0
1
0
0
1
11168
4
3
2
0
12138
1
1
12
1
1
45
2
1
2
0
0
0
1
0
1
0
18823
1
0
23319
2027
47
12234
1
1
1
0
1
0
1
1
4
1
0
0
0
8078
0
1
0
24379
19034
0
11376
1
15461
1
1
1
1
22194
0
4109
21429
0
2
2
1
3
28526
13664
1
0
16668
0
28056
2
0
1
0
1
0
2
3
0
21799
2
0
24958
20933
0
3
0
1
0
16007
1
16844
0
1
3
1
4
1
5861
0
16128
9337
0
25784
2
9894
21297
1
12484
19147
0
0
2
26438
1
0
1
2
0
0
0
0
1
0
1
2
0
0
1
1
1
2
0
0
21322
31471
21482
28510
2
1
23299
1
27520
1
1
1
23491
0
4249
0
26045
27148
1
10758
7081
1
1
1
18544
5
3274
30691
0
18182
16022
1
1
28595
1
0
12705
3
0
18632
1
2
3
5124
0
17222
17043
1
1
0
0
0
2
3
0
23382
21
0
3054
7948
1
3
18241
2471
1
26231
1
2
3
1
12
4
0
0
2
0
24089
0
0
0
1
6498
6
4
1
0
1
25998
26532
18777
1
1
1
13109
24509
28
0
2
17115
19053
8329
0
3068
1
1
0
2
0
25006
9108
0
0
0
0
6630
564
0
2
1
1
15467
30287
9877
1
21459
1
0
1
5
9
3
20278
25272
1
1
22082
18168
1
1
0
0
11628
1
13217
0
1
3
1
1
6
1
1
11023
11892
2
26107
1
0
4036
2
1
0
1
0
11521
1
1
0
0
17989
23659
1
4
1
0
7
0
25527
25329
18780
0
1
1
0
0
4
6431
4
0
1
0
14730
1
13520
28520
1
3
0
17507
1
29222
1
4
0
21598
20387
0
20479
1
5
16
2471
20590
1
0
0
1
1
1
1
1
19148
2187
6343
29
1
7
1
18438
1
0
1
4
0
1
1
28242
0
1
1
22381
2
14779
0
18473
0
0
2
1
0
0
1
0
0
16888
18422
20681
1
1
54
0
3
0
0
1
0
3
2
23123
1
0
0
21670
0
1
0
28204
1
1
1
1
4
5
1
1
7
1
3
1
0
0
1
1
27158
1
3
14610
1
19975
0
0
0
3
12690
22265
1
14235
17019
0
0
2404
1
1
0
1
15
1
1
2
3
1
1
24157
25757
23157
27892
13841
0
2
0
1
0
0
4
17680
0
20
1
1
0
28519
0
6450
0
0
27995
1
0
45
0
1
4840
1
1
0
0
1
0
20249
1
28079
1
6010
2
1
0
21737
9930
2
1
1
0
0
22476
0
14449
21402
0
1
0
0
2
0
0
9
18340
0
5
0
0
5
6
22142
2
25310
0
2
13892
28165
14192
2
13408
0
11535
12260
2
5
1
1
0
27422
0
26146
1
0
13837
18694
0
0
18879
1
0
2
21203
0
1
1
3
13
1
0
1
0
4
0
6669
1
3847
0
8567
20862
13044
23979
10
2
16105
1
0
21774
6
1
1
1
2
24754
0
1
8493
3
27404
0
1
10413
16194
0
2
0
0
28238
22148
0
0
17777
1
1
17896
1
22844
1
1
28827
1
1
1
2
1
9403
3
0
1
2
0
1
1
1
1
3
1
11121
10910
2
0
0
21837
1
19500
3
21024
1
0
1
1
1
1
0
16211
1
2
15
0
1
0
21552
1
0
3
1
1
29243
0
15458
22765
3
27644
1
0
0
1
14334
0
1
1
1
2
1
1
24765
1
18331
1
1
23987
1
1
1
12667
1
4
1
0
1
25742
0
1
2
0
1
26433
1
20457
0
1
1
26674
0
1
9914
1
1
1
0
0
23536
1
18313
1
1
0
10782
4
1
0
4
19349
0
66
0
1
3
2
1
22358
0
3
1
0
1
20068
10916
23351
1
1
28204
0
1
1
18224
17878
27942
14
0
4640
1
1
8913
2
0
1
4774
17764
1
0
21259
16071
1
1
7
26747
1
19145
0
1
28478
1
8129
45
26964
1
1
6846
2
1
1
5650
3
1
24534
1
21727
0
21334
5808
20065
0
1
1
0
0
19939
14829
4
1
0
0
2
1
2
32
1
2
0
24880
0
0
0
21772
1
9755
24653
0
0
3
4
1
9
0
0
1
4
10164
23206
26817
0
0
27471
4
9359
14961
1
0
3
0
23392
30692
3
0
1
2
1
23619
3
1
0
4485
24382
1
3
0
759
21702
0
15240
23385
16898
3
1
0
1
0
18667
21211
0
2
1
1
1
1
1
1
1
0
17839
2
0
12
7266
0
0
13626
19206
12207
21103
6
2
6554
1
1
1
0
3
2
1
17514
1
2
26589
0
0
1
2
5
15529
19908
0
12
0
0
18220
1
0
1
3
0
1
1
1946
24076
1
27584
1
1
0
27315
0
25448
0
23
1
0
11577
3
0
1
0
22140
10
1
0
1
1
1
1
1
0
6746
0
4
24906
24288
3
2
6813
12606
1
1
16222
1
2532
0
0
5
21228
1
0
3
23852
1
0
1
2
1
2
0
2
19203
1
15438
6116
0
1
1
3118
1
1
0
21198
23235
0
18929
3
22752
30929
1
0
0
1
1
21870
9
2
1
1
1
0
1
1
1
1
18301
1
0
0
7895
20153
1
0
0
0
13307
1
30078
1
3
1
4785
0
1
1
2
1
15138
2
1
22177
2
7495
1
1
2
1
1
1
25199
21571
13679
26793
1
1
19213
20393
10234
1
0
5
1
21321
7
3
23562
1
4
5732
5
1
1
5
1
1
1
23757
1376
1
28422
16520
0
1
14659
1
8437
1
28503
19959
2
1
0
23518
1
4
1
1
1
1
1
0
24415
0
1
1
1
1
0
2
5
0
1
0
1
0
1
0
0
1
1
1
3
1
1
25483
24263
0
25944
0
16038
1
0
6886
8107
0
3
1
0
28156
1
1
1
1
0
0
1
23543
23356
1
0
0
1
12036
5
10805
1
1
1
1
0
19345
2
2
0
0
4
26783
11514
4
1
0
22428
20725
1
1
0
1
3
19040
1
0
1
3
1
18822
76
1
2
2
8527
1
0
0
1
25439
0
1
16176
1
1
1
0
20115
1
1
2
0
0
26
1
1
0
16881
1
29449
18429
10061
0
26728
1
15496
1
0
4
2
14966
1
1
1
29
0
5
20073
29416
0
14954
1
25321
20777
10830
7221
1
23023
15
20780
0
1
7
0
19603
20618
6
4
1824
5789
1
13127
0
2
1
1
13840
14385
1
1
1
0
18739
2
1
16
55
1
0
41
1
11
1
1
2
8796
0
23923
0
1
16557
0
0
3
0
21236
1
1
2
25034
1
0
1
1
10
1
24102
1
21384
1
1
0
0
0
0
1
0
0
6
1
0
0
1
1
0
1
0
1
1
0
23372
0
5
10
2
0
2
1
14723
22087
2
24145
0
1
1
2
1
3422
0
20476
21478
0
0
1
0
1
1
20293
8
2
1
0
0
1
1
2
28027
0
1
6047
2
1
13236
1
6145
13
1
0
12885
1
1
16800
1
25318
0
1
1
20057
1
1
0
1
0
1
1
0
1
0
0
0
0
23202
2
17292
0
20831
0
1
0
3
0
1
0
0
1
1
24146
0
1738
22063
1
0
1
816
1
11642
7394
1
1
20614
1
0
0
0
8464
30269
0
1
5550
1
1
1
1
1
0
0
3
12
0
1
0
7535
1
0
2
0
0
19567
0
1
2
18103
1
3
1
9040
0
0
1
1
13931
1
0
14775
2
0
1
9642
0
23527
18931
28528
1
0
1
22702
8322
0
12363
1
3
1
23481
19004
1
1
1
0
18582
1
1
19800
1
0
1
0
0
1
0
18190
5073
0
0
17241
12
15168
2
23908
0
1
0
1
24265
0
0
2
1
28265
18520
1
13481
1
2
6
14555
29492
19617
1
1
3
5216
21619
0
3
0
0
10261
0
23562
1
1
0
0
4
0
19463
0
3
0
0
1
1
1
8372
22715
25039
1
2
0
23314
0
0
2
0
0
1
4
0
1
1
1
0
18158
1
9516
0
0
1
4
20182
27165
1
1
0
1
26525
6045
0
22325
0
16788
8508
1
12812
25
26185
1
24736
0
14839
37
0
3
2
2
0
1
0
6822
1
1
1
0
0
19700
0
1
1
1
0
5
29029
1
1
1
0
2
19434
1
1
21496
28813
34
24261
11621
1
18761
15692
21696
0
1
0
20317
1
0
24544
26600
23440
12347
0
6950
0
1
1
21562
1166
3
30540
1
1
22191
0
6570
0
21486
19619
16658
7
28677
1
12397
2
1
0
19759
0
27315
1
1
0
19302
2
1
0
0
1
1
23294
23909
0
0
19080
27857
0
5
1
19523
1
1
1
25833
0
1
19610
18289
6131
1
1
1
0
0
26360
10121
1
24516
1
21594
23221
0
15321
0
1
10210
12
1
22430
8258
17414
0
10316
2
1
1
18740
0
13049
3
31250
1
0
7661
0
0
11086
0
1
0
3511
1
0
4
1
8
15782
19416
1
2
30386
3
0
25893
14845
0
3
7
5
2796
1
0
22229
1
0
7
17870
1
1
1
6770
27566
1
0
19223
0
7
2
1
0
5287
1
11475
1
1
1
0
9090
0
1
18505
1
25493
0
8
1
2
0
1
12863
20818
3
4
1
28279
1
20391
0
18529
2
6995
0
1
1
1
0
0
2317
17863
26778
19752
20
1
0
6
27517
1
1
1
1
2
16895
4
0
1
3
1
21542
1
2
1
2
1
0
2137
0
1
0
1
0
1
1
2
1
2
15365
1
1
2
1
1
26220
3
21
30519
3
17240
1
21194
0
0
17529
1
30257
1
22501
580
3
0
1
0
1
1
1
1
0
6116
11181
3
2
20134
25623
22525
1
1
4
30364
1
2
1
0
1
1
19
2717
0
0
1
1
0
2
4
8671
1
1
29727
22066
1
2
0
1
24430
2
1
25895
1
10605
0
3743
6
27391
1
0
1
0
19810
0
1
0
3971
20647
1
0
0
1
1
0
1
2
1
1
8
0
1
2
1
4235
2
26164
1
21651
1
0
1
0
20263
25816
1
1
1
4
4
0
1
2392
14217
1
1
0
0
0
1
1
0
25807
1
1
0
23874
1
2
0
0
1
24296
1
0
0
54
9907
1
4
7
1
1
1
0
0
0
2045
0
1
1
4
1
1
2
1
0
1
11769
22509
18969
1
27309
2
1
5
1
15564
20415
1
1
28049
1
1
2
1
2973
1
1
15612
0
1
27830
24595
5
1
11594
2
1
5
0
0
6539
31221
1
0
1
20855
7191
1
1
1
1
8786
2412
10861
1
10422
22523
1
0
1
1
0
1
0
0
27773
0
1
0
0
21043
1
13776
387
1
1
0
11047
1
3
12639
17986
1
13882
9331
1
0
1
1
1
1
1
28151
0
0
6
0
1
4
4
8
9
0
2835
0
1
1
10081
23247
1
7426
3
1
2
1
19890
5
0
1
1
1
2
0
21712
0
1
1
0
1
8
1
0
1
1
0
0
22335
1
1
10294
1
2
0
2
0
6
1
6329
0
6
0
0
0
23660
12464
0
4
3
11
1
0
1
0
0
30354
0
4078
1
9516
22102
1
10332
1
27644
18188
22521
0
22687
3
1
26067
1
0
0
1
1
1
27581
0
1
27897
1
20407
4
10463
0
1
1
8085
2
1
3669
0
1220
1
1
1
31307
2
1
2232
0
1
1
1
0
0
1
15936
0
0
1
1
4
1
0
1
25245
1
1
14925
1
1
25706
6229
2
28449
1
17379
25838
1
1
1
0
1
0
9179
1
1
0
18670
0
0
1
4
20
21817
1
1
20233
1
1
13121
3
27
1
24828
1
0
4
6360
6
1
4
4
1
1
2
0
0
2
1
27242
0
8404
21081
16808
1
1
1
1
11173
0
0
1
17228
16748
0
18738
3
1
1
1
0
1
6015
24243
20961
1
9
0
1
1
18989
1
10515
1
2
234
1388
0
24153
0
4
14115
7
0
0
7347
17827
3
3
1
3
29326
1
3
2
1
19369
24087
14874
26164
3
2
19
1
1
9906
0
29576
0
18925
1
4
4
0
0
1
1
1
6120
0
2
27922
1
0
2
0
7
3220
1
0
0
5
1
2
0
0
1
0
3
9922
0
0
1
1
21788
1
3
25569
2
3
2
0
21540
1
0
1
1
1
0
0
0
0
21737
24031
2
0
18480
19709
13645
1
4
1
1
0
1
0
3
27793
1
1
1
0
0
0
1
19356
2
1
1
1
1
14900
2
16571
26688
10
11887
6
0
20539
0
0
55
21564
1
1
17884
3
8843
1
0
19556
1
27652
26068
1
14177
23578
1
0
15588
1
3
2999
1
3
0
25735
15729
17315
0
23255
1
1
17643
2
0
1
0
2
0
0
6
2
2
1
1
1
1
1
15140
16425
0
30
3
0
0
4530
0
1
1
0
0
12358
278
15095
3
1
1
0
1
9
0
2
0
5
1
1
1
0
0
0
1
1
25397
1
0
1
16764
0
16273
19242
4
1
0
11917
0
5621
13
13385
0
1
1
1
2
1
24495
0
21828
14559
2
1
3
19939
6
9627
8
1
4548
23079
5
1
3
1
17259
3277
1
13058
2
1
1
29191
8
2
0
0
1
1
1
15167
5
0
22459
18196
7645
23010
0
0
8877
163
1
2
2
22596
2
15862
1814
27495
6
0
26985
2
21984
14929
0
0
1
21564
1
1
0
1
22870
0
21400
23417
0
8
20479
1
1
1
1
12669
3
3
2
1
4
0
26290
1
14168
19917
4
0
0
1
0
13
16716
25406
99
0
2
4
1
10153
1
1
16512
2
25020
1
0
18095
1
29224
0
19397
1
26719
0
23489
1
1
12112
1
1
0
7422
17136
14375
1
1
1
1
23515
1463
8653
2
1
6571
0
21386
0
19977
4
2
1
22774
1
2
1
0
17914
18337
7640
28462
0
0
0
1
70
24862
1
0
8505
2
0
16939
9657
27197
26316
3
0
11737
6878
1459
24393
0
3
0
1
11293
1
0
4
20106
0
1
1
1
1
11652
2
0
0
15725
0
1
5706
3
1
29576
16877
14566
1
0
1
0
4
10437
1459
0
1
25814
11
21583
0
25971
1
1
25456
1
5
0
1
120
26083
26573
1
24133
1
1
0
1
1
17263
1
0
2
13605
10066
1
6702
1
24941
2
1
2042
4
22959
12208
1415
9
2
27309
0
13773
17536
1
0
21470
0
22414
0
23482
0
18169
3687
24226
0
16016
1
1
0
2
28036
1
3
0
1
1
0
27448
15446
1
0
3
3
6
2
19607
1
16861
0
0
2
25624
1
1
1
13721
1
1
2
11866
8479
0
3
1
1
0
1
2
1
1
1
0
19044
0
0
24651
11461
1
11
0
1
0
22341
13224
2
15991
1
0
0
1
1
14836
1
0
14959
1
2
0
20122
0
18773
25240
19151
19226
1
20
0
1
11930
0
1
1
22723
1
1
0
0
29801
13339
15239
1
0
2446
24022
1
1
0
1
1
0
1
60
8513
2
1
1
1
0
0
24736
19980
0
1
1
1
7
1
3
0
4
11
1
7568
1
22580
18177
2
0
15868
0
4
18412
20700
1
1
24021
1
1
9957
4
10678
10667
24980
12788
1
16305
0
19976
3340
0
1
39
2
29654
18712
1
0
1
1
1
1
0
1
0
3780
1
28949
0
1
0
8138
0
3
1
4
0
0
9
25600
3
0
18565
18705
2
14557
1
0
0
0
2
10059
0
0
24801
6947
9850
2
1
1
20045
1
0
26306
25055
1
12900
0
0
0
27603
1704
48
26241
0
1
22943
1
2
24422
1
24041
6153
0
1
0
25420
2
3
1
0
1
1
1
1
1
16598
0
0
10744
1
1
0
0
9383
28711
27353
1
16741
0
63
4
1
1
10
0
1
2
1
2
1
2
29466
18944
0
0
1
24513
2
1
1
1
0
5
22489
0
0
1
2
1
1
0
1
1
28022
0
6
6424
25120
16113
0
0
0
13872
1
1
12189
1
19868
1
0
1
0
27599
4
14169
0
0
0
1
5
20120
2
0
0
1
21227
0
2
27
0
24724
3
2
11195
1
12707
2
0
0
1
0
0
0
1
24553
0
1
9323
3
1
0
0
3
0
0
0
0
1
1
0
30
28844
26385
21359
2
0
5359
1
29881
13690
68
1
1
1
14157
1
1
14226
3
1
0
0
2
0
0
1
0
4
14
0
1
0
2
0
18941
0
1
1
3684
6518
1
2
15748
1
3
1
24313
0
6
12671
29272
1
15609
1
1
0
3
0
0
1
0
1
4
6697
6
21217
0
13204
3
17101
0
1
2
23156
0
1
2541
1
17417
1
0
1
1
15389
1
1
0
3
0
0
1
0
24483
23110
0
12508
1
1
2
28163
1
1
0
1
3
1
1
1
1
3
1
24713
8551
2
20876
13283
3436
29118
9028
10656
1
0
1
0
1
15101
1
1
1
1
2
0
6435
29184
4
4
1
0
3
7
13343
13733
1
0
0
20888
1
12
20223
3
0
1
1
0
0
1
1
0
5
0
1
1
8
0
0
0
1
0
1
0
0
0
0
1
3
26754
0
3
0
0
3
14848
1
19498
0
0
24196
0
15885
0
2
0
8810
1
1
1
0
1
2
1
0
2
1
12572
0
2
27469
2
20681
4
0
1
0
2
1
1
19518
0
0
2
10
8970
21654
0
1
2
0
25197
0
3
13201
0
1
1
0
1
1
1
17378
25348
0
2
1
1
1
1
28550
16077
21421
0
0
0
0
1
18102
1
1
11086
1
1
0
2616
1
15541
0
1
18438
7
3
1
19072
17552
27468
163
15279
1
15059
1
0
1
1
9617
1
1
4
0
0
0
26554
0
1
0
20958
0
1
29003
3076
1
1
7647
0
0
1
1
0
1
1
11778
2
4
1
21757
0
1
28470
1
17151
1
4
1
0
0
1
1
5
1
1
0
1
12887
0
1
1
0
0
1
0
20857
3
0
1
3
1
1
20415
1
0
1
1
43
1
0
1
21963
0
25296
0
1
1
25278
27914
13005
22976
6227
1
0
27
1
1
21348
3
1
19406
3
29873
1
27837
0
14
18332
0
4308
23400
1
24357
1
7
4
0
27769
1
0
1
0
2
0
1
1
25575
22765
1
21337
20869
12
0
0
2
5
1
2
21
0
3
2
2
0
18078
23368
0
4
1
1
3
0
26169
0
166
1
0
1
3
10690
0
0
1
2
2
3
1
17039
1
12848
28430
29764
9925
18328
0
0
21867
1
1
3500
3
11939
0
1
20932
189
1
5
3
1
25947
13
0
15225
21538
1
11087
2
8316
1
1
23121
0
1
0
13066
1
8
1
1
22103
1
1
3
0
11508
0
24
21295
1
0
1
1
1
0
2
8630
0
1
1
0
0
1
0
5
1
1
1
1
0
1
1
18440
15696
1
10
0
26870
1
2
1
27137
17343
26000
0
1
1
1
1
26910
2
22987
3
3
5
18764
1
0
23246
1
25742
4
18591
0
18128
0
23322
1
0
1
0
5
0
5888
0
0
1
2
1
18842
23591
1
1
0
5078
0
10247
3
1
1
1
24735
0
1
5
0
0
1
0
1
1
3
16386
15367
22863
15309
4
1
28516
1
5899
3
1
0
0
0
11
0
0
24915
26280
1
10084
17789
5609
1
11257
16662
0
0
1
1
1
3
22375
23112
0
23858
0
0
17296
0
3
0
0
0
1
1
27509
1
0
1
1
655
13167
13751
1
7
0
12252
1
20
21479
19464
1
18169
4691
1
5
19056
1
26700
1
1
1
1
2
0
2
0
14800
1
0
1
1
1
1
0
0
24577
0
0
18576
1
3
2
23073
1
2
15985
0
1
3
1
1
3
0
3
0
108
0
0
4330
0
20705
25
5
21459
1
24
0
1
16708
0
2
0
22828
1
0
1
1
1
0
88
0
1
22622
35
22896
19995
13429
4493
1
23559
1
25
1
1
1
1
1
22
0
0
0
1
3
0
17823
0
0
1
24945
2
1
1
1
25575
6
0
5
18388
1
0
0
0
1
16
1
1
1
1
1
9
0
0
1
0
18062
1
1
2
1
625
0
1
18633
1
1
0
25636
15146
0
0
3
16220
1
0
15
20872
14221
1
20626
0
1
18253
1
4
0
0
7707
14453
1
21752
1
1
1
10255
7537
2
21648
1
1
23456
7592
4
0
1
0
0
1
1
5692
0
1
28341
0
23462
1
4
1
0
18
0
0
11909
1
1
0
3
0
17465
1
18221
1
0
1
16462
1
17386
19443
3
7
25855
2602
0
0
11
20968
1
10135
27212
0
2
0
19903
1
2
11605
1
1
23458
0
0
1
18861
48
0
0
1
0
16905
0
6
2444
0
1
1
1
1
1
2
1
41
1
0
27388
1
0
0
0
312
9956
22338
0
10447
5
1
4972
3
1
12858
0
29118
1
0
0
0
17
2
10916
0
1
2326
6884
2
25111
0
11534
19252
1
0
23793
30014
0
29146
1
0
0
1
1
2
0
60
0
1
1
0
0
1
0
1
10
2
20640
4
20995
0
1
3
0
31045
1
20808
0
60
3
1
1
29629
2
14
23968
2
0
1
19998
8
29216
13128
0
1
1
1
9896
13670
2
4
1
1
20118
1
0
27858
1
15579
36
0
2
0
0
1
0
0
1
2
1
0
0
1
3
19509
25483
1
1
18665
21495
0
1
1
0
0
0
0
1
29118
0
0
0
24565
3
2
3
10
9347
1
23205
2
24508
2
4
3
1
1
28920
24085
9896
0
1
0
22473
24774
16585
1
6257
1
23967
2
1
1
0
26336
19313
3
2
0
2
1
1
0
1
5475
1
11992
4498
26874
0
1
11558
1
23035
1
1
0
0
0
0
1
0
0
1
2
1
1
0
1
1
0
1
1
13474
19482
1
0
1
0
15327
1
1
1
4
0
14448
8
1
19214
420
19184
1
1
29872
3
0
23235
1
6122
0
0
3
1
0
2
16837
0
15912
1
1
0
3
7719
0
1
1
31251
1
18872
0
0
35
26642
0
0
1
15135
1
1
0
1
1
13390
1
1
1
26939
27695
1
1
1
9654
11569
2
3
1
0
26792
1
17033
0
0
0
0
1
1
19250
2
18376
0
2
22333
0
1
1
6
25201
1
1
17800
24510
0
21773
0
2
1
1
0
1
19275
12300
20704
2
6
3
1
20974
1
29021
24833
1
2
0
0
1
1
26094
1
1
1
0
1
0
1
19446
1
1
9756
1
1
0
1
1
3
1
15676
1
4
0
1
12538
0
1
0
0
3
1
1
0
1
0
7558
0
1
20170
0
0
25377
0
21794
1
23520
1
0
1
1
1
8857
21883
1
1
1
1
0
29852
3
2
17224
1
1
1
14
1
1
1
23111
2
0
1
0
14398
21831
0
6180
1
2
0
18437
1
0
17274
27268
0
2
0
1
0
18095
0
1
2
16357
1
0
1
18676
19777
1
19990
17165
0
22057
1
0
1
27625
0
4
29362
1
0
0
1
0
1
1
0
1
0
0
1
3
21157
29607
1
25665
29076
0
0
13576
0
23356
4
1
1
26139
1
0
1
1
10
0
0
1
1
1
1
27339
24717
0
1
0
1
23641
28690
0
29741
0
27016
3
1
17368
1
1
1
2
1
0
0
1
27270
1
0
19
3
30165
1
0
1
0
23500
23125
1
1
1
7201
1
1
0
19
1
25586
1
1
0
0
4923
0
1
0
0
1
0
1
2
0
1
1
1
1
1
1
17193
1
20471
1
0
1
19612
0
1
23301
20253
1
12275
0
9691
0
20068
0
0
1
1
26032
2
8
899
2
3
1
1
1247
4632
2
1
0
1
1
12255
0
11224
18363
23688
0
1
1
4
25108
1
1
22589
14734
1
1
0
18115
0
1
3
8181
22276
1
1
1
1
0
18030
1
29284
0
19083
23110
0
1
3
0
0
0
0
10561
0
6951
0
1
18737
8
0
1
1
1
0
1
1
19670
0
1
1
26740
4
1
0
7
1
0
1
1
3
3
27457
1
0
16386
1
13675
1
844
1
11536
0
0
2
3
22102
1
0
1
0
2
1
8
17709
15800
1
1
1
20806
1
0
0
1
1
1
3
10155
1
1
0
0
11684
0
1
1
2
1
4833
1
0
1
0
0
2
1
20854
1
1
22576
0
1
1
27185
0
1
13704
6
1
1
13
3
0
1
0
0
25659
1
4
2
0
0
0
0
0
2
25720
1
18567
1
1
28618
2
1
4401
1
1
2
1
24674
1
1
1
2
0
1
22001
9493
23488
23009
2
0
17223
1
2
7009
2
24790
18134
13
0
1
0
2
1
0
0
5
27054
19621
7079
0
1
1
18467
1
0
21701
0
0
1
1
4
1
3
0
1
3
0
1
12761
11965
24917
1
3
0
0
11076
5
3
24263
1
0
0
4
0
18089
11
0
14905
1
1
21845
1
1
0
18207
24536
1
1
1
2
0
3
27609
0
18125
1
1
1
1
17454
0
1
0
1
11
0
22920
0
25364
1
1
1
1
20840
1
1
10343
1
1
0
1
0
0
2
17902
27957
25680
1
17090
19709
1
5
2
0
1
0
1
0
1
0
4601
0
0
1
1
1
15493
3418
4
0
22686
1
21709
12
0
1
1
1
0
22613
18611
1
1
0
0
1
0
2
5
1
0
2
1
22662
0
26877
1
1
1
0
0
0
0
846
2
2
2109
24002
5100
1
20901
1
25675
0
0
4
12409
1
0
3
2
1
0
1
0
2
30801
1017
28242
0
1
1
1
1
0
5638
0
20771
0
18295
2
0
1
6
18351
0
1
0
1
0
0
1
3
34
0
1
12853
3458
21807
1
1
0
1
0
0
1
8149
27421
1
3
0
13034
0
0
1
1
1
0
29813
2
6
1
0
7785
0
2
0
18003
1
5
24741
2
1
12107
1
30847
1
5
0
3
0
15343
1
3
1
16690
2
0
1
1
0
31088
1
11
1
24251
1
1
21939
1
1
0
2
1
12499
0
0
23791
0
0
1
0
0
23130
24100
1
1
30462
1
1
2
1
1
3
2
1
0
1
1
18670
0
1
15136
28
7
0
0
1
0
1
23916
22564
10646
5
1
20523
1
31068
25233
20528
17244
28665
15681
0
1
0
1
1
2
1
0
1
1
1
6138
0
24208
23276
1
19884
0
20108
1
13997
23428
1
20604
20488
1
1
1
1
0
24548
1
0
1
4
6122
21083
12773
13
15567
0
10781
1
1
0
19189
19336
21552
1
10525
28051
0
0
1
21742
0
20328
24712
0
0
1
1
1
21257
1
22589
2
1
1
0
1
0
1
0
7545
2
1
20014
1
19970
11887
0
1
1
0
1
0
3
1
1
15638
25042
2
1
28804
0
0
0
12520
1
0
1
2
0
0
1
22148
0
0
20957
17999
13
14
0
0
3
1
4676
5372
3
0
1
1
1
1
1
1
1
17122
1
1
23934
1
1
7348
0
1
24026
0
1
0
2
1
1
2
26391
23288
2
18192
14644
1
4
3
18607
1
0
47
0
19583
0
1
24846
0
23366
1
1
0
1
25252
1
2411
1
1
1
2
11255
2384
0
26681
19072
21631
1
0
0
1
0
13555
20
10178
1
1
1
0
1
2
12865
0
1
0
15830
1
21472
4
29706
1
1
5
0
2
1
0
0
1
1
1
1
1
0
24931
24963
2
13029
0
0
0
1
8681
3
16124
3
2
603
0
0
30219
0
0
12
1
18219
1
16983
1
1
9
0
28546
1
0
24226
1
16283
21018
1
1700
0
0
1
1
1
2
27019
1
1
23384
1
3
17895
0
1
0
2369
0
2
1
1
3
1
22407
1
1
0
23661
19401
3
1
1
27607
1
5900
24178
0
0
0
0
1
9793
0
1
0
1
30
5441
0
0
462
1
0
0
24367
25672
1
30493
2
0
1
3
13223
1
3605
1
4187
1
1
1
0
4702
16938
1
0
1
0
88
0
1
9
1
0
11971
0
1
3
3
0
1
15817
27215
0
3
26214
18701
1
1
86
7226
2
20410
1
1
1
1
14451
3
881
0
3
1
15702
0
0
15
0
1
24159
3
6489
3
0
5826
2
1
1
1
26
18128
25455
0
23919
24813
1
1
0
19383
1
0
1
1
0
0
1
0
0
10366
2
0
1
0
20649
1
1
14752
2
6
2
18932
29961
1
13144
29127
2
1
0
24521
0
0
23396
0
11
1
1
0
14868
24452
1
24975
1
18622
1
1
7
0
3177
12212
1
2
2
0
29891
0
0
6
0
2
2
15534
0
1
6
0
5
0
1
27709
23198
0
0
24291
22177
27091
1
807
0
1
1
23165
5
11682
1
2
0
6364
1
0
1
20484
0
2
1
1
0
0
2
1
1
1
1
74
0
0
0
1
1
18671
0
1
12966
22989
3
0
0
2
1
0
22903
1
1
2
1
0
1
2778
4
1
0
2
0
0
0
28641
7543
1
13
2
1
0
1
0
1
18195
4953
1
17143
0
1
1
18585
34
0
1
0
1
18471
1
0
1
23776
0
1
0
0
28531
1
0
12768
4
27502
0
1
25745
5
22789
0
1
1
0
0
21124
5
1
1
27374
0
15485
1
1
1
0
0
0
0
27307
0
0
1
0
2
29326
1
2
1
0
1
0
24467
23837
0
1
0
5
0
2
2
1
0
2
0
1
0
2
18534
1
0
0
21285
0
7204
1
1
0
1
1
1
1
5
5
18891
2
1
1
1
24805
2
2
0
0
21818
0
7
1
0
22757
0
0
11750
2
4
1
9441
1
1
1
0
0
2
1
15531
1
1
1
0
1
0
1
23332
1
20026
15817
13140
8403
1
21371
2
0
0
14523
1
20606
1566
0
0
1
0
5
12830
1
0
1
2
5304
24812
1
0
20891
0
0
0
1
1
0
1
0
23140
1
16579
0
1
2
10628
12815
1
0
9893
23603
19519
2
1
1
0
1
19309
3
0
1
4
1
22864
1
0
0
2
1
0
1
0
1
1
0
4
1
1
14062
0
1
27801
3
0
1
4
19890
11947
1
0
11622
3
1
1
1
0
1
0
0
2
0
2
19039
0
1
1
16989
0
1
4
1
1
0
1
1
0
1
0
2
0
20859
12
0
1
31325
11070
0
1
422
0
13392
0
21590
1
1
1
1
20906
1
28444
25209
0
0
3
0
1
28674
0
1
1
0
1
2
0
8202
1
0
5
0
1008
6
1
0
13408
0
0
20881
1
0
1
6206
4
10
14888
0
0
19
1550
31399
1
1
0
26277
0
0
1
6
3
3
3
22641
7490
23203
0
0
28013
1
1
17582
1
1
1
19787
1
19511
1
21740
15073
1
1
0
25568
1
8853
1
1
1
0
0
26527
5250
1
0
2
1
0
5
0
0
21405
1
0
1
0
21308
27217
978
1
0
0
3
1
1
1
1
3
0
1
1
0
21778
12500
0
1
0
9864
5576
1
1
0
8
1
20979
11655
1
1
19858
0
3
0
0
1
4
1
0
1
23922
16140
8259
0
0
0
0
16264
25707
10991
0
6
0
1
0
1
1
28141
0
1
1
1
0
0
165
2
26591
1
0
1
1
0
4
4
1
9114
0
0
24151
0
0
1
0
12449
1
1
1
0
1
0
26287
0
1
2
2
0
1
1
1
16097
45
16674
1
27529
0
1
1
0
20077
30926
1
22903
1
8497
1
0
1
0
16724
0
0
2
7146
1
1
1
17855
1
0
4
0
1
22949
16
1
0
0
0
0
0
0
1
1
9845
1
0
0
0
1
1
1
26493
0
1
1
0
17474
1
0
24865
1
11114
12426
0
1
0
0
0
2
0
9321
0
1
1
0
1
0
2
10681
27278
0
7
2
13647
18357
13975
1
30010
0
1
26470
13852
0
18119
1
0
20790
0
21325
1
1
0
0
1
2
3
19415
26939
0
1
2
1
1
1
23690
6527
0
2
15853
1
1
0
1
21424
1
14
8607
5403
17270
1
23682
1
0
1
8
2
0
24773
15
2
9889
0
3
20266
5
1
3
1
1
1
1
19454
1
0
1
20989
1
1
1
1
0
1
0
0
0
0
1
15665
0
0
1
1
0
0
0
1
0
0
2
1
1
0
0
1
1
16413
0
0
3
8463
0
1
22092
2
1
17
13
0
1
23986
1
0
1
22565
1
0
1931
1
4340
1
25518
1
16
0
2
13875
0
1
22249
23926
1
15044
0
25650
2
1
12446
1
14611
15375
12
0
3
0
2
1
26949
1
7
2
0
0
1
2
6404
10928
1
2
1
0
0
0
10913
15619
0
1
17006
0
23849
1
0
1
1
24360
16368
0
1
5
1
13034
29686
12058
3202
1
0
5
1
4
12271
1441
0
3
3
1
1
1
1
4
0
25606
1
1
1
2
1
1
14244
0
1
21727
24982
1
1
1
15448
1
1
0
1
3
15941
1
28203
1
0
0
1
20106
1
3
1
1
8055
0
1
0
30136
1
1
0
18005
5805
3951
19664
0
27189
0
23034
28410
27618
1
1
2
1
1
5
20296
1
6674
26094
0
22797
2
1
0
4371
3
26836
0
0
0
2
0
3
2
4538
2
1
21951
3
0
0
1
17195
0
7
3
0
566
1
0
0
2
1
4
0
0
0
0
0
15131
1
3
13124
1
1
4
20
2
1
1
20728
0
3
0
0
2
4
0
4
1
1
0
0
11114
1
1
0
20473
0
1
26158
0
0
14358
0
1
16747
1
1
19873
10
1
5
14066
1
1
17836
6
10
1
1
1
7169
1
3
0
1
22035
14718
13120
2
0
1
1
0
1
2
11899
1
0
0
26144
17815
0
0
1
1
28253
1
8849
0
0
0
1
0
2
1
3227
17102
23613
14700
1
1
1
6
19
0
0
18388
10982
1
17573
2
1
1
1
23128
1
27103
1
30
20313
20262
5
2
5903
1
19501
1
1
17248
3
18184
3
7076
16991
0
0
29686
17011
13822
20529
1
16950
0
29850
0
1
1
6460
0
1
3
16824
9
10
17238
1
1
8
6
15779
1
0
6503
0
0
0
1
1
26808
1
1
2
2
19632
2142
22399
0
8
6
1
0
10026
17881
1
0
1
0
5761
1
4
6
15092
53
8491
2
14618
23931
0
6590
23264
0
0
23876
61
0
0
0
1
0
13229
0
4225
2
1
28684
1
1
4238
2
1
1
1
1
21663
1048
3999
11902
1
6
1
1
28090
0
0
1
2
0
1
12791
21288
0
2
28468
0
2
24134
1
1
0
1
25505
0
12347
0
2
1
0
0
1
1
0
0
0
10708
22255
1
1
26109
1
0
0
1
22851
17302
1
23677
1
1
28886
0
1
2
1
1
0
1
5
1
0
0
22896
1
0
0
1
65
0
2
1
23694
7010
2
9129
2
25646
1
27919
1
9444
2
0
0
2
1
3
3
0
9526
18913
5648
1
2
4
21585
1
1
20974
4580
19129
23685
1
1
1
0
19668
0
22875
1
19064
1
34
24926
0
1
1
1
1
0
2
3
50
1
2
0
1
1
1
2
25660
0
16026
0
1
1
16740
2857
1
0
1
1
1
21244
0
1
21809
1
1
0
2
1
1
1
0
0
1
4
11
0
11045
1
0
1
1
0
1
4
0
23370
1
1
6
1
3
17475
1
9690
2
1
0
0
27986
21607
5
3
9291
2
0
19677
1
21609
1
1
3
0
4
1
17418
25236
1
4
9136
1
1
3
10028
1
4705
18083
0
8943
0
2
7533
0
0
4
3
1
6080
1
1
1
14843
1
1
0
8900
11936
3
0
0
3190
2
2
1
0
2
5
1
0
1
0
1
30006
1
12753
1
1
54
1
27517
2
21356
0
0
2
2
0
1
0
1
1
16769
0
0
0
16475
3
21408
7332
1
0
0
0
1
0
0
1
1
3067
3
11314
25350
2
3
3
1
24283
22180
0
0
25319
9
0
2
1
0
1
4662
1
1
0
1
1
0
25778
2
1
8
1
500
1
0
1
14217
0
0
1
1
11849
1
1
0
4
23051
19641
1
0
2
0
1
1
0
23599
0
28451
2
18023
27358
5476
1
1
1
24394
0
1
0
13834
0
196
1
29069
1
18049
0
13321
19321
3
26147
22552
29157
3
1
2
1
0
0
18882
0
0
1
11613
20013
26254
0
1
0
0
2
16957
6
0
1
0
22388
1
1
19111
0
0
2
0
0
25159
0
0
24531
1
13
1
4339
0
4946
1
0
1
7300
1
27996
25895
103
16602
2
1
19190
6511
1
0
18389
1
0
2
17425
4
16992
0
4
1
0
21909
1
1
28183
0
0
7258
1
1
0
1
15354
1
0
1
28201
0
7170
18460
1
20095
23400
0
23987
2
2
1
2
21354
9826
7957
1
1
1
1
0
19304
0
3
24339
6712
0
1
0
1
1
21177
24876
1
0
8468
0
15570
3
1
2
3
5
1
1
0
1
0
0
27148
0
22003
1
16193
1
23383
1
1
17582
1
7
17451
1
1
27665
19381
1841
27539
0
0
1
0
22973
3
14318
1
12945
0
1
21327
0
22579
3048
0
17291
1
0
10882
16333
24009
14966
1
13178
1
306
18505
1
2
1
1
3
0
0
21389
0
244
2
0
1
21984
0
0
1
1
14415
1
2
26403
1
0
4
2
17817
2
0
0
1
14772
17
0
23069
1
0
14282
0
3
23600
1
22217
0
2
1
0
0
1
0
1
1
1
1
2
23801
10168
25341
5
18413
0
26708
1
6
21654
0
7924
27334
1
0
1
5611
1
1
20279
0
30105
0
25722
1
3
5
1
3
1506
1
3
29633
7548
0
25806
0
3
1
1
0
0
0
0
1
3
1
1
0
4
0
0
27619
18005
5
1
4
1
27601
2
0
1
1
20728
11596
2
1
1
1
12051
20689
3
1
1
0
1
1
0
1
1
1
24603
1
0
21059
1
0
24142
19967
21444
0
0
1294
19867
0
1
1
1
21388
3
5573
14372
1
1
1
25268
22357
27962
23046
1
30574
1
2
1
3
0
1
0
1
0
0
17787
0
0
23581
0
3
17495
1
1
2
1
8141
0
0
29018
25403
0
2
1
1
25
8359
21135
0
1
6
1
4699
16914
19074
1
24040
1
0
2
25529
0
0
3
8
1
1
0
6760
1
1
0
75
9411
10054
1
0
2940
1
6341
1
2
1
1
0
0
3
22544
1
1
23021
0
0
1
1
6
1
14077
1
1
1
1
0
1
1
0
1
2427
4
0
1
19792
1
1
0
1
3
1
1
1
3
1
1
5
1
1
0
0
0
7513
1
0
1
29897
2
20406
6043
0
1
27500
0
1
17992
4
1
0
1
21803
10137
8
0
1
0
1
24776
0
0
15333
2
1
0
1
25268
1
21567
0
0
1
18424
4
1
1
4389
2
1
17632
2
18
25318
0
0
1
4456
3
1
0
0
8
20300
0
19085
3
6211
0
1
1
0
1
1
11633
15390
0
26996
1
24344
0
27679
3
1
2856
23357
1
0
1
17460
1
3
1
1
1
1
2
20453
0
0
3
25730
0
24804
0
1
1
1
28138
2209
0
25575
2
3
1
1
18325
0
1
12898
6709
1
11314
13725
1
1
23537
16328
1
6246
0
0
27295
257
0
1
12
1
28992
3
1
1
1
17027
9443
20
22350
1
21829
0
1
0
0
6869
2
1
4
0
1
1
7
1
15368
1
1
1
0
1
0
1
1
3
23841
1
1
2
1
1
1
26360
1
2
0
1
1
1
1
7750
15671
1
0
1
0
1
0
1
0
23266
17
1
19326
1
0
15522
15
0
0
0
1
0
7756
1
27459
0
0
1
2
19401
1
20573
1
17027
1
3
5969
0
3
25870
1
0
1
2
11958
1
19439
1
2
0
28765
3
1
0
5784
1
1
1
1
2
0
1
26987
1
10485
2
0
0
0
1
1
1
1
4
0
1
10717
1
23248
0
15269
1
0
0
1
19264
6678
23473
20917
1
1
1
4
0
0
1
25152
0
1
21214
0
8481
28399
1
22908
1
2
1
0
1
23806
1
1
2
7
1
0
1
0
1
0
1
1
1
0
0
0
28320
0
2
3
1
0
1
1
21045
3
3
8159
21
96
6672
29184
0
1
1
1
0
1
0
0
1
0
1
7
1
11649
1
0
1
1
0
0
1
1
1
0
0
1
24232
2
1
15637
23179
16810
1
14890
0
1
28216
4
0
0
17557
5
2
1
1
0
1
22610
0
4
0
1
0
15556
0
55
0
1
2
19576
2
28351
1
0
0
2
19
0
3
0
3
1
1
1
18980
1
1
0
26034
25973
1
0
21
0
7300
0
1
0
8081
0
26959
0
9293
1
1
0
1
19572
1
1
3
3
2
2
1
0
0
1
1
1
0
2
1
1
15008
23825
1
1
0
4
1
84
0
0
0
17752
0
1
16985
2
1
1
2
0
0
9
0
0
9387
20
23631
2487
2
11932
0
4
0
1
3
1
18649
28473
0
1
1
0
1
0
0
0
0
5743
12514
1
1
0
1
0
1
1
3
22019
19662
0
1
19647
24850
2
24247
28104
17657
0
11286
0
0
1
2
42
18320
1
1
28588
17863
23477
3
0
2
24898
8661
14493
1
0
12
0
1
2
21874
0
3
8
11239
12
0
4
1
1
1
1
4777
0
25344
2
2
0
2
1
0
4
0
0
1
1
0
1
0
3653
2
6930
1
21600
1
1
2
26020
1
0
0
5
10265
4
11867
0
1637
0
12
22748
1
1
1
1
2
1
2
0
2
14697
1
1
7
1
0
0
0
28749
3
3
2
2
1
26940
16267
27555
1
0
0
1
29906
1
6447
0
0
1
1
22164
1
29139
1
0
1
1
23347
1
6809
2
1
1
1
17100
1
1
15601
1
16644
2
1
16385
4
1
2277
3
1597
1
0
0
1
24894
4
1
0
0
28745
17832
26463
2
0
1
1
13043
1
3
1
2
7864
1
1
0
1
0
0
2
0
1
10990
29588
3533
12846
1
1
1
19392
1
1
15299
0
0
0
1
0
0
17336
2
21847
11053
0
1
948
0
17684
23217
3
16197
1
7
1
1
0
1
18400
0
17781
1
22417
47
1
6
27201
1
0
1
22980
0
0
8312
0
1
0
0
1
3
1
24822
3
1
0
17484
51
18297
1
12861
0
1
24125
1
1
40
2
1
1
7878
0
1
21124
1
17
1
13815
1
1
0
1
16038
2
6
0
0
15101
1
2
0
2
0
3
5519
1
27786
0
1
2
1
0
0
1
19779
1
18896
0
6
1
6980
1
1
0
1
0
2
6
0
0
13186
23385
1
0
0
0
1
1
2
0
0
2
0
12701
11474
1
6283
0
0
13446
1
1
29452
0
0
18931
24469
24517
30421
2
24897
1
1
1
1
12372
23248
19417
3003
8
14909
1
7156
0
0
2
11095
3
1
1
1
1
0
1
1
1
6
2
15946
0
21636
3694
0
6
1
22780
0
19183
3
12051
0
15362
1
1
24318
29688
1
1
20278
1
28811
22998
4
26882
2
0
18115
3
1
2
0
0
1
1
1
1
0
1
1
21299
5
20556
7780
1
1
1
27
1863
5339
1
0
3
13611
0
1
16733
0
23868
7306
0
1
3
13097
22599
23990
2
2
1
30497
1
0
1
5
1
0
1
13423
1
16890
25465
6
1
0
1
1
0
0
18951
1
0
0
1
1
2
1
2
1
1
1
1
20950
13343
18073
15606
0
2
1
0
4
0
11156
21936
1
1
1
18874
19965
20282
1
14824
13481
1
1
25874
1
14535
19904
1
21320
1
0
0
4
22589
22587
3702
1
5
1
1
1
9368
22257
1
1
0
23180
2
0
3
0
28001
26158
1
1
1
1
1
1
27632
0
0
2
8370
1
1
1
0
1
0
0
14949
23651
1
0
0
1743
1
0
2
11100
19840
1
1
0
5
27508
16961
1
1
1
20167
1
1
1
5957
4
1
1
0
1
1
0
1
1
29888
1
5
2
1
1
0
9922
1
17789
1
4
1
4
0
0
1
26648
2
0
1
5
1302
1
1
4
0
0
1
1
0
1
0
0
1
2
3
4181
0
1
16595
21034
0
12633
1
2
1
23826
1
2
22695
1
1
1
0
17895
1
18958
3
13036
3
0
0
1
1
1
20628
0
3
23494
0
1
49
0
2
1
0
1
1
1
2
0
5882
7
0
2
1
1
0
1
0
1
0
1
11
0
10789
4
17818
20650
1
21793
14053
0
1
1
17448
0
0
17487
0
1
1
0
0
3
1
6213
1
1
10
3
7183
1
1
8795
1
1
26
1
12826
0
21250
1
0
2
3
4
1
13194
14
0
14
0
1
2
2
3
2
1
0
0
16718
0
0
12665
0
14597
0
1
1
0
8
19314
1
0
19572
20291
1
1
1
1
1
1
0
1
1
1
0
1
10
0
0
21209
1
0
0
0
2
25207
28072
23664
1
0
0
19319
1
10371
27036
24056
14221
1
23596
1
0
0
18999
1
0
16388
3
0
1
0
23125
0
7642
28261
2
1
29648
8810
1
2
0
1
8061
0
1
0
9
0
1
0
1
0
19848
0
0
0
3660
24026
1
0
0
0
0
0
5
1
0
17843
17083
15487
0
1
2
9334
1
1
0
1026
1
0
0
22800
3
1
6666
1
1
2
19425
0
1
26252
22867
20300
0
1
4
0
1
28505
24351
0
22685
1
1
1
0
20578
21492
1747
18482
1
1
1
2
17910
1
0
1
0
3
0
2
17321
1
18684
3
0
16
1
3
8443
29127
1
3
1
4
0
21703
2
0
1
0
2
32
2
1
0
1
23821
8985
3
1
5
3
6
0
1
3
4188
0
29317
26081
9561
4
1
1
1
391
3
5940
22645
1
1
1
24221
1
31088
3
4
1
1
23635
2
2
11508
0
0
0
24880
6
2
28563
1
20032
0
2
28070
0
1
0
0
0
1
27241
0
1879
0
2106
0
0
0
0
2
3726
3
0
1
0
22300
1
0
0
1
1
19803
6
2
11029
4
0
4
17612
6
0
0
1
2
2
25730
1
2
1
0
2
4695
15
1
7675
1
1
12227
2
2
3
1
2
23713
0
0
0
0
1
0
14
1
1
1
1
6775
5761
0
1
0
4
25305
2
1
1
0
1
0
23846
1
3
17918
1
4
13661
28376
1
0
1
21014
2
0
16287
17697
1
15347
1
22210
1
1
1
3727
12052
1
22414
20449
28318
0
2
27035
1
0
20093
4
2961
0
8721
10598
1
1
0
1
0
1
1
1
29214
2
2
0
11966
3
4858
0
0
0
0
1
5
29153
1
2
2
1
0
0
0
3
1
8
1
1
0
25283
5
0
30747
22505
1
1
27
2
1
2
0
0
12113
18850
0
9603
23190
3
14161
0
1
24740
2
1
10019
2
2
0
2
18819
842
5
0
4
1
1
9849
1
27384
22643
2
27315
0
0
2
11
18027
1
18397
0
25616
19501
11076
0
0
1
20950
11953
1
3
2
1
0
0
23369
1
1
1
1
1
12632
115
0
1
1
3
0
2
4337
28078
1
1
0
1
0
0
0
15877
2
1
0
1
0
9274
22165
1
3
1
0
1
19133
19699
21524
1
22075
1
3
14822
1
0
1
2
1
1
1
1
1
7940
15768
5
1
1
0
15381
18507
0
3
1
29484
1
1
0
1
10797
0
6589
0
1
1
0
27781
1
0
21761
0
0
0
1
1
2
0
24951
3
1
1
21344
27527
1
0
1
3
1
23317
26
1
0
2
14205
14430
1
0
0
1
120
1
9523
0
0
1
8651
15571
0
0
1
1
2
5536
30170
12208
0
1
13291
0
0
11498
4
11521
27679
1
15333
3
1
24414
0
1
1
2
5402
1
1
20978
16591
1
1
26
3261
9618
21854
3
0
0
0
1
2
21755
0
3
1
1
0
3
26461
2
0
3
29896
20146
0
1
1
0
2
1
1
2
0
1
3
7
7
2
29842
22352
0
1
23115
0
1
3
3
1
0
0
0
0
16758
8
20256
0
1
22123
1
1
1
2
9924
1
2
0
1
1
8469
13354
0
24387
20
0
1
7344
0
19658
0
5
6186
1
2
2
0
1
1
1
2
0
0
1
0
1
0
0
0
1
0
14774
1
29847
17986
0
1
1
0
10134
1
0
9064
1
21413
1
1
2
1
1
19017
2
1
0
25270
21905
1
25096
0
18152
1
1
18655
0
1
1
13711
1
1
0
4061
0
0
1
7494
0
7114
16515
0
0
1
1
0
1
3
1
27051
1
29201
24804
1
0
1
0
2
1
0
4
1
1
1
1
0
0
1
22775
0
0
8
3
0
2
1
0
0
0
1
1
0
0
2
1
0
1
0
30118
1
1
1
2
0
1
18411
0
18679
0
1
8
11526
16566
0
4
1
1
7467
0
1
0
1
1
6
1
23236
3
0
2
1
1
2
27390
0
1
26366
0
1
0
1
12631
26497
4
1
4
15344
1
23961
0
1
15347
1
1
1
14887
16907
1
0
0
1
1
1
1
3
1
5611
3
11406
1
0
6439
1
14515
2
7233
0
1
3572
1
0
4762
18901
3505
20614
17947
1
0
1
0
0
1
1
17694
1
14228
13102
1
0
1
2
1
3
0
1
0
0
0
0
5
25539
3
1
0
0
25637
13201
1
27801
10
2
1
1
1
1
1
1
0
2
16022
22772
3
8511
1
0
19971
0
2
26434
1
4
0
5122
9742
0
1
0
13400
345
1
0
1
5334
1
0
0
10839
1
0
2
1
13041
23095
25604
0
5
2
25937
0
18309
2
1
10457
1
1
16505
24508
3
15426
1
0
0
22872
19310
1
1
1
25208
0
21640
0
3
0
5
1
0
0
1
20400
1
1323
2
0
20865
1
8674
2
16954
2
1
4
0
14
22634
1
19835
4926
1
1
2
1
1
1
16855
8056
3
0
0
0
21573
3
3
0
1
1
1
1
30485
1
12872
2
13154
4
1
1
23108
0
2
1
3
0
25469
19731
2
10179
0
1
0
8783
1
23298
0
28
0
0
1
1
9399
0
19831
0
1
0
2
0
6
0
24228
22684
2
2
15030
0
1
1
0
1
0
18735
24000
1
0
23652
1
22716
2
1
1
1
0
1
11047
14355
1
22041
6324
1
23337
19
24078
0
2
1
1
20565
0
0
1
1
1
1
0
1
2
14388
9999
5182
21956
14786
0
1
0
1
1
0
16350
28765
3
12139
0
4
7954
0
0
1
3
7014
24689
1
0
1
3
3
0
1
19017
1
20433
1
2
4
0
1
0
2
1
12521
1
1
0
1
1
15170
1
17
0
26970
0
1
3
0
14411
1
3
12243
2
4
6
1
5
0
1
1965
6
19751
0
0
0
1
1
2
0
1
0
1
27252
1
19746
1
1
0
1
0
0
0
20890
1
17780
6614
27854
6939
2
0
15903
1
3726
19023
0
0
15299
24195
1
1
17511
20098
14061
0
2
27311
1
0
1
1
0
24175
2
5059
0
0
0
1
28337
0
3
6172
0
0
1
28860
2
1
1
12850
0
27075
1
1
0
22602
0
1
2
0
6232
3
19215
0
21446
1
1
1
0
22202
1
2
28673
27020
1
1
32
2
1
25790
1
2
1
4
1
16987
1
0
9
1
0
1
0
1
0
1
0
0
25767
1
0
0
0
1
27074
0
1
144
10105
1
0
0
0
0
1
0
27595
0
0
0
1
21772
0
1
1
0
1
0
1
1
0
17077
4
0
1
1
1
1
3
24293
13612
26143
2
0
1
0
2
1929
13655
20682
1
2
24082
0
1
0
14942
0
0
26210
0
2
16592
23146
16660
1
6
0
19986
19247
0
0
1
25890
21
18682
10370
1
1
1
12954
2
1586
1
1
0
21179
0
2
19479
12064
0
0
0
1
25165
0
7
30
1
1
15982
1200
9856
11421
0
2
25859
0
1
1
1
0
18795
1
0
1
0
1
2
6
1
2
1
498
2
0
27563
1
4
5
1
3
1
4
25077
1
26934
19381
1
1
21430
1
0
2
810
0
20084
0
13171
12107
1
23356
0
16
9427
0
3
1
0
9738
7369
1
1
0
0
0
7710
0
19665
0
1
14915
7381
19535
30610
14835
0
2
4
1
1
1
21761
1
11011
7
2
0
0
1
1
1
0
5
20710
1
0
2
2
0
20
0
1
0
1
3
3430
1
16001
0
20210
1
2
20632
1
1
1
0
0
1
1
1
2
13653
1
1
1
16688
29274
19206
20372
1
10365
18918
1
0
0
1
0
14953
0
2
0
1
2
2
1
6355
22876
971
17359
1
1
4
14482
17179
2
0
0
1
1
0
0
3
21
1814
0
1
0
1
0
28516
15579
15833
12647
17861
0
11653
1
1
15855
2
0
0
1
2
25646
0
1
0
0
0
20603
2
3987
0
2
1
15807
0
1
1
4987
26921
0
0
13730
0
1
0
1
0
9452
1
1
22
13055
1
0
1
0
0
7057
27486
0
0
0
1
0
0
0
1
6842
1
0
26205
4
0
18715
3
1
1
0
12256
21707
0
0
0
1
1
1
632
52
2
0
16961
1
1
2
1
7
1
20
3
2
0
0
1
1
1
1
3
1
2
13481
28577
18476
5
17
2
14471
21916
1
1
28322
2
2
1
17739
2
0
0
2
5
1
24926
14298
1
0
29807
28122
0
1
1
3
0
23674
1
1
0
0
1
1
0
14209
2
0
26718
18
1
1
1
1
1
1
24323
0
17398
4819
21429
1
92
1
17425
17194
23024
22514
0
16411
3
1
2
0
0
8
5105
1
10589
2
1
1
0
1
2
0
6
14214
3
1
0
21483
4
402
0
1
1
1
0
18525
1
15330
1
27932
0
3
1
28211
4
0
0
0
0
0
0
24080
16774
2
1
0
1
1
1
1961
13124
1
2
12433
10888
1
20631
1
1
1
1
25972
0
0
11473
0
16399
1
12230
0
21045
0
0
1
1
12236
0
30647
0
1
7
5
20553
3
1
0
2
27408
20598
1
2
1
21891
0
1
0
0
4422
1
1
5160
0
5963
0
20734
1
1
4480
1
1
17921
1
1
1
4
1
0
22447
28862
2
0
0
0
1
1
50
1
0
2
28688
1
0
1
5293
3
19814
1
27004
23236
1
0
0
1
1
23123
2
1
0
1
1
1
2
0
1
23539
22114
13053
15208
0
1
1
20613
20790
1
1
28335
0
5
8045
0
1
2
15081
0
3
10248
19659
2
2
1
1
1
7284
0
1
0
1
1
24314
1
23790
0
0
1
0
1
1
1
9
23895
6
1
1
1
0
1
24356
1
23092
0
1
1
0
1
1
21823
1
0
0
1
1
1
0
14
20422
2
0
1
0
1
21296
0
2
2
5361
2
1
29438
16378
0
0
18515
9403
1
1
0
1
1
1
0
1
0
0
25300
1
0
2
0
2
2
1
3
1
1
2
1
1
3
1
5
0
1
1
2
0
16055
1
19849
2
21060
0
0
0
0
0
1
20683
2573
1
1
28691
0
0
0
0
1
1
8
1
0
0
0
0
0
1
1
25116
0
0
2977
16743
19942
3
1
1
17819
2
0
1
0
1
0
1
21368
0
0
0
21886
0
1
0
25227
0
1
0
25367
2
0
16089
14331
1
2
2950
13101
1
2
1447
24713
20642
14290
0
5
0
3
1
0
1
1
1
1
0
1
23603
6174
23702
1
0
3
2
0
5
23180
5379
18009
1
24070
2
17612
17647
1
0
0
1
1
0
0
17412
19
22116
0
0
1
21664
29975
7
1
0
15125
5
14633
1
1
1
0
0
0
11330
1
22974
0
0
1
0
0
16197
1
16792
1
19100
0
0
1
0
23251
1
26465
2
4
0
3
16
24776
0
1
20113
1
2
1
2
19297
1
1
1798
15254
1
1
0
1
23854
8995
14006
1
0
3
19479
0
1
0
19812
0
3
1
1
0
1
1
1
0
0
21074
1
2
23363
0
1
1
0
0
1
0
27505
17
4
0
1
0
17924
1
1
703
15488
0
1
0
1
1
13369
0
0
20685
0
0
1
15563
1
1
2
1
17966
2
1
0
1
24352
3
1
26846
704
1
1
0
1
3
0
2
19832
0
0
1
19307
1
23095
29609
2
1
23028
0
0
26127
1
3
0
1
24408
1
1
1
3
1
0
0
2
3
7
1
6
0
19339
1559
0
11395
0
1
0
1
1
1
1
20325
20693
0
0
0
1
27177
4
0
0
29003
0
0
0
13184
1
2
0
1
1
1
0
2
1
1
1524
1
23136
1
0
2
1
1
0
1
0
2
0
14867
23007
1
14905
1
0
3
2908
22951
0
0
26199
19591
21154
28025
2
0
1
1
2
1
3
19283
13096
1
1
1
1
1
1
0
13582
2
15673
4
0
1
1
1
1
1
1
1
6734
0
1
1
0
1
7015
3
12221
1
0
9561
21394
20630
23472
28397
0
0
2
0
0
2
1
2
28065
0
22985
0
3
0
7934
1
20397
2
0
2
1
1
6543
24274
26354
1
0
0
12
0
20474
27060
0
1
1
6
17667
1
28
0
6
1
1
3
1
1
3378
1
22075
19269
0
0
22655
18940
0
1
24496
1
24316
1
1
1
0
1
1
1
0
15290
1
0
1
16965
3
1
1
1
1
1
1
0
30337
23925
3817
3
16161
0
1
2
31425
3
1
0
24524
17
1
1
22357
0
0
1
0
7849
0
22322
1
0
2
1
5103
1
26575
1
1
1
13867
24194
3
1
0
0
0
2174
24171
17898
4
0
1
0
1
19610
2
30306
1
3
8
21428
1
17017
0
1
0
0
0
0
1
0
1
25061
3
0
18255
20236
0
11
1
1
23800
2
16788
1
0
2
0
6
1
1
2
1
21351
1
7367
0
1
1
0
3
5
1
1
22902
0
21636
0
1
24856
0
1
1
1
1
19842
1
1
0
1
0
8215
1
0
3007
1988
24100
3574
1
0
10
0
1
24849
18794
15561
21
0
2678
0
19029
1
23014
1
0
0
1
5
1
1
0
1
1
2
12646
4
0
1
2
17132
1
1
1
0
3
26408
0
0
2
14994
5
1
16136
1
1
1
0
18521
11191
1
0
8616
1
0
0
0
1
0
1
0
2
6
0
1
0
25083
1
1
1
15287
1
0
1
3
1
1
1
1
3
0
4
0
1
0
1
0
3
0
7
10
1
2
1
1
1
1
1
2
1
24880
1
0
1
17933
1
0
15325
1
1
4
1
1
0
0
21888
1
16577
1
20655
2
1
1
0
9316
0
2
15103
931
24459
1
21466
8617
17
0
188
24875
5780
0
8353
0
0
16411
0
0
0
1
2
20893
0
1
27841
19765
1
1
7
1
1
1
1
1
0
0
1
0
1
1
0
31
2
1
15971
1
5
0
0
1367
3
1
1
1
1
1
19153
6
18929
23882
2
28470
0
1
1
18562
1
0
1
2
6
2
28244
26818
1
25872
20904
0
0
5
0
1
0
25922
0
1
22094
1
477
1
2
0
0
0
333
1
0
1
1
1
3
0
0
1
1
1
1
0
1
3
18777
1
19765
18049
0
0
0
21398
1
1
1
4
1
12
25436
0
15901
1
1
0
0
1
26789
2
1
1
29990
4517
11544
7034
0
1
25707
2
2
1
1
1
0
2
5
1
1
0
3
1
1
12580
2
16120
0
0
1
1
0
1
0
46
1
1
1
1
0
12411
1
1
25
1
0
11417
24483
1
2
2
7282
2
0
1
0
1
1
3
1
0
1
1
17000
0
6
20654
1
0
0
0
1
24910
1
62
4
0
16558
9
3
23774
13857
5
1
0
1
0
1
4
2905
22990
0
3
19226
0
1
0
0
19270
0
4
1
1
0
1
1
1
0
0
0
29566
1
14
1
0
2
0
1
1
30243
0
30015
1
28474
2
19113
0
21419
12653
0
6100
24197
23042
1
20234
1
1
1
1
7
3088
1
22500
22422
1
3
27818
0
0
0
17394
0
2
30311
0
1
22304
1
1
2
2
0
4845
0
0
0
22103
2
1
23120
3
1
2
0
1
0
3
6092
2
1
1348
2
1240
4
19555
1
0
0
0
2
2
0
1
1
23
19877
24376
3
1
0
0
0
1
1
1
9620
0
0
1
1
0
20039
1
0
0
0
1
11227
1
1
1
0
1
11991
3
0
4
1
23237
0
27890
27053
0
3
1
1933
1
10524
1
1
0
3
8497
0
1
20755
0
4
4
1
26093
15095
1
4
1
28972
22630
15371
16304
1
0
0
2
13847
1
0
17578
1
1
21784
0
0
18612
1
0
10853
0
2
1
1
1
13793
1
8321
0
25831
4
29591
14298
1
18639
0
0
0
5
0
0
1
0
1
26077
0
4
6881
9
3
1
19571
1
0
0
6
1
1
0
2
16455
0
1
1
1
5000
15394
0
27897
1
9
1
2
1
1
3
1
2
13552
0
5
3245
0
5209
0
1
0
1
0
0
10404
24650
22207
1
0
0
1
28043
0
0
20
28413
4
1
18686
1
22834
193
0
26834
15
0
1
2
2
0
0
1
0
1
1
17
25066
4
1
1
0
0
17045
1
1
1
21176
0
13268
0
0
0
1
19188
3
1
1
19266
4
24850
0
14
2
6
7565
13762
1
22019
4
1
1
1
0
11617
19444
1
1
0
1
1
0
6
5
0
20727
0
3
2
1
0
1
3591
16971
18287
17453
1
0
0
19286
27135
21428
1
0
1
0
4
1
18760
21024
0
0
0
0
0
0
25721
7209
2
1
1
1
1
1
0
18571
0
0
17061
28560
6
0
20368
1
1
20861
2
2
26752
0
17960
1
22272
20706
1
26864
0
1
0
4840
20261
16523
1
1
3
1
1
8
6380
2
0
1
0
1
1
1
1
0
18279
24435
19226
11484
0
3921
0
28663
2
12144
1
0
1
1
0
1
6370
17637
2
9687
2
0
3
1
5008
23639
25747
2
5
2
3
0
1
0
7843
16902
0
1
0
8
10368
0
0
1
5
0
3
31036
0
0
1
4
2
4
1
2
2677
4
1
0
1
4175
1
1
0
22744
0
19407
0
1
1
1
0
1
0
0
0
10320
1
14910
2
0
8
4
1
11895
1
0
6
19553
2
1
16297
0
1
7
0
1
1
1
1
12929
2
0
2
16718
0
1
0
2
1
11930
0
1
3
1
2
1
0
11057
27689
1
0
0
38
25839
3981
1
1
0
25659
0
1
1
9729
0
1
1
0
26633
0
10376
1
0
1
12071
16305
18847
19204
1
0
12558
0
0
1
2
1
0
1
1
3
1
0
20
1
1
0
0
0
0
16820
26059
0
2
10
17668
1
1
3
0
9224
23240
13837
12
0
3
12988
2
1
1
0
1
6
0
6
1052
0
3
14
1
0
20304
0
2
1
0
1
5
1
19495
21231
1
1
1
7
0
0
8276
0
0
22
0
0
1
1
8677
6361
29450
0
1680
1
19664
11
3
1362
1
0
0
0
1
7324
1
13
2
15
0
16113
0
0
0
0
11207
1
1
2
6685
1
1
1
11126
24528
0
1
0
0
1
0
908
0
1
27
0
1
24320
21411
24744
23618
23018
1
0
2
1
1
0
2
1
14861
3448
2
1
19204
0
15122
1
0
1
19073
18512
16463
1
14339
0
2
1
0
1
0
1
0
0
20287
1
20613
1
6
0
9701
18286
1
3
1
1
1
1
1
11367
2
4
1
6572
4
0
8102
0
24380
0
0
1
1
1
0
0
0
1
433
0
0
1
1
1
7
0
14499
2
0
1
32
1
5926
11147
1
1
1
30522
3
11897
1
7340
0
1
31059
19262
1
1019
6631
21107
0
0
1
19203
24500
4
0
1
5
10964
2
0
0
1
2
0
0
13437
7
17678
10872
0
1
1
14546
24938
1
1
0
18700
0
2
0
5
5
3
1
24836
0
1
2
3
26775
1
3
1
29854
0
2
0
1
0
4
7112
17586
1
0
1
0
1
2
1
0
1
28974
2
0
1
16935
147
0
2
32
27459
2217
8609
0
1
13357
0
0
2
3
7680
2
21972
1
4857
11445
408
0
17606
1
22122
3
0
0
1
20116
12
0
1
1
1
1
4
0
1
3
1
1
1
0
1
2
12271
1
0
3
0
1
15516
1
1
1
1
10202
0
0
1
5
0
1
0
2
0
1
1
15523
0
14660
19709
0
6
1
0
1
23295
1
3
1
1
0
1
6
0
3
0
14
4
0
8
26
1
1
23986
1
2
0
0
19539
1
1
2
1
0
2117
1
4504
22056
1
1
19930
1
0
18503
1
1
0
21290
25251
1
16928
1
0
2
1
1
15220
1
1
21278
2
26654
1
0
0
0
2
3
6
1
0
11249
1
1
19660
25
1
1
1
7
1
0
0
1
1
1
1
0
2
1
20049
1
21761
1
0
24384
0
1
1
15870
26239
1
10
2
2
3
1
26844
6
0
2
0
1
1
0
5
1
4
9987
6439
1
2
0
3
1
2
0
0
0
3
1
0
0
2
0
1
1
0
25371
1
22701
1
20272
22611
3
3
5
8
23576
1
0
1
1220
14258
2
1
3836
0
0
1
1
1
1
15836
2
1
0
16815
1
1
2
0
1
15607
1
5216
21847
0
21190
2
10549
1
0
0
7618
6
15434
3
4
23481
1
19439
1
1
25245
0
0
0
0
1
0
0
17473
1
5
0
17665
3
0
1
4
6
21657
0
1
0
1
1
0
0
16227
1
2
0
24980
25849
25592
2
1
4
16543
2164
1
1
16716
1
14056
9018
2
21841
29027
1
1
1
10550
1
1
0
17187
1
1
1
20176
1
1
1
2
29123
0
1
1
1
0
11402
4624
0
1
0
0
5
0
0
10161
11054
1
3
6003
0
1
0
26222
0
1
13265
1
1
2
13945
0
1
4
24072
1
1
0
19358
0
1
0
23644
6
11405
1
1
24406
1
1
1
23695
1
2
1
12246
27764
1
0
1
1
1
11774
12994
1
1
2
1
2288
1
0
15444
29524
20
13637
1
9863
10102
19250
0
1
8623
17936
8272
8077
1
5414
0
11
25302
29817
0
21389
4
2
1
1
0
1
17923
1
2848
1
1
3
37
9997
10694
1
23857
24699
4560
2
1
1
1
1
1
0
14
0
8005
21083
26786
1
3
1
1
1
28851
15879
0
1
1
24590
2
0
1
1
1043
1
0
1
0
0
0
0
2
23080
0
0
30624
0
0
1
1
1
0
0
0
0
1
16903
3
28930
17737
4807
2
1
1
0
0
1
20295
0
0
1
20188
2
0
2
1
1
28251
0
1
3
1
0
1
1
20577
0
12248
1
7
0
1
12661
48
1
1
16480
0
1
24482
0
4
0
0
1
0
1
0
0
12819
1
22449
23270
0
2
1
25666
1
11114
0
1
0
4
6
0
26
1
26047
12891
14010
0
1
1
2
1
2
10
4
152
11
0
3
0
1
1
0
1
3
1
1
0
2
1
2
1
29781
0
1
0
3
1
1
4
6886
0
20001
17886
1
27197
28227
1
1
1
0
0
1
0
16883
1
21993
0
24542
26009
1
1
13492
0
1
24686
1
1
15288
1
0
1
14744
19509
1
6492
10494
0
10
1
5
2
4
21760
9714
7706
0
1
0
15531
0
0
1
20279
2
14291
19088
0
1
3
1
26184
1
19549
2
0
1
1
8047
1
2
17022
16260
1
25247
0
4
1
2
0
19673
22804
1
14204
1
0
0
26729
0
0
1
1
1
22291
0
0
0
0
1
19265
1
1
0
1
0
1
2
6654
21480
21516
1
28079
2
0
25282
11229
15710
2
1
12
1
0
22360
1
0
24
0
1
25442
1
14608
2
0
13167
2
0
1
26963
0
19669
0
6799
1
1
16107
1
0
19369
2
0
16240
0
22365
1
0
14425
19251
1
20799
0
0
2
24683
1
0
1
5291
1
0
1
1
3
0
9799
25763
11029
0
18512
1
1
0
27296
1
2
1
15892
1
18940
0
2
1
24029
1
1
2848
22072
20375
2
4
1
2
0
1
3227
9953
1
0
28567
0
19802
1
0
0
2788
27361
2517
1
0
1
4291
11608
0
4
20341
1
18117
1
17490
1
6471
27735
1
12513
1
20363
1
1
21175
2
2
4
0
11913
0
1
0
16365
1
0
3
3
21
1
0
1
26950
1
1
0
1
0
2
1
1
0
1
23886
1
0
4028
0
1
23548
22796
5603
25055
0
0
11477
1
2
0
1
0
0
0
0
1
2
1
0
1
1
5
13438
23186
0
4662
0
20736
7752
2
1
4
2
0
0
2
1
0
21821
1
1
2
1
2
2
0
1
0
0
27503
0
0
17380
2
0
1
1
0
2
0
0
2
0
1
19087
1
17435
1
0
9957
5836
7535
11124
1
0
1
1
20715
1
4
16997
17149
0
0
0
3
0
1
0
0
4
0
0
2
2
20481
3
19041
1
1
1
16654
1
1
4
4
1
76
0
19213
5
8435
5
3
1
2
1
1
1
1
1
3
1
6080
2
1
1
27044
1
2
0
0
0
27015
0
1
0
7918
0
0
0
20692
8
0
3
0
1
23447
0
1
1
0
0
1
3
1
27626
1
2
25495
1
1
7179
18
24259
0
0
1
21392
11890
1
1
28499
1
1
0
3
2
0
1
1
0
4
71
1
0
5
17844
0
1
18186
18019
23
0
1
1
802
20077
25033
1
0
0
8
1165
19909
14047
9063
24457
2
1
0
1
2
1
0
16977
1
18958
1
0
21133
27360
1
6
22981
1
11323
0
27347
0
239
15241
2456
3
13100
0
3
0
9876
0
4
1
1
1
1
1
1
5
1
0
1
4446
0
1
9
9994
0
1494
1
0
2
12
16702
2
3
0
0
4
279
0
0
0
1
4
22044
0
1
0
2988
2562
0
0
16974
3
24877
0
1
0
19418
19
17574
7399
17966
1
0
9089
26931
0
21205
6
4
17950
28354
1
0
0
0
2
1
1
1
1
1
24674
3
18212
21158
7814
0
0
19323
0
1
0
2
20237
0
19713
1
2
0
2
0
20937
0
2
0
3
1
1
0
1
0
1
1
1
2
0
2
1
5
0
2
30756
9094
1
1
1
1
2
1
1
1
0
2
1
1
8386
23642
1
23711
2
1
0
2
1
0
1
2
1
15921
21273
0
1
25665
1
1
4
1
1
1
1
4
22051
1
0
1
0
1
4
0
0
5475
15631
13369
11602
2
20749
0
26198
6
1
13
0
30351
1
20035
22419
0
25957
25445
3
19509
0
27557
1
1
24065
17447
1
0
0
0
3
1
0
1
1
1
20322
0
1
3893
10895
18786
19429
1
1
77
7562
9974
2
1
23241
1
8888
1
20040
20150
17517
25863
0
1
5
1
9235
1
1
0
27332
24839
20851
0
1
1
1
1
23300
3901
16505
1
2
1
0
4875
1
1
8868
1
13764
2
28553
0
0
2
10438
0
1
20629
1
3
6
1
1
27789
1
11369
1
20303
1
22342
1
1
0
1
1
20898
0
1
2
17072
25861
3
3
1
2
21
1
1
23170
1
1
1
1
15694
5686
5
2
20957
0
1
28369
1
1
25954
18833
1
0
2
2
1
1
3
2
1
0
4
1
19518
13823
26875
1108
1
1
23362
1
0
12
20260
0
24210
1
12066
1
0
14233
1
0
1
1
1
15679
1
0
24379
24426
1
1
1
2
1
3
9
25908
1
0
1
0
0
12
0
0
1
1
1
19967
0
0
0
0
23218
16944
0
22422
1
18873
1
0
1
5
14531
2
23937
13419
0
21573
4
0
3
1
25146
24620
12790
0
3
19075
7
1
1
9953
1
27270
1
0
10249
11638
1
0
0
1
11389
19813
13407
16569
3650
0
0
20790
2
0
1
28679
0
28374
2
29236
0
1
1
1
23069
0
1
12717
3
18947
1
21810
17239
0
15570
25416
1
0
10434
0
0
1
2
1
20563
3
1
1
1
1
19059
1
1
1
2
1
23150
1
2
1
1
1
1
1
2
0
0
4
20191
1
2
18570
17374
5
20216
0
16699
5
1
22094
17271
1
0
1
1
22053
2
11
0
5984
1
1
1
0
1
1
18815
3
0
5
2
20581
1
1
1
24680
22088
14050
0
20890
28163
1
1
0
5
5040
0
16861
8406
5270
0
1
18982
3
1
3
29428
1
17177
0
5
0
1
30962
0
21114
0
11692
13377
3964
0
3
16093
12927
1
1
11524
1
0
0
0
28579
1
13595
1
0
1
1
22912
1
1
22403
23933
26524
0
0
1
2
1
3
0
0
25486
14966
9637
1
24559
0
18509
4175
1
22408
4
0
0
1
6
13157
3
1
0
1
1
1
3
1
21510
1
1
0
28218
21263
0
1
20
4
2
2
0
0
0
3137
1
2
0
2
19436
0
11232
25052
1
0
1
1
5377
2
22715
0
2
1
1
1
1
26994
0
0
0
25982
0
0
0
2
1
0
1
0
20804
3426
3
14665
1
1
0
19657
13313
0
2
0
0
16959
25908
1
1
13832
1
3
0
1
1
22276
1
1
0
3
2
25423
18469
0
0
1
0
1
1
8519
26574
26395
1
1
1
3
2
6398
0
5
2420
1
22717
0
1
0
5
17091
1
3
0
11638
1
1
3
29340
1
4
19233
21171
0
3
8733
28332
18463
2504
25248
1
1
4
3
2
0
1
0
0
12977
2
2
27581
1
1
1
414
0
0
16268
0
2
0
1
1
1
0
0
11
1
1
1
24820
1
3011
1
0
1
1
3
0
14145
20060
22268
0
1
16596
0
5
16471
0
1
1
0
0
0
1
4
17688
0
1
17831
0
0
16287
10093
1
2
1
0
1
1
3
4
1
0
1
4
2
17967
2
5
0
0
10693
1
1
18563
1
21
1
2
0
13530
0
1
1
1
5873
1
1
1
1
8
1
11550
1
1
21100
1
14728
1
17002
0
20
3938
4
0
1
0
12076
1
239
26365
1
15894
1
25611
1
1
3
28832
0
1
2
2
1
1
24944
1
25549
17289
4
1
1
27058
1
23473
1
1
9787
2716
20096
13903
0
0
1371
0
26019
18998
0
0
1
1
0
0
23027
25646
798
0
20778
3
27648
19718
1
23219
3
1711
0
0
4
0
0
2
4
0
0
0
1
0
0
0
0
2
28957
0
12075
1
1
1
17253
1
24314
5
0
4
2
1
0
1
0
0
2
1
26634
1
0
27244
1
0
0
2
0
15048
24372
1
19538
1
0
0
4
0
2
20
1
0
0
17218
4
1
4
1
1
1
0
1
10
2
1
1
0
25374
15014
0
1
1
1
1
1
26437
2
1
1
1
1
19715
18903
12392
2
16314
11547
0
0
30579
1
1
11591
1
0
2
0
1
7
1
17091
1
1
4168
0
15610
150
2
1
14856
1
0
1
0
19762
0
0
6
2817
1
16745
0
22479
1
2
1
1
0
14
18121
7681
1
1
1
40
0
2
0
4
3
1
1
0
2
2
14319
1779
21257
0
13038
24821
1
23458
1
15838
1
1
1
17751
3
1
1
0
0
28588
16611
21398
1
0
0
0
13860
1
5
0
0
27335
1
6
1
15423
0
0
8300
13577
1
1
2
13206
0
1
9
0
1
5571
2
3047
1
3
1
5581
0
18535
0
1
1
12067
21603
1
1
10172
15547
12774
10855
1
1
1
1
6212
1
14793
30436
22223
0
19242
0
1
0
1
0
6
1
0
4
0
20120
0
1
2
1
1
1
1
1
11621
29
6
0
0
0
27425
1
0
23814
0
1
0
0
1
1
1
0
0
17604
17936
1
8
0
12148
1
0
4
0
1
20322
0
0
24435
10992
24510
13
0
0
1
1
23102
0
3
1
0
31042
19422
3
3716
28282
20414
0
1
1
4
4
0
1
1
4
1
1
1
1
1
29984
1
0
5087
0
0
6511
7
1
0
0
3
0
1
1
1
2
30405
20475
0
0
17326
2
2
0
1
1
412
3
1
0
0
0
3
1
22974
0
1
1
1
2
1
1
6080
1
23584
3
23560
2
0
19787
2
1
3
0
1
0
1
24564
0
1
10758
2
1
0
8995
1
19772
1
0
18
1
1
29658
2
1
1
11683
0
1
21195
6420
1
0
1
1
4
1
1
0
25938
0
1
3
1
1
1
11641
0
4
1
0
1
8467
26635
0
18973
12458
1
13656
0
25335
1
10057
1
0
1
2
22187
0
1
1
15
1
0
0
1
3
2
1
18124
0
0
1
0
0
1
13761
20
1
22135
3
23633
2
1
0
4
5
0
1
24904
0
29322
0
23672
1
6986
1
3
27981
0
20370
1
1
0
0
1
1
23174
1
1
0
0
0
0
0
1
1
2
1
4
3
1
27896
0
23597
0
0
0
1
0
12180
14853
0
14377
28761
0
1
1
21714
4717
1
1954
0
1
1
15787
21635
6
22825
2
27870
2
0
17217
7556
1
0
1
28743
1
16395
1
1
1
0
30030
0
2
2
0
1
15759
16300
2
1
1
8242
21778
0
0
25492
0
0
1
1
4
3
20024
18144
19553
31
1
1
5
1
26157
4
0
0
0
2
3
1
9223
0
0
15809
21631
0
0
1
1
1
2
0
0
1
1
4
12728
1
17201
22879
19624
18162
7017
9110
3
6
0
1
185
0
0
1
0
2
1
0
7426
2
1
1
2
2
27009
1
0
1
0
18600
15330
0
5
0
2
17938
10440
0
1
1
0
1
0
10
0
0
1
1
1
10945
1
21299
3
1
18893
1
4
23320
1
0
23858
1
23635
1
10514
21043
21076
2
2
12549
1
2
0
17568
1
1
1
1
0
2
0
0
1
0
23453
0
0
3
1
4
25410
18910
10128
1
2
5
0
1
1
1
1
1
17851
0
1
1
1
2
3
1
0
14491
2
0
0
0
1
24896
1
9225
1
2
24543
1
16619
18984
17033
10798
1
1
1
1
0
26174
15538
18028
20798
1
3
1
2
1
1
19623
16147
1
1
1
1
17581
17724
21138
0
3
15
1
2
89
11880
0
0
0
1
1
1
0
1
1
0
0
20673
0
1
1
1
19446
1
12464
17752
19390
1
1
10388
11771
0
2
25187
1
1
14936
0
0
1
10471
1
1
24581
0
11398
22844
0
19752
1
0
21870
1
1
0
0
4
1
0
103
25600
16
0
17747
1
171
1
1
1
0
0
0
14000
0
0
1
5
0
18100
19545
1
1
4
2
2
31018
0
1
0
15314
23070
1
26186
1
0
1
1
12
17823
2
1
4
0
2
15178
1
17736
1
1
1
0
24710
0
1
1
1
0
24415
24607
4
1
1
1
18
0
1
8220
1
22569
1
24885
0
1
12
1
0
1
0
14185
2
0
0
1
0
4
25381
1
1
0
20631
1
7612
7
1
3
2
3
0
1
5
0
18824
0
0
1
0
0
1
14
2
1
0
23255
1
21813
14653
1
8771
26109
18643
1
0
21113
1
23154
3
0
23133
18674
13471
0
1
2
1
4193
1
24916
1
19697
0
0
1
5
0
1
12676
1
0
23869
4
0
3
1
0
1
4
0
17313
26921
0
5
1
6474
1
3
1
1
1
1
1
0
1
29497
0
1
0
12947
1
1
1
1
1
7385
1
1
1
18144
12
0
2
21908
2
1
0
22190
3
25751
21892
2577
0
1
1
0
0
0
1
4
21064
10894
27257
2
1
0
23155
0
4
23747
3
0
1
0
1
1
1
2
1
0
1
4059
8979
23357
0
16745
0
11
0
23217
0
6099
0
1
3
1
19541
1
0
3
3
9908
1
1
0
12847
1
28614
543
1
0
25575
1
0
3
1
3
30129
8802
0
1
1
19875
20707
1
0
1
9
0
2
25136
5
1
1
4
3
0
1
11
1
1
1
28031
1
2
0
24402
767
1
1
15906
4
1
1
1
447
27803
9211
0
0
18653
17759
27362
14109
0
1
22488
1
173
2
17386
18366
0
1
27393
1
1
0
14
0
1
3
1
6
0
1
20082
1
0
1
9806
5592
0
19536
0
0
6
1
27469
0
1
1
1
1
12397
4
0
5
0
1
0
1
27944
0
10158
1
1
1
28476
25499
0
1
29539
1
11501
2
0
3
0
20881
3
0
2
0
21136
2
0
1
2558
1
1
1
14235
2
1
0
23373
1
3
42
1
1
4920
0
0
0
1
0
230
0
9
2
15779
0
6
17937
1
0
16371
26076
14
1
1
3
0
1
16106
1
10
1
0
0
1
1
1
1
4
1
1
1
1
21690
1
2
0
1
2
2
1
4
1
1
1
24980
20105
3
1
1
2
2
1
1
15753
11212
3
19556
21122
1
0
2
21408
8321
2
20489
23211
1
14881
0
1
0
5951
1
0
1
1
22553
1
1
1
5721
0
1
18650
26001
0
1
0
15237
1
1
15703
1
1
0
0
1
1
1
0
0
2
19931
0
1
0
1
21335
2
0
1
23846
1
1
1
19316
1
2564
1
0
1
28229
1
21416
0
5982
1
1
2
26016
16037
29726
0
0
1
3
1
1
1
1
1
2
23860
1
20686
1
1
1
1
4028
1
20902
0
14002
0
25590
1
1
0
1
0
1
1
20819
2
1
0
0
24956
1
23340
1
1
4
16365
1
1
1
6790
0
0
1
23885
11523
11089
1
0
0
1
23850
0
0
2
1
0
0
0
1
1
20342
1
1
2
0
17242
2
1
1
1
12486
1
2
1
2
4
1
0
1
0
0
2
22006
2682
26224
1
0
13570
9674
141
1
1
1
0
7562
2
1
0
1
20188
21718
1
0
1
2
0
0
24236
1
0
0
1
0
0
23785
1
2
0
4
27803
0
1
1
20193
5769
25726
18369
0
1
1
2
1
3
12041
21953
18698
9966
1
29047
1
19998
5
0
0
29210
2
0
0
2577
28583
1
0
21
1
0
0
1
0
1
27198
16825
2
3
4
1
0
14596
0
16152
20022
15804
1
1
0
1
19093
26705
1
0
20226
0
1
1
2
0
3
3
19878
3
1
1
2
30
0
2
2
1
1
1
1
1
2
1
2
8549
0
0
1
1
5779
17315
1
1
2
18533
0
3
11265
3
6
0
0
0
1
3
28163
19110
6329
1
0
0
0
17013
1
1
0
2
0
6
3
0
0
0
2
1
25647
1
0
0
16334
0
1
1
1
6
0
0
0
1
0
1
4
0
0
0
0
3
20322
1
28178
2
0
1
0
2
24289
1
22522
0
26550
1
1
2279
0
1
5
24088
1
10117
20461
1
24540
2
19857
0
1
6423
2
30380
0
0
8737
30024
1
1
62
17271
2
0
201
27889
9
10083
25616
0
4
1
3
1
21185
1
15887
1
0
1
2
0
1
0
0
48
15039
1
0
2
1
1
2
0
29165
3
9
1
16737
34
28899
6
0
20393
0
0
27049
1
11539
13755
1
2
0
1
1
1
0
1
3
5875
2
2
0
28685
1
0
14556
1
2
2
26495
4
1
1
1
0
1
4
3
0
1
1
1
1
2
15205
2
24660
1
1
1
0
1
0
0
1
30742
0
1
13674
8955
0
1
9
22424
10529
7
0
2
1
3
0
1
2
1
20914
30374
19065
7613
2
1
0
1
2
1
1
17646
0
0
4
0
0
4452
0
0
0
1
0
0
4299
1
4
1306
0
5894
0
1
1
0
0
1
15
10425
16946
17064
1
0
1
1
3
0
2
25405
0
1
1
1
1
4
0
1
0
1
1
0
0
0
23080
0
0
12595
1
1
0
1
0
2
0
8796
44
1
6522
23624
0
1
0
1
0
3
0
7
12
0
0
1
24358
1
0
1
1
1
2215
23847
1
1
29441
3
310
11380
9
7365
3
0
3
1
26780
0
1
3480
0
21294
1
0
22421
16396
1
3192
1
3
3
21503
12647
1
2
1
0
23105
0
21860
23447
2
13723
2
24514
9051
1
0
10679
17750
4
23122
1
15379
0
5
11
4
0
1
1
3
30399
4096
1
1
1
5
0
20406
8109
1
0
3
3
0
2
1
1
2
3
14388
26626
0
7588
0
7363
0
1
1
19423
26456
1
0
1
0
36
0
0
23504
1
20991
1
2
0
3
20529
11
0
0
15
0
1
0
14
0
3
7496
0
28681
3
0
2
1
25309
7
5
1
0
5
4
1
1
0
1
1
4
1
1
1
17
1
2
0
9803
8545
28064
1
1
0
0
0
21968
0
0
0
0
1
0
8639
27893
1
1
1
0
0
0
17182
0
1
1
1
0
0
0
6673
2
0
14744
26539
3729
0
0
2
3
1
2
1
0
4
2
53
23406
1
23696
1
2
1
1
21987
0
1
28410
0
27150
19110
16462
0
19361
1
1
0
1
672
1
18291
16533
25113
1
2
1
1511
0
0
0
1
20896
0
28316
19982
29216
1
1
18508
1
1
6250
18888
20920
1
1
0
24
2
1
10
1
1
6385
0
0
0
2
11266
26307
14527
1
8248
0
1
1
0
1
0
4
2
18920
1
0
1
1
0
1
2
0
17991
2
1
1
1
0
2
0
5
1733
19054
0
1
2
19109
0
17
0
0
0
28967
25491
0
1
0
2
0
1
1
20004
0
28292
30780
17101
1
26047
21745
1
19688
0
1
0
0
3
0
0
0
0
0
1
4
5
1
2
2
0
29119
13440
0
0
1
26673
1
18917
25232
13805
20449
1
3
1
1
2
1
1
0
1
8741
1
1
1
1
0
0
0
0
0
3
12836
26736
0
24317
4
0
1
24373
1
0
21041
11927
2
25
1
0
0
2
0
15968
2
0
3
1
15013
0
2
0
15751
3
0
0
0
0
6
15037
1
1626
1
0
24980
2
5
14641
0
3
1
11527
3
2
7067
21265
5
2
4
20613
18845
1
3
0
0
2
1
5
0
24721
1
1
153
30015
2
3
0
1565
0
1
1
1
1
1
0
163
1
1
1
10205
21632
1
1
1
1
0
3
0
1
1
1
0
18128
24784
0
2
7568
1
5
1
3
1
13990
1
8
2
23921
12276
12809
0
25118
6
1
0
19123
20727
26622
0
0
0
3
27713
0
1244
10778
0
1
7010
11098
19798
14939
1
18426
2
0
1
1
0
0
3
1
1
0
2
1
3
1
26171
18832
3
25594
1
0
1
1
1
1
19013
0
21978
4
0
1
7
2
3338
1
0
0
2
1
1
21972
29354
1
1
13
0
15439
2
3
22454
13652
1
1
0
28605
2
1
0
0
12766
0
1
0
1
1
1
17950
1
13289
0
6373
1
1
0
13780
7
0
32
0
0
0
1
0
1
23200
1
0
25199
0
0
19111
15732
10172
1
1
1
0
15707
0
1
24585
22119
0
0
1
5
1
1
1
4608
1
5
1
1
1
1
19825
0
1
28701
0
19493
1
3
1
2
0
9834
5279
0
0
1
0
0
7
1
1
1
1
1
3
4
0
25286
6908
1
0
3938
3
29494
2
12245
7
1
738
14958
26900
1
1
13197
0
11897
1
1
2
23176
2
0
14
18235
1
17515
1
1
1
9753
1
17776
3
24436
23373
4
28984
0
0
0
5
0
0
22387
19136
0
0
2303
1
1
5606
1
503
1
29661
1
9133
2829
1
1
0
1
2
1
1
12508
8515
18530
12
0
3
26920
1
10650
1
0
12433
9225
9
0
0
1
0
0
0
2
4
7988
2
26078
1
2
0
22562
3
0
1
2
4
1
0
3777
11407
1
1
6
23759
7704
1
0
1
14005
25982
0
2
28283
13346
0
11787
16066
17269
1
0
14636
26629
0
18200
0
18873
0
5449
1
10433
1
0
1
1
0
0
0
14707
0
0
1
0
3
0
1
1
1
0
2
1
1
3
0
1
1
1
4
0
2
1
5
1
30888
0
0
