26999
5
24813
1
1
1
1
19069
10501
3
0
16051
1
0
1
0
0
1
0
1
19607
17756
1
1
1
1
1
27320
2
1
17402
0
1
10578
2
14350
0
1
0
1
24334
0
13118
3
23256
1
0
0
0
10936
0
14015
0
22737
22872
22284
25830
6
0
1
17784
1
1
1
3
0
0
0
0
0
25368
25547
27749
1
1
0
26090
20763
1
0
0
8887
1
0
0
0
25429
1
9471
1
0
47
1
24197
9729
1
0
1
10241
2
1
1
29293
3
1
15350
1
1
0
22098
45
1
1
0
24986
1
0
4652
1
1
1
1
3
28233
1
0
22344
2
1
2
13074
1
1
155
1
22084
21771
1
1
26505
1
1
1
1
1
10
0
1
1
2
19961
1
1
17564
17129
1
0
1
20411
1
3
3
1
1
1
28750
1
1
15238
1
2
1
6420
1
0
19337
21667
1
2
6116
26055
0
18029
17162
23079
1
0
1
1
0
2
0
0
1
0
2632
1
15764
1
1
1
0
10069
10012
0
15398
0
25034
4
1
1
8907
5
1
1
1
0
3
1
0
1
1
0
0
1
28056
0
0
9223
3
0
1
0
27371
24870
26944
3
23586
16004
0
7537
1
10769
0
3
1
1
1
0
1
1
20032
1
1
0
0
0
6095
3
0
0
1
1
0
1
0
0
1
0
1
0
0
24582
1
1
17118
0
2
17
13234
28947
0
1
0
0
0
0
1
7236
0
1
0
2
30157
0
1
1
1
18855
0
27109
28511
22672
1
0
2
3
0
26979
3
22741
0
0
0
1
1
1
21502
20869
0
0
19359
3
4
2
10935
1
1
19375
15
12000
1
3
1
1
21493
1
2
1
20399
21377
1
0
1
1
1
4
2
1
1
1
2859
2
1
2
0
5
1
1
4
1017
1
0
1
1
21887
25617
11986
0
1
13406
11175
1
17823
0
1
5
1
0
1
28094
27458
1
0
14373
1
6
0
1
4952
1
1
2
1
11334
0
1
1
1
1
25040
10926
0
2
1
0
0
1
20758
1
14882
1
0
4
0
1
1
3
19763
22401
1
0
0
0
1
16726
20038
23492
29098
0
1
1
21769
12583
2
1
4
9
1
4
1
0
0
1
0
3
1
1
2
9163
0
1
1
0
1
2
19707
17075
1
1
28816
0
21098
28212
1
0
0
1
1
0
1
0
9
1
24262
0
1
1
1
1
0
20750
18195
1
12020
16370
0
14295
1
2
1
0
6976
0
0
16202
24856
25201
1
0
1
15749
24427
0
1
1
3
0
1
18080
0
1
8478
1
9905
1
11847
1
0
1
1
22746
0
1
1
2
1
0
1
2
2
0
1
2
0
25675
11
1
17358
1
3
1
1
2
1
0
1
12185
12
2
1
0
0
0
0
3
1
0
86
0
1
251
2
10
3
28820
1
1
1
18880
1
17775
1
1
0
26225
0
15
23274
21113
1
0
1
0
1
1
0
1
1
1
2
13847
11473
27950
1
1
0
24536
0
1
3
1
1
1
0
1
3
1
1
2
1
0
0
0
0
0
20471
1
0
0
3
16191
3
11484
1
1
1
1
4
2
0
7825
13257
0
16253
12858
29001
2
1
0
1
2
0
2
17308
1
4
18417
5
23900
1
1
1
1
1
0
20897
1
1
19116
30093
24300
1
0
1
0
1
0
0
2
19127
0
5435
1
1
1
1
0
0
0
0
25491
2
1
0
12539
19789
4970
31
1
0
24865
13487
0
2
1
25803
24712
13495
4
0
22499
0
4
1
1
0
1
1
0
0
0
1
1
1
1
2
28029
0
28244
19767
20878
1
1
1
0
1520
0
1
1
21881
1
1
26787
0
0
21219
22020
1
13638
1
5
0
0
0
1
0
1
2
1
12950
1
22078
0
0
0
1
0
0
1
0
0
0
26133
0
8132
2
0
1
0
4334
0
1
1
1
20684
1
1
4
0
1
0
0
0
1
3847
0
1
0
18392
1
1
7621
1
23508
1
0
1
26486
0
1
5
0
5939
18231
27108
2
1
1
0
0
1
1
15288
1
0
1
1
1
1
1
0
20627
19289
1
1
1
1
12
3
6
22605
12918
0
0
15033
1
2
0
21016
2
22562
1
1
0
1
0
5
1
2
0
1
0
0
1
1
1
1930
1
1
15139
0
15513
0
1
1
3
0
1
1
0
0
0
6935
1
0
1
21461
1
1
1
0
0
3
14379
0
4545
1
1
1
1
7251
2
24
1
25496
1
0
1
3
25911
3
1
1621
15589
3010
2
17004
0
0
0
1
0
1
17768
2
0
0
0
6
1
4
1
0
2
3
1
2
1
1
3
21380
1
3
0
5845
1
2
12887
1
13229
2
1
0
11658
1
30768
1
1
1
29723
1
0
1
1
0
0
3
12315
24646
2
3
1
1
638
1
26441
0
1
1
0
13610
5
1
1
1
1
1
2
1
1
16380
22301
0
2
1
1
1
0
17863
20277
1
22742
1
1
23688
2
0
0
26385
1
12090
27005
0
1
29685
0
1
4
2
18696
1
18290
1
7643
22641
7
1
23082
0
1
1
1
28553
1
0
0
2
7
0
0
10
0
27807
11052
15360
0
1
1
24095
1
15667
0
1
1
0
0
5663
2
1
18991
0
13839
1
3
10443
0
419
0
14
7572
26461
11058
4
1
7
0
1
1
12491
1
2
20746
24438
23813
0
2099
23863
1
2
0
20441
0
5
5803
3358
1
1
2
6
0
2021
1
2
1
1
22289
9093
3
1
0
6
1
26235
0
0
28036
0
2
11
1
24168
17775
0
1
1
22720
26905
1
1
28611
23913
0
1
2
27756
0
19291
25462
1
1
0
1
20522
0
11
0
0
0
19702
12248
1
17979
1
3
0
4
0
0
1
1
0
0
20715
6
0
1
1
1
1
5
20585
18606
0
6
0
10532
29672
0
28358
0
19732
25371
2
2
6879
23824
24259
93
1
23461
0
1
20145
3432
2
1
0
2
0
0
1
24994
12437
16130
26061
1
29558
1
1
29904
21487
1
0
3
12344
2
1
0
0
1
1
0
1
1
0
3
1
1
4
1
1
0
1
2
0
0
1
1
12596
1
2
3
6898
0
1
22
0
14949
0
3
18997
1
14494
2
15713
2
1
16947
0
5
0
1
1
1
16184
1
16643
0
1
3
1
0
25847
29395
23989
1
1
19985
24085
1
2
1
28093
0
1457
4
13057
1
0
8
1
12493
2
1
19287
7487
1
1
0
1
1
12785
0
1
9500
0
1
1
0
1
0
1
16531
1156
0
992
0
25724
5
37
0
0
1
1
0
0
0
16552
0
25117
0
1
25502
1780
1
0
0
1
1
0
1
28110
5
2
0
1
1
1
287
4
5068
1
3
0
0
2
24876
18700
46
1
2
1
25462
23689
0
1709
23844
30487
0
0
0
0
1
39
18250
1
0
0
0
16346
2
1
1
29101
2
1
1
0
0
24229
8331
0
0
21832
2
1
2
1
1
0
6037
2
0
0
3712
0
2
8
0
20764
0
0
2
16095
13262
1
1
0
0
28011
17202
16209
18529
24877
30740
2
8
0
1
0
3
23352
2
0
2
1
1
2
55
1
28439
1
19570
1
0
0
0
21346
22000
0
1
21203
20963
20142
2549
19257
1
1
23825
4
2
7
1
1
21830
0
4
3
0
24392
1
16436
0
1
26564
1
16250
0
1
23858
1
3
1
4508
0
17182
1
8517
2
3
1
13454
1
4
0
548
2
1
16264
3
1
1
1
0
2
1
6618
7741
0
15491
1
1
2
1
23448
1
1
1
1
1
0
1
24548
0
1
7
17795
0
1
26957
2
10277
1
1
24547
3
0
1
1
1
15076
1
0
15122
1
2
0
1
5
1
19800
3
18423
0
865
0
1
1
1
20007
0
12248
1
1
0
1
1
6
1
2
12691
22134
1
2
5984
6320
7
30156
0
22958
20940
0
8
1
1
7
0
14822
1
1
27634
1
2
0
0
19541
1
1
18868
2
0
4084
9275
0
0
6507
23109
1
1
8127
1
1
3
12755
14926
3
14638
0
2
1
1
5
1
24557
1
1
5
0
1
17266
22558
19601
0
3
20893
0
0
0
1
1
0
1
0
0
5
28971
0
20960
1
1
71
20763
1
3
1
8700
2
1
0
1
0
0
2
1
29796
11165
1
1
0
29788
29335
3
26764
1
0
1
1
13448
0
16703
0
3107
0
1
1
16143
5
80
1
20373
1
0
1
0
1
2
17858
0
1
1
0
1
20
1
1
0
1
14665
0
0
1
1
1
1
19235
2
1
1
0
0
0
1
1
6
0
0
29186
0
8219
0
15528
1
0
25052
0
11006
11426
2
0
2
6
1
0
2
0
2
2
1
2
2
28846
4
1
1
14921
2
1
2
3456
1
8562
0
4
12059
1
26445
1
1
1
1
1
20295
0
1
0
4
1
1
5
0
0
0
8
1
1
1
0
26107
2
0
2
0
23204
0
7964
20888
0
2
1
1
12496
17016
25681
1
16490
20284
0
17565
0
10221
20859
0
15889
14819
1
8
207
27007
1
1
0
21680
3
27992
1
32
21835
1
1
0
6043
0
1
0
0
0
25417
1
1
13959
1
20722
827
1
1
7
21407
0
19405
12953
1
0
1
4
0
1
19568
1
1
1
1
0
0
7
0
1
2
29297
1
1
2
0
0
1
0
0
1
1
0
0
1
16597
26597
1
0
1
6
0
194
2
6
1
1
1
0
0
2
4
2
2
26784
1
1
1
23388
18148
1
1
22099
19693
0
1
23957
2
0
20325
1
0
1058
0
1
3
0
1
3
2
2
12615
1
1
1
1
0
4
1
8775
1
1
1
0
1
1
0
30309
1
0
0
2
1
1
85
0
2483
1
1
2
1
0
1
0
1
7918
0
0
0
1
0
9448
0
2368
0
3
1
0
14944
0
2
1
3
1
1
0
3
3
1
2
1
19
1
17191
1
9629
1
1
0
1
1
1
1
1
0
2
20168
0
0
4
16205
3
2
1
1
0
9253
8089
0
1
2
2
21291
0
1
20112
0
10623
0
7851
2
23610
18292
0
1
1
1
3
1
1
1
1
0
0
3347
4857
23877
28081
1
1
10127
28954
1
1
1
1
1
2
1
22176
0
0
22948
24405
1
1
28099
2537
0
26855
0
21940
0
10
2
1
26680
6435
1
3
1
1
2
1
1
2
14112
0
0
14852
10782
7
0
0
25734
29335
1
0
0
1
4
0
18980
3
17556
22330
1
3351
1
1162
0
1
1
1
1
0
0
4240
1
26516
1
15075
0
28652
1
2
19483
18098
2
1
1
1
1
17073
13481
10201
19831
1
8
0
1
29183
17696
1
18731
0
21976
1
19122
4
0
1
1833
0
0
11658
0
14425
1
0
23626
19707
23975
1
3
15899
0
1
1
1
0
1
17279
1
3
1
0
1
2
1
8531
0
4107
0
15905
4893
1
1
7146
3
17373
0
20051
1
29623
24796
1
1
15282
1
25952
9291
0
3
9438
0
18964
1
0
1
0
1
2
30145
3
2
2
26707
21300
1
2
1
0
1
1
0
3
4
0
0
22291
15643
3260
10
5
1
0
1
23426
0
2
1
3
1
19520
8
1
509
21
3
1
0
1
22356
21725
1
1
8
1
0
15611
1
1
1
3
20761
1
25743
1
1
0
1
3759
1
2
25971
7
2
1
16833
1
1
15703
2
1
1
4
0
1
3
25932
0
16193
0
1
1
5
15758
0
1
18564
4237
2
1
1
0
21536
9954
1
0
1
5362
1
1
1
25617
7
28246
17106
26182
9
1
25424
13276
0
2
1
1
0
16964
20125
0
5900
26170
21
1
21483
1
13443
1
3
0
1
1
0
1
0
1
0
1
19193
18389
1
23660
2
0
2
1
15122
1
1
1
1
4
1
2
3
0
0
1
1
1
0
1
1
24057
0
1
0
0
1
22859
0
1
27569
0
1
2
17336
0
1
0
1
0
13
0
0
14300
0
1
1
0
2
15927
3
1
2
0
20857
1
1
1
20974
2
10179
0
0
23136
0
0
1
21832
1
0
1
1
1
0
1
1
23986
1
1
1
1
1
0
1
0
1
0
28809
0
10920
0
0
3
0
25830
0
9119
2
0
2
1
19839
0
0
22686
1
0
0
15253
0
26885
1
1
22558
0
1
7994
3089
3
1
21008
2686
3
1
0
1
2
24562
1
11602
2
0
1
0
0
3
0
2
1
29387
1
5406
1
21418
22126
1
25673
1
20752
13450
1
1
1
1
0
1
2
1
23841
0
29624
0
5
0
1
0
0
0
9227
1
28905
29417
1
0
3
1
1
18676
26032
0
589
1
0
1
4
0
6
0
5
1
0
12030
20583
24217
0
11877
0
0
20468
1
27692
1
26580
2
0
1
0
0
4
18668
1
3
0
2
15962
18600
156
1
0
1
14816
26531
12
1
1
1
0
16590
1
1
1
20139
0
1
3
0
0
1
19895
0
1
0
0
16572
3
1
1
20877
8243
19054
1
2
4
1
1
19027
1
1
3
1
0
26058
1
18917
1
27831
16350
16380
5857
1
1
1
19485
1
1
3
20883
15299
0
2
0
12323
1
1
15602
8192
2
1
1
1
1
2
1
1
1
0
0
6332
20130
0
22427
1
4878
1
1
30378
0
0
21611
4
3
12881
25675
1
1048
0
5
1
3
1
0
21963
0
1
4
11685
10
1
1
1
2
3
25958
1
12047
22679
3
24515
1
24358
0
0
4
3
3
1
25069
19716
17482
2
1
1
1
1
2
1
1
2
0
1581
0
0
1
8095
2
1
1
1
0
1
1
1
0
1
11
16442
1
22954
23614
1
1
0
0
27975
21303
2
12047
24993
16650
1
24257
22094
1
2
1
4266
1
20538
1
3
0
3
1
1
1
1
1
1
51
1
0
1
0
26252
27651
1
6
5
0
0
2
6
1
28954
1
1
0
11214
2
26339
1
1
0
1
14201
2
24425
1
3452
1
2
1
1
1
0
7087
0
18797
1
1
1
1
2
1
1
19145
0
11935
1
0
1
0
0
0
20611
10
29057
1
1
2
0
26918
0
0
1
0
1
10739
1
2
5
0
1
1
5
0
0
18678
1
3
0
0
0
0
0
5
0
11
1
2
7367
19776
1
7637
0
26807
22042
0
1
0
0
17549
19751
11562
1
0
0
1
3
19399
1
30390
1
1
2
1
2765
5
0
1
0
22683
0
1
0
1
1
19780
1
0
1
0
1
0
0
10461
1
26561
0
1
0
1
25016
0
16819
1
1
1
27151
934
0
1
2
0
8
1
28149
30188
0
1
0
20773
7985
0
27807
3585
5
1
1
1
21257
0
1
3370
19254
1
14
0
16017
27575
0
1
1
0
0
0
3
5940
2
7844
0
1
1
18736
11
4
1
1
7
4
0
1
1
1
1
10137
1
0
1
1
0
1
2
0
1
0
0
2
37
1
17441
1
0
17144
1
0
14721
0
0
1
10218
2
1
1
3
1
2
0
9822
0
0
1
3114
0
1
2
0
20832
3
1
1
2
1
1
0
2
4
1
23449
1027
1
0
19352
409
0
1
0
30729
28275
9
11957
1
1
1
0
1
0
2
2
0
0
1
1
0
1
18042
0
16201
1
1
1
3
26281
0
15003
1
0
3200
1
0
2
1
1
0
29144
3
12913
15731
0
0
11
1
0
14507
1
7533
0
0
0
0
0
1
1
2
0
15142
18063
0
3
22958
2
0
23409
4
1
265
4
24507
1
1
0
0
1
1
4
1
1
1
11430
0
1
0
1
3
1
0
1
1
7882
0
27637
9848
1
11727
1
14271
1
0
1
27550
0
1
2
6133
9423
0
1
2
2
0
25253
1
1
1
0
0
1
14872
1
17504
1
0
0
0
1
0
23154
1
0
0
9294
21776
1
0
2
0
1
0
1
16
0
1
0
0
1
24245
0
1
4
1
11657
0
1
0
3
0
19052
1
1
0
0
15426
1
1
17807
0
0
1
1
0
26972
1
16543
0
20883
19470
2
23770
1
0
0
24686
0
1
7775
5
1
1
28807
20036
1
14341
1
1
16545
1
0
0
16257
4
21925
0
1
1
2
1
15266
17773
1
0
2
0
27337
0
0
28663
0
2
12171
1
0
0
3
0
0
2
0
1
1
11100
426
0
86
3
1
8
0
1
1
1
2
4
19355
0
2
0
3
12259
1
4
0
0
0
1
0
1
2
1
0
1
1
0
1
1
0
0
3
16543
1
2
2
1
1
1
0
0
1
22064
0
23774
0
4
1
1
2
1
1
3
0
3
0
3
22368
0
0
0
2
29010
26706
2
20661
2
0
1
21115
0
0
0
4
2
14121
0
1
23168
19213
1
0
0
20507
1
0
0
3
0
0
1
26301
22587
1
26162
0
21458
39
0
2
0
1
0
1
0
0
20475
1
0
4
0
2
5
0
26888
8670
1
5207
27608
0
17341
0
1
24449
0
3507
1
26
0
0
1
1
1
2
1
1
1
1
0
0
0
11321
4827
11
1
1
1
0
1
16166
0
0
0
23343
1
14697
2
1
1
5771
8
1
0
16926
1
0
1
0
0
1
12494
24905
0
0
0
0
5
0
30982
1
1
2
1
20038
3
23561
1
0
1
5662
0
1
1
3708
3
0
0
2
1
1
0
18643
0
1
21227
14803
0
1
11564
1
9980
2
0
2
0
0
1
5153
23420
2
2
0
1
0
1
11186
1
1
0
1
1
1
1
16269
1
2
0
7616
0
6
1
30444
27552
17303
1
2
1
1003
1
1
1
1
11433
0
7
18276
24475
1
25162
0
1
1
1
10223
0
0
1
1
1
1
1
0
1
0
0
1
0
13580
20705
0
1
0
25886
1
1
4
1
1
28013
1
1
1
0
1
1
0
0
0
0
0
22714
20804
1
1
1
27933
0
30362
1
27952
1
1
10889
0
0
0
19020
15994
1
0
1
1
1
0
0
1
0
21222
10755
0
1
10683
0
1
23713
1
0
4
1
2
22196
17217
1
14118
1
2
1
0
24996
1
13648
22238
0
1
1
1
5
0
18750
1
1
0
4
1
1
0
1
4
0
19873
0
1
1
189
1719
10021
1
29565
1
0
1
0
1
1
0
4
1
1
3
0
21446
0
1
18045
0
4
7
0
0
19118
1
0
13013
19817
20400
3
1
0
1
1
1
16
3
0
28169
0
0
25289
1
1
2
0
2
2
1
2
0
0
1
1
0
0
2
1
2
0
1
1
1
1
15069
2
21036
1
0
4
1
1
0
3
1
0
1
4
0
0
3
1
25710
1
1
0
0
17650
1
22979
1
14910
23475
25004
2
17549
1
0
9
14728
3
25997
1
1
1
2
12423
11222
2264
2
0
27504
3
0
1
12085
1
7514
2
1
2
2
1
0
1
8
27945
1
20579
1
1
1
3
18195
1
2
0
2
5
21306
1
0
0
2
0
1
1
1
24013
3
22356
28443
0
21105
0
0
1
19467
1
13619
1
1
24863
1
0
1
3
0
0
12967
1
0
0
15075
24677
0
10
0
0
0
1
0
3
17513
1
29925
1
0
21561
1
13813
1
2
17940
0
0
0
1
2
0
20493
0
10862
8251
0
0
0
15810
21274
13401
18550
1
17925
5182
14
23797
1
2
2
15998
18694
1
1
0
15840
0
0
2
1253
13615
1
7798
1
0
1
21307
3
0
24623
3
3
0
2
0
6
1
9386
30011
1
4
8554
0
1
1
0
11000
4463
19304
1
10385
0
3
1
20428
1
1
0
15666
1
1
0
0
1
1
1
27022
0
1
3
0
30607
7646
24745
37
1
1
2
4350
23097
0
1
0
0
0
3
0
26924
4
2
0
0
1
1
1
138
1
26578
1
1
6859
22144
1
1
0
0
0
0
28047
13063
25196
11920
0
0
0
3
10496
2
3
2224
4
0
1
1
0
2
0
16463
1
23839
0
1
0
15470
0
1
1
1
0
1
1
1
16208
22234
1
0
0
24751
1
18998
1
1
1
27233
1
2
1
1
1
0
1
0
23897
0
0
3147
0
0
6
0
11575
0
0
1
0
0
3
1
1
19249
16676
3
0
0
1
0
9054
0
0
0
1
134
1
0
1
20081
5
0
27849
1
2
24315
25436
1
1
1
2
5702
0
22667
14
25724
0
2
0
1
0
19233
26623
1
17024
1
1
18923
1
1
26448
7582
22446
0
0
1
2
1
0
0
7008
1
0
2
3
9129
0
2
1
14987
27220
17267
22199
3
19162
0
5632
0
1
1
0
1
0
0
1
0
1
0
0
1
1
0
1
0
17561
1
1
0
0
1
0
29852
1
0
1
1
1
0
0
0
1
2
1
1
0
0
1
1
1
1
17940
13250
3
0
61
1
27774
28171
0
1
3315
4
12
0
0
1
17471
1
0
1
27707
21025
1
1
1
0
1
0
1
24020
8398
1
0
3
1
17836
23
0
0
0
1
1
1
5
4907
0
3
0
5
305
1
44
0
1
0
17209
1
1
1
0
1
2
3
0
1
4
0
0
1
1
20386
1
19732
14
1
2
26612
24098
0
4
0
9870
1
15
21420
1
24851
21392
1
0
4
1
25863
1
14267
1
0
0
1
2
28285
1
0
2
1
18758
1
0
21487
1
2
2
1
0
25931
0
1
0
35
1
1
1
0
5148
25132
2
0
1
11271
1
1
1
1
1
1
26754
0
0
0
0
0
1
2327
8
21823
21963
0
0
28737
0
1
23790
1
1610
1
22557
0
1
1
0
0
1
1
14074
1
1
0
1
0
1
20468
19761
27824
1
1
705
0
20422
2
0
0
1
1
26569
1
3
1
22946
1
0
3
1
1
1
1
0
2
2
0
8316
0
26489
1
23483
7
0
0
0
0
2
2
25991
17799
1
1
1
1
1
1
24638
1
1
1
3
19829
1
23287
23271
6
1
1
22278
0
12716
16031
1
0
10627
0
0
23447
0
2
19298
1
1
1
9
1
1
14940
1
2
1
26309
1
17156
1
0
15508
19419
2
0
1
21269
0
0
1
11819
24212
1
3
1
1
6
1061
10007
1
15148
1
7280
1
12886
1
0
1
0
0
1
12250
16
26453
6764
1
24158
0
0
2
11450
8740
17071
0
0
2
0
1
1
1
3584
0
0
0
0
0
0
1
0
13473
19712
1
1
0
19232
1
14614
1
27095
14601
12652
1
0
9425
25800
1
0
1
1
1
0
0
2
0
1
1
4
1
5
1
0
0
3
1
0
24395
4
13161
0
18874
1
16927
6
0
27235
25
2
15235
1
0
2
1
0
1
1
0
0
0
0
5
1
1
0
23827
0
1
2
19739
1
2
2
2
0
24730
6
0
1
1
16199
28683
0
0
1
1985
17186
19879
20689
0
0
1
1
2996
0
0
16095
1
1
0
0
20404
12968
0
0
1
0
1
27742
0
1
1
22342
0
0
6
19304
1
1
1
1
10770
1
1
1
1
1
0
15315
15598
15393
2
0
1
16966
2
1
0
1
19545
2463
18324
6313
1
0
1
0
34
0
4
1
0
0
1
21034
14
19152
1
23863
10787
1
3
0
2
16
1
11115
1
1
2
1
1
1
24963
22349
1
0
17743
0
1
1
13843
3
28702
0
1
0
15322
1
2
25
1
0
26370
1
0
0
1
1
0
18921
26088
11810
21591
16597
2
6519
0
4
1
1
0
1
1
1
1
17568
17641
1
0
29
1
2
7827
2
1
0
1
2
0
1
26511
1
1
12162
60
1
0
1
22610
30273
15900
0
52
18836
0
26391
1
20016
2
1
1
22521
0
3
0
2
1
1
1
0
9314
8
2
24257
1
18561
1
0
25721
1
0
0
1
1
1
1
0
1
1
1
3
0
22271
5
3
0
0
1
0
0
0
1
0
0
1
27233
2
1
0
2
1
21507
1
1
1
15818
1
1
1
1
0
1
5
1
5
0
2
0
24681
24743
0
0
1
1
1
0
0
1
0
25434
1
1
0
0
23588
1
0
0
3
1
1
0
1
0
1
19746
0
0
0
3
0
0
0
0
19
19337
0
1
0
0
2
1
3
1
3553
0
25344
1
1
1
1
1
0
13515
6
0
12369
41
26915
0
1
1
22189
1
1
12359
9196
10432
23248
1
1
2
14616
20529
1
0
1
8
1
648
18065
1
1
18456
1
24902
17699
766
1
22934
3
1
1
2
4950
0
1
1
25718
0
1
1
14007
0
16581
10335
1
2
0
19341
11567
2
0
1
3
30438
1
1
0
0
2
3
0
3
14409
1
4
0
20571
28760
1
1
20704
22147
1
1
1
1
1
1
11045
1
0
26265
1
1
5371
15271
0
21508
7913
24816
1
1
23024
2
0
1
2
25764
1
0
0
1
1
1
0
13549
1
0
13882
1
24073
1
1
0
0
0
1
0
21854
15905
1
1
0
1
0
0
1
1
27656
0
0
1
1
1
24640
1
3
0
1
1
1
1
1
395
14641
22673
1
1
0
27082
0
16785
1
1993
22136
0
1
0
2
28670
26551
106
1
15592
12683
1
0
1
19019
10195
1
21190
0
0
0
24790
0
1
0
17637
1
0
1
27598
0
27820
21424
0
1
16956
1
4
1
17679
0
0
0
1
27049
1
25944
15032
22868
0
3
12139
21551
1
2
9237
2
20556
1
19781
1
1
1
0
11
16313
2
2
1
1
2
1
23812
1
1
4
18609
3
3
0
11
30233
0
0
1
1
15825
15676
1
0
0
3
1
1
0
1
3
1
1
20919
6
29385
4
1
1
1
7
22787
3
12086
16
0
14086
0
14052
1
0
0
2
23704
4
1
0
1
0
0
0
0
3
21217
26747
0
17
16028
0
6
18040
0
1
1
3088
19575
0
19836
8266
28268
27952
1
0
23386
14575
1
0
0
13
0
12899
0
21437
14
1
0
21240
15029
86
0
0
1
1
2
1
18239
19775
5
1
20069
1
0
1
0
1
1
0
3219
1
0
19
0
22400
0
0
1
0
0
1
1
1
7
14172
1
1
1
2
1916
1
1
1
2
1
12
20734
23401
1
1
28249
1
1
2
0
0
21702
0
1
1
4
0
0
1
3
19343
14889
1
16035
4208
1
28973
5
17925
1
0
0
0
27947
20251
1
25519
3
0
0
2
18509
6
1
6
1
0
1
0
2
5
0
14
3
1
22367
18122
2
1
0
6385
0
0
1
1
1
0
1
1
15
1
1
1
3
0
2
3
1
5
1
2629
0
24771
0
1
2
0
0
11259
1
0
0
1
1
1
0
1
0
14013
12
36
13317
5
1
24015
0
8
22498
1
1
1
1
22859
0
0
1
1
3
11784
0
28
25
1
0
5
1
5
9767
23589
2
0
21594
2
25831
2
5582
1
19331
2
1
3
1
1
7069
0
1
17801
2
18
2
0
1
0
0
0
5
1
1
17969
1
1
0
0
1
1
11305
27653
0
0
23684
11110
0
8486
2
1
7707
0
22891
10731
0
23106
8425
3
17296
13058
0
1
1
0
14833
1
2
30111
13670
0
0
5
1
24432
1
6954
1
0
0
3
8527
6
1
2036
1
0
1
5
20450
1
16
1
2
16740
1
21028
21734
0
1
1
12944
1
0
23145
1
5
0
1
1
9
3
25521
0
9953
22812
0
0
1
0
0
1
0
1
12
7
0
4573
18147
9330
0
1
1
1
1
0
2
19158
4
13722
1
4
0
0
0
11878
0
1
2
0
0
0
4
0
1
3
19871
0
0
1
1
1
0
1
0
23345
2
1
0
0
0
1
0
1
2
1
5
1
0
1
1
0
0
0
2
0
0
21352
1
1
0
0
2
13202
2
23085
1
0
1
0
0
23825
21
23814
2
4028
25846
0
1523
1
0
23926
27958
1
2
10368
0
11904
26399
1
19566
0
0
2
0
6
1
1
1
3
19112
1
0
2
0
14101
1
25575
0
1
1
1
2
3
2
16517
19272
1
21266
1
9
0
0
1
0
0
0
0
1
0
0
6
1
0
7546
2
18788
1
1
0
0
0
1
0
1
4
0
0
1
1
0
2
11996
9442
0
0
2
1
0
15
0
1
2
12914
1
1
27704
1
15320
18589
2
0
21959
163
1
1
6
0
2
1
2
0
0
0
1
1
14698
1
19635
1
1
7785
2
0
1
2
15079
1
26306
4
1
0
2
0
1
0
2
21653
19347
0
12861
1
1
0
18444
22636
0
29179
17906
18069
1
0
18967
4
0
1
23718
1
0
24402
0
0
1
1
10489
0
0
0
11176
7
1
0
9462
0
1
1
4
1
1
0
15549
0
22196
1
13974
1
2
1
6598
4
18915
3
27
1
0
1
0
0
1
23977
2
0
16560
1340
0
4
24029
17922
24029
3
1
2
1
0
27007
3
2
27045
0
2
0
9617
26943
0
1
20232
1
22777
2
0
17053
1
0
27048
0
0
0
1
24140
1
6325
2
1
20697
29194
2
0
0
23854
1
15947
0
9
0
1
1
0
1
0
3
1
1
19842
1
14588
1
1
2
64
0
2
13695
1
1
4522
1
25540
12175
8972
0
28907
0
0
1
2
0
19966
16573
1
1
5
4536
0
1
18844
1
12708
0
0
1
1
1
1
0
1
15059
3
26889
2
1
24777
18529
25733
15741
1
3
0
12565
2
26470
1
9086
2
37
5
0
23233
22055
0
1
13508
1
22977
24351
1
0
2
2
1
7188
2
0
1
11
23739
1
10
27350
1
0
0
1
2
0
0
29055
0
0
1
0
1
1
1
1
1
1
2
15097
3
0
20547
2
0
0
0
1
3
2
1
18579
1
21418
0
1
2
0
1250
3
0
18636
1
3
10519
0
1
0
15888
18165
0
0
0
1
2
1
1
17248
1
0
0
1
6
23059
0
1
17772
0
0
0
0
0
0
0
1
25715
0
636
1
0
29375
1
2
1
1
1
0
1
0
1
1
1
0
2
25586
0
1
3
0
0
24031
0
21976
0
11711
29037
13342
20561
25628
20552
0
1
0
0
11485
1
1
2
3
0
24865
0
1
2
24225
14
1
1
1
27241
2
1
0
20956
0
0
1
1
17774
0
18176
28799
1
2
1
20639
2
2
1
19153
1
17937
26332
12042
18268
1
9
2
1357
1
0
26351
27392
3
1
14332
18279
0
0
4277
0
0
0
0
1
13909
3
0
17523
2
0
15840
9996
3
23999
16715
0
1
0
1
1
1
0
1
1
20549
0
1
2
3
28532
1
1
0
15903
1
1
0
22752
1
28161
4
1
1
2
18030
26510
29662
29434
0
2
0
1
0
1
1
0
1
1
1
1
1
1
22980
1
0
1
2
0
0
2
12640
22222
1
3
1
21458
17
6
0
1
1
0
13018
0
0
1
10
1987
0
14004
2
0
13642
1
1
2662
7019
1
1
29025
20519
2
26495
0
23745
1
1
18083
1
1
9907
0
0
1
0
0
21750
1
12983
0
1
1
0
0
0
1
0
0
3
1
1
19118
3
1
1
1
1
0
24778
10484
1
8
0
2
1
4
0
0
0
22334
1
0
28264
29340
1
1
0
0
1
1
1
0
1
0
0
12394
1
1
2
1
1
14096
21070
16480
1
1
1
8174
24828
22918
0
1
3
0
1
1
1
22337
2227
7
1
0
5129
1
20872
25015
15113
0
0
2
1
0
1
0
22976
1
0
0
0
10364
25272
0
0
3
1
28224
311
0
17334
30253
1
1
2
13094
2
5381
16
0
0
0
27270
0
2
1
1
1
1
3
1
3
0
0
2503
21347
2
0
1
13265
1
0
1
1
21632
0
18469
4
45
2
21029
1
1
1
1
2
1
0
1
0
0
22099
1
1
0
0
11283
28
2699
16991
22866
1
0
1
2
28766
19037
3322
6
0
0
24722
23842
0
0
0
2
1
4452
5
0
1
0
2
0
1181
0
0
14097
8
17
0
1
3
0
8
1
1
26868
1
15886
2
17
1
211
21171
1
20755
0
35
1
20448
2
1
9
0
1
3
26825
1
12820
0
1
11114
1
0
0
1
15908
2
0
1
0
0
0
14397
0
3
0
0
0
1
1
1
10739
2
1
19794
3
1
19897
1
0
2
23799
1
26938
1
1
102
11
1
18865
0
1
4
20069
1
0
0
1
2
0
1
12013
0
1
0
24182
1
0
1
1
1
1
2
0
21116
7
0
15
1
14039
0
2
1
3
1
26767
1
0
0
0
17002
29265
0
0
21487
0
3
0
1
6
0
0
1
0
19198
20961
16220
1
0
1
24999
23604
29342
28690
5796
3
1
25812
1
0
1
1
1
0
1
18476
1
1
22500
1
1
12868
0
1
27991
1
1
0
0
2
1
26225
4
1
1
1
21420
0
2
3983
0
6495
0
18413
0
1
1
1
0
1
0
1
1
0
2
1
20179
1
0
2
3
1
0
1
2
12437
2224
0
1
0
0
19297
1
0
1
1
2
1
1
21008
32
0
1
1
21431
1
1
0
0
1
26549
0
9501
0
1
1
20639
5232
1
19478
1
24556
1
0
3
1
1
10
15311
1
0
0
1
5050
10
3
5
1
0
3
0
862
1
3
0
1
1
1
1
1
20384
24968
21859
1
2
20936
1
1
27046
0
25195
1
23706
0
1
7
1
1
1
2
1
1
2
1
0
316
1
0
2
0
1
27212
28533
0
3
0
1
1
18363
1
4
3
0
0
0
20890
0
1
0
23431
1
1
4
19910
18300
0
27672
0
28448
1
1
0
19052
12624
1
12971
0
0
14247
1
4
1
4
21765
25168
2
0
2
14673
7738
6
1
3
0
0
21891
0
0
19657
9
228
0
0
1
0
2
1
1
1
1
22580
1
20945
2
11200
1
3
1
0
23135
2
21731
17724
15746
12575
18367
0
1
3
0
1
0
24902
0
1
24326
13296
0
2
0
0
1
2
0
1
1
1
0
27938
1
0
19039
4058
1
0
20072
1
1
1
1
2
16508
28736
11793
3
0
0
0
1
1
0
1
3
0
8894
16215
0
17829
1
6
0
10
0
1
1
13656
0
1
0
0
2
0
1
1
1
0
1
18669
18493
1
19533
1
1
22703
0
15551
1
1
14984
1098
0
19240
0
2
1
28515
3252
0
1
0
0
1
0
0
1612
0
3
1
14002
26830
3
1
0
0
3
2
0
1
1
0
0
1
0
1
28176
1
15571
1
2
1
0
1
29729
29393
1
0
0
13
0
16214
1
0
0
16255
1
10316
3
19385
25711
0
1
5
0
16879
0
19004
26132
113
27126
13783
0
19917
1
1
1
1
0
2
1
1
1
10945
0
1
1
14537
1
18778
18140
0
1
4300
0
0
0
1
1
19235
2
18923
1
8
1
14
6
0
1
668
0
16587
27993
0
7559
22221
0
26489
3
0
2
0
3
0
2
1
13412
11993
0
2
8
1448
1
17524
1
2
1
1
2
22015
1
8531
1
1
3
0
2
15788
1
1
0
0
2
0
1
1
1
1
24249
4
1
1
0
1
1
1
1
21214
1
1
0
2
3
1
1
15217
0
2
4
9214
30936
1
1
1
0
1
3
4
18460
0
1
15948
0
21152
0
0
15572
0
4
29359
2
1
1
0
22428
13393
4
1
15975
5
0
5
0
6734
1
2
4
0
9658
1
24836
19706
2
0
1
4805
1
1
2
19145
0
0
19510
0
27992
28068
4
0
0
14347
0
0
619
0
1
1
4
0
16698
2
21643
0
1
0
0
0
1
1
10781
0
1
1
1
1
19910
25195
1
1
1
13988
23128
22536
21740
1
0
25237
12849
0
0
1
29970
1
17122
1
0
8
0
13211
1
0
0
1
12118
0
21642
1
2
0
21046
0
1
4
1
19700
0
1
0
0
21646
2
3
21780
0
1
1
1
2
0
14981
0
1
0
0
0
1
3
1
3
0
1
14668
1
12
0
16735
17385
1
0
0
1
0
18847
0
1
1
0
1
2789
24278
2
23508
0
0
2
1
1
28106
0
1
0
0
1
17371
1
2
21388
1
0
0
3590
0
0
0
0
10456
2
0
2
4
1
22293
20110
0
0
0
0
11445
0
0
1
1
0
0
0
1
28304
7242
10
0
1
2
1
1
27498
1
0
1
1
17398
28639
1
22306
1
15534
3
0
0
0
1
1
5
0
1
0
16619
0
1
21837
1
1
0
0
0
29184
10254
0
32
0
1
1
1
1
21458
25589
45
0
0
1
18507
0
16862
18054
2
10194
2814
0
1
0
1
15213
21630
1
1
21968
1
13783
1
1
1
16408
2
2
0
15991
1
0
1
1
1
0
1
17989
0
2
24720
2
10
0
1
0
4
1
0
18145
17498
1
1
1
3
27722
0
7787
8889
1
24902
7
11
1
3
20502
1
0
1
1
1
23899
1
7
24510
15791
5
16411
0
12
17567
27708
0
3
0
29143
20967
2
0
19803
1
29029
272
1
1
0
3
1
23744
0
0
0
9128
0
1
11903
1
1
21233
21679
3
1
20243
19679
12312
1
1
12020
20919
104
1
11261
0
1
0
1
0
0
1
0
1
3
13208
0
10681
0
4
26164
1
26277
6542
1
1
1
0
0
3
0
13069
1
6037
1
20025
12502
3
3
0
1
22607
0
5
0
14240
23336
21705
10
0
28558
10461
0
12659
3
19103
2
0
0
1
0
0
3
0
0
1
67
0
24389
22102
1
6
0
3
1
5964
0
1
0
1
15462
1
0
1
0
10640
20016
2
1
1
18526
1
22496
0
2
1
1
16331
1
1
0
18568
1
22280
26
6
1
1
1
26925
0
0
3
2
1
0
11
20432
0
0
29
0
4
13090
14364
28907
0
1
3
0
19012
0
2
0
11
1
230
1
26654
3
1
1
1
0
1
0
1
0
2
0
22910
0
1
0
2
0
0
1
1
6
1
0
0
1
2
0
1
2
1
19
15654
1
0
18
1
1
0
29892
1
1
19092
25008
1
0
7
3
0
14084
2
0
1
0
1
1
22306
24091
0
0
1
25746
1
1
4005
1
1
1
3
1
10735
25242
5
10025
0
2
1
14800
1
6886
1951
0
0
0
19577
0
25091
17631
4
23372
1
2
0
1
54
8608
24913
27
1
0
12283
10
1
1
1
29498
16604
1
0
22991
0
6
0
0
2
1
14999
2
0
1
1
23576
1
4
0
0
0
6
0
0
1
18968
1
1
16185
0
2
2
0
13610
0
21252
1
2
1
1
3599
1
1
1
3
1
2467
2
0
28
0
1
14967
1
3384
0
21
0
1
1
2
10
1
0
2
1
1
1
2
4
17666
2
13246
0
16660
2
5
0
1
2
0
3
25571
1
9067
8743
3822
1
1
1
0
28415
1
0
1
19386
1
0
22689
0
0
0
14595
20714
1
4895
1
18814
6
26490
15405
1
0
14439
0
1
21315
27064
1
1
0
2
1
1
23805
19967
9821
1
1
1
0
0
0
1
20634
1
1
3736
18721
1
0
0
4089
2
2
0
0
0
14670
1
4
24196
1
0
1
1
0
19812
1
18553
30732
16560
1
1
0
0
12952
2
3
1
14832
1
1
19313
1
1
1
1
0
33
1
40
0
0
30691
21226
2
0
17286
14064
2
0
1
0
0
0
1
1
0
1
15037
24464
2626
1
1
0
2
17735
1
0
1
4
1
0
0
1191
2
0
10093
1
1
1
24723
1
0
2888
23055
1
1
5
8
0
0
2
0
1
3
1
2
23325
1
0
0
1
9866
0
0
0
26557
0
4
1
1
11235
19406
1
36
25463
0
1
1
23105
0
2
1
12640
1
16643
19173
1
0
1
1
11
13
1
1
1
4739
0
0
0
0
0
1
23420
1
2
1
24188
25470
1
1
0
5
1
0
1
2
3
20333
29508
47
22232
1
18252
13
2
19899
0
1
23080
1
1
1
1
1
3
0
1
0
20283
1005
3
27573
1
1
20128
0
0
18442
1
25048
1
25193
0
1
0
10
15344
0
1
25352
10
13319
1
3
1
0
3
1
0
1
0
0
6
1
2
18168
1
12
1
1
0
1
3
4
12688
0
0
0
1
2
3
5
1
2
1
3091
0
0
1
1
1
1
19355
22114
22425
1
1
0
1
1
1
3
1
25588
0
18023
63
1
1
1
1
0
1
1
0
8
0
20200
1028
1
0
7785
0
1
0
1
1
0
29404
20328
28261
1
1
25856
21
1
24472
4
0
27782
0
0
1
9907
18067
1
0
0
1
5
1
0
3
2
4957
30339
1
1
33
9037
1
1
1
23253
1
2
12517
18624
14116
1
0
19292
1
0
1
1
1
1
0
2
1
0
2
14
20214
1
2
0
0
0
0
0
1
1
8
0
1
0
2
14735
1
1
1
30177
1
1
1
12874
6334
21137
1
2
0
1
2324
1
1
10510
1
16744
1
9
1
0
17075
0
1
1
11753
0
2
1
18
7638
1
1
4080
25445
15030
0
4
1
0
1
25880
2
0
1
0
1
1
3
0
2
19499
16089
1
7110
1
24021
25971
0
1
3
0
17523
3
6
19841
0
12234
15421
0
1
0
21672
0
14525
0
1
0
1
1
21624
3
1
0
0
26
0
1
1
18214
19682
15
23702
0
1
14833
29073
21684
0
0
9616
17855
26710
45
0
0
30292
22083
1
0
0
20069
11746
1
7
4
27497
1
1
27
1
3128
4284
1
2
21437
0
1
14823
9
12231
1
1
3
28894
1
0
1
0
1
1
0
13267
3
0
1
2
5020
1
1
19286
2
12082
12170
21404
0
0
1
1
1
3
0
23013
1
10620
11587
18320
4
1
1
2
0
1
1
1
10097
0
1
7
14645
1
2
26356
18045
1
12490
2
1
0
20316
1
4
24118
1
1
23724
0
1
1
1
1
18471
2
0
0
2
17516
25484
1
1
0
0
0
13905
1
0
6
12341
14203
16865
0
1
17894
0
4545
4
0
1
1
4
0
2
2
0
4
85
2
6
17897
1
0
0
0
5
1
0
12081
23056
22439
20171
0
0
1
2
1
4
0
19105
1
2
1
1
0
1
1
11310
1
19209
1
0
1
1331
1
17936
1
5
18378
0
37
16099
608
3
1
2
1
19660
0
0
0
15017
0
1
0
1
0
1
1
2
1
0
0
0
28986
14658
20591
19010
17628
1
0
0
0
22633
9
30751
0
0
1
0
4
0
1
2
1
11457
981
2
1
1812
27235
15
1
0
0
0
1
0
1
1
38
16709
1
0
1
1
21537
2
18916
2
3
1
1
4
147
1
1
8865
19956
1
15355
23841
2
0
1
14
1
1
1
29244
1
15
26730
6
1
1
1
0
1
1
8382
2
0
21257
0
9954
0
1
0
23729
0
0
0
0
17855
5
16436
3
6273
0
27690
27548
6
0
1
0
0
24902
4
1521
25789
2974
2
8
7143
1
7
26744
31
0
17014
5
18
30877
1
2
0
1
3
18661
1
3678
21287
0
0
0
0
1
2511
1
1228
1
1
0
2
5326
0
0
1
0
2
1
0
10675
1
2
1
9
1
1
28811
1
13
0
4
19337
1
0
1
9416
1
1
1
0
0
14464
28496
7638
3
1
2
2259
0
14745
14499
0
1
29580
20692
1
1
21707
1
3
1
1
1
1
1
2
1
2518
19630
14336
10568
4
1
0
0
12
20145
0
18406
1
0
16563
2
9969
2
19599
6232
1
1
1
0
0
1
0
21280
1
0
1
1
21483
0
0
9
0
1
0
1
17045
2
0
16714
1
1
1
0
0
0
0
0
23764
12247
11873
1
1
1
1
2
1
0
793
1
2
2
14
10
1
28140
21573
0
0
0
1
21184
0
3
0
1
17197
1
1
38
27027
20041
25251
2
1122
1
0
27
0
1
3
1
2
18361
1
23764
26821
1
0
1
1
10
1
7
0
0
1
1
25627
1
4
1
4
27908
20088
26737
0
1
1
1
1
20872
1
21753
0
5
1
3
11258
0
0
1
4
26904
31192
2
30727
0
21
1
1
22
1
20944
1
1
0
1
0
1
1
0
25813
18327
1
0
0
1
1
1
2
6
1
1
0
1
2
12688
16607
23754
28125
7225
12755
28021
6132
11185
0
13017
1
21446
3
5881
12804
13587
1
2
1
3
0
10
1
0
5
1
0
1
1
23424
1
2
20556
0
0
1
1
22093
0
1
1
2
0
17502
5673
1
5
57
8
0
0
1
1
1
1
0
1
0
11721
1
0
21830
0
30374
3
20871
0
27554
1
2
0
1
1
0
2
3
1
0
1
0
26088
1
29465
1
0
30112
0
19536
1
0
18206
8694
2
0
14062
0
0
0
1
2
1
30619
25823
11628
25379
0
0
0
1
25380
1
1
0
0
16716
1
0
0
0
30398
0
1
1
1
13188
1
12052
6571
1
7
1
1
0
2
24627
0
1
1
0
1
27254
2
0
2246
0
14331
1
20291
23638
1
0
1
10209
12127
20906
29373
1
2
15129
309
1
11
7111
1
19635
15371
0
1
1
17475
1
0
0
1
1
0
0
1
0
0
0
0
2885
1
0
0
2
4
1
3
1
0
18925
1
22618
2
0
1
447
2310
0
22070
1
1
1
3
0
21298
0
1
1
1
2
0
2
20485
0
2
23022
1
2
1
3
2222
1
0
3
1
0
1
0
1
4815
1210
1
4
0
0
0
0
1
2
0
0
0
3
1
2
1
21446
1
2
1
1
1
1
0
1
15451
7046
14871
1
4327
23924
3828
0
24966
2305
1
27715
1
0
2
1
0
3
0
0
1
0
16714
21643
1
1
17777
1
17046
1
1
1
5
1
29003
0
0
2
0
1
0
0
2
1
10311
21657
0
6
1
0
9594
20645
22769
0
10989
0
1
3
1362
22150
0
19
2
5
15
1
42
1
15212
1
1
1
1
0
14305
1
11696
3
0
23016
11849
0
14453
0
4726
20778
3
25317
42
1
0
0
1
1
2
0
8886
12169
4
2
1
1
0
0
0
4
20374
22706
16225
1
1
2209
1
23479
8
0
2
7
2
1
1
7
3
1
4502
18233
1
0
24
3
1
21992
27009
1
30626
0
1
1
0
28
1
0
11
16122
1
17700
16680
0
16946
11556
0
3
4
1
1
27503
1
19745
0
0
1
1
1
0
2
11062
1
1
19853
22144
28324
0
2
1
1
0
1
1
10
0
26334
5551
1
0
1
4
1
1
0
16828
12687
0
1
0
1408
0
18799
21508
24887
23432
14372
3438
21969
3
2230
1
20452
27870
16630
22883
3
25748
0
0
11035
12369
1
1
1
1
19221
1
1
20831
11060
1
19306
1
1
0
24232
1
25480
16950
1
15201
13
0
1
2
0
2
1
24351
9921
0
1
24244
1
1
3974
0
2
0
1
1
0
6
6256
2
1
18517
8122
1
26592
1
1
16807
2
0
0
2
8138
17039
0
25991
1
1
1
1
1
3
5902
0
0
0
15695
1
15704
0
1
1
1
12572
6286
1
1
18462
0
25897
25163
1
0
2
1
1
2
5
0
1
0
1
1
0
0
0
0
1
0
0
0
1
2
0
765
1
27527
4
1
10408
1
27954
1
1
0
1
1
2
1
18986
1
0
0
22855
5389
1
2
1
0
0
1
3
27625
1
5
0
1
25033
2
20050
1
0
0
1
0
1
1
0
0
0
21163
0
0
0
27686
1
2
25722
22369
0
2
22779
0
21635
0
7
1
20870
139
1
1
1
1
0
1
23626
1
1
3
3
1
1
1
19440
2339
14944
9588
2
0
2
1
0
0
0
0
1
2
27602
1
20143
1
2
1
1
1
1
1
15
4194
0
1
3
0
4326
23231
0
0
6
9267
1
23191
124
6081
23884
9
4729
27266
21264
24371
1
21917
0
1
1
1
0
0
0
1
2
0
0
5
1
0
1
2
1
1
1
1905
1
0
15467
17
26297
1
0
0
0
14101
16029
1
6
1
0
0
0
3
1
0
0
30276
20092
1655
1
0
1
1
2
1
7514
2
1
27065
19137
1
22968
0
27540
0
31194
0
1
0
2
25999
23932
15187
0
6
7889
1
150
4
3
0
20290
0
2
14185
27544
18
0
11374
1
4
1
3596
17143
6913
1
10
1
2
4967
3
7
0
1
5899
1
1
1
1
23794
1
15448
11360
0
4
9178
0
2
16453
3463
0
0
1
14812
2
4
138
1
1
2
0
0
2
1
2
1
1
10049
0
1
20
2
1
1
1
0
0
1
14590
30027
10795
14320
0
1
0
27065
4
0
1
1
20770
4
13
7
1
1
0
1
3
27783
18399
1
1
3
0
1
1
1
2
4
0
1
19297
0
1
1
1
1
1
1
10421
1
0
1
18334
1
0
2
1
1
1
22082
2
0
13431
1
1
0
1
2
1
0
1
0
2
27152
16501
2
24931
2
1
1
0
7637
0
0
0
0
0
1
1
3
1
1
1
13342
1
0
0
0
30016
0
14535
30020
0
1
0
23186
3
3
4
13185
1
12783
5852
24010
0
13
32
10007
2
22709
1
4655
1
0
21753
0
2
9017
15165
2
1
16211
13923
8906
1
2
0
4
0
18225
0
26328
0
0
0
1
1
1
21533
9
17
0
2
17189
1
25603
17133
0
20787
3838
2
0
0
21538
7
3
24292
1
0
0
0
1
0
0
2
27046
0
0
1
16466
0
0
23228
2
22749
1
21693
0
3
24916
0
18344
2
0
14991
1
0
3
5
3
0
23026
27318
0
1
1
0
1
1
0
1
0
1
17755
2
13186
23324
0
0
1
22574
17332
21488
1
2
2
12565
0
1
12947
10071
24266
20350
18723
2
18658
1
0
1
1
0
1
22379
26854
0
1
4
20848
20778
0
7376
0
0
2
8572
0
2
1
1
1
0
1
1
1
8037
24298
16383
1
2
0
1
1
1
0
1
1
27972
3
1
2
4
1
1
16452
1
5
1
2
3664
9195
2
1
2286
1
0
16500
1
19594
1
2
0
4
1
0
27837
5251
1
0
16985
6702
10289
4
12818
1
0
0
0
4
20077
2
1
0
1
0
5163
23516
1
1
27074
0
1
2
18380
1
2
24431
0
1
1
15593
0
0
18817
1
3
0
3843
1
0
18847
1
7691
4537
17375
1
2
1
3
0
0
3
1
23896
4460
0
1
0
24706
1
1115
9237
0
9
26786
4738
2
1
6
24956
0
23582
17673
0
1
0
2
19347
2
0
18185
26443
2
27821
1
1
3
1
24818
15184
6851
0
1
28761
1
24694
0
1
0
4
4
27584
20416
1
1
1
0
9626
17044
22229
1
21711
24587
1
1
1
15186
0
3
22866
2
20990
8351
25226
1
1
0
26
1
3
24837
22814
0
9076
1
25183
2
11705
20678
26
1
1
1
0
2
0
24026
16776
15729
0
0
21441
1
25770
1
1
3
20640
2
1
13537
5
9613
2
5
2
0
3
0
1
0
0
1
1
0
20828
0
1
1
2
1
1
2
2871
0
1
0
1
1
1
26899
1
1
1
18265
18232
7276
29019
0
0
1
1
1
24541
2
0
0
0
1
9
0
16335
0
0
0
0
20
2
1
0
16
25805
0
25096
0
18645
1
0
0
1585
1
0
7
24944
1
1
13263
28901
1
1
1
0
0
0
0
3
1
10421
1
0
0
0
20
1
1
2
0
23860
4
1
1
22282
8
28686
5885
1
3
1
4
1
1
0
0
0
13698
1
0
3
18120
1
1
1
0
1
1
24382
0
29
31479
1
0
13582
0
11078
28706
13573
1
18565
0
23434
0
1
1
2
0
12726
6
1
21689
0
1
0
1
1
18287
1
0
20286
23316
7763
3
0
1
23606
23755
1
28502
12912
29080
0
6902
22942
0
0
0
3
1
0
24387
1
0
19840
1
2
0
0
5917
2857
18903
1
3
0
1
1
1
1
1
3
2
1
0
1
27604
1388
0
24095
1
1
0
2
19329
1
1
4
17089
29177
0
1
3991
1
0
1
1
2
1
1
26489
3
30452
20584
1
1
0
1
0
16
0
2
0
0
1
0
0
23565
1
1
1
1
1
0
1
22501
1
8341
1
19577
1
1
0
1
2
21774
1
10924
0
15999
1
0
1
23279
19778
24083
17784
0
0
2
25552
0
1
14944
1
21336
0
22241
1
1
1
1
1
1
1
0
4
16255
0
25368
0
18436
1
0
22534
1
19271
2
1
2
4
26742
26932
0
1
2
0
18057
0
0
22130
8189
1
2
15287
0
1
21424
1
23503
0
6
1
1
1
14478
8048
0
981
1918
15987
0
1
1
1
1
24606
4
0
2
0
13517
0
21113
1
7331
11848
0
1688
0
9
1
11444
0
15674
4
1
0
0
0
1
0
0
1
0
1
1
0
0
1
17645
0
26551
3
3887
9719
2
28249
16089
1
1
0
1
0
4
1
27402
1
1
1
1
0
1
8795
1
2
1
0
1
1
13458
1
21920
0
30401
0
0
1
3
0
1
2
1
1
2
0
1
14169
9616
3
21481
1
0
9524
0
0
0
19089
2
0
1
1
5
1
25996
0
1
7794
0
4
1
29191
5
4
5
0
24254
1704
21221
1
19705
0
4
3179
1
1
3454
1
27782
0
1
1
0
1
1
1
1
0
0
0
0
16189
1
1
0
0
22402
6
3
1
1
1
19493
3
4
16835
0
1
25640
1
0
14555
26959
1
20921
0
1
0
2
1
5
1
3
20466
0
23410
0
3
0
1
2
1
1
1
1
0
1
21259
11
0
1
1
14317
1
2
23475
0
3611
3
1
0
0
1
0
12023
11644
0
0
0
1
0
1
0
2
0
1
24112
0
0
8
0
1
2
1
21185
1
1
2
23017
2
0
0
1
20650
1
16016
30686
2
2
0
10
27153
1
14448
2
6
14
2
1
1251
0
2
0
9
1
2
0
0
1
0
15820
3218
1
1
27148
18856
2
1
0
3
8803
1
1
0
14840
17936
12453
1
5519
1
2
1
1
1
0
1
18198
19811
14131
3
1
0
1
17859
1
0
1
1
1
0
13
0
30106
19280
9
1
88
1
1
1
13793
1
1
1
0
19103
5
0
17897
1
0
0
1
23503
13500
17375
0
0
1
0
0
1
1
2
1
1
0
26625
6
0
18
2
1
1
0
1
24328
1
24106
12205
0
1
0
31
0
0
20857
1
6
1
1
1
0
1
2
0
25322
25207
2
0
1
13247
1
2
27701
14132
0
668
1
1
1
1
21935
0
2
0
1
3
2
0
10399
24474
3
11264
10737
0
21145
24
1
0
14877
0
1
12532
5
1
0
23279
1
2
0
0
1
2
0
4
0
6071
25190
14101
0
2
17905
1
6
1
17861
0
1
20623
0
1
2
20233
1
0
0
1
5
1
18537
3
15511
1
0
28844
1
18348
18
1
3
18374
0
16822
21801
19692
1
0
1
1
1
1
0
3578
16486
1
0
0
0
1
0
17455
1
0
1
2
0
0
0
1
0
0
1
0
1
1
11744
2
1
2
22142
1
0
1
0
0
1
0
29
1
0
17232
22501
6
30036
0
0
1
0
0
1
1
1
1
26306
0
0
0
1
15431
2
2
1
1
0
0
1
1
0
24610
0
1
29656
26181
19469
1
0
0
1
4080
1
9969
1
6141
1
0
0
0
1
1
19853
1
8267
1
7314
9
0
1
13666
1
0
28965
6
3
0
0
1
0
13195
0
1
19594
25328
15550
1
21229
1
919
19121
22284
1
8
18563
0
20115
1
0
0
19298
29370
17153
2
1
1
1362
0
1
1
1
5
25162
0
0
1
1
0
0
0
0
7
1
0
1
1
465
2
1
14
1
1
5
0
25839
1
22308
2
4
2
1
0
1
24
1
10
23768
0
1
1
1
22269
0
1
11051
4
1
30507
0
1
0
24261
1
0
22769
24231
3
1
1
0
1
19920
0
582
1
1
17563
0
2
15827
1
0
6279
4211
29755
12
0
1
29502
15919
0
3
7
1
0
0
0
0
27357
1
1
18757
1
2
6195
2
25713
24101
0
0
128
1
0
1
1
1
9697
0
1
19223
18151
8
2
13114
23572
0
20542
13983
5
3
0
1
2
0
4
22394
6174
21198
15993
1
10934
0
0
0
0
1
0
0
2
3
1
0
3
14779
26586
2
0
7
18478
2
1
11
16027
1452
0
2
19248
23040
1
1
0
2
0
1
1
2
1
24272
0
3
2
21949
1
6794
23780
0
3113
6432
9993
28812
1
30183
24881
1
17702
0
27754
0
13398
0
0
1
0
0
3
24902
2
5
1
26084
21446
2
0
1
5
1
1
1
1
0
0
1
1
19069
1
1
0
0
1
0
1
29278
0
0
28420
5760
18496
39
19264
19736
0
1
0
0
15626
24227
1
1
13487
0
2
3
1
28117
1
16363
1
15100
0
1
0
0
1
1
1
0
0
0
18675
28475
9073
0
0
1
0
0
1
1
1
17574
0
4
0
0
4
0
22477
14051
0
7
1
2
0
0
15587
1
2
0
1
0
1
0
0
14
1
2
2
0
0
2
0
1
1
20467
2
6
3
1
22132
27996
1
11870
21679
0
1
0
1
0
1
1
2
24330
1
9
3
0
1
1
0
1
2
1
0
19082
1
1
0
24975
26
0
1
2
26124
1
0
21512
1
1
1
15785
4
21127
2
22601
0
3
1
6804
20721
0
0
1966
1
0
1
0
0
1
1
10498
3361
0
0
1
0
1
27322
1
25394
1
1
1
0
1
3400
2
1
2
1
0
1
15128
0
1
28475
1
0
1
0
2
0
0
1
218
0
0
1
19259
1
21447
0
1
3
1
1
0
5167
53
1
2
1
0
1
1
1
9
0
6
0
0
2
14668
10978
1
1
22655
23634
0
8
2
0
28809
1
25273
4
2
0
1
2
0
6
18753
0
1631
3
1
1
1
18969
2
1
1
1
1
2
1
15813
1
0
2
1
25320
1
2
1
1
12130
18623
0
20
4
23719
1
1
1
1
1
0
0
8542
28272
1
1
0
0
1
1
0
17137
4
0
5
0
1
0
0
27044
0
17800
1
0
20558
16304
23375
28526
11601
0
1
4
1
23525
1
3778
1
0
0
26296
0
1
7576
0
0
1
2
0
7
0
29134
1
2
2
21759
28980
0
1
0
1
7228
1
19980
2
0
21245
13340
1
0
1
1
1
4
6
3
2
0
0
19645
5507
17982
1
0
2
4
4887
1
1
0
2
20643
1
1
0
20559
27923
1
0
836
7422
7
1
0
2
1
1
20943
4981
1
0
1
1
3
1
23851
3
26367
1
1
2
23910
0
11577
0
23661
0
17826
1
14191
1
3
4
2
6007
0
0
26130
1
2
0
3
0
27248
1
2
0
1
1
25587
0
0
0
21891
17032
0
0
1
22012
0
1
22677
1
0
1
0
29
22643
43
2
1
5390
0
4830
0
1
1
1
1
3
19866
1
2
0
1
1
22897
5842
1
1
1
0
1
1
1
1
19826
1
0
16916
1
13698
124
1
1
1
12042
3
11392
1
22538
0
13973
0
1
1
0
2
0
17587
2
0
5
1
20463
0
30201
1
0
0
3294
1
4
1
0
0
1
2
0
0
0
2
0
11972
19959
1
16567
1
3
2
1
0
26156
2
0
6
0
2
0
3
22038
7944
6228
8
1
1
2
0
10617
0
1
1
1
6
0
26168
16182
0
8475
0
774
5
0
0
0
2
1
2
14820
0
1
6
2
0
1
25553
11638
1
1
1
1
1
15109
2
1
0
1
0
3
1
27579
6
20967
20747
3
2
15333
0
12175
1
20827
2
0
1
1
0
7
25643
5
22
5
1
0
1
1
0
9
0
19916
6
1
3
0
2
26654
1
0
2
0
0
28152
14999
0
14630
1
1
0
1
25
1
2
1
0
1
2
1
1
1
0
13901
0
0
0
1
1
0
5
12902
1
25316
76
0
1
0
1
1
22969
3
3
4
1
29576
2
1
26496
1
15142
13491
16335
17448
0
3
2
0
0
0
0
1
0
7846
1
31194
1
1
0
27077
0
2
1
0
1
28071
2
16778
0
0
1
30918
24526
0
10577
0
17205
9333
0
0
0
0
24484
1
1
3946
20747
0
11130
1
1
27554
17272
1942
1
24164
1
22250
0
20314
1
22979
0
27036
1
2
16518
0
0
2
2
1
1
0
2
1
1
4
1
1
1
0
0
0
0
1
2
11617
1
4304
2
0
0
0
0
3941
1
17219
8
27086
2
0
0
1
3
0
0
26554
20658
19352
0
2
0
0
14
29863
18993
1
26264
0
1
1
1
1
0
0
29347
0
0
1
3
17813
1
17
1
7
6
0
19334
1
1
3
16445
1
1
3
1
1
1
1
2
2
1
5410
1
1
0
0
9574
28607
2
1
20407
0
1
0
24084
1
18875
2
0
3
2
0
3
1
1
0
1
1
1
25510
1
0
26194
1
0
0
25091
1
1
0
1
1
0
14731
0
5
2
7958
0
1
2
0
1
21
4
0
23484
0
0
12568
0
0
2
20875
25346
1
21453
1
0
12
1
3
0
0
0
1
24279
5947
0
29186
1
4
0
19502
1
5
21326
1
1
0
0
2
20950
0
22
0
1
3805
2
0
4
0
8807
0
17119
1
1
19107
1
1
11772
1
24111
9
10891
1
21538
0
0
2
0
10348
0
1
0
6
1
1
2
0
0
2
7038
1
2
2
1
1
0
21837
0
1
1
1
12
9714
0
26022
1
0
1
2
1
1
0
1
0
1
27098
0
0
0
1
1
0
0
24146
0
0
23130
14
29988
0
19400
26628
1
0
0
1
1
1
4
15439
1
0
22159
1
6
0
4
2
1
1
1
21037
22198
7
1
0
5
0
13270
1
6001
3
1
0
1
0
3
0
0
1
1
7
0
26772
21223
5685
1
16305
0
18471
19756
1
1
7052
1
3
0
3
1
1
0
0
25268
1
1
29560
1
1
1
11408
1
1
25778
0
3282
1
1
0
1
0
1
1
1
16758
3
3
1
8217
28097
1
1
0
1
1
10
1
1
15240
20810
0
0
1
0
0
0
4
1
1
20816
0
1
1
0
17
1
0
0
1
1
0
29663
1
1
0
26089
1
1
2
22835
2
16620
30
1
1
2
0
29554
0
1
1
1
0
4
2
0
0
9695
13
0
7
1
0
0
1
0
17127
0
0
1
0
1
1
0
0
1
18942
20997
0
0
39
0
1
1
2
22554
0
1
4324
4
0
1
1
0
0
1
13761
1
1
30173
18417
4
12198
26194
0
27707
16318
0
35
5
3
9
0
0
20564
26656
1
0
1
1
23743
0
0
6647
1
15669
18374
0
14687
1
0
17962
1
4602
6
29843
0
0
1
1
0
1
1
0
12639
3461
0
24905
0
0
27919
0
2
2
0
1
1
2
21621
0
1
2
1
1
1
1
1
21642
1
0
2480
0
0
1
1
24516
11061
0
1
2
6
18699
1
1
0
1
1
15484
0
1
0
1
1
6
3
1
0
1
0
0
1
1
12215
1
24194
24770
24806
27843
0
3
0
1
0
1
1
9940
0
1
0
13
14315
1
1
1
0
1
10533
23168
20514
0
11621
28796
1
1
1
0
18284
3776
1
16108
10
0
8846
2
1
1
1
0
1
1
26016
0
5
18248
1
17671
19752
9989
1
1
0
2
25394
1
1
1
11755
1
1
1
17256
1
1
3415
0
26590
1
325
0
26217
1
1
12066
1
19122
1
15819
18826
0
1
0
1
2
1
12156
0
1
1
16489
1
4
23250
14751
0
3
26931
11556
0
0
0
25062
45
0
2
2
0
0
14
22646
1
9316
0
0
1
1
1
25331
26540
0
0
26910
1579
5778
0
22948
1
0
0
15
1
15373
1
2
1
0
20556
1
1
2541
1
5950
0
1
0
1
7
0
1
1
20892
1
1
0
0
0
0
19813
5
0
21223
4
4
1
17702
1
24191
1
0
0
0
1
0
7079
28135
19218
15697
15964
0
27216
0
20203
1
2
1
13966
3
13541
2
1
0
1
1
1
1
17260
1
1
2
6
8
29296
1
2
0
6
1
4
0
0
0
1
1
23
22272
1
1
13947
6579
0
1
1
17065
1
1
1
5
0
0
11
1
6
21793
0
17992
21091
1
2
1
1
0
2
0
1
24150
0
2
28998
19584
1
0
27816
0
2
1
1
1
1
3
1
1
0
14244
0
0
1
2229
22126
1
1
2
2
20362
12108
1
1
0
11975
13711
1
0
1
0
23166
0
1
1
1
0
21076
1
1
1
1
24542
7497
0
18728
1
1
12064
0
2
0
0
4
29259
0
715
0
0
0
9
3
19351
1
28919
0
1
24682
1
2
0
1
23275
12213
1
23874
2
2
2
3853
1
11103
10517
19853
23621
0
1
2
0
1
0
3
3
1
1
9608
1
5
31116
1
14
1
1
1
0
3
0
0
0
25533
1
0
3
1
1
0
1
0
0
0
0
21965
1
0
1
0
0
23859
0
2
2
1
3
20363
0
4
0
0
3
5343
0
1
0
20755
7
1
0
1
1
1
1
22545
3
3
10
1
2
22535
0
8903
7653
1
0
0
1
1
0
1
12301
7361
0
0
0
1
0
1
23168
1
2
0
29054
0
1
2
0
1
1
1
1
3
0
1
0
3235
1
3
19085
25804
4501
24719
0
8
1
29137
2
1
3
1
2
1
1
0
0
1
1
1
0
1
19481
2
1
0
1
1
3
4
1
0
1
2
15
4
3
21262
0
0
1
29495
24733
26275
0
1
1
19926
1
0
2
1
1
0
17976
0
1
1
12323
2
2
5
30325
2
1
1
0
0
1
1
0
2
0
0
3
0
0
15638
1
1
27820
17472
27572
30875
1
3535
0
25508
1
0
16461
24922
0
2
0
16641
1
0
5984
3
13761
1
26407
3
1
0
1
1
0
0
16
1
4
3
1
1
1
1
0
0
1
1
1
1
1
11549
0
1
8
0
0
18329
16432
0
1
0
23304
0
3
2
4
0
12385
2
0
1
19962
1
7575
0
1
0
1
1
1
2
0
1
1
11577
6
0
0
1
0
19415
0
0
11
0
17
0
25072
19157
0
0
2530
1
1
18509
14484
0
20481
1
1
1
21362
0
2
1
1
1
20241
8567
0
3
2
19211
1
2
2
1
3
1
8
3
0
0
1
1
0
1
2
1
1
0
27737
24027
27927
1
18058
3
6990
400
17598
3
1
21747
1
0
0
1
0
28732
2
0
0
0
1
8088
18105
1
1
16887
12669
21098
0
1
1
19089
24448
21061
11755
0
1
0
1
4
0
1
1
0
1
1
1
19340
0
1
2
0
28680
0
18394
1
11889
1
15409
0
26089
0
0
0
1
1
0
0
1
3958
1
1
1
17784
3
18450
1
21857
1
0
0
0
0
0
11436
0
17128
12
0
1
3
0
0
16068
1
9
0
5
0
0
0
6
11793
20812
0
1
1
9849
0
0
0
1
1
1
1
1
0
1
15832
1
0
12839
0
1
0
20578
1
1
0
0
1
5
1
21427
1
6
1
0
3
5288
2
1
16
1
1
0
1167
1
3
17610
27770
1
1
5
1
1
16972
1
1
0
0
0
0
0
2
1
1
4
1
0
0
0
0
16004
1
28149
13
0
3
1
10240
1
0
0
5097
0
22460
0
1
1
25132
0
1
1
29331
7
4
0
13309
1
1
1
0
0
0
22469
4
2
15906
1
1
0
20
3
30252
18387
0
1
1
3
0
25400
23272
1
20158
1
0
0
0
1
28410
0
0
1
1
1
1
1
1
2
0
1
22069
1
9
1
0
0
2
0
1
1
1
1
17935
2
0
1
0
1
2
0
18474
0
3
15778
25429
1
1
26726
2
0
1
15518
2
1
0
2
1
1
0
15685
1
1
4
23809
2
0
23114
4
1
1
1
1
26261
4
0
1
19698
0
2812
1
1
3
1
0
15277
1
8550
19254
0
3
0
1275
0
1
0
9518
0
5
1
9653
25488
0
0
15897
2184
0
2
3
23144
1
1
18961
0
0
0
22879
7884
0
1
0
1
0
1
0
1
65
0
1
1
18640
0
1
1
11305
1
7102
0
1
1
1
0
1
18287
1
2
5
4
26367
0
19195
2
30412
1
1
0
1
1
1
3
649
0
8
18535
1
1
21096
1
0
1
26868
23690
2
26522
1
10325
1
8141
3
1
1
1
16853
0
1
1
1
10211
4
2
1
28505
1
9252
14363
4843
1
1
20238
0
2
1
0
1
1
3
14640
0
0
3
1
0
1
0
3
1
1
23851
13926
1
1
10929
0
1
8292
28818
0
2
27887
15412
1
27089
1
0
0
20415
23440
20584
2
0
1
1
26319
0
7561
0
0
19636
0
20079
4
1
1
551
29
0
14732
1
1
4621
1
21
16039
1
1
2
1
24
0
0
1
4
24711
1
19587
0
1
16519
1
0
21080
1
1
1
10
23963
29494
1
0
1
1
18015
0
2026
1
2
0
25040
0
8223
0
1
1
1
1
1
24313
2
26458
3
0
0
27281
19421
18565
0
1
7
0
1
1
6561
6
0
2
16082
1
1
18364
0
1
1
22302
20394
1
113
15477
1
20063
2
0
0
1
1
0
0
8143
2
0
13
16915
0
0
20888
13810
1
1
1
3
1
1
0
0
3161
0
23116
1
2
0
1
2
1
15206
0
6
23086
18668
22573
2
0
1
20624
0
0
1
11677
1
0
0
0
3
1
2624
17056
14033
11520
7
19697
1
25023
24558
1
1
17852
2
1
27841
1
0
4
17876
3
7
1
18081
0
1
27924
25678
1
0
0
1
3
1
23941
23510
0
24097
0
23560
1
1
3
7947
0
1
0
0
1
0
1
11323
1
1
0
0
19270
1
19168
0
0
11
0
1
1
0
28789
1
1
0
1
1
0
25609
18199
1
0
0
2
7901
1
0
0
1
25141
27807
1
2
0
8038
0
0
1
1
2
10454
0
0
0
0
1
7922
28131
9
21986
1
0
19007
19092
27870
1
18587
0
39
16414
27855
1
21197
1
22172
1
0
1
0
3
0
1
1
0
12
3
2
1
1
24825
0
23470
1
1
0
1
2
0
23730
17527
18646
22898
20255
1
1
3
22862
0
1
22728
0
1
25411
0
0
1
15079
2
5
0
1
1
4792
1
2
20280
1
1
0
1
2
1
122
8961
1
0
0
1
1
2
15170
0
0
1
1507
11697
2
0
1
1
0
0
3863
1
1
1
2
4
0
7
3
1
6
1
1
3
0
1
1
2
2
10600
1
1
3
0
7878
4274
0
1
20502
1
26905
14911
14863
1
0
1
0
1
0
1
7411
0
1
1
1
15776
24941
13689
19972
1
1
3
1
0
18626
18885
1
9360
1
0
27701
1
23111
3
23397
3
0
1
25580
0
0
1
0
2
17677
0
17270
0
1
2
6
24556
25825
0
1
0
1
1
13538
1
16
19048
1
1
1
1
1
0
2
0
29
9338
13174
5
3200
1
0
26885
18101
0
20588
0
1
0
25438
9109
0
0
7
1
12
23610
1
28337
0
17097
1
15982
1
0
105
0
0
1
20341
23600
8266
0
3
20068
1
0
1
2
1
1
20285
17312
2
34
31021
0
1
1
15275
3
0
2
2
0
1
22775
0
1
15113
1
4
1
0
1
1
1
29746
1
8646
1
0
0
1
18987
29
4
29061
1
1
0
1
11716
20833
1
4
1
0
26043
23299
1
1
4
0
21609
0
1
2
1
2
13261
1
16205
20482
3
18993
1
1
4
5
1
0
2
0
0
0
7371
20265
1
0
1
10523
1
2
0
17120
0
24800
0
0
3
0
0
1
2
3
0
0
0
12828
0
0
0
18458
28931
26411
1
1
1
7886
75
1
1
2
2
1
1
0
1
19238
1
0
10
2
0
20898
13884
15575
2
1
0
0
0
9078
2
1
1
2
0
29458
10
1
4
1
1
0
19868
26595
0
10909
0
1
28782
18548
22592
1
1
0
10980
11608
7680
1
23159
0
1
1
0
1
21168
3
0
19891
2
1
1
0
1
24061
2
829
1
0
0
2
0
1
18799
0
20774
18
25862
26351
1
1825
1
1
33
17427
1
11767
0
1
2
1
1
15788
0
1
1
1
1
24638
25197
1
9437
0
11373
2
0
19929
52
0
0
28167
2347
21693
1
0
1
1
6
26296
0
11802
1
0
26664
1
44
2
0
1
1
1
1
0
25397
24225
2
0
0
27346
0
1
0
0
21463
7062
1
3
1
5
0
0
1
19259
28355
25794
15841
1
10011
0
25396
21989
0
0
17302
3
26232
1
4
17464
1
2
1
23225
1
1
0
26653
0
1
1
0
0
2
3
1
17472
25569
1
15644
1
458
20211
0
1
0
2
0
0
1
2
1
1
8
22344
0
0
21922
0
1
1
4974
2
2
0
24138
5
1
16947
4687
15487
0
2
1
1
1
4
0
1
3
1
18445
0
1
1
26140
10
0
0
0
2
18369
20752
1
0
1
4
1
0
0
1
3430
0
4
1
1
1
22979
1
2
1
0
1
4
1
0
1
18937
16745
1
1
0
0
0
27562
10627
0
2
1
0
1
12708
0
3554
0
1
10
0
0
1
9818
23245
0
0
1
23577
3
4
8641
0
10219
2
0
1
0
0
4
3
3
18664
2
6
9
14
21411
28547
0
1
1
0
11525
0
24075
1
0
1
2
24707
1
15333
19568
2
20836
1
0
2
1
6403
14039
19359
0
0
18076
1
1
1
0
0
0
1
2
1
1
0
4
15514
28631
1
11652
2
3547
2
2
7
1
0
0
18730
19746
1
3
2
2
0
18345
20088
2
2
44
0
1
18504
2
1
18940
17101
20962
11482
24362
1
0
0
0
7313
5
0
4245
0
2
1
1
0
0
0
1
20277
20880
0
19890
1
1
263
0
1
15064
3
1
0
5
10
19256
0
0
1
0
1
22937
5
3
3
1
1
1
1
1
1
9
1
7544
3
1
0
0
0
24
1
18421
29849
0
0
1
1
27927
0
0
8113
1
1
20100
1
0
2
1
0
12729
20026
20117
1
185
0
11534
3
1
3
25467
1
0
0
1
24782
0
10577
1
1
1
2
1
15759
1
0
1
13550
0
11
0
1
0
23
28858
1
5349
13057
18095
0
0
1
20123
25031
0
20516
1
18108
3
1
1
0
12
1
2
1
0
2
25534
0
1
18631
23119
1
1
24170
0
16922
1
0
2
1
17393
1
4057
2
1
1
1
3560
24768
1
0
7018
3
18101
4215
1
0
12234
1
2
0
1
0
1
1
0
16993
1
1
2
1
2
1
1
1
1
22723
1
1
27635
2
29100
0
2
0
0
0
20847
531
1
1
1
1
16623
0
0
1
0
0
14839
0
0
1
2
1
1
9350
14274
10655
3
20
1
12799
29800
24679
25972
1
1
1
1
1
7541
4
3
1
0
2
0
0
0
1246
1671
0
1
1
1
2
1
26827
0
0
1
0
1
0
0
8376
13736
0
2
20724
666
1
0
0
0
12006
19653
1
1
1
3
18869
1
0
19601
0
16564
11951
0
9310
17698
1
17294
1
0
3673
3
1
0
16782
0
1
0
1
19151
5968
8286
0
25428
0
0
21960
23132
0
0
24246
1
0
2546
1
2
3
0
1
1
2
1
694
29119
1
1
0
0
1
1
0
1
1
0
0
1
0
0
0
6
0
18858
0
1
0
2
1
3
9469
1
0
12606
1
1
0
2
1
13968
6
1
3
1
1454
1
27327
0
1
1
1
1
1
0
16770
5
3
2
6288
0
2
18075
1
2156
0
10
25045
8
26199
1
0
15790
19279
22071
3423
3
702
1
0
1
2
0
3
29842
0
0
21252
1760
0
0
0
1
0
15876
16430
1
28830
0
1
3
1
29638
7
22374
1
4911
22282
0
15
7555
1
1
2
1
0
1
1
1
0
2
4
6007
1
23318
2
19236
1
0
3
0
2
0
9551
1
24092
0
1
0
0
23
1
12
5
1
0
6
0
1
4
3
8776
3
1
0
0
1
5823
0
13924
0
25207
0
0
0
199
4
18673
29692
2
7
1
0
1
2
1
1
1
1
0
2
1
1
10169
4
30067
1
0
0
0
20865
17610
0
2
0
11671
7
1
1
46
7721
18981
1
0
19463
17924
10
1
0
1
1
0
486
19460
12011
1
1
28925
21327
1
0
22
1
0
64
18092
19116
16974
1
1
14385
9542
0
0
3
0
14
19464
1
25717
1
1
1
5071
646
1
27768
1
28674
3
25823
1
1
0
27370
1
2
19782
23907
11
27281
0
18888
0
2
1
1
1
0
0
16530
8
17412
0
20703
17298
22128
1
3
1
0
1
1
2
1
0
5797
1
1
1
0
23877
3
4
1
0
1
0
15868
2
1
1
22126
20596
0
1
0
3
0
0
1
2
0
1
0
21495
1
1
29088
0
1
1
7769
1
2
1
30552
0
1
13703
28323
1
1
0
20810
1
1
0
17626
1
1
20134
2
2
0
0
1
2
1
1
1
2071
2
17522
21771
8
5522
3
1
2
8198
1
16781
0
20066
1
1
23177
2
2
22146
1
0
0
1
3
0
1
0
1
1
7
1
28010
1
21056
0
14250
4
28737
0
0
1
1
19889
1
1
0
1
22015
26576
2
1
22193
1
0
26935
1
14743
0
1
2
0
2
22466
16002
2
14647
3
21774
3
1
1
0
4
6
1
3
19402
17187
23013
0
0
2
4
2
1
1
19941
0
20567
10725
2
0
1
0
1
17902
5
1
6368
0
1
0
1
18913
0
1
1
1
1
4
1
1
0
3
0
2
0
0
0
1
1
0
2
0
0
2
17594
2
76
1
0
1
0
26767
1
0
0
24877
0
2
27896
28985
24787
12820
1
0
0
0
16430
1
1
25585
0
1
0
1
1
0
0
0
11069
1
17960
27737
0
0
1
0
0
5694
0
0
3
1
2
1
7889
19847
2
1
9091
830
0
0
24033
0
0
2
0
25619
3
3
0
26459
27817
2
25248
0
0
6
0
4
2
26660
1
8
1
2
16398
0
0
26599
0
1
1
1
10376
0
21197
0
4
21814
25
8
11330
1
0
1
21385
1
17295
22692
0
1
26350
5
27265
25
6
25384
3
18925
17
1
4
1
2122
1
5339
1
28985
7299
16861
22078
0
2
0
22618
11
15496
1
27884
18661
0
20806
1
25154
19933
1
2
29266
0
2
15570
1
0
2
0
1
29826
19585
2
1
29114
4
24250
1
1
2
3
2
2
19672
0
6
22419
28703
0
1
24906
1
19757
1
0
13958
26418
1
0
1
25513
2
17841
0
0
19885
2
0
18624
21883
6906
0
1
24188
0
2
2
15371
0
15120
19556
0
0
1
20288
2
0
23618
18047
1
1
0
1
0
23182
11273
2
1
0
19224
1
1
26428
1
0
1
14206
3
1
10318
2
2
0
13782
25098
0
0
2699
19467
1
0
0
3
0
1
22601
1
0
13789
2
22242
1
2
1
21125
20172
1
1
0
1
0
19949
1
7618
5753
1
0
1
26158
0
1
0
2
0
1
1
0
1
1
1
23148
1
1
1
1
2
1
1
1
0
4051
8
22771
2
1
30273
27932
0
1
1
1
1
12991
30395
3
1
4
2
0
0
1
1
2
1
0
24546
0
1
0
2
11552
0
0
0
4
11
19821
3821
1
0
8
1
41
1
17316
27613
10947
765
1
0
1
11822
0
1
0
3
18889
0
0
26232
1
6098
1
26155
3
17531
0
1
24662
2
0
0
16
0
5
1
0
9259
0
0
0
4
0
22261
12309
1
1
13267
1
0
15
11949
1
4
28259
5316
2
18225
6168
0
22860
0
14245
2
1
1
1
2
1
18046
22642
1
1
0
0
1
29290
226
1
9
1
23745
2
1
1
1
22842
22975
1
19677
0
16938
0
1
3
14469
0
2
23900
0
1
6
0
24573
2
1
0
0
2
0
0
1
0
0
2
1
1
0
5
2091
1
39
23035
0
1
30195
1
1
0
0
1
22279
7
0
14590
22550
5088
1
1
1
10224
2
22010
14680
27168
0
0
1
16591
0
19629
0
16462
1
1
21839
2
1
1
1
4
2
0
14536
24877
0
1
1
15757
1
1
9653
1
1
13146
1
3871
0
23705
1
0
2
24440
0
1
11192
19693
1
13380
1
23972
1
7160
1
0
48
3
0
0
19210
1
0
3
1
22477
19456
0
21375
16342
30012
28221
1
13
1
0
1
1
1
1
0
1
0
2
2650
12269
1
1
1
1
6
1
1
1
4956
0
7
0
0
0
2
17288
3
1
1
19070
2636
1
25121
7203
0
0
0
0
1
1
1
0
1
20804
1
1
19856
8
1
1
1
30186
17402
14250
0
1
0
1
29337
26226
20451
2
16897
23457
0
0
1
25703
25550
0
1
0
1501
0
1
20470
23609
0
2
0
0
2
15855
1
23150
1
20089
1
1
1
2
0
1
0
0
0
0
5407
0
16055
1
1
0
2
2
15102
17931
1
10377
1
8375
1
1
87
21345
10274
0
14583
1
20374
94
1
1
1
17356
12844
24421
1
14
1
1
1
2
8
11546
26260
0
0
10087
18694
4184
0
12418
1
9656
29796
1
1
19773
1
0
1
0
5582
1
4
1
6
18554
16155
1
22719
21145
20450
21508
5521
1
5
1
1
6323
4
2
1
3
14077
0
26465
0
0
17987
0
12475
1
1
0
0
1
28
0
0
8121
0
1
1
0
0
0
2
0
17458
0
0
1
15
1
0
0
22842
0
0
1
15431
0
1
12850
1
0
0
1
1
3
1
21754
13875
0
0
4
1
1
10740
1
1
2
5
7819
0
4
5434
2
1
0
1
11012
0
1
0
0
1
5
0
25428
2
1
1
1
1
0
17013
27308
9295
0
1
1
1
1
23303
0
0
16272
1
2
26290
1
0
1
2
3
1
14234
2
24595
2
6182
12
0
6146
18844
22168
20219
1
1
0
0
0
1
0
22360
26887
3
0
18651
2
0
1
0
18570
1
1
0
11
24361
2
19574
14835
0
0
1
1
17635
1
0
0
1
24878
26749
1
18287
1
0
1
2
11585
3
1
3
0
1
0
1
1
2
3
1
1
0
6
23013
24644
3
4
1
0
1
0
30316
3
1
0
18721
1
28378
25850
0
1
0
0
1
5
0
1
27130
1
1
1
2
25966
1
33
27080
5211
26761
10212
1
2
1
1
22075
0
6
1
0
1
0
0
10191
0
0
1
26768
4823
18729
1
0
1
0
1
28946
2875
0
1
1
1
19863
0
0
0
0
1
9932
25422
23808
14257
1
2
1
1
3
5
0
1
18749
22897
1
2
0
17
1
0
0
0
20624
21061
1
25256
3
1
8251
1
8544
2
0
25302
1
1
1
17082
1
21811
1
0
0
0
30051
1
1
18373
1
0
1
3
19734
0
0
1
1
1
0
22199
1
0
12596
22605
2
0
1
0
0
0
4
0
2
2
23682
22224
0
26555
0
6735
3
0
0
19987
0
15583
0
1
0
4
8
1
1
1
21423
0
29628
1
4
21067
0
4
1
1
1
25635
19822
1
2
0
1
0
6
1
1
27121
1
1
3
0
25642
2
17564
1
1
1
2
5
0
25598
2
12346
0
0
7
1
2
1
4
12145
0
0
0
0
11970
3
1
19
0
0
2
1
0
2
0
14615
0
1
1
24520
0
5
1
0
0
15499
3
1
5
1
0
5364
1
2
2
9777
0
1
28671
0
30274
25582
0
26460
17478
1
1
0
18855
3664
18594
10060
7108
5
1
12773
0
1
28243
0
27112
26697
29147
3
1
1
1
0
1
24156
28921
2269
3
14
2
1
0
29855
1
1
1
1
1
0
12419
1
0
18397
0
0
0
2
25521
6
19134
1
1
12
1
14787
1
2145
0
24725
23328
0
1
0
2
1
1
1
15607
24698
1
18770
12020
21114
1
3
1
0
1
15014
0
0
16975
15201
1
0
1
1
1
0
5609
0
1
10429
0
23352
21506
24658
21230
1
0
2
1
2
1
0
1
9739
7
1
1
15869
2
20289
1
2
1
0
26754
0
23187
10688
18710
0
4
0
4
0
1
3
1
0
19638
15690
7978
21846
1
1
0
5
1
24984
4
1
1
1
2
2
1
0
23314
1
17200
2
1
3
0
0
5
21348
22304
1
1
0
1
5
1
22696
1
0
1
4
0
1
1
1
0
0
1
0
0
1
1
24857
1
1
2
1
0
13234
2
1
11597
0
26285
11785
1
13296
22283
25511
1
1
1
1
1
7443
2
17586
0
1
7488
0
6
6
0
0
0
493
1
23707
17274
6
3
1
10081
19940
0
1
0
2
1
1
2
1
1
1
1
5
5923
1
20825
1
0
2
0
28712
1
0
15773
2
0
1
11494
1
0
1
0
1
0
2
10581
26805
16415
1
0
1
0
1
0
1
0
1
17471
1
2
22567
10066
1
14572
25909
0
1
9450
1
3073
15732
0
1
1
9772
17363
2
0
0
0
2
2
1
23907
27773
10819
2
2
1
1
5
20785
12182
0
0
1
0
0
1
1
1
0
23698
1
0
3
1
23217
27840
22987
2
1
0
0
1
1
0
15
0
1
2
1
44
2
2
1
0
0
1
2
9090
0
1
24640
14506
19494
1
1
1
2
3
20556
0
0
0
1
16062
7
1
19477
1
1
1
67
0
24258
13973
0
0
29280
4
1
0
0
28491
7
0
0
27129
1
1
0
29805
0
0
0
2
0
0
1
1
0
0
1
1
0
2
0
24611
0
1
0
2
0
0
1
1
1
2
23541
1
0
27170
14324
0
26637
3
1
5
15388
1
28417
1
0
0
0
1
1
19963
1
0
0
11790
15931
1
1
4
3
0
0
1
0
1
14
1
1
1
128
2
0
1
20559
0
1
0
0
1
2
6
1
7382
0
0
21155
1
1
1
1
2
11057
15714
1
1
1
3
1
20690
2
11033
23806
0
4177
0
3
1912
1
0
4
1
26775
0
23170
4386
1
5
7404
29962
0
25417
0
5
2
25338
17544
1
1
0
0
0
15614
0
1
23042
27588
18307
1
18393
0
1
17122
1
1
0
2
8
12391
19020
1
0
14008
0
1
1
6
1
0
1
0
16908
232
0
3
1
1
18980
2
0
18943
0
14376
12916
23828
1
17695
23232
8876
17886
0
2
1
0
12987
12705
0
4
11815
30293
23364
18985
13670
27469
1
4
1
1
12660
0
26761
1
0
4
5
0
1
7
2
1
0
0
7693
1
26368
19311
26213
0
1
19649
4
1
0
0
0
19785
6
0
0
1
26784
2
30356
7304
0
0
1
2
1219
2
1
1
4
8449
2
4431
0
0
0
0
23340
29160
15048
0
18224
0
1
1
0
0
0
28571
1
0
0
9
3321
14271
12732
0
1
14109
1
23299
1312
2
24176
1
0
0
1
0
15965
0
0
0
1
1
23231
26099
0
0
0
1
1
1
26021
0
0
1
0
0
1
1
0
19210
21175
5348
0
2
23475
7346
2
1
0
18793
7666
1
16949
23303
1
0
1
1
0
0
21838
1
1
1
2
1
0
24514
1
1
1
0
2
1
0
1
5088
2
1
1
2
20762
26373
0
4520
20821
1
27449
0
1
0
0
0
1
1
1
15693
13
0
28324
0
2
0
0
0
13890
0
1
0
26614
1
1
1
0
2
23980
0
1
1
21675
0
0
16745
10485
0
1
1
1
1
0
0
1
0
1
0
1
3
15677
1
10099
1
0
5
0
2
0
0
1
24031
26564
1
1
6891
21438
18571
0
27543
12341
1
1
1
1
1
1
1
0
1
5
10759
0
0
13822
1
1
7577
22635
3
15684
0
0
3
2
0
1
3
1
1
2
5
16195
21897
3
26614
1
1
1
18516
1
0
0
18376
0
92
1
0
6
3
2
1
4
22098
1
0
28234
0
4
0
1
1
26679
1010
1
0
1
1
6
1
0
1
4
3
4
17143
2
2
5
1
0
0
1
1
0
1
1
0
0
0
13428
23977
0
0
1
0
17496
0
14423
23404
3
0
1
1
1
14197
27609
1
1
1
0
3
1
1
14326
0
1
0
907
1
1
1
1
4
0
9
18781
3
16281
14194
1
7135
15374
7
1
1
19229
0
1
0
1
1
1
28698
1
1
0
1
1
1
13607
3
0
1
1
1
0
1
1
1
16536
1
0
24392
1541
1
21661
22425
2
2
2
1
1
1
1
0
1
22356
13903
10
14329
1
1
1
9971
8668
1
1
0
0
0
1
3
0
1
1
0
22886
0
1
0
0
0
18985
1
13990
3
0
4
0
27545
1
1
3
1
1
1
19373
1
0
8878
2
30250
1
19846
13027
1
0
1
1
1
5
0
0
22525
1
18531
0
2
8812
0
1
10153
0
24351
0
2
1
10216
0
4
27564
0
1
1
1
0
1
22122
0
15908
31268
1
16507
1
1
1
1
30072
25635
1
0
0
1
3
1
2
1
7164
0
0
4883
4
1
26921
0
1
3870
0
1
2
0
0
1
1
1
1
1
1
15605
0
0
0
1
1
1
0
1
27040
27831
1
1
3
27293
1
0
1
24672
0
1
0
5447
18891
1
1
0
13569
2
3
1
2
1
0
1
3
1
0
26265
20228
22444
10
1
27181
3465
1
112
1
867
0
1
1
24787
1799
22623
0
1
0
0
16752
19465
1
11291
1
8683
25463
0
1
1
2
0
24204
24519
0
0
0
0
26
1
0
1
16049
0
13607
1
1
1
0
0
2
22386
1
1
3
1
2
1
1
2
28769
0
2
1
0
1
2
1
1
0
0
5
1
1
8116
0
2
1
1
0
3237
0
0
1
1
19331
24684
18411
8
1
1
1
0
15352
0
1
28762
12551
1
30483
13130
27963
1
20300
2
0
3
1
0
20119
4
0
1
1
1
1
4
1
16077
1
0
0
0
3
0
10725
28907
0
18662
0
4
0
15124
23746
1
0
0
1
27134
18796
21460
0
0
0
0
17526
12
0
0
1
9836
27570
0
6196
1
0
28697
30762
1
0
3
14213
1
1
2
26112
0
1
29479
27545
0
5570
1
1
0
0
0
0
3
3
1
8831
1
1
25958
19373
0
15709
0
0
3
1
9067
18374
1
26297
17755
14335
2
10
0
25968
1
1
2
1
5
1
0
23959
2
2442
0
9
1
3
21929
1
1
0
4
0
0
0
0
1
0
2
0
1
5
52
1
1
1
1
0
1
1
2
0
0
25771
0
529
1
1
20781
1
4
0
2
3
1
0
23809
27937
27353
0
1
1
23177
1
0
0
1
0
24218
1
2
0
5714
11
28082
26613
0
1
0
1
1
0
1
2
0
0
1
1
0
2143
0
9621
1
10
1
1
0
1
1
1
1
0
0
0
1
5
1
2
17656
2
0
1
1
4
1
0
1
1
22299
1
39
0
1
17322
15
0
0
19112
1
0
0
3
1
1
1
2
2
1
2
0
0
24372
1
0
0
4
17
0
4
0
22838
0
30304
0
1
1
1
0
6
21613
0
20293
0
0
25180
3
1
1
0
11971
16783
2
3
13854
0
1
3
1
24046
8097
1
2
1
10656
8370
2
0
1
20999
0
0
0
13702
1
2
25400
1
0
1
1
1
1
1
6
1
2
0
4
0
27751
25228
18441
0
16725
0
0
0
12460
20695
1
1
0
29859
1
12376
1
1450
23747
1
1
2
25604
28823
0
0
20950
18991
17445
28002
19842
1
1
2
1
1
0
9
14622
12557
19909
0
1
1
1
0
5
27169
9769
2
2
1
2
2
0
19088
1
0
4
21512
27748
0
1
16824
14776
0
2
1
0
1
1
17383
1
23353
1
1
18753
1
1
1
0
0
28991
18787
2
0
25528
26838
0
24496
0
1
15982
0
0
0
11695
8107
15783
1
2
0
5
0
0
1
1
0
1
0
1
1
27600
1
28586
12843
0
2
20316
0
0
1
1
2
0
1
16658
0
0
6
26562
1
1
49
0
1
7
0
11143
16
1
1
0
15139
1
15934
0
0
9560
10169
1
0
0
3
3
0
12977
0
4
3
8668
0
1
6
17182
16946
27307
23472
1
0
3
26225
2
17452
1
0
20343
1
10033
0
25805
1
1
2
2
22904
2295
6
2
2
3
2
4
0
0
11
2
14595
4
0
1
1
1
1
0
0
17964
2
25327
24022
2075
0
23368
8349
0
1
0
3
4
0
0
0
1
0
2
6
13226
1
1
2
1
0
9977
0
6905
0
6692
0
17683
0
29135
18022
0
3
0
0
17448
1
0
0
1
17175
0
0
1
1
9363
20958
1
0
1
3316
1
24264
0
0
0
1
9891
26690
0
24574
27951
3
0
22669
0
0
1
23007
1
2
0
1
22488
1
2
6
30789
1
11366
1
0
1
1
0
0
24659
1
1
1
1
1
0
1
1
1
0
0
20896
9597
0
29089
1
25373
1
1
1
1
1
23312
0
1
0
1
0
0
2
2
0
2419
0
1
3
26396
13888
1
1
0
1
0
0
22540
15052
98
0
0
4
2
1
1
1
3
0
21918
1
0
0
0
1
20207
1
0
0
1
19499
1
11269
1
27822
1
4012
2065
1
27792
26
0
25927
30011
1
0
9892
0
0
1
2
22928
1
5777
19487
1
0
2
25172
1
1
2
1
1
20834
1
13371
20427
1
18360
0
29466
2
1
26381
2
2
0
1
67
1
0
0
0
2
2
18751
0
0
1
0
1
21708
14933
1
1
0
0
1
1
1
1
22552
0
0
4
18250
1
1
1
25
1
19984
8331
1
1
0
1
1
1
0
1
29431
0
3
0
1
16539
1
2
0
0
1
0
2
1
17441
1
1
1
0
94
0
18115
19464
1
0
0
1
1
3
1
1
0
18268
4
1
0
18816
1
3
2
0
23865
14929
0
2
1
1
0
3
1
81
1
0
1
1
1
0
29097
26567
0
18656
1
5
1
1
0
26872
0
0
0
1
22896
1
1
27068
1
6
0
0
15516
0
1
1
1
1
1
13
10104
1
16495
0
1
29249
5498
0
1
10259
0
1
1
1
17116
1
0
0
0
2466
1
1
5
1
5
25799
7967
1
9596
0
4
1
1
0
16107
1
2
0
1
1
1
0
1
1
23831
1
11
1
0
1
1
2
5041
0
0
1
0
0
15501
0
1
1
8019
0
21886
25966
1
1
1
13
1
13109
0
0
11425
0
11373
1
6
2
21652
1
1
0
1
1
21286
1
31185
1
1
0
18834
1
1
5
0
1
28944
404
1
1
2
21782
1
0
27129
1
0
1
1
5722
1
7973
18197
2
0
15894
3
21258
2
0
1
1
6007
1
0
16
1
1
0
0
1
1
25844
1
0
19256
5
1
24059
0
10850
1
0
0
0
24148
1
1
2
1
0
3
1
10126
1
0
10
0
2
0
1
0
1
0
2
11972
23950
1
17760
1
0
21321
2
3
0
4
19401
20495
11
0
0
22133
26423
4
20140
0
12198
18442
1
1
21798
1
0
1
1
1
1
2
28566
0
12
1
18659
2
0
3
31108
2
1
19217
1
0
1
1
6045
1
36
24043
22576
1
4367
0
0
26824
1
3
1770
0
1
1
1
0
1
1
0
1
0
18196
0
1
0
0
19954
0
24695
0
0
1
30165
24910
10034
14843
0
7
0
0
1
2
1
4
3
2
1
2
3
4
0
1
9
1
0
2
3
1
17961
12145
20202
40
5
10301
1
0
1
4142
1
0
1
0
4
1
1
3385
3
0
2
1
0
18714
1
0
19954
0
1
19360
19712
0
1
0
1
22010
0
1
26317
0
11551
0
0
0
25352
1
2908
2
1
0
24884
18649
14
1
1
24881
2
1
1
2
23232
3
0
1
1
0
3
14902
21423
1
2
20454
6
0
39
1
0
1
4
0
11860
16985
24506
13228
1
1
1
23954
0
0
0
1
0
31251
1
1
1
6
1
0
17587
20001
15429
20335
0
1
21229
2
0
0
0
7714
12698
1
12
2
0
0
10687
1
1
2
7183
1
1
2
1
1
1
18219
0
0
0
2
1
1
1
29340
0
24184
1
10
0
0
1
2
1
25911
3
1
0
0
12755
1
3
13150
16400
17448
5210
9366
1
0
6874
17938
1
21972
15024
1
1
5114
0
1
1
1
0
15595
1
2
1
688
2
8358
28672
0
22226
0
0
3
1
15126
1
0
0
0
1
4400
1
14850
4
21859
1
1
11
0
1
14826
16658
2
0
21278
14111
7
24887
1
20628
0
0
2
2
1
4771
1
0
21317
2
13955
2
27171
0
27546
21595
4
2
0
2
1
1
0
2
1
13026
29127
7429
4023
1
3
27955
22559
1
1
1
0
4
1
1
0
0
0
2
1
1
0
1
21522
0
1
9021
0
0
0
1
1
2
1
0
0
0
16336
0
9516
0
3
2
1
18046
1
1
1
1
26898
1
0
1
15928
0
18463
1
2
1
1
1
2
1
0
17512
3
19456
0
1
0
1
0
10532
0
4
3
0
1
1
0
22496
0
2
1
1
19110
2
1
28787
11
0
1
1
0
0
6956
1
1
0
1
3
1
0
1
0
21243
0
17840
3
1
5
26601
2
0
26287
2
1
0
0
11199
1
1
2
0
6
27259
29294
9
0
1
0
1
26308
0
1
1
2
1427
1
12
25682
1
0
0
1
24645
13858
3
1
0
23542
3
1
24110
1
0
0
3
0
1
0
0
1
12755
0
1
1
15999
8462
0
1040
37
1
3
0
0
2
0
1
22735
22919
0
4
1
1
1
0
23150
1
0
22265
1
23419
1
0
16281
26655
23757
0
1
21818
19901
0
1
23152
0
0
1
1
54
21624
1
0
4
0
1
1
0
2
112
15030
1
1
0
0
0
1
1
18273
29040
0
0
10
2
15255
12203
5
0
1
0
1
1
1
1
26843
18751
12696
1
21612
0
0
1
1
0
0
1
1
1
58
2
2
3
0
19400
1
0
1
1
25858
20947
1
1
2
1
1
15
1
17575
1
1
11
1
1
1
1
0
0
18682
0
0
1
26110
2
0
1
0
20154
26492
1
1
0
1
1
3
1
12419
1
11681
1
20517
2
2228
16832
1
2
1
1
0
1
1
1
7782
10
2433
3
0
1
10042
0
1
1
0
6
6198
1
0
1
1
2
3
0
4838
1
8522
9256
1
1
1
0
0
1
2
0
3475
1
42
6554
0
9542
15819
0
7794
0
1
1
27615
2
6
18472
23916
1
2
1
0
13000
12871
1
2
21430
0
12
2
0
10
29799
8
1
1
1
2
0
1
0
10
26558
1
22157
18772
2
2
1
22909
0
8211
3
18545
22165
1
2
1
17988
21892
1
18720
5779
22973
1
1
19727
6517
22639
1
19833
1
0
0
21571
12
1
0
2
1
1
0
3
1
1
1
1
24195
7344
16425
21558
2
20086
1
11449
0
0
1
1
0
0
0
0
22943
0
0
17553
1
1
30041
1
1
19
0
0
1
7761
18254
2
4
1
1
25516
3
2
0
14265
1
20979
0
0
1
29396
0
0
0
1
1
1
14090
18263
0
23993
8352
0
1
17184
1
0
1
21400
5
0
0
22047
1
3
1
1
2
1
13132
8239
2
0
3
1
0
27797
1
8651
22741
2
1
12
0
27213
0
1
3
14607
23018
0
2
1
1
3
27035
1
0
1
22114
3
0
21084
2
23684
1
1
15092
3
0
0
18406
1
0
0
26872
1
0
23434
9435
0
5
19590
1
19557
0
1
7
3
0
21094
25984
27921
30
4
2
1
0
1
1
16821
0
1
9740
2
2
1
2
19258
18560
5
1
0
1
1
3
1
0
0
23519
1
16781
0
0
1
15127
0
1
21915
1
3
21016
0
24342
2
2
22809
1
0
1
1
0
1
2
1
1
0
0
1
21
1
4
1
18182
1
0
0
1
1
19352
0
2
1
1
26316
1
25027
20883
0
0
1
0
0
28175
15205
0
1
13897
20348
12870
9954
20932
1
1
3
21853
0
1
1
0
1
3
0
0
1
14
1
27936
18584
30902
1
1
0
2
0
25521
1
1
4
6
0
25215
0
1
1
0
0
1
0
1
1
23469
2
8282
0
0
1
0
0
14424
3
0
1
23231
0
0
0
9733
3
0
0
0
2
13663
1
1
0
4
1
0
1
19881
24041
1
20689
24627
19378
0
0
2
1
22934
0
15373
1
47
1
1
18473
4
0
1
0
1
2
11241
1
98
2
1
22316
22349
0
2
0
3
8605
2
1
12400
1
1
1
1
1
2
1
1
14496
0
1
0
1
1
0
3
5
1
23566
1
0
0
1824
1
0
0
1
0
5
4
1
15885
28444
5
14145
2
0
1
27071
1
1
2
0
15046
12091
2
0
6
0
18709
8355
17906
3
1
0
4
6
0
1
1
26951
1
1
1
90
0
18020
2
1
1
1
1
2
1
1
3
0
0
11499
11816
14108
1
19368
0
1
0
2
0
13331
0
24008
6
1936
11910
1
1
3
1
20562
0
0
30481
1
0
0
10785
1
0
16284
14526
2
1
10541
0
0
1
14044
1
0
16393
3
1
16047
1
1
11344
1
24479
1
22847
3
0
17774
19116
2
1
1
4097
2
0
1
1
1
9761
1
7
0
0
1211
0
4
21873
1
2
3
1
25173
0
0
0
0
1
1
21190
0
0
1
0
1
12969
29473
1
6997
24975
3
18136
1
0
0
1
3
0
4
1
0
1
19695
0
0
912
1
5805
2
8725
15176
3
28753
0
2221
1
2
0
0
6130
26041
2
0
0
24523
3
1
2
17098
5
1
19286
19405
1
10032
1
1
1
22378
22131
1
1
16404
0
7
0
1
21604
12271
1
7
1
1
1
1
2
0
16919
12019
17048
1438
18315
1
0
2
0
1
24912
1
1
11535
1
20871
0
23651
0
0
0
0
0
1
23044
24814
22469
3
0
0
1
20688
11035
21631
22573
1449
1
0
1
24508
1
14254
19394
2
25594
0
13443
70
1
4
1
12303
2
22865
15862
5
1
25090
0
1
4070
10690
1
2
1
2
1
18650
143
20268
0
9980
0
1
511
0
1
0
0
1
0
20925
17870
1
1
29205
22825
19344
10241
3
22428
6
53
1
19808
20083
1
1
22586
13872
0
15112
2
4431
1
14787
1
1
9
0
21180
0
1
1
8029
1
1
0
21007
0
22399
21
1
3
0
0
21744
1
0
19371
19123
0
0
4
0
1
8736
1
8
1
18486
2
1
0
0
1
1
4
1
4894
1
9357
1
1
20662
13652
2
1
1
1
1
1
0
1
0
1
5038
0
1
24128
1
20259
15936
1
1
24043
22947
0
1
9524
1
0
0
1
28287
1
1
2
0
0
23770
3
1
0
19108
0
28848
1
1
0
17070
0
19450
4827
19719
2
7208
11198
14284
1
0
1
21758
24991
1
1
1
8
1
0
1
0
1
1
1
2
0
1
24543
0
0
20919
1
1
0
14215
25952
0
1
2
4
21199
1
3622
6
0
19093
22467
5
5
0
49
0
1
23525
3
26741
0
1
3
2
0
1
0
16760
0
3
0
28365
1
27315
1
0
2
2
0
0
1
0
1
2
1
1
0
1
0
0
27964
0
2
8137
0
0
24597
0
7208
0
0
21717
0
0
2
0
11063
27720
1
0
0
1
19539
1
1
0
29516
16407
0
2
1
0
0
1
1
1
20760
1
1
570
27147
2
0
1
1
1
28446
18859
0
29482
0
12297
1
1
0
2
18
9893
0
18745
18849
0
1
25737
0
0
0
9633
1
2
0
0
28400
1
0
23529
15106
22467
1
1
1
3
1
0
1
6
25368
1
1
1
17506
0
1
1
1
4
1
16724
1
1
0
8487
19815
1
26360
16751
19384
0
11923
24858
0
19681
1
2
1
0
21553
6
2
3
0
1
1
0
23142
12217
2
1
1
11788
1
14098
1
0
1
9690
12247
2
1
136
2
2
1
1
0
27539
0
27394
0
34
2456
2
0
0
4
2
0
0
2
1
1
41
0
1
27055
2
17947
1
1
2
5
3
25324
12276
1
0
0
1
23600
17084
1
21760
1
4
0
1
1
1
6533
1
3
23359
0
4251
0
1
0
1
1
25077
18327
8374
1
2
1
1
2
1
0
1
1
0
1
1
1
1
1
1
15561
1
34
1
5350
0
0
22
0
3
1
1
4883
1
5
0
2
4
5
105
1
26
1
17272
3248
1
0
1
2
17477
0
2
0
0
0
0
2
0
3854
1
1473
1
7
1
10
3
0
5868
1
1
24945
1
19373
21623
0
0
0
20009
25820
1
23227
3
2
1
0
2
0
1
27349
4
1
15107
1
1
2
2
1
272
1
1
5
2
18581
1
5877
1
1
37
0
2
5
1
0
707
14731
0
28590
1
930
1
27895
3
0
1
1
0
0
42
10060
1
1
0
1
1
1
0
0
1
24917
0
0
1
0
7
27969
21217
12154
6797
0
1
6982
28457
1
1
4969
24196
21765
17113
1
26927
22318
1
5
0
22763
2
0
0
1
5
1
0
17661
1
17847
20088
5
1
1
20832
0
1
1
1
1
4
25751
0
0
1
2
0
0
1
20253
14210
0
0
1
1
2
1
18168
7
1
0
1
28411
1
1
0
0
1
1
2
1
2136
11929
19438
24015
1
0
1
28492
0
3408
18541
1
1
23836
10758
3
22440
0
1
1
4
1
1
0
22064
1
5
0
8155
1
27329
4
30625
25493
0
14865
20509
0
1
0
1
2
4
1
0
5
9
0
0
0
0
1
13291
1
1
2
0
4
1
2
27264
1
0
1
1
1
1
0
1
27704
0
1
1
15754
23197
1
19391
1
0
0
3
1
21372
1
0
1
5
1
18366
2
1
2
1
2
1
14532
2
0
1
1
15773
1
1
0
0
1
1
0
0
1
15935
19952
4
28347
1
23962
3
0
2
2
2
2
12286
1
0
14706
2
1392
1
17133
1
20116
1
3
0
22351
1
1
1
10801
1
0
1
1
6
4
2
1
1
447
25846
19601
1
2
2
1
30133
25508
1
25354
1
23206
16707
16864
25
22500
29730
0
1
1
9534
2
0
0
1
1
0
0
1
0
1
4
0
7820
2
2
1
0
1
1
0
0
1
0
11024
10894
0
1
3
1
1
0
0
10224
21799
1
1
1
4
5
161
14687
0
9975
1
2
1
24350
20468
2
3
23759
1
1
0
0
24701
3
1
0
1
16206
0
0
0
22642
19
17479
3
2
0
0
0
0
0
0
10
0
0
21069
1
20486
1
1
1
16448
1
1
0
27567
2
6823
3
0
1
1
14083
1
1
19917
0
4570
2
2
1
1
0
0
23250
0
8815
27149
1
24140
18529
21713
1
0
0
15740
0
18808
2
20936
15720
5
0
0
1
2
3
0
0
1
1
1
5
0
23958
0
0
0
8
2473
29463
1
1
1
0
1
1
0
0
12133
0
1
21572
0
0
2
14223
3
6
22839
1
21771
1
15448
2
2
17723
2
9
1
0
1
0
0
1
11637
2
22166
1
1
1
20494
0
0
7692
1
12267
26948
26064
17925
7
0
1
10750
9
10840
7
0
0
624
1
0
1
27310
2
1
25629
1
1
1
1
0
5677
17167
15266
1
1
2
23077
2
0
22242
1
1
3
0
6403
17150
22690
0
1
27938
2
0
8457
3
0
20254
1
25389
7
0
3
1
1
1
1
27330
1
26052
12
0
0
1
1
1
0
0
0
2
1
8
1
0
3
0
2
0
2
0
1
28591
29450
0
1
1
24595
12436
1
0
0
1
0
1
25913
4
0
0
17377
0
1
2
1
12196
7
24166
1
1
1
1
0
1
11419
1
4
0
0
17099
1
12712
8249
3
3
3
1
20727
1
1
0
1
0
0
16678
0
1
0
17535
1
1
0
31289
26308
8920
17825
2
21677
23482
20252
5
23956
2771
1505
0
0
1
18821
4
1
2
1
1
1
20207
1
25996
1
2
1
4
1
9274
0
1
16
24364
26885
1
14349
0
0
18351
1
0
11112
1
0
0
0
2
21111
2
1
1
19884
4300
0
15309
21681
1
0
1
12624
1
2
22293
0
8513
25665
20969
20287
29379
0
15022
2
1
2
1
24076
0
15713
24531
1
8676
1
0
1
1
1
0
24056
1
0
2649
1
8416
5
0
2
23960
1
0
1
0
1
24315
1
1
1
1
0
0
0
1
25845
1
1
28983
1
3
1
1
1
1
0
17965
1
1
1
2
0
1
1
0
15955
25088
8
19079
25202
1
23
1
0
1
1
1
1
0
0
1
18
1
1
1
1
2
4
0
1
21192
1
1
0
1
15456
2
2
1
0
10
4
3
0
0
1
1
0
1
16
2
2
1
0
10642
8
0
20288
3
1
1
0
19919
0
1
1
1
1
19641
1
903
13843
7
0
0
1
19620
25781
0
16200
8827
0
0
24010
1
21762
10947
18788
23496
0
10151
17941
0
28475
0
2
0
5
1
2
0
1
1
0
1
1
21878
1
11277
0
0
2
15261
0
25670
1
0
1
0
1
0
1
15345
28995
25428
12826
1
0
0
2
17813
14152
0
1
28105
1
18428
1
10161
0
0
11260
2
18306
8
2776
3
28048
17998
27734
1
1
21311
0
1
994
5
1
0
0
2
25732
0
1
25772
1
6
1
7
0
0
1
3748
1
1
1
1
1
0
5
25881
114
0
0
23182
11263
2
1
0
22683
2
6520
2
0
15
0
0
1
1
1
7
2
2
1
1
0
1
1
17619
35
21312
1
2
1
19438
2
24
1
1
0
0
4
4
1
1
1
1
1
143
21940
1
31442
12630
14202
0
20324
6
11
1
1
9843
1
4
0
0
1
1
11600
5
1
1
0
5
2
1
47
1
3
0
0
0
21471
1
4
0
1
28480
35
0
0
26937
4
1
1
1
0
19255
13348
21279
0
28202
0
5
23507
1
1
14865
3
0
1
2
25519
1
1
1
26092
0
0
14535
0
0
21289
1
5
1
0
20482
1
28751
3
17125
0
1
0
2
0
1
15685
1
2
1
11828
0
23461
0
0
1
1
11099
1
19439
20748
0
0
1
1505
7405
0
2
1
1
2
9748
16117
27540
21130
22342
22179
1
1
1
17658
0
1
26827
12
6
1
0
1
1
25384
1
21314
26672
1
15166
0
0
0
1
8913
1
2
1
0
2
5280
1
0
0
7
20429
9531
1
1
2
4
1
5404
0
1
1
1
0
1
23602
1
25024
24612
0
0
1
1
1
1
1
2
1
1
0
9320
0
1
1
1
0
0
0
1
1
10330
11204
0
17006
1
1
1
1
17942
0
1
3
15
1
1
6660
2
0
0
0
1
1
1
1
1
18629
22917
1
22836
20414
0
25938
0
1
26928
5
1
23412
7
1
0
0
1
0
115
1
1
1
37
3
1
0
0
0
1
1
1
10783
0
12582
1
3
4
5173
1
1
28411
0
8754
4
0
24452
1
3
2
1
0
2
2
27993
15160
1
0
4
1
0
60
0
21773
5
1
0
2
15744
19668
11
2
2
0
0
16395
7254
1
1
0
20329
0
1
24495
0
1
0
1
0
1
1
26107
1
1
0
28839
13172
5
1
0
18717
0
0
6
0
3
1
1
0
1
12326
2
1
19873
2
19573
1
1
0
0
0
1
0
1
1
11922
1
27630
1
19502
18770
0
1
3
1
0
1
11656
1
3
21446
0
1
1
1
0
0
0
31
1
0
0
25816
1
3
8
0
1
17877
4
18039
1
10
1
1
1
1
19723
11419
0
25801
0
0
21901
1
27829
2
4
1
14622
17863
19812
2
2
1
0
1
12403
10161
3
6
1
3
3641
0
0
1
0
1
0
1
1
4492
23375
1
1
2
2
0
11418
27458
27748
1
18241
1
0
1
0
14093
6952
25952
1
0
0
12431
0
2
0
1
0
2
5
18133
2
20115
1
1
1
1
1
13071
25172
2
1
1
1
5
0
1
21902
1
17978
1
12444
23349
14528
1
0
27963
1
17790
1
1
16610
0
1
1
0
25780
24
0
1
4
1
27643
19944
1
25847
1
2
0
4714
1
1
2
4
20864
1
1
0
1
20536
2
0
3
15951
1
1
17100
4514
18884
1
3
0
0
8811
1
0
1
0
0
7096
0
1
1
1
13437
1
26701
1
20086
1
1
2
1
16
18430
16436
1
28848
1
1
5448
77
0
0
0
1
2
0
14871
0
1
1
6987
9
10795
14674
0
1
5691
1
0
0
2
1
5
21296
14281
0
3
0
1
10135
1
1
0
1
0
2
1
0
10209
0
4459
15477
27513
1
1
0
0
1
0
1
0
20
30875
12745
1
0
1
0
1
24796
22887
1
1
0
23622
1
8
1
30177
0
663
21086
3
0
2
0
1
1
1
0
23098
2
13268
1
22701
22800
3
1
1
55
22
1
1
6
1
2
2
1
1
1
3
0
10412
2
7054
1
1
1
11118
0
16178
1030
25834
0
2
0
1
6322
1
1
2
8196
8
23419
19565
2
0
4
0
1
18281
2
0
1
0
2
1
3
0
19995
1
1
2
3
0
0
0
0
1
1
25191
19232
21216
1
1
567
22672
0
15024
0
0
1
24228
1
24376
26211
1
1217
1
1
1
0
1
0
1
21629
1
0
0
1
0
1
25465
1
20798
0
0
4
7586
8107
1
2
0
0
1
1
1
18414
20654
1
19794
1
0
2
19046
5730
1
1
1
0
2
0
4592
1
13
0
0
1
1
0
18
0
1
24388
9000
0
1
0
19768
25551
0
2
0
2
0
0
0
1
0
0
29092
2
1
1
20506
0
1
3
1
15085
0
1
0
1
0
0
1
20549
1
0
25
2
0
12130
3
13286
1
3
1
1
0
1
1
0
1
0
6
2
3
3
22366
1
13
1
1
1
21758
1
0
8963
15015
24081
29406
3919
26031
1
0
0
4
1
1
0
1
0
1
0
1
0
1
0
2
1
0
1
1
1
21869
1
1
5
1
1
21313
1
14241
3
1
0
1
0
3
1
1
0
1
3
1
1
29341
30100
8
1
1
29223
25490
1
18329
2
14882
13228
22350
1
1
0
18343
1
1
1
0
1
21291
0
1
3
0
45
1
1
2
1
22014
1
2
1
20378
7611
0
3
2
8
0
27280
25619
9466
0
0
13455
2
1
1
1
2
27045
0
17878
24851
23862
1
0
0
1
1
1730
17038
2
12983
27239
19476
0
20247
0
20041
1
1
17521
26825
1
0
1
1
1
2
1
1
11799
0
26580
0
13346
4
0
0
0
0
0
1
0
0
18539
3
15996
1
27010
0
21595
14247
0
3
0
24064
0
1
3
0
0
14
0
2153
20576
8
0
1
0
0
1
20679
3
4
0
3
15232
21690
0
0
1
5
3
1
0
38
0
27469
15255
1
2
1
1
2
0
0
1
3
17737
1
3835
1
3
1
1
0
3
1
1
22263
0
3
0
1
257
6
0
0
1
21835
23636
21063
0
9741
0
423
10955
2
1
7818
0
10690
0
3
0
14975
1
0
1
1
1
1
0
0
1
2
1
1
10257
0
1
19868
0
1
1
4
26225
3
0
25267
1
0
22133
2
10004
25348
1
20540
12709
16784
1
4
2
1
2
8
0
0
22
0
4
1
21291
1
1
19710
1
24646
23009
1
10986
1
3
1
4
18722
2
1
0
1
0
18783
26715
0
1
3
17281
1
0
15653
14755
10
11131
1
19544
23768
1
0
1
15402
23234
1
1
0
4966
0
1
1
0
0
0
15098
22562
0
1
18681
0
1
1
2
16
1
1
20267
24390
5
1
19638
16796
12027
0
0
29877
3
1
10148
1
1
24065
0
24739
2
13515
2
18672
0
0
0
5683
24632
20708
1
8
1
1
5392
1
1
2
1
2
0
1
2
1
14888
1
6
1
0
1
0
0
2
1
20557
1
1
23626
25627
1
26969
12
1
0
22401
2861
0
4
0
1
16662
0
0
2
23665
1
0
18555
15059
1
16
1
1
1
2
21866
23328
0
1
11170
1
1
29209
0
0
21
2
4
1
1
8705
30375
0
2
25418
12142
1
17737
26427
4
0
1
2
0
11300
1
0
21365
0
1
23546
1
27233
1184
1
23551
1
24569
20901
0
1
0
2
1
1
2
1
0
4024
1
2
13299
0
1
3
0
1
22081
27009
1
0
1
13701
1
25680
7950
0
0
4
3
1
8982
11050
4700
0
0
1
2
0
1
0
1
0
5
0
1
1
24255
43
30448
1
1
0
23963
1
0
1
1
17004
1
1
0
27545
1
8009
4
1
1
0
1
0
3
0
0
1
1
0
1
19131
19356
1
1
1
27071
171
0
15899
1
0
11498
0
26981
0
0
1
2
0
0
0
1
0
0
20190
22242
13146
0
0
20844
1
1
23583
0
26914
0
1
1
2
1
17032
1
15197
19052
1
1
1
0
4
12062
30278
0
1
26445
1
16480
2
1
0
9160
0
1
23586
1
10254
0
23161
2
0
1
0
0
1
1
1
3
9
16597
1
0
1
1
12293
0
2565
26574
0
0
1
0
1
0
0
1
0
0
16686
22235
2
0
0
0
0
16895
6495
0
1
0
0
1
1
1
19268
0
27862
0
25
0
1
1
17657
0
27503
2
1
0
2
16068
22146
0
23587
2
0
20895
1
0
0
0
6
11353
0
0
0
1
0
24695
0
2
0
4
17991
0
0
1
18715
1
0
1
4
1
0
1
28206
1
1
3
0
16190
2
1
1
6717
27934
0
2
4
21463
20559
1
1
2
1
0
22730
1
9919
23271
1
1
1
5
0
5
24701
0
0
3
25717
3
1
1
0
1
3
12950
7891
17747
1
1
0
3
1
16200
3
4943
0
14152
5
0
19878
0
2
17094
1
0
1
32
1
1
1
3
16475
0
1
24822
12213
1
18123
1
1
1
23724
0
0
0
8263
21698
15526
7769
0
1
13104
1
1
1
0
23052
1
4446
1
1
2
1
0
1
2
8
17125
1
0
15810
23744
20069
17558
4
0
1
1
1
18658
1
1
1
0
1
1
0
1
0
88
17
3
1
0
1
1
25296
0
1
0
15
3
17359
24901
20310
15833
1
3
0
0
1
1
0
1
1
1
1
13394
1
1
0
35
1
1
2
24517
0
1
22546
1
15461
7
0
0
26157
24850
0
14120
1
0
2
1
21784
1
22401
24237
1802
0
25258
28573
1
0
5
2
1
2360
1
16520
0
23675
0
19899
1
7515
1
0
2
9900
1
0
19473
0
18
2
0
1
23789
1
5
1
0
2
1
0
14661
1
4
8
0
19471
16964
0
1
2
0
0
1
15
17527
24497
0
1
18545
1
14408
19797
14287
3
1
6
1
19470
6943
3
16884
16
28921
14
12838
1
6568
14675
8453
1
17
1
22843
0
1
7
21420
0
2
3
32
0
0
0
1
1
1
2
1
20355
0
20889
0
1
5
1
1
1
22343
9
0
0
8311
24721
3
6
0
6441
1
27898
0
0
0
26991
3
1
1
3
0
0
0
1
0
12267
1
0
1
1
0
0
1
26375
13505
1
1
0
0
0
13999
3
2
27263
27713
1
30
18
1
3
10637
1
1
18925
0
1
0
1
27599
0
1
1748
2
1
1
0
1
18782
0
0
23235
16401
5
5
0
1
2
2
1
2
622
19652
0
19587
1772
1
1
0
1
0
1
1
21075
2
26510
1
2259
14912
1
30607
29084
2
0
5388
1
1
0
3
1579
0
0
1
1
1
23038
1
40
1
0
24725
0
0
0
0
1
0
0
1
0
0
15642
20781
24199
17828
1
1
1
0
3
0
26829
22507
0
11
1
1
15
9149
1
0
28694
0
1
1
23539
0
1
17304
0
1
1
11477
0
1
4
16882
1
56
1
16145
0
1
0
0
1
23460
1
16582
1
2
0
1
0
0
0
4
1
2
25423
1
29057
15904
10671
1
0
0
24994
0
17667
1
21109
3
18606
30182
1
1
17680
1
2
15809
1
20626
10893
1
21836
1
1
12
1
9
1
1
5
0
25066
0
0
16607
2609
0
2248
0
1
0
1
1
0
0
21631
0
0
0
1
0
2392
0
15310
9516
10
1
1
0
0
27756
26678
1
1
13197
9640
21147
1
0
26286
1
0
4694
2
1
2
0
0
1
1
0
26498
3
1
1
2
12291
0
1
1
2
3
0
3
1
2
1
4
34
3
1
2
1
27675
1
1
0
1
1
0
1
1
1
19817
21224
0
0
0
7
0
25844
0
1
1
13167
1
8010
1
0
1
1
25202
8
12218
19241
7783
16695
1396
19039
12934
1
3
1
1
1
1
0
1
1
2
23
0
6
25481
1
26319
28627
0
0
1
24349
0
0
1
1
1
1
1
0
1
2063
16757
24771
0
2
29874
1
0
14239
1
1
26449
11452
0
1
0
22927
0
6123
2
18548
1
9998
22874
1
26391
1
20714
25169
16
4
1
3
1
0
2
3
16928
1
1
15203
0
11429
5
0
1
1
0
1
5
5
24526
0
4
14179
0
5769
27138
0
23693
20497
1
1
1
0
20380
0
1
0
18670
0
23
1
1
14826
1
25833
1
1
22089
19996
1
1
0
1
1
15438
2
1
17735
1
0
0
15366
0
1
16241
15111
2
70
2
1
1
0
0
0
1
0
23876
0
26850
10
29014
0
1
1
1
10551
17589
15912
11558
9528
2
3870
0
5
0
19433
1
25002
13376
5660
0
18699
3
0
1
4012
0
0
0
3976
0
3
9445
4
0
4
0
15295
0
12988
1
21897
1
0
1
10854
1
0
3
26782
6462
0
0
24774
18396
18644
28971
0
125
7
16898
0
26603
1
2
1
14974
19934
0
25227
0
23173
29573
1
1
0
1
1
0
1
0
1
6
0
3
1
10
1
1
0
20330
1
1
1
0
24973
4
1
12397
0
0
1
3
1
1
0
4042
1
15254
24121
1
6
4783
22549
4
28152
25673
0
0
2
1
17147
19672
0
8
13114
20538
0
1
1
3
0
12291
1
14058
23299
0
0
0
0
1
1
18693
1
1
0
1
0
2
3
0
3999
26146
1
8246
0
1
21906
3
29387
1
0
14919
0
0
2
0
1
1
1
0
0
75
26519
1
1
30343
9203
3
1
1
5
0
1
8969
0
1
1
0
1056
21044
1
1
0
0
16151
1
1
22262
1
0
22913
12509
0
1
0
0
3
2
16540
1
18708
0
1
4
1
1
1
1
1
1
17904
0
1
0
14233
23379
30237
0
1
1
0
1
16658
0
1
0
2
1
12595
0
3
0
0
1
16
0
1
1
1
0
0
1
1
0
0
14397
20040
10449
2
9410
1
5158
5
0
1
6
1
16733
31137
15419
1
2
1
1
0
0
5
0
25886
0
2
0
3
0
1
15152
3
1
21325
1
1
4
0
0
5101
0
3
23768
0
19229
3254
1
1
1
1
1
2
0
1
9804
28983
26256
3
1
0
18492
5
24902
1
9274
0
2
0
17749
1
0
1
1
21589
10274
0
2
10429
23369
21012
24801
1
8
22513
1
0
1
1
1
1
1
1
6
1
0
16066
0
7943
18158
1
9
1
26631
0
9050
3
1
5926
0
1
1
22456
1
21931
16871
1
0
1
14855
0
22857
21123
0
0
1
1
1
0
4
23875
1
1
1
0
22749
19673
0
13329
31162
0
0
0
0
0
19663
23916
14588
15774
1
2406
1
0
18014
0
13237
2
0
1
0
14180
0
1
2
19896
1
15699
5
23018
3
0
1
0
0
1
2
0
1
2
0
10
12243
2
1
370
2
0
0
0
1
1
0
1
1
1
1
5
2
2
1
20461
0
1
0
24812
8428
1
1
0
22919
1
0
1
1
1
24488
0
5
30302
25819
17526
1
0
18028
0
29780
5
0
0
17851
1
1
205
1
1
1
19246
3
0
1
0
1
6777
16819
1
1
25587
0
1
1
11259
0
1
24445
2
1
1
1
0
22434
4698
0
1
0
1
2
1
0
21552
0
24217
1
0
1
1
1783
0
1
22633
0
1
1
1
0
2
1
1
0
4
21168
0
0
1
2301
2
1
1
1
0
0
0
12079
65
1
3
1
0
3927
1
1
4
0
23330
23605
2
0
15960
1
0
0
0
0
0
24818
3
0
3
0
1
15945
2
0
1
16151
1
21223
1
18771
8749
16722
0
1
1
3
0
29642
1
21665
1
1
9193
18363
0
15551
2
2
0
1
1
3
1
0
21196
19315
17715
1
1
1
22832
23094
15712
1
0
1
23320
21148
0
1
2
1
24340
1
29748
0
1
1
0
27518
0
5763
0
1
2
21529
9383
2
2
4992
3
1
20019
3
1
2
1
0
1
0
28875
0
1
1
0
0
81
1
1
13775
0
21756
1
5
13994
23048
1
1
1
14692
0
1
12548
7930
0
3
1
0
0
7
1
1
5
1
0
2
22069
1
1
1
0
21775
25968
2
1
6
1
1
0
1
1
1
23659
