1
0
0
5
249
1
96
1
1
274
0
1
1
108
0
1
156
256
1
0
1
1
0
1
62
0
155
1
245
0
1
1
0
292
250
0
0
155
1
186
2
0
1
0
240
1
220
1
2
2
236
1
4
180
2
1
3
133
0
255
148
80
1
1
0
0
1
1
0
144
1
1
0
10
272
6
304
208
1
1
1
196
2
0
0
5
5
0
0
1
0
0
4
2
1
0
191
269
1
3
0
2
101
1
3
1
0
1
1
0
60
4
1
2
138
1
130
0
0
0
34
0
0
157
1
0
0
1
1
1
1
1
1
5
1
226
196
1
0
1
1
1
2
1
0
1
43
37
225
1
265
0
152
3
10
303
293
269
0
0
0
182
240
2
35
288
0
97
3
73
1
1
0
1
1
200
0
224
1
1
183
1
1
1
0
0
215
1
2
62
0
1
1
0
0
0
1
0
5
0
3
2
0
1
2
1
1
1
1
74
0
1
290
1
148
1
0
1
1
1
1
5
0
4
2
1
0
20
8
2
0
0
238
292
100
1
255
1
1
1
9
1
0
143
130
298
