508
387
0
0
2960
2
19
0
0
2241
1
1
1492
0
1341
1
0
3
5
1
0
1882
1
1
1
1147
2
2695
1
0
2189
2
1705
2
0
2
1
1
1
5
0
1
0
1
2786
1
1
2030
5
2
1
2
0
0
2327
0
1
704
0
9
1
1715
0
1913
2261
1
0
0
1
2
1
0
0
2403
1
0
2
2641
28
10
0
3
83
28
0
2528
1974
1888
1
0
2971
336
2135
808
0
1478
0
998
0
1
2557
2640
1
0
0
0
2500
0
1
13
0
1913
7
0
2
2814
1
0
1
1
2
10
2212
2620
1
1
1564
1708
1
0
1
0
0
2921
1655
0
21
6
1
0
1387
1
1
1
0
1236
3
7
0
2207
0
0
709
1
1
0
29
1
0
1
0
0
0
1119
0
4
1
0
2355
2
1
2247
0
2231
1694
0
0
1162
2829
1
1
170
0
3069
1
0
1
1
1
0
1
37
1247
2
3
1
1747
0
0
739
2088
0
2603
1
0
0
1
4
344
2783
1
1
2204
0
0
1591
2385
0
3
0
0
2173
1
0
1
2
0
2395
2198
1
2490
2272
0
940
1
1434
1688
1160
3
1
5
0
1
1793
1
0
4
1
5
0
0
1
3
1303
6
0
1884
1
1
4
1
0
0
1
2117
1
8
1572
1192
0
1496
5
1
2738
1566
0
1973
1
2791
3
1
3
10
1966
1
2053
0
2431
2567
3110
0
2121
1431
1
0
0
2343
3046
1
1
0
1
0
1
0
1304
965
2226
1
1
1
1
2
0
0
2719
2
0
2
3
1
1
3
1
1958
0
1
1858
1
1
0
1235
3
0
1
2
4
1
0
1
669
0
2679
178
1
868
3
2885
0
2
1
1
1
0
1
1
0
1943
1997
0
1
1
0
0
2
1773
3
1
2441
2314
0
2593
688
2
1
1837
3
2098
1
1
0
1
0
1642
2235
1389
772
2
1
1
1
1848
1972
2108
1
1
1
0
1
0
0
0
1242
1
0
1
2
0
2095
1
1
2188
480
1
7
1
2115
1
2734
1889
2
1
0
3
2207
1
1
1
1
1
1468
3
0
1530
2044
0
1
0
0
1075
0
0
1
3
1
1
0
503
239
0
0
2
2190
1
1
884
2
1
0
2
42
0
1
1251
1
1172
0
2
942
623
1
1
0
2095
0
1807
0
1722
38
1
1
0
0
1
0
1
1
0
0
1
0
0
3
1040
368
1
0
1
2606
1
3
1
2917
0
4
2153
2132
1
1
1
3
2
1
1047
1
1
0
4
1
1
2
0
1267
0
2654
1
1
7
1
1306
2577
493
2
2865
2820
1
1
3
2697
1
2106
24
2059
0
0
0
1
1
1
4
2813
2612
1
1
1
2608
1431
2482
0
3
1256
1
1
2
1829
1
0
2519
1
1630
2976
1
2
0
1850
2387
2
1
1
0
2
1
1
1
0
2549
1
0
0
3
2332
2778
1
0
1
4
1
0
1
6
2
23
0
1
0
1
2149
0
1
0
1
0
2201
1
1689
1
1
0
2
5
2
3
1
1
1
1093
0
1
227
5
2357
1
1
1606
2563
0
1
1
1
1
0
2075
7
2899
1
3
14
1
1
6
1
0
1
0
1
30
1
1
18
0
0
1
3
498
1
1
0
0
1
1985
1179
3
0
422
1
537
1
1
1943
141
1
1
0
1182
0
1
5
1
856
4
2083
0
2
1
0
300
1
2050
1484
11
1919
1
3
0
0
2544
0
3
264
1
802
1
2199
2804
1
2
0
0
2180
1
0
2033
1
1
0
1
0
0
7
0
3039
1
1
0
0
0
1
3
2
0
0
1944
1328
1925
2106
4
1
3
0
0
0
961
0
2708
1
0
1
0
2
1
0
1961
1
3
826
0
0
2
0
2252
1
1
0
1
1
2
7
1519
3075
3002
0
0
2633
1
1
0
0
2
0
0
2198
0
0
0
2747
548
3
1752
746
0
1741
2019
3
1
783
2133
0
0
2
0
0
1557
0
1084
2
0
2070
5
1847
2069
2022
1
0
1
1819
2572
0
1
0
1
1482
1666
0
0
3
1
0
1986
1
2
1
1
1
1
1
0
2193
2360
1
1
880
2214
1
560
1508
1
1
1
1626
2603
1
7
1546
1
1
3
0
240
1
0
2
2647
160
0
0
0
2
3
1
1
1256
0
2081
0
2
0
2654
1
2960
126
1
1
0
0
1
1
1
1
2738
2787
0
1
186
0
1686
2468
730
0
0
1
1
0
2
0
2047
0
2416
2
1879
2368
0
110
1
2351
1
3
0
7
1
0
0
0
1
1
1
1145
660
1896
4
1
2807
1
4
2442
1
0
3
1
1
1
1964
0
1316
0
1
2
0
2
0
2498
2311
1
1
0
2
1
1
0
1
0
13
1
0
3
0
1
1
1
1
0
2033
0
0
0
1
0
0
1
4
2
5
1
2
1390
7
252
2778
2
1
2629
1
1
1870
1
1614
2
3
0
1696
0
0
0
0
1
0
3
1
1
0
4
1
0
1
1
2
1
0
1
1324
0
1
0
0
1320
1
1447
0
1
1
2587
1689
0
2640
1211
5
1
1
0
5
0
1213
2
1964
1576
0
1
2391
2252
1
4
0
1
3
0
2
1
1
1366
1
2
2
1
0
1666
0
2
0
1
1
2134
1
0
626
2435
0
0
1196
9
0
0
0
1
0
1
7
738
0
1
3
1
1
2449
1
1
8
0
2475
1
1
866
1
2
0
1
2
1722
362
1
1
1
3029
0
1
0
0
2279
1273
2427
2302
19
1
0
2
1
1211
6
3
0
749
2132
0
1
0
1
0
2128
2
1758
1
1
4
1
5
0
2062
2305
1529
0
0
0
2955
2419
3
5
1
2608
2441
2
1
6
1
2
0
1
3
0
1
0
118
1
2
12
2238
4
2283
1
1
2426
0
1745
0
0
2
1853
0
1
5
0
4
0
2
1646
0
2314
2071
1
291
0
0
0
2769
1
0
1941
1
0
0
1
1055
2310
2364
1
3
1
0
0
2703
0
1
1
2
1
1596
1
0
1
0
0
0
2
1407
1
1058
1
2136
1820
1
2
2
2
3
6
78
2318
2448
1
0
0
2467
0
2202
3
2351
0
0
0
14
1
1542
1
2936
2632
0
16
2490
0
1
4
2722
0
0
2094
0
426
0
1
3
1
2
4
2568
3
1
1
1
0
1971
1
0
1
0
2483
0
2
0
2
1
1391
887
1
1
2
1
1
1
1921
0
0
1
0
2
1910
0
1
2502
0
0
237
0
1585
1
1
0
0
1
1577
2241
1
2191
1201
2108
1
1191
2065
0
0
3
1367
1944
1
1308
0
0
1954
1
1
0
0
1
0
118
0
843
1055
0
2017
0
1004
0
1
1
1
0
1730
0
0
0
2319
969
1449
3
29
1
0
1
2
1
2
479
2369
1970
2
0
1191
0
0
0
1479
5
1
0
2742
21
1952
1556
7
3
2659
3
0
1
0
1
870
0
1
1
769
0
0
1
3
2167
1
1077
1499
1005
2
0
1
21
0
1
1243
0
1
0
1
6
2
77
0
0
10
1
1
1920
2
3044
1
0
2472
0
3155
4
0
3
2904
770
1
0
1271
1949
1
1220
2956
1534
2103
0
0
0
1
1
1
0
0
2
2
0
1
0
4
5
2118
1
0
0
0
1208
4
0
1308
1
0
776
0
3116
0
5
1526
1386
0
0
0
1
2354
0
998
1
1
1
0
0
0
0
1
1
0
1396
954
0
0
2534
1
0
0
0
2374
0
1
0
1
5
0
2554
1
2135
0
0
2246
630
1950
2596
3
1
1
1
2052
0
1123
1
2100
0
0
0
2076
0
2508
0
1
2
0
1870
632
2
0
1250
1
1
0
9
2
1
1
0
1
1
7
0
1
1
1
0
51
1547
1
0
1796
0
1
2395
0
2
1
1
1
1
0
1
709
1870
3
2
0
2429
5
1
1
0
2341
0
2585
0
1
0
1
0
19
2
0
6
647
2
1
0
0
1
1
1
3
1
1
2095
0
0
843
1
0
0
0
1422
1489
1
2
0
0
2534
1
2394
3
0
1
0
1
1
0
0
0
0
0
2
2
0
39
1
1479
0
1
0
1
2774
1
1
2387
1
1
2044
2260
1
2476
1702
3123
1
0
699
0
0
1
0
2262
1
0
0
1
1668
1
611
2504
1165
0
1139
2304
1
0
0
1
0
0
1993
220
10
1
0
0
0
3011
1
0
1
2
702
596
1306
1999
1
1
1
1
1
0
1
0
1429
3
2886
3036
1966
0
0
2584
1
2576
0
2708
0
0
0
0
0
0
1
2365
1273
2
438
1
1
1
1
1
2555
0
0
1
1
0
1
0
1470
0
1
0
1
2627
0
1
1
0
0
127
1
3
3
1
17
1151
0
507
2
0
2499
1425
0
1397
0
1
1
348
4
3
3
0
2744
0
2
1996
922
0
2
0
1
1
0
1706
0
0
1
0
0
5
1230
0
0
1
1
0
863
0
1627
2
0
0
0
1788
0
495
2061
0
1508
442
1
1
1
3
0
1377
0
0
0
2
587
2557
0
2
1
52
1
0
1
3
2505
2
1351
1465
2
1
2427
1
1
535
1
2
1025
2
0
8
1264
2796
765
0
362
0
2
2
5
1
1716
0
0
1
761
1
617
6
0
0
0
1
1
1
0
10
0
1984
35
0
2
12
1762
0
2
0
1
2704
3
0
1
2481
0
0
1474
0
0
0
3
1
1
1
2337
1
1
762
0
0
1
0
2572
1735
26
0
2977
2
0
0
0
1
5
1
389
0
5
1759
0
18
907
1
2045
3
1368
0
0
0
0
1
0
2923
0
2064
0
2871
4
1
0
2
1
1
2
1
2246
702
0
0
464
2683
0
0
1
0
0
2717
1
1
0
0
708
2902
3
2633
1
0
5
0
2
0
2767
6
822
1
3
2
1
0
2133
0
0
0
0
2
2525
0
0
2541
2595
731
0
2163
1
2074
0
28
0
0
0
1
3
0
1353
1
5
0
1
0
1
1
0
1
0
1487
1
3
0
2130
3
1304
0
2
26
1
7
0
1487
1
8
2214
2025
2558
1
1
1
0
1
0
1
0
1703
2
2999
3
2516
0
1
1
2
0
2229
2103
2
6
2529
1
2131
0
0
2
1
1
1
0
0
0
1677
0
0
1
0
0
0
3
1
0
0
2596
1150
8
2
0
0
1586
1
0
1960
0
1
1
1
1618
2339
2187
0
0
1
1
1
0
325
979
2194
1
0
1
0
5
1
0
1
1
2440
1035
1
0
6
1
1
0
1455
0
2710
211
0
0
1
2
1
0
3
2
1032
1700
1
0
0
13
0
1
0
1
1939
2
1
997
0
2080
6
0
1
0
0
5
1
1
1
33
3
3
2080
1
1
1
2334
2510
2419
1
2392
0
2
4
0
1198
1
2
1
1
0
59
2
1657
0
0
1
1
1653
3
1
3018
1
0
0
2
6
617
1
413
3
0
0
1
0
0
1
1
1
1318
3057
2303
1
1
1
2846
1
1570
1
0
1
2871
0
0
1613
0
2
0
0
0
2
0
1
2564
1
0
2
0
1
2
0
2679
0
0
0
5
2748
2
1
1
0
0
1
17
0
3019
0
4
13
0
0
0
0
1
0
1
1
1
0
1
2100
1100
326
1743
1808
405
1
2826
5
1
0
2976
176
2
0
1
719
1
0
0
1
1
0
2582
0
2550
1840
2
2508
0
2774
0
10
1
1630
2866
0
0
0
1
0
2243
1
1
1
1
1430
0
0
2109
1
0
4
2
3
0
1682
2405
4
0
18
0
5
0
1
1926
2
0
0
1333
0
0
2327
1
2437
1
0
2857
0
1
1
1
2
1
1364
2
1
1
1
0
0
1764
2
1
0
1
33
2
1340
1
1
1
2
1
1
0
38
0
0
11
1
1
2273
1136
0
0
749
0
3
1
0
2239
0
0
1
0
0
3
0
0
1
1643
0
0
1
1
0
1
1
1
14
2820
1
1
1
2
2
1
0
0
1
5
0
0
1
1
1839
0
2502
1
0
2
1
0
1
0
2
2303
0
4
2630
2191
1
2160
2963
0
11
0
1
0
1054
0
6
1
0
2286
2101
2295
2
3
0
268
2763
0
1
1250
4
3
1
1
0
0
1
2698
2768
2612
5
3
28
0
0
1
1
2921
0
0
2
2
2757
