0
1
393595340
931493666
393595340
931493666
931493666
88733850
88733850
621141923
621141923
621141923
839544771
839544771
527777002
527777002
74394138
74394138
527799999
527799999
313208553
313208553
790153286
485829489
485829489
939024450
508230097
870276462
877027821
870276462
333139475
938715426
938715426
361075685
361075685
361075685
199160653
199160653
228204887
228204887
896186086
896186086
896186086
977085679
977085679
977085679
548694876
548694876
766635115
766635115
362350196
462470862
838302403
162424484
838302403
162424484
246148657
56072045
56072045
179149836
179149836
894341579
894341579
996792691
996792691
996792691
129277612
129277612
40948968
40948968
712508718
779259405
436683888
436683888
55644818
708742581
117764189
708742581
383063168
383063168
117764189
919538900
919538900
162319338
684567490
241024791
778219534
778219534
443542699
130003961
545963440
479212753
450324455
450324455
628395921
628395921
695101818
448471287
448471287
230367873
230367873
230367873
126994165
126994165
693600023
144492992
693600023
506843188
155126505
144492992
690899996
690899996
690899996
450220161
450220161
450220161
648249250
246183592
648249250
168671371
168671371
811231064
811231064
842324748
842324748
519044459
519044459
649650876
649650876
976656577
976656577
771338122
771338122
365138074
365138074
688660610
688660610
778262926
778262926
778262926
498284547
498284547
246135256
246135256
15692477
15692477
659730930
654736509
618781962
525127980
986299489
892750887
616761675
233097408
233097408
293563263
293563263
690786769
690786769
571949983
571949983
368489741
368489741
923204022
778711030
778711030
895729335
895729335
735558778
735558778
256923260
256923260
256923260
587226106
587226106
587226106
303891949
487592391
336271204
336271204
336271204
665893764
37497843
306640630
306640630
306640630
888207811
668551180
888207811
884020136
994056678
904460407
674092534
674092534
451521372
114765223
867395551
114765223
867395551
867395551
905987944
10258609
599101516
196682213
729099424
47307258
255438860
803463052
908112434
23474886
908112434
23474886
336683439
202144173
202144173
298207657
298207657
298207657
736968519
931079914
821043372
204222566
204222566
334144878
714492090
334144878
714492090
714492090
714492090
719147157
519896812
784972995
208896
455860989
455860989
186716060
161037613
569300888
704061309
704061309
704061309
275690909
856615149
696622631
53234011
53234011
299201140
299201140
467358816
287824365
600807045
895820402
7612591
817931035
149379855
513233269
517420944
720143026
395991207
292459632
292459632
629631397
908162559
629631397
603219517
908162559
973067949
304010111
417230875
304010111
997364119
417230875
997364119
997364119
641467386
545690980
545690980
161425222
161425222
604098752
604098752
604098752
546899796
546899796
794880307
591516261
610206618
305562288
975030150
830537158
661423029
661423029
795158581
110122781
874971267
376686720
2008673
116773896
864573141
80071661
135473717
381053070
175682203
108517764
657950026
657950026
894936446
894936446
124896980
930325228
828266961
287457329
676533895
916099302
278927993
278927993
916046823
905788214
344227749
406010584
404558922
217072215
346349827
128492364
169441332
925083554
925083554
706098606
935435014
125766135
285140699
547826224
216543449
544113225
123693417
218629049
218629049
315143317
645476152
793848928
679083705
800156147
219087184
773371679
110651648
317425908
417996005
342602312
214567230
890626504
260552222
260552222
260552222
489850021
736033613
537526740
317993417
723040225
723040225
620525207
715083486
619120167
619120167
173328748
579339332
809798103
804076097
87845868
252573862
252573862
424338364
307380954
197328456
14858527
746804225
892113247
140052486
337178094
963665304
337178094
857804914
72165399
86013838
400066610
400066610
353274334
353274334
504493505
694428110
504493505
694428110
264088036
25142664
25142664
32626048
32626048
9483273
392407668
9483273
223900945
223900945
356586403
356586403
98642943
98642943
535326831
807944905
680515529
863589723
565750306
579482022
9978517
510504869
510504869
514492677
311128631
70608119
70608119
992571970
177559982
104364159
816836898
2211273
816836898
7027569
430541324
720131223
297864631
829867811
626304585
756707012
238684717
411569137
867387195
489693047
968560696
664524332
571312874
742603149
348457548
844068323
606606873
490415993
313041870
810211749
810211749
625452851
699846989
962090061
840873529
491645707
86034021
118147014
399242574
247040009
908300300
732869498
307501056
490399205
548397205
592914223
811082780
804833040
914498129
914498129
451191896
671824544
279100778
175092410
450303184
30618446
867772371
879717235
83071706
83071706
410734860
485656582
410734860
753154703
753154703
79334481
80306016
572193119
393043283
799960683
124726273
929187030
660499764
212346356
208224379
531123672
662769989
208089180
127207108
636476320
587353272
418681901
632825632
362801042
167642669
858542665
167642669
54188745
226329970
647102968
416500572
667650325
457532336
457532336
913589448
913589448
332132364
54647652
378973455
576301911
368149174
116709046
989922438
952078677
726568481
272876442
9878721
858683194
229294210
321162059
530192654
321162059
382316946
668208051
928007926
257189804
544126787
531363230
531363230
228631639
175414108
300370348
492588097
547591649
314206420
7062579
314206420
451931947
451931947
7062579
889783554
111564020
96374072
587113235
165530764
587113235
893402516
144323721
632434500
77968138
42022742
77968138
573228598
573228598
349370483
349370483
865567201
642336570
472724167
642336570
472724167
474882027
371465217
61162073
546668204
202791277
213323916
279313006
183485158
114889220
639177156
344542845
46599900
613958243
613958243
613958243
979878653
163829531
273866073
313792371
852842955
95623393
852842955
273873616
395090148
694291288
193187445
83956020
141782877
26927966
594301203
583639857
442099173
514101357
605681721
172499208
609208116
142192928
441785170
748900649
238699398
902200595
420374514
158016530
671279614
355206521
425088941
789113026
425088941
305361350
331821548
851888688
908084380
944376924
286426898
286426898
190525423
239471847
481698472
726466786
481698472
564766675
201934631
800668403
935967967
143405450
143405450
752055154
199824463
830993301
749783487
537357986
982951459
791137404
791137404
956688865
95237875
425460424
425460424
425460424
371644839
371644839
542595400
605142237
605142237
605142237
815952294
898097345
121131873
972278591
972278591
349263537
482502384
118032896
951603456
290180427
584703482
307235348
338568936
833206006
754530497
754530497
400988797
211187950
186858437
444046242
870531378
134462499
41814143
623286916
464587334
476983634
476983634
795712650
393670743
526159328
648932169
386214530
186525344
963390256
337820409
337820409
935407692
653261581
817789924
338590030
945667658
966503472
249123501
467625053
670416330
692247948
569310639
569310639
212535831
212535831
752544406
842626200
364077994
364077994
364077994
253600020
380042375
510891177
131239064
768417112
120980455
2437557
91171407
910211933
697831665
910420829
533267230
644938443
826803943
272592522
272592522
298007945
932843500
506393923
241329135
301241535
286246858
708240051
715843030
508280592
110300145
338325255
110300145
103822873
928670847
928670847
745466256
366492801
532933233
233732093
73170550
546492584
523017698
755134052
755134052
477630913
473554184
602046833
745678049
479137675
933284633
686244624
126863631
177373546
444927448
964892335
230736018
210378132
185235468
392991585
392991585
360365537
858150650
858150650
429604053
894466457
497345886
77545888
644056160
363050910
668387618
202446025
524938070
524938070
524938070
470988678
300676165
773400332
375007007
866652714
592476367
391145156
736129182
349939012
423652850
368652410
368652410
791540222
837942822
152769626
280334050
209495494
470757597
49825875
737755407
207918452
542892192
990359129
623588132
437288256
507499185
692782107
83066374
321757317
623965323
321757317
844998283
859276621
908322774
781793229
590113564
179067965
380982237
118917726
320051421
880832914
221767101
805449292
722382918
753905215
158213921
395790521
756682247
449131197
375655769
447852765
42522635
324728410
588816446
119759012
406376507
9996695
697584884
308334630
240818599
172607901
689917947
426630934
936114236
304714895
404020570
549194328
815385619
815385619
716704343
872103441
715128004
733785302
229901079
735901306
543123757
924988055
132378799
255381690
534827798
750713888
288664142
750713888
302185442
742767729
639930031
534543350
776023805
799352046
96387874
799352046
508454449
379028120
700996997
346877984
36779102
909404216
526358715
400668298
734388319
709760453
305739883
578332405
408141732
203827015
320105694
624328159
602846684
191172952
636893006
428214263
154679419
492223732
449043138
673506103
748787030
768372225
969189568
118611816
226874929
3177267
64858646
381204398
364599039
996097659
393860263
233158014
342834557
143736757
144135213
306384009
820732313
291042333
291042333
123443366
203599166
568595197
70168208
905070590
984379320
253204698
760356603
239617977
959279920
672628144
949789560
927487078
775344010
340296640
528061923
601752032
155054351
193935455
205333799
193935455
778711452
112526295
243856451
597362804
490006472
711512298
264974077
493215003
197101599
460476983
397080327
165956326
975688315
415327350
163352023
721961225
791226694
885330803
380636570
577267443
459208567
82061245
82061245
676980286
249836650
977350634
932300783
531992088
608595762
180040438
986015403
327056487
515173031
480485193
711939355
80583806
711939355
651896680
374740065
972355608
928412418
159734031
928412418
826872372
384636016
835587423
117807969
436960206
676012975
86780672
374657853
817309146
332789937
158231918
73096799
120529454
542505437
368174915
850019481
964394882
980398014
149241859
149241859
172716745
4458953
502662253
662434550
735086555
427705601
427705601
756663777
472781221
427705601
580389352
355154111
652975796
146194414
796932801
984908723
969294323
78973062
309718599
743636933
195591582
889087499
78973062
798752948
478878984
97318030
693997644
250696179
552728225
427705601
325821994
286089606
211108334
262941495
772261548
609021394
565701785
427499238
123607906
124701209
467149563
815509227
23973530
709390577
580389352
514579288
955674229
843898435
43287634
37461462
336600356
536431367
889253905
777717808
29433807
798919663
356139313
972782517
525135747
980721048
512864943
969294323
7820408
613563613
251432992
580389352
601607122
466714740
707591755
690315856
730617242
225385875
101059684
467588247
160126759
338449468
14823818
745843132
610998780
638814729
818152721
12154326
427499238
283038890
976832903
710832269
32561484
971655036
580389352
608090409
543704621
744706904
378070825
953109963
809818846
564090816
942803770
427499238
867105571
365529980
904252951
486235833
67185766
556941964
947917521
720215455
655910488
152265737
458706800
411820462
72887873
478331085
735196916
87665498
928891251
330230840
762628227
478331085
105564257
273604664
528775373
661721333
899977678
376605582
244126502
251765092
530519628
614802231
946622965
318046305
63095607
167446558
320159315
629494605
728608795
338780561
903144527
924356572
521836728
251228135
501802652
616390348
949029108
664768994
952790285
59350133
255116197
427719591
11741398
724963063
873122490
967632273
311097594
27801220
235422743
138403373
306269206
194870548
71876991
247035760
628131756
265431694
585372540
984908723
904223188
286695134
660105531
10397223
761696009
899977678
188527003
963750049
346801837
131027294
492813623
104127810
50205866
787833515
580389352
529376491
468655005
766656942
125413120
354841243
928408583
702330026
921585033
44718723
490251009
708044475
5461387
153164785
76369981
578092303
566453501
461217708
621796356
500793940
771076855
593939907
282422913
171560880
405390945
916801618
976203244
145979825
773747676
660273948
208249741
949638425
639430632
428476161
924061968
417393118
531425868
926165468
405654307
914778034
928408583
584409964
122257473
275653941
725501012
232158490
512496493
345225922
166665704
810011616
315208973
552728225
505814858
471692479
15549505
476394653
423557279
818152721
468299221
397825116
248259569
699380831
772261548
702050921
529943121
152540524
565154599
364634545
439551463
931020858
177641502
282909275
324500965
73855243
360771955
899125178
928876751
436853774
392871365
943137381
976832903
379524981
82747093
51399353
219209477
414603277
682603548
806159603
354663487
748616215
28539672
608090409
212988810
234726514
637264829
541213745
358309209
841608964
18183958
881442024
772261548
200362829
705732897
814699301
906078880
9773490
503559571
131200535
453440386
167416120
703663335
219651664
492813623
893793285
198025395
853869808
313568807
480326446
183179779
936809974
292013040
451687496
188056018
468847245
894595772
511136264
606539480
99961371
166014030
662709299
503009122
914358685
261695718
592722492
73421666
213377036
96501286
650670315
116762304
165135912
222553782
563753224
910746346
306779886
590711390
158934868
995786726
804182234
346246225
512496493
43228961
758206007
699391399
322166682
794356946
951076717
219651664
146831198
404825639
387473224
751797816
238989170
325069612
612730434
487091498
87498051
370467614
894875057
907414537
140386935
345428523
759384956
335337209
134078142
371196878
615294864
570791319
353625812
626559220
810752287
939159565
922628729
41821762
771928877
309718599
831819352
363490349
100691478
35242396
783650174
905908053
988531207
580756668
495650180
100235822
96661101
356816480
363460331
744315948
323991561
675625953
504169070
186411306
686325126
495650180
973991680
877471115
558108229
345116976
450725579
13746177
232652054
712608618
873724340
582254985
646514260
509988195
73563508
499333121
977166018
890764244
486362627
499764021
547550906
90375006
824812346
966198701
85542188
373971355
979504794
190543732
730155576
834052808
209052962
772429046
675695952
221825111
885804911
556727084
950945990
725048437
756477970
177641502
432086140
454439105
316803046
221144113
254131804
561163211
890645398
467149563
95884742
878686093
371815577
560618101
767464459
211438739
481640944
657811797
70193281
20707559
899069672
495650180
759126888
345462294
500055002
840184012
476685905
443378192
168105854
532189423
807991976
92070872
623844832
928484916
489094516
397752477
429320261
148576621
177504713
933291413
523585865
682710917
602028208
642364182
349029051
813802709
70905859
764974077
1137097
437883040
87709341
667638422
198169327
214631674
853969783
688078771
178940912
756446076
666030292
619493604
772599255
180792979
816127756
920712088
837355211
212109358
7935509
191284052
380007949
954706253
446935520
166430895
223628856
302967763
579616704
951496645
254247419
866942686
474394186
618934856
285711196
224731000
683601196
855331003
346394165
361622881
96308768
87507375
527303358
439094694
162076935
113899274
562411349
797476341
826801871
176628027
350874657
82839617
389136777
307433246
85290522
723058102
452730578
580708601
717772682
924802942
166908695
124701209
898831242
328511093
63729133
373732162
594080471
750214481
257697437
767047545
818879767
802732645
750690793
576886272
502408137
426104025
92339181
74262558
192340324
645065415
365212401
876095670
239852788
903517257
110010539
546788075
119222122
192295814
731710098
996810187
871391280
617023354
56038880
958452282
413578568
427933738
700559985
846553982
675010542
724235060
494686077
70381460
781968117
372431260
503709424
925638139
484550659
200561158
945646058
408620655
860370102
261470127
261056961
574573256
508734656
981814176
307289390
453950148
40212172
647869343
578884902
591401192
882109908
108550731
276101594
650150366
929084617
128222198
959795450
260339531
60575343
704452268
646025180
8134924
298243021
763420961
161037500
43074488
827960526
107348734
548191065
103708531
980180817
643284361
407435506
733305158
13879633
474511134
430734438
169025219
342209978
562860221
462932174
351057114
556727084
655934575
100864580
258352637
262952631
309313358
819002057
636625130
374379024
146542740
674502173
8673243
269549226
357839272
586362844
422800812
789162279
312798221
229460289
528051114
60324201
629817132
334789082
389465434
699653316
535802836
11656203
743247494
836304004
489329198
660105531
171790163
876186268
225058744
296824291
682851322
760895932
197144147
906766568
691760596
688135668
147571328
548022853
62694163
129076760
290813438
337171456
982734741
628743504
458892890
831474180
191282822
532943395
377631036
828536002
355318637
561503556
755157303
823098633
196087337
763157855
183087392
430226986
243004273
507486594
74858533
523929520
928726220
486749899
430329186
938029829
653787978
190387359
885673595
922701509
739151569
959501777
275313481
452586732
796291189
226146232
249245834
191336205
478314064
638814729
854952008
651523056
643990075
758736801
310978108
947847358
752896223
471790132
995353642
341296220
507122587
646649847
254080565
453953934
856440109
847724429
47523360
112596647
913600327
728038086
790380340
169103541
78838435
441573269
437479513
892142886
89492293
119855173
937029409
387369062
962634898
280691796
234900866
880847484
806997344
215550704
230785878
220267241
376749462
922870435
333065290
798362310
697488200
540467429
913276805
116159006
316653356
391649147
865390975
201218857
363375624
90765831
151645796
547681282
87576306
524510935
544155840
51625599
658375183
126652368
489042687
331394282
906354795
588470050
818152721
55642935
546328730
40772483
792275577
735102747
169852642
798161590
123927303
463185762
383426162
799047001
586635749
737051969
139998937
740982614
103980695
73364768
890964469
150529984
149213072
776671293
849050792
831865595
469081238
268801886
537340659
977520799
774810442
758206007
370584569
868665041
212010226
361443771
965899203
462264487
88689125
215161241
289842753
894656105
274368201
938073823
74217972
535669398
249318049
292978111
984908723
715251760
118324026
773681899
88246722
395854936
104246485
21396303
732879349
825984668
300113994
28331810
324465915
488609341
981395930
136509915
577555524
715289960
432833932
254793820
267332055
140934969
81836213
48412319
12410938
978956243
355202582
391807752
784063551
863948216
133208827
135626300
888267607
388911281
898037838
340376498
565810427
813089793
914172837
445864621
948927052
872516965
516186268
419236703
916335898
469156060
724345165
819428985
545185619
424520431
204256748
408176976
153579398
862369158
177118612
593430012
850565462
884899829
94833356
829930805
475140792
746063079
373430144
567145687
693898001
868550540
593263495
601546700
491654747
207870754
146153515
523912017
804941237
555755955
331763895
181263914
868133694
816100932
837445176
897868071
423927104
918001213
125862338
351442666
489679293
242547707
362260465
321716252
652750505
506002744
594251871
721894674
368971253
866733094
603091458
366862622
177004798
420633976
325288310
502803082
622387952
884376070
158758192
997882093
766525135
435308035
490527986
345107309
424827261
196204645
414346854
618145672
306686749
298291278
891224887
59286754
298455935
390536379
39510583
574212598
138928358
170147396
810571644
481664884
417799595
224051630
117476988
367615136
256765133
477224039
98495407
18772690
720488888
659747947
201605355
605130260
788613610
778877125
846109734
635448252
949973452
757221402
79771542
879867701
58108793
598202729
138360817
957873582
703056255
970536923
315570266
181006830
858088062
37697190
448968255
509721329
736953465
953674246
233049079
51730906
677990860
266333727
679036481
911168638
126500411
558485591
932170903
466506049
210102752
499874746
351101530
643680424
732652970
736569159
739931112
665332475
633391503
583327775
749189222
849270394
467583303
579999830
595658690
736711750
664924870
435535939
664902524
281384096
