0
1
1
719747106
719747106
719747106
507927866
310993884
507927866
119597692
310993884
119597692
119597692
164852939
665796799
164852939
387299552
312427416
312427416
600639578
600639578
867067192
867067192
860295797
860295797
567295621
413299962
413299962
585159146
585159146
83433605
83433605
471408826
330502181
471408826
958519488
330502181
958519488
85896358
730237741
85896358
730237741
266883872
187536936
187536936
834630372
838317016
579286455
579286455
579286455
643759283
643759283
509329295
509329295
509329295
342271030
473288756
342271030
74104983
474810742
440132077
748368996
988094148
219482023
228826603
543408508
596362102
596362102
596362102
409815608
79385484
815885284
392452347
562363694
950330405
963832171
757427287
183542997
183542997
894513544
845535295
805810430
528457538
267833719
33264113
506552869
638533661
664600467
958760484
579101650
554682058
148092486
148092486
975483316
975483316
215811331
842314147
719891598
257155001
487797056
307263991
176086830
987917675
593419380
849969119
276155941
497518922
812938354
80553922
465534941
369585932
695593391
315211025
330524485
904134191
216883722
577677936
428223142
287460020
476017980
571850979
190685365
112919358
992169128
839066294
455674244
492234326
47337378
1917839
202233567
202233567
358331262
321831259
321831259
87368959
972629119
44255186
494239970
773303194
154706019
257748602
882928623
11778094
911705159
158081499
348469327
713797474
304168349
655730071
871181409
771434732
866494773
762220089
4237809
68760333
758932466
401623595
426848619
578639524
747494192
688747924
652770106
928447688
59922909
59922909
732746362
192339453
948298663
814030506
833988808
358224461
201095531
415280603
247565731
670609089
772168120
932389109
316215848
81373425
499287006
321273999
966288951
189481900
62418956
353296230
55282762
2131165
410119963
484557274
315512256
337349407
287680463
709455079
573054491
513131582
266813324
587311622
658099779
245883499
392800854
872223287
41227294
590038195
501735520
401624372
810424962
524872494
70036649
869202135
604387108
753861659
704061955
477985722
622416732
527517660
873550007
820780768
172484497
109790454
784717739
116348068
664753155
886099575
110562042
485982556
921958922
961683787
507841044
549369708
793119481
696679944
432445893
864519574
621746961
654351656
794549757
27413489
416393705
561733121
993368472
884975285
236079596
499031438
341266918
523545185
247463752
619295360
579207841
571763092
362478454
178935457
611761279
185830813
949080333
949080333
18731283
18731283
18731283
883772002
7051357
401549652
802768401
248177205
664661796
931415676
916095044
271175899
519054174
477294194
429662692
53736881
798932514
335910254
20280777
20280777
699735567
993839882
101271040
169504731
13608124
164924118
286905695
864450186
860977405
224711516
429053374
470313970
930112313
980354157
60628436
200043119
220012884
500471199
297080482
796877140
408854173
712330112
828988567
195733300
508259774
821721381
930655689
822576414
690540485
683453408
116108656
143078046
510286308
765256044
725635088
616075359
117639673
622209061
185923553
732385039
726679144
63860974
210007044
654393433
446018006
716015927
516648916
109316532
430624163
768481153
511410439
202890585
957387137
790845821
405607371
588742146
893980405
893980405
788298998
832320738
709540054
298492429
231876852
702932860
152092520
185065363
203796646
621114589
505345218
862641949
544976202
181136194
85996285
771461798
988996672
5332229
831888385
830212162
50325212
488658241
251495329
508104578
575942783
432055766
925441362
303301077
79800210
747594741
532966531
757787116
484059580
615256406
489742146
120066031
354940747
860695526
460953823
410780573
447543660
677349014
575396680
633651809
624633703
668694919
303839133
125209384
574349460
156361819
109199420
750148091
835341679
655026090
666594538
733576502
589819399
706725329
93647020
279915207
235326299
794941997
349190571
680786139
809028718
510970566
107443753
23635565
91206272
235993637
466928570
611961709
252498524
808866748
853890609
340524438
756189666
867674912
199448519
654838218
443731710
537733701
36095968
49640507
576297469
44320345
538152463
110563141
758615618
14860706
388298593
798205113
386363211
366445360
418795647
705169186
363408152
479871326
236706682
418345161
82878394
544867435
797464777
697718209
197640701
733023004
767934244
727931766
59149368
226398663
730630721
536655183
109258791
261157185
314515133
275016091
320528070
76541220
452526746
518754061
302829609
898238153
222587874
978571474
318996313
423643728
452188597
148245049
951945603
531181063
542759755
856163968
600667850
605060948
596627582
773586640
639247657
196749494
349243833
553218159
817511086
498018159
611858781
357131406
777800884
167583647
143748817
424819802
900266069
919092908
810093161
809849909
775790357
622632333
750549616
487255615
73324662
273753544
960374484
340086892
562793246
563847724
277732403
241460101
656484027
241836877
824435867
407791686
726370543
325983176
183203214
863485837
202816868
872393914
151737449
314183752
370851800
296758086
846484393
397373288
191789934
912301573
14376800
750055790
894834012
549541059
384935548
630012584
704049667
183364104
229911776
242235189
619330690
562653045
739215059
567218715
538017129
800574033
753308589
732589810
947001378
991983209
74210167
2351947
691860815
922932826
321432001
572304417
555569077
982577789
61103551
663948761
541473454
552484185
78143598
768897895
660929870
837296173
612395977
777098357
742541080
168011960
511518377
783250995
186772409
89177199
831315620
705190754
245778069
145610938
190965347
627769097
507165863
516129578
576407462
845258157
973773557
913450587
620241377
880152350
397415400
807202537
20788280
852288756
815063534
29890500
608469923
939320634
35181853
295995232
120332502
869823740
510256854
58796353
2115768
822018792
891630782
225221635
255935974
832007808
704484291
59983875
37431585
580642062
956433377
464270826
948288581
444944496
937513720
511032178
385370823
304550558
12075844
171791907
459787466
836916139
586255571
746602245
741964897
32468821
105838855
319311468
220932392
546802225
53224021
46541197
435097609
439707548
870262307
71685265
275967360
777450579
208472433
4604567
213299279
501051421
748643137
291174749
803217001
432773012
238816365
562911161
877500335
146765939
759258608
681807190
253763973
140031971
857059603
220799371
103765633
734207806
36063586
459840169
546852922
605246904
994772841
349415780
80760802
88169985
459220047
803930122
864710933
561110032
83713895
622763159
462582605
661085914
683810756
772879092
376456779
576828616
353526100
261778141
133838241
714050457
705980332
808884622
688977169
770035553
33671362
582443512
976551556
908120934
116632370
34460564
713773687
122284353
678908481
327850052
245284776
321750245
444487340
455900677
959242869
671357561
105973958
238662602
169884669
772809790
325502554
336209364
81219480
716561883
567762188
144331024
398814553
919833136
378186697
195026453
643174426
551800656
79902765
139289393
480950846
798936511
326394266
770030023
217501224
148089823
618613942
624088598
449167447
225720145
334119482
516436659
930191710
82261147
278478296
469277213
49595574
878400371
958783491
255947855
634988619
806860865
436159288
745830069
138345044
341182756
32836943
180622498
887350400
984752626
951513191
572343996
387247429
145523420
701756811
495818795
743831226
441224807
986435650
363669706
319395610
453524258
203478276
375369145
438829541
298341650
277467142
285420206
365915086
163563571
590963053
236379926
569491277
75914845
816455194
477729237
229230112
434838561
877964242
245485189
629710048
794685634
394038573
84736789
451430078
477216354
576315477
131330068
7161605
95874591
793972545
87516486
851785842
618287294
744610500
12462648
744345437
747801002
468550281
810886004
40640309
242571994
800836275
908746198
944495877
951648702
559343207
957639614
182230331
658028932
952533951
390470654
888490984
227066039
767392321
214835648
294005608
844754742
473813552
274393378
943767191
388546563
305925838
439063276
429116984
621837430
914591855
13514380
748679712
505477333
44111094
248839833
620077076
758364322
234377450
488303904
931353443
696876651
149829523
828767383
792125715
408524155
768209091
625312313
328763983
282360442
800905924
202026963
276828127
117969471
360006465
196972704
345551347
510477476
79060544
650115019
682840979
235583496
169417874
368052192
921468153
144134477
343598755
103689591
829682498
448364363
290666137
617006470
8516830
129855380
722863731
778389073
795953215
441800027
821982259
889788800
654357436
469287542
106798140
211662138
253571907
817174597
387649811
439411258
497721520
648325113
637019561
871595132
808099862
148464922
69989111
203273942
600524017
715385472
89640649
943510294
379118975
952610529
318431473
9461432
556412139
73580307
251019876
717652252
382547589
656821865
111576579
708750819
436407697
460924172
290059696
885467546
431125990
127086688
191579746
706224705
888450051
169396503
74662737
722656984
148875889
800543596
570588592
925912404
909325188
456106043
129091576
416719193
970558139
945207892
642844007
875776344
721630882
715067735
618991169
37863002
842759065
807931222
606824428
551196997
515172530
465405738
853143792
86005775
150354558
165781159
245425741
733921572
918356932
498064168
545698442
575726602
55341474
59041331
940060710
822056056
197261059
460402079
664226200
957416360
183646901
9538485
413892835
849249796
863036844
220181520
731390051
4013226
331084954
677331264
302409762
654688703
669877238
90634101
403187405
847353937
927016124
644263427
549714889
399720077
441185445
666155855
578849137
168603153
587818949
503348001
655387502
824087536
747167348
333914395
85194772
912483410
396918137
965561359
430631725
536406914
332042281
993939987
316771862
553668915
418956605
761066306
629191357
664809323
642633681
60256016
403222496
320971107
951428045
161841687
