144
215
64
49
66
42
41
35
36
33
66
45
37
25
26
23
26
27
31
21
22
32
33
26
23
25
16
16
0
21
22
34
35
35
12
8
31
9
6
35
18
16
0
31
10
21
0
26
29
7
0
13
18
19
24
35
22
11
26
37
32
18
0
34
7
18
11
0
21
18
11
0
25
22
22
33
16
16
0
0
25
12
18
7
7
0
6
13
6
26
0
16
11
5
7
7
0
0
5
7
27
0
0
5
24
0
125
8
0
0
12
7
0
6
130
12
11
6
0
0
0
0
5
8
0
14
0
0
0
11
8
0
0
7
6
7
17
8
5
0
7
0
0
0
5
8
0
10
0
6
27
0
0
0
10
0
31
6
9
0
0
9
0
13
0
44
0
0
0
8
17
0
0
0
24
0
0
0
0
27
0
0
169
0
7
4
0
0
0
7
0
14
0
0
0
0
0
0
5
12
