196
279
87
79
70
93
42
47
71
68
79
57
41
45
45
41
54
44
36
41
32
30
25
37
53
33
25
16
0
50
38
37
54
27
10
70
74
19
46
37
30
34
30
23
11
23
16
17
25
35
53
60
45
46
0
54
14
6
39
23
18
13
35
45
0
14
7
0
14
39
0
20
41
0
0
0
22
65
8
36
20
30
0
0
6
0
9
0
7
5
7
15
0
3
23
54
10
5
0
0
21
0
0
0
5
6
6
46
7
8
0
6
0
12
0
0
88
7
0
0
0
6
12
7
23
29
0
25
7
4
46
21
6
6
0
32
5
148
16
0
13
0
0
0
0
0
33
0
15
8
0
33
7
4
18
11
0
41
7
0
0
15
0
6
0
0
4
0
18
16
0
0
4
0
29
0
3
13
0
0
0
31
7
0
0
7
0
6
8
4
20
7
6
16
26
13
0
0
0
0
