0
0
0
5
34
7
0
5
11
0
0
0
15
6
0
34
11
0
11
9
8
0
6
33
18
0
0
0
54
0
0
31
19
16
0
22
0
12
6
0
0
0
0
0
63
0
8
6
6
6
4
0
6
0
0
0
0
13
0
14
0
25
0
0
0
7
0
0
0
0
0
7
0
0
6
23
0
0
6
6
0
22
17
21
16
8
0
0
6
17
16
24
8
0
7
0
0
12
0
0
0
15
0
0
7
0
9
6
6
0
7
0
0
0
16
0
0
7
6
0
27
0
0
13
0
0
0
0
0
6
25
0
22
54
0
32
0
0
0
0
6
7
0
0
32
9
6
6
30
0
7
0
20
0
0
0
0
24
0
0
0
27
0
0
0
16
0
0
14
8
0
28
8
5
0
12
17
0
0
11
6
6
12
0
0
8
0
0
0
14
0
0
0
11
0
21
5
29
0
54
0
0
12
0
0
12
0
0
0
0
0
8
0
0
6
7
9
23
0
0
0
0
20
30
0
0
6
0
7
0
41
8
6
0
0
8
0
13
8
21
0
0
7
0
6
8
22
6
0
0
27
10
17
0
8
0
0
6
0
13
13
0
0
9
0
0
0
8
7
0
0
0
0
9
8
23
0
0
23
8
0
0
0
0
7
0
0
29
5
0
35
6
6
0
0
19
0
0
27
0
6
15
0
0
15
0
62
0
0
5
21
13
0
0
0
16
6
0
0
6
0
19
6
0
16
0
0
6
0
6
0
13
0
0
0
16
10
6
0
11
0
0
11
0
26
0
15
14
0
0
0
13
24
37
0
7
6
7
7
0
0
0
0
21
0
0
0
6
0
22
23
0
0
8
6
0
0
6
0
0
0
21
0
0
0
0
7
0
23
26
20
10
6
0
0
6
5
0
11
5
0
13
6
14
10
7
0
34
13
0
6
0
8
24
0
0
0
0
0
0
0
0
32
33
0
0
24
0
12
0
6
7
11
0
15
9
0
0
0
20
37
0
18
0
0
0
0
20
0
0
0
0
0
0
13
41
5
23
27
0
0
0
8
0
6
28
12
0
0
0
0
20
0
0
0
6
23
0
0
7
0
0
55
0
0
10
0
5
13
11
0
7
17
11
12
0
0
9
11
0
0
0
0
40
0
0
0
18
0
0
11
0
0
13
6
0
13
0
23
20
7
19
20
0
0
33
0
0
24
15
27
0
0
0
8
0
13
5
18
0
0
0
6
0
0
0
0
0
15
0
0
11
0
17
6
0
20
6
6
12
6
0
20
17
0
29
0
0
0
7
7
9
0
0
24
6
24
0
0
0
7
6
22
13
16
0
6
23
7
0
7
6
6
15
13
13
21
0
20
0
0
28
14
8
12
9
18
8
11
18
0
23
0
0
0
44
0
0
29
0
0
7
6
0
15
8
0
5
7
0
55
0
0
6
0
0
0
15
0
0
12
8
7
80
11
0
0
8
6
8
64
0
22
0
0
0
0
0
26
0
0
0
0
32
12
0
0
11
18
0
14
0
0
0
0
8
0
0
12
33
6
0
0
6
7
13
0
0
0
0
9
0
42
0
13
7
17
0
0
5
0
7
5
6
21
0
0
5
8
0
6
8
7
7
12
0
0
23
9
15
0
0
8
0
8
10
0
0
12
6
0
9
0
0
0
0
21
14
0
0
5
11
26
0
0
0
0
0
7
32
6
0
9
6
6
0
27
0
6
14
0
24
30
7
0
6
0
0
0
13
9
8
6
8
0
0
11
11
0
30
0
0
25
21
0
0
7
0
0
11
0
0
34
7
0
8
14
5
12
7
0
23
0
0
8
0
0
0
53
0
14
0
0
0
0
0
7
0
0
0
20
19
0
0
5
0
0
0
27
0
0
8
0
0
0
0
0
0
12
0
0
0
17
0
0
12
0
0
0
0
0
15
0
6
0
0
9
6
0
17
0
0
0
0
15
0
0
9
6
0
8
0
0
18
7
9
0
6
16
0
25
9
0
0
7
16
0
23
10
0
0
7
6
0
0
0
7
0
0
5
0
0
0
7
0
0
0
6
0
0
0
0
0
0
22
5
13
0
8
0
0
0
6
7
10
0
0
0
6
0
6
12
0
32
17
19
0
0
0
0
0
0
6
25
6
7
0
0
11
18
0
0
0
0
6
15
0
6
0
0
0
0
22
0
0
12
11
6
0
8
0
0
18
7
12
11
0
0
0
8
0
16
0
17
0
6
12
20
12
0
0
36
6
8
32
0
5
24
0
6
0
8
15
7
0
29
10
29
10
0
0
0
0
0
0
7
0
13
0
0
11
0
15
7
7
10
0
0
0
15
6
0
0
17
0
0
0
0
0
20
0
0
54
0
0
12
12
0
16
6
0
6
6
0
5
0
0
0
6
0
0
12
7
8
15
0
0
0
0
9
0
0
0
36
0
13
0
0
9
0
7
0
0
0
0
0
6
11
0
0
0
0
0
0
12
0
24
0
0
36
0
0
6
8
0
12
6
0
6
6
7
0
6
0
23
0
0
26
5
12
5
11
6
14
0
0
6
0
0
0
16
6
0
0
15
0
8
0
0
14
0
0
0
0
0
7
0
6
7
0
14
0
0
0
0
12
17
0
0
0
0
6
14
0
36
12
6
0
6
0
0
5
6
18
0
6
0
0
0
0
14
63
0
0
0
0
0
0
8
8
6
11
0
0
8
12
0
18
5
0
0
0
28
0
7
0
9
5
0
12
0
15
0
0
10
0
0
9
0
18
8
0
13
0
0
0
0
6
9
7
6
6
5
7
0
19
7
23
0
0
0
6
7
24
5
0
5
19
6
0
0
15
23
11
19
14
25
0
0
0
8
26
14
0
0
20
0
28
0
0
0
0
0
0
0
0
0
0
18
0
9
20
0
0
0
7
23
15
6
7
5
6
0
7
0
6
0
0
12
19
12
0
0
0
15
6
18
0
13
6
7
7
24
7
6
11
0
0
22
6
0
0
6
6
12
12
30
6
11
0
14
8
24
10
6
0
6
0
0
12
0
10
18
0
0
19
30
0
6
11
13
0
6
15
0
0
0
0
0
0
6
0
0
0
26
0
6
0
5
0
5
0
0
0
5
6
13
0
28
17
0
0
6
0
17
11
10
0
8
0
6
6
0
8
0
0
17
6
0
10
0
6
0
0
8
0
0
6
7
0
0
12
0
0
0
0
11
14
22
6
6
32
0
26
0
18
12
0
7
10
0
0
0
8
0
0
0
36
0
11
0
0
0
12
6
6
7
5
20
0
7
0
0
0
13
12
0
0
31
0
12
0
0
0
0
15
6
17
7
5
0
7
33
17
9
0
6
0
0
0
10
0
7
0
8
0
0
0
7
6
0
0
0
8
0
13
7
10
0
0
0
21
0
7
0
0
0
11
23
29
0
0
0
14
0
6
0
14
0
6
0
18
39
0
0
16
22
7
0
6
7
0
7
0
21
14
11
0
0
7
0
0
0
0
0
29
0
0
29
0
7
0
0
0
14
23
0
0
0
11
0
0
0
0
0
20
23
10
0
0
14
0
0
0
0
0
0
0
6
9
0
0
6
12
6
0
0
0
10
0
7
5
21
7
0
11
23
0
6
0
25
0
9
24
0
12
0
0
16
17
14
19
0
7
0
12
0
13
0
0
5
14
0
0
53
0
6
0
9
0
6
0
18
0
47
7
7
22
8
6
0
16
0
6
9
7
19
6
0
7
6
10
7
0
0
0
0
6
27
0
8
8
0
6
24
13
0
0
0
0
7
0
6
7
12
0
0
0
28
0
0
7
0
8
20
6
0
7
5
0
27
12
18
20
0
0
0
9
19
7
5
0
0
6
5
6
16
7
8
0
0
7
0
0
0
0
8
0
0
0
0
0
0
0
7
5
0
7
0
11
0
6
6
0
0
5
24
0
0
28
15
7
0
0
5
11
10
0
18
0
0
7
0
0
0
24
22
6
0
14
13
0
0
0
7
15
0
0
6
9
19
0
6
5
7
6
20
0
0
7
0
0
0
0
13
0
0
0
12
0
0
7
53
6
15
0
0
0
12
0
9
17
0
0
0
8
0
0
0
7
0
0
0
0
14
0
6
11
14
0
0
11
5
0
0
0
0
0
13
0
29
0
0
0
0
0
8
0
6
0
0
0
7
0
0
0
0
0
0
0
0
17
20
0
43
6
0
0
0
0
12
41
0
7
0
12
10
0
7
18
41
19
25
0
7
0
25
21
0
13
0
0
0
13
6
6
0
6
18
8
8
0
0
9
0
19
0
17
10
23
7
8
0
15
0
11
7
23
47
8
0
10
0
7
13
19
7
0
0
6
29
0
17
18
0
11
0
0
49
0
8
0
6
0
8
16
7
28
7
6
10
0
4
38
0
0
0
61
0
5
0
0
0
6
8
7
16
0
0
0
0
20
6
0
0
7
5
0
6
21
0
0
6
0
5
0
0
0
10
0
0
12
8
0
17
0
0
20
8
0
0
6
37
0
0
6
0
0
0
0
