20
0
13
0
0
12
0
0
0
8
0
0
30
17
0
0
0
46
11
11
0
6
0
5
6
56
8
0
7
0
0
27
18
0
6
0
0
0
0
6
6
0
0
7
20
0
12
0
0
8
31
0
0
0
7
11
0
26
0
8
26
0
0
35
0
0
0
7
7
24
22
24
0
12
0
0
0
0
0
0
0
6
0
10
8
0
16
0
35
0
7
7
0
14
0
19
0
14
5
6
0
0
25
0
0
0
0
0
0
14
12
0
9
34
7
12
12
0
14
7
0
16
7
0
7
6
0
0
0
7
0
0
0
0
0
0
0
0
7
14
0
0
0
0
0
0
8
18
5
0
20
0
11
0
5
0
0
8
0
0
0
0
19
0
8
0
0
7
16
0
0
0
11
0
0
6
0
23
0
0
0
6
0
26
0
8
0
18
0
0
0
0
7
0
0
8
6
22
0
0
19
42
0
0
0
26
7
0
0
0
6
14
32
0
0
5
0
5
0
0
10
0
6
0
19
11
14
14
0
19
7
44
0
31
6
0
0
0
11
0
7
20
11
0
0
17
0
0
24
13
13
18
0
0
7
9
0
8
0
0
19
0
0
5
6
0
0
7
7
49
11
0
0
0
0
8
21
9
0
0
23
9
0
0
7
36
21
0
5
9
20
0
0
9
24
0
5
7
7
0
0
0
0
0
6
9
8
7
0
7
13
0
8
9
0
12
6
22
32
0
55
23
0
7
20
0
7
6
5
0
0
0
17
0
0
0
0
31
0
0
0
0
6
19
0
0
0
0
8
0
7
6
0
6
0
0
24
6
0
0
0
6
39
8
12
10
0
12
8
0
0
0
0
6
18
14
38
0
0
13
13
5
5
0
7
0
7
0
12
5
6
0
5
0
7
14
0
0
0
0
0
6
7
22
0
5
0
0
13
8
0
5
0
10
0
0
28
0
45
12
0
6
7
0
12
36
10
0
29
8
16
0
12
26
20
0
0
7
28
0
40
0
0
13
19
6
7
0
12
0
0
0
0
0
0
0
25
7
0
8
6
15
0
13
42
0
0
28
0
0
13
6
14
0
55
8
0
0
0
6
6
0
12
0
19
0
14
7
6
8
0
7
6
0
0
0
53
0
23
0
6
0
0
0
7
0
9
13
0
0
0
0
10
0
0
7
11
0
0
0
0
6
0
7
10
15
23
0
0
0
12
0
25
18
0
0
21
0
9
7
0
18
0
0
7
0
0
19
0
23
6
0
0
0
0
28
5
0
0
20
5
5
0
0
0
6
0
21
6
26
0
0
0
33
5
5
8
5
17
0
17
0
0
0
0
0
0
24
53
0
0
0
24
7
0
0
34
0
6
0
18
0
0
0
0
0
7
0
0
13
8
5
39
0
6
10
25
0
0
0
0
0
22
0
18
20
0
7
0
26
0
0
0
11
14
0
8
0
11
17
14
0
18
12
20
18
10
8
5
5
0
5
0
6
27
0
20
16
0
0
0
17
21
0
0
0
0
0
0
0
0
25
46
0
14
0
0
0
0
0
15
0
26
6
14
23
0
0
21
11
0
0
0
0
6
0
0
33
0
0
0
0
0
0
8
0
0
7
0
22
7
0
0
12
10
7
0
6
13
0
13
10
0
36
0
0
8
0
6
30
0
0
5
0
20
8
0
13
7
0
0
8
0
0
0
6
12
0
20
0
11
0
0
0
6
6
8
14
0
0
0
13
0
0
7
12
0
0
0
0
6
28
0
21
0
0
37
5
34
7
7
0
0
6
0
0
0
0
0
26
10
5
0
0
0
0
6
0
0
0
7
4
0
24
0
30
0
0
20
0
0
0
6
0
0
6
13
8
0
0
0
0
7
0
0
0
0
22
16
7
9
0
0
5
0
10
0
8
0
13
25
0
0
12
15
6
23
43
15
16
0
19
14
0
0
0
7
0
0
0
0
0
0
0
24
0
0
20
7
5
17
19
0
0
0
12
11
7
8
12
7
8
0
0
6
0
0
0
0
0
0
0
0
0
6
5
5
0
0
21
7
0
0
0
0
11
0
0
6
13
22
0
8
6
0
8
7
0
6
0
6
0
13
0
6
0
13
22
19
6
7
0
14
5
0
0
18
26
0
42
0
12
13
0
65
0
0
5
7
29
8
7
0
7
5
6
0
0
0
6
0
15
0
0
7
0
0
0
21
26
36
7
53
0
0
8
0
7
7
23
0
7
6
11
0
0
0
0
0
0
0
0
0
16
11
0
0
67
0
13
0
0
0
0
0
0
0
15
5
6
0
7
0
0
20
0
0
0
0
8
0
0
10
0
6
0
24
9
6
0
0
0
6
5
0
0
0
0
0
34
0
0
11
0
5
9
0
0
0
14
18
32
6
0
13
0
24
0
0
0
13
0
16
0
19
6
0
0
17
0
6
0
39
0
0
6
0
14
0
0
6
0
0
9
0
7
16
24
17
0
14
6
0
0
11
0
13
0
5
0
7
0
0
0
14
0
0
0
0
0
0
0
0
22
0
0
5
0
7
0
24
0
0
9
0
6
11
7
6
0
0
0
0
0
14
6
0
0
0
5
8
0
23
0
0
0
7
24
17
0
23
44
8
11
0
0
0
13
17
0
7
9
27
0
0
8
0
7
0
0
0
28
7
0
0
6
8
24
0
0
0
6
0
7
20
9
27
8
21
13
7
13
0
0
15
0
0
5
0
8
8
0
0
19
0
0
0
0
24
0
0
19
0
0
0
7
0
0
23
0
12
16
0
0
0
0
24
0
0
0
7
15
13
17
0
0
7
14
0
6
20
48
5
7
17
0
27
0
68
0
20
0
5
0
0
20
13
0
0
0
14
6
17
0
43
6
7
28
9
7
5
6
6
21
5
0
0
0
0
25
6
0
0
0
36
0
0
0
0
10
0
8
0
0
13
33
0
17
0
34
0
12
0
0
6
0
14
28
7
9
6
26
5
0
0
8
0
0
0
0
26
0
0
25
0
8
6
7
40
0
0
0
20
0
0
22
0
6
22
17
0
10
12
0
30
0
0
33
10
6
0
0
0
0
42
6
0
0
0
5
11
0
9
15
13
7
0
33
6
7
19
0
13
21
6
0
7
7
12
0
18
0
0
19
6
0
9
5
0
0
0
14
15
0
0
0
12
0
0
64
0
0
6
17
5
0
31
0
7
12
7
0
7
7
0
6
0
0
8
26
0
0
15
7
8
29
14
0
8
8
17
7
6
0
18
0
0
6
0
0
9
0
0
0
7
0
0
10
0
0
0
0
26
0
13
0
0
0
0
13
9
0
0
0
0
0
0
8
0
34
22
0
0
18
15
6
7
0
14
25
7
0
0
0
0
0
5
7
0
7
6
6
0
6
0
0
10
20
0
5
10
6
6
5
6
7
0
0
19
12
12
11
0
43
22
8
0
9
20
0
0
6
0
0
5
0
0
0
0
0
0
7
0
13
7
38
0
0
0
0
5
0
0
0
37
6
0
0
0
0
6
8
6
8
5
0
19
14
34
40
0
0
6
0
0
0
12
21
25
0
25
0
0
0
0
0
17
5
6
0
0
6
0
6
6
0
0
6
20
0
39
6
26
12
14
6
6
11
0
32
0
8
23
12
13
22
0
0
0
0
0
0
5
20
0
6
0
0
29
16
6
6
0
14
50
0
7
64
0
5
0
14
22
20
8
0
0
0
23
21
30
0
35
0
8
0
0
0
10
0
0
35
0
0
0
0
0
0
53
12
13
0
18
7
0
0
15
5
7
0
6
20
5
14
20
0
0
0
40
12
5
13
0
0
0
29
0
7
7
0
0
11
21
6
6
12
5
0
0
0
0
0
0
14
0
0
7
0
5
7
0
0
22
0
9
0
0
15
15
0
0
0
0
0
0
0
0
0
0
0
0
15
0
23
14
0
0
7
0
6
0
18
13
0
0
0
0
0
0
0
5
17
0
13
0
35
0
23
0
7
14
5
13
19
0
0
0
13
7
0
11
0
6
0
0
7
61
8
0
0
0
6
0
0
16
7
0
23
0
0
19
0
0
0
7
0
0
0
0
0
9
7
0
0
9
0
0
6
7
6
13
0
0
22
0
28
17
0
12
6
0
7
0
0
27
0
21
13
0
0
11
0
8
0
0
0
10
0
0
5
20
7
8
6
0
0
7
6
11
8
0
0
17
8
11
20
10
0
0
11
19
0
0
0
0
11
10
20
0
8
5
15
6
0
40
0
27
0
0
5
23
0
5
0
6
8
40
17
0
0
0
12
29
7
22
0
6
0
7
6
0
22
7
32
0
0
0
7
0
0
0
0
0
0
0
30
42
0
0
0
0
0
7
22
5
6
0
0
0
6
13
0
5
0
24
0
7
15
0
0
0
11
0
0
0
25
8
0
11
5
7
7
0
0
0
7
7
0
8
0
6
0
7
6
18
24
0
14
7
0
6
0
0
13
14
7
7
0
9
0
7
13
15
0
0
5
0
0
0
0
7
6
13
0
0
0
0
0
7
0
