7
0
0
0
0
0
30
0
0
0
0
0
0
25
7
0
13
0
22
0
0
0
0
0
7
13
0
0
6
15
7
31
0
0
25
0
15
0
62
17
0
0
0
0
0
15
0
6
0
0
0
6
0
0
0
19
7
6
12
0
8
0
0
6
0
17
0
0
12
0
22
0
0
0
0
7
0
19
16
5
0
0
0
21
0
0
0
0
0
7
11
0
6
0
0
21
25
9
0
0
33
16
5
0
0
0
21
0
13
0
0
0
0
0
0
0
0
9
0
0
0
8
0
5
0
8
7
0
22
0
13
0
21
0
0
5
0
9
0
0
33
0
0
17
0
5
8
7
13
5
32
8
11
15
0
0
17
14
62
0
0
0
11
9
13
5
0
5
22
6
25
5
40
0
0
8
0
9
0
75
0
18
13
0
0
17
0
7
0
7
5
0
7
6
13
6
0
0
0
0
13
8
7
9
0
0
0
7
6
0
0
28
7
15
0
8
25
7
6
0
0
7
7
0
9
9
5
5
0
0
0
25
7
32
9
6
41
0
0
0
16
29
12
0
12
18
9
0
6
18
6
22
0
0
0
0
13
0
0
25
13
5
0
47
29
0
45
48
10
14
19
0
0
8
6
17
0
0
7
0
14
0
7
0
0
5
10
0
0
0
31
0
35
0
0
16
5
0
0
6
0
12
6
7
6
0
0
0
0
7
0
7
0
9
23
0
0
13
0
0
0
0
16
6
8
14
0
8
5
0
0
6
0
0
12
0
6
0
6
0
0
14
6
8
16
14
7
8
9
8
0
5
0
0
0
8
0
0
7
0
47
0
24
11
8
22
0
0
0
0
6
22
0
0
0
20
0
11
0
0
10
7
6
0
11
0
0
0
0
11
8
0
0
0
0
0
0
16
42
0
7
0
30
7
0
31
75
0
0
0
0
0
0
0
0
17
13
0
19
18
0
14
0
0
0
6
10
0
14
8
0
0
39
32
0
0
0
0
0
40
0
0
0
9
8
0
0
0
5
0
0
6
7
0
0
0
0
8
20
29
21
0
0
7
5
15
19
6
0
0
6
0
0
7
0
0
0
23
25
0
7
0
0
0
0
0
0
0
5
17
0
7
0
0
0
0
17
0
0
0
19
13
12
0
0
5
14
7
0
16
6
0
0
22
6
17
0
14
51
0
6
23
5
0
0
0
16
7
0
7
7
0
0
6
0
0
0
18
0
14
11
12
6
0
17
6
6
0
0
18
0
0
0
0
7
0
0
0
0
0
0
7
0
15
14
19
0
0
7
0
0
7
0
0
0
0
0
0
6
0
18
11
25
0
7
0
0
5
0
0
0
0
0
0
20
7
0
0
24
9
19
6
7
0
37
0
9
0
0
19
29
23
0
5
8
0
0
29
0
0
12
24
0
0
8
8
0
0
24
14
0
0
0
43
0
0
8
0
14
0
0
7
0
7
0
0
0
16
5
0
0
0
16
0
0
0
22
0
9
0
9
0
0
0
13
6
0
0
0
6
0
6
27
0
0
0
14
0
0
14
0
12
5
6
0
0
9
0
0
0
12
0
4
0
0
7
6
7
5
0
5
27
15
17
13
12
0
7
18
19
21
0
0
8
0
32
0
11
0
7
0
11
24
7
0
0
5
14
7
6
0
0
7
0
0
5
0
9
6
0
0
0
0
0
0
6
0
0
0
24
0
7
26
42
0
7
0
0
0
7
7
0
13
13
11
8
6
0
0
0
12
0
0
0
12
11
0
7
0
6
29
7
5
18
0
6
14
5
14
0
0
0
8
0
8
0
0
31
8
0
0
46
0
0
9
16
22
5
0
0
7
6
12
5
6
16
14
0
23
0
0
0
0
19
0
56
0
0
5
15
0
30
0
17
0
5
0
6
0
6
6
10
56
0
8
38
0
20
0
0
0
8
0
0
0
15
0
39
0
14
0
0
7
0
0
0
0
41
0
34
7
0
18
7
7
0
0
10
19
0
7
0
10
27
6
25
32
0
7
0
0
6
8
21
17
0
6
16
17
20
0
0
0
0
0
0
16
0
11
0
11
0
0
0
17
9
0
0
0
17
7
6
6
7
16
7
15
0
0
0
8
0
6
19
7
7
6
0
9
6
21
0
0
0
15
0
8
5
0
0
0
7
0
19
0
0
27
0
22
8
27
0
0
7
0
0
0
15
19
0
11
15
0
0
6
12
8
13
7
34
0
0
0
7
0
0
0
0
0
0
5
0
0
8
0
7
34
0
0
0
7
0
0
0
0
31
5
0
0
26
14
0
0
0
12
29
0
14
0
0
0
7
0
0
6
13
0
7
0
0
0
0
0
39
0
0
0
0
0
0
8
0
0
0
0
35
11
24
0
6
0
8
17
22
0
0
14
0
6
6
7
0
7
42
0
26
37
0
7
17
6
10
0
7
20
11
0
0
0
6
6
0
7
0
0
0
0
9
8
6
20
0
14
0
0
0
0
0
7
0
0
26
42
0
14
6
0
0
0
0
0
0
0
14
10
12
0
0
0
7
0
0
21
0
6
0
0
5
56
6
17
40
6
7
0
37
13
0
7
0
9
15
0
0
9
6
7
7
9
0
0
0
0
11
19
0
18
0
0
0
0
0
8
7
6
19
59
30
0
27
0
6
12
15
14
0
0
0
0
15
0
0
0
0
0
0
7
6
0
0
0
15
0
0
28
0
21
14
0
0
5
0
5
0
0
0
0
20
6
0
0
0
0
0
8
12
0
0
12
0
0
11
12
0
6
0
20
0
0
0
29
0
0
0
9
9
0
0
21
7
59
0
0
0
7
22
5
6
39
0
0
7
17
7
0
28
18
5
13
0
0
0
0
5
0
8
35
8
5
0
24
0
7
8
0
0
0
0
0
28
0
0
24
0
6
0
0
0
0
24
6
6
17
34
32
0
0
0
0
11
0
9
51
5
0
0
7
9
0
5
39
0
6
11
7
13
28
7
70
17
0
36
0
27
0
7
6
0
17
5
0
12
0
0
0
0
7
0
0
6
15
0
22
0
0
0
25
0
0
22
0
59
0
0
12
8
8
0
7
15
6
0
0
16
14
14
7
0
0
6
15
44
0
5
7
0
0
0
0
0
0
21
0
21
0
0
64
0
7
0
0
13
0
0
0
7
7
0
46
31
0
0
0
20
0
8
7
12
0
7
19
6
0
0
9
18
10
14
13
6
7
0
0
0
6
0
5
0
0
0
8
6
0
23
0
12
0
0
0
6
0
11
0
9
0
7
0
25
15
5
0
5
11
0
15
16
0
8
10
0
0
0
0
0
12
0
0
6
0
7
16
0
11
8
0
32
7
0
0
6
0
23
6
0
0
6
0
7
0
8
0
0
0
7
0
13
13
0
15
8
0
6
0
0
5
0
0
33
19
7
6
14
13
0
7
30
13
0
0
0
0
0
11
0
0
12
0
11
14
0
23
0
9
0
0
0
29
8
0
6
0
9
0
0
15
0
61
0
110
6
0
0
8
0
13
0
0
0
12
0
0
13
11
0
0
15
7
0
0
11
0
5
0
13
6
16
0
0
8
0
7
0
15
0
0
8
0
11
8
0
13
37
0
0
21
0
15
0
23
20
26
0
24
0
19
7
0
5
23
25
8
0
23
7
21
6
6
8
13
7
7
0
0
13
0
11
29
0
0
12
0
0
47
0
8
8
16
14
8
13
0
7
0
7
15
16
33
7
0
7
0
0
0
6
15
13
11
6
0
23
0
12
6
6
27
0
8
33
0
0
0
27
0
5
0
8
0
0
0
0
0
0
16
12
7
21
0
0
0
0
0
34
32
8
42
0
0
7
16
13
0
8
0
8
20
7
0
8
7
0
0
0
0
8
7
5
0
9
8
0
0
14
0
14
14
0
0
18
0
11
0
20
13
0
6
13
0
19
6
8
6
0
0
7
0
6
25
28
7
0
0
8
17
0
6
0
0
0
12
0
0
0
0
0
0
16
8
0
0
0
0
7
0
12
0
0
0
20
0
0
22
19
0
6
14
0
22
0
7
0
0
20
0
5
0
6
13
0
0
0
13
0
8
5
0
0
12
0
6
7
0
51
0
0
0
0
0
0
12
0
13
6
0
0
0
12
0
32
0
0
51
0
7
6
6
0
13
0
0
8
0
0
15
6
21
0
0
8
0
0
6
6
0
24
0
14
7
0
0
12
0
0
17
32
0
8
18
6
9
0
0
0
13
12
7
0
0
5
23
0
12
5
0
6
0
0
0
9
7
0
0
0
0
34
0
0
18
0
7
0
0
29
20
0
8
7
0
12
0
0
0
0
0
7
0
0
0
19
5
26
5
9
6
0
0
0
5
20
28
0
14
0
0
0
0
6
7
0
0
8
7
0
0
11
0
8
6
0
9
0
33
0
0
6
24
20
0
0
6
6
0
26
0
21
0
0
0
23
8
44
0
0
28
12
6
8
0
10
42
0
0
0
14
0
7
6
68
19
6
0
0
0
7
0
14
0
21
6
0
0
