19451
19564
120
76
141
174
110
97
176
137
68
203
168
78
152
79
342
403
109
380
106
708
134
279
170
282
153
210
16
195
229
88
95
653
270
265
517
923
233
201
103
177
104
303
149
114
427
100
16
1148
294
102
113
220
86
58
47
272
708
242
352
426
124
124
632
134
183
264
207
114
715
352
134
195
45
166
87
151
99
111
125
138
92
71
446
179
296
159
711
129
72
63
8
202
210
160
89
153
303
352
152
93
715
137
167
171
40
172
97
113
190
174
165
93
212
106
71
92
183
205
85
109
85
167
100
147
47
1076
786
205
154
75
152
104
451
317
109
0
416
155
282
103
459
92
80
117
180
72
149
786
168
289
89
80
27
93
317
224
240
100
711
154
154
17
348
385
134
173
94
137
53
171
118
81
185
111
334
50
143
176
314
201
339
244
122
151
257
171
84
102
259
194
623
265
119
93
79
0
315
68
154
227
220
150
235
203
127
406
80
50
289
419
1040
210
78
233
196
82
137
345
64
167
133
215
468
242
1112
923
112
16
109
136
59
38
198
99
300
313
285
403
64
102
37
180
190
195
214
419
244
249
131
227
212
468
43
294
200
384
171
103
89
143
283
227
123
0
133
242
198
152
242
183
130
98
859
110
132
207
6
144
67
346
454
152
156
67
33
319
79
109
345
216
55
82
331
208
180
220
93
146
436
171
120
68
342
81
309
279
152
93
243
137
82
132
450
35
438
766
96
66
127
133
309
183
212
99
50
409
164
174
106
161
167
164
152
120
131
96
163
125
120
58
68
130
98
48
294
112
61
123
122
180
91
179
78
56
58
107
111
363
132
105
236
365
148
363
81
129
18
7
126
197
316
67
44
119
185
190
117
133
203
217
218
178
264
234
154
166
470
283
247
139
38
114
368
180
197
245
244
50
349
64
245
114
230
57
196
519
110
143
85
315
177
353
308
136
204
171
18
124
259
412
149
95
246
157
191
208
222
49
207
227
349
114
106
112
113
140
96
143
159
96
304
328
598
133
317
118
162
115
106
99
214
316
132
186
127
204
259
188
220
194
308
151
25
124
116
70
333
229
249
222
43
207
133
244
353
71
191
0
52
63
63
174
213
38
0
133
314
157
499
130
159
339
111
313
112
165
87
49
280
104
88
148
101
150
118
121
91
80
436
246
208
133
486
232
103
236
148
83
664
213
178
30
124
136
135
174
131
178
93
143
31
116
380
125
308
430
174
466
62
113
260
438
430
76
82
177
89
89
229
194
63
117
249
283
149
42
333
177
205
269
145
687
352
104
470
133
43
81
125
204
666
83
180
160
93
188
417
146
196
1148
518
245
108
144
101
119
92
80
99
160
186
83
160
0
159
267
153
204
169
185
188
62
118
135
102
909
56
129
49
48
127
167
214
69
174
79
54
47
41
86
124
111
45
185
153
96
296
332
212
191
82
165
133
57
141
113
61
43
162
339
196
385
146
91
83
224
252
99
73
75
128
12
249
174
268
0
154
67
97
243
666
180
328
183
140
112
202
62
314
197
197
9
133
182
167
204
1004
170
202
664
110
134
153
138
60
91
424
119
202
24
147
214
243
36
126
164
169
188
109
99
182
169
7
107
70
160
96
240
223
208
0
129
204
172
61
191
68
159
93
0
368
77
96
159
499
124
240
67
121
249
721
109
99
208
52
84
204
127
52
107
315
150
117
211
205
242
909
58
124
126
229
94
245
141
90
129
416
146
183
0
103
148
80
17
68
66
153
225
213
286
159
141
174
211
87
91
148
102
292
164
323
92
0
384
223
93
225
203
170
102
150
101
125
300
334
60
166
112
35
77
145
13
149
66
62
129
0
68
405
246
299
106
243
168
51
188
450
412
118
148
174
90
51
153
45
160
128
133
71
328
260
104
56
72
160
113
598
174
185
95
50
141
185
636
141
66
86
290
389
339
46
95
200
168
105
365
132
173
269
254
217
96
85
139
331
147
497
319
142
120
85
174
112
174
186
85
189
100
117
190
133
0
283
168
137
145
29
110
127
265
108
114
436
31
85
111
94
111
158
152
268
67
208
215
90
259
357
330
180
340
291
145
165
170
96
159
130
291
13
152
220
126
143
16
129
426
59
102
205
101
46
153
117
128
58
454
140
135
112
110
124
157
331
77
100
87
158
205
106
409
105
191
139
122
632
168
93
267
122
138
90
145
200
130
16
151
262
0
108
116
220
126
109
23
100
164
26
135
240
264
7
255
189
173
285
235
121
333
228
156
317
171
94
117
1040
77
61
127
102
155
29
113
182
233
174
94
438
859
53
120
180
50
132
174
244
185
137
188
623
205
70
153
210
158
122
43
154
117
95
90
171
102
160
54
137
217
122
202
119
137
219
69
226
214
62
398
492
110
85
94
87
416
141
206
140
133
154
192
204
229
102
106
255
259
249
100
137
57
39
105
246
68
109
122
140
7
28
84
113
199
262
114
264
134
83
129
518
172
121
130
0
266
320
486
143
269
110
91
103
99
186
167
76
76
40
165
181
0
166
115
154
124
1076
0
107
25
63
59
519
72
97
157
76
215
222
294
223
791
163
100
63
85
228
46
214
251
149
147
145
86
131
124
132
13
86
196
66
224
215
63
223
149
165
87
146
208
158
131
95
118
31
143
47
95
104
320
155
74
131
230
91
169
285
105
155
127
308
40
436
136
112
251
119
143
67
269
156
54
80
18
253
176
187
129
132
126
85
176
65
0
141
140
145
80
191
254
176
73
189
102
128
112
120
129
128
36
172
86
176
83
127
187
66
156
416
153
88
155
174
0
57
73
239
17
162
16
134
249
168
0
132
182
149
154
142
126
28
106
145
364
206
159
63
154
97
104
455
756
163
98
107
218
90
98
246
105
59
207
117
114
331
176
651
61
64
72
201
63
398
41
151
0
220
27
95
148
90
35
205
439
86
7
104
82
169
66
120
300
50
208
186
105
354
416
145
185
185
294
70
212
15
129
202
252
188
219
65
291
118
85
91
26
97
201
60
71
31
152
14
37
85
85
283
132
207
70
135
385
235
103
207
331
88
226
92
150
123
148
129
102
66
123
206
172
177
0
51
283
202
78
91
54
145
63
46
99
190
304
135
134
112
215
213
223
318
88
52
33
108
36
16
100
550
262
169
87
108
75
93
77
165
108
95
90
39
145
125
93
51
272
85
87
229
75
117
518
150
75
190
143
214
166
128
70
66
106
82
101
99
200
158
107
29
58
84
124
67
227
8
70
132
93
104
46
103
56
245
75
137
157
116
135
81
125
317
103
95
101
8
162
138
84
171
71
116
153
138
136
124
92
46
244
63
125
149
124
398
215
130
125
145
203
176
127
469
0
125
117
113
13
69
148
67
108
320
244
80
320
249
64
93
159
198
191
130
117
191
153
175
84
179
446
67
171
64
77
24
191
110
141
184
84
127
135
72
81
61
147
141
109
69
64
138
78
77
194
120
137
130
177
283
117
216
99
154
187
101
312
73
125
65
43
92
288
0
153
111
122
87
0
61
59
70
42
85
28
191
438
95
7
186
88
275
398
66
104
12
129
247
138
47
14
181
67
204
82
62
56
96
176
58
130
90
308
185
115
25
87
84
287
85
133
151
66
74
298
57
48
78
63
35
455
304
143
180
160
146
296
85
300
20
77
106
88
53
184
57
124
178
154
135
84
90
120
195
94
43
118
32
78
71
1112
245
183
92
222
323
116
414
123
185
144
166
160
67
88
180
294
18
152
169
81
206
459
745
144
312
215
79
53
152
102
100
157
354
66
130
0
46
0
85
12
79
199
202
28
120
129
198
66
102
132
169
83
78
0
96
132
423
199
182
162
220
218
115
175
112
209
160
8
293
83
84
135
177
40
158
95
216
87
81
80
94
100
103
105
162
423
48
93
71
80
0
213
251
16
11
72
99
158
128
55
236
158
226
215
48
88
140
335
103
236
162
206
93
320
99
110
174
99
160
63
105
111
191
126
114
124
315
325
198
655
332
63
41
94
108
87
64
124
493
247
239
169
131
140
75
113
0
29
95
220
206
126
119
47
147
90
135
79
77
51
136
83
85
163
53
96
77
161
107
141
141
331
135
111
44
116
185
35
262
288
0
165
86
107
107
203
198
132
158
33
424
267
140
159
99
59
0
51
80
129
145
112
414
138
161
333
123
63
151
95
78
181
296
283
46
56
59
102
94
77
293
80
14
104
81
111
0
99
117
45
64
141
69
180
156
78
252
70
114
101
123
156
92
93
356
149
56
205
150
150
137
656
54
129
233
110
161
85
215
169
108
193
112
124
97
56
189
136
49
75
87
9
1004
160
126
216
170
11
86
74
53
76
120
147
145
26
37
121
134
52
66
130
138
102
235
142
102
127
126
133
103
160
173
227
169
168
66
56
659
84
103
71
58
168
114
128
10
7
626
132
171
88
455
210
126
141
80
147
58
176
159
28
57
213
147
0
109
52
85
6
120
133
132
140
132
115
129
129
74
102
84
27
69
82
63
149
141
63
247
73
76
83
30
82
563
58
