21999
22092
373
64
141
106
139
426
63
348
446
503
349
221
167
206
566
228
18
215
167
235
263
149
242
400
128
159
98
170
139
173
446
137
232
31
121
221
631
113
252
226
188
446
61
440
185
592
706
365
199
88
341
221
276
875
348
394
963
487
94
185
94
42
148
69
681
429
149
850
264
210
263
208
325
318
147
117
283
206
627
348
373
107
239
616
95
402
391
70
104
192
215
263
233
201
206
190
157
98
110
86
118
98
196
875
77
351
511
226
284
315
137
71
385
429
323
123
137
233
48
39
193
651
154
423
127
218
678
168
655
117
89
71
81
331
163
329
527
690
89
193
196
167
116
200
666
310
137
8
140
35
850
162
88
122
371
55
573
138
608
273
197
83
311
453
284
134
264
226
365
350
151
129
341
229
451
91
73
123
116
273
58
263
128
90
116
172
472
127
216
63
162
250
160
190
334
89
197
211
201
206
243
57
153
0
349
211
193
383
172
115
200
137
10
354
379
222
42
162
236
133
375
177
211
210
263
152
347
131
235
682
153
371
240
68
106
178
211
270
313
120
127
36
88
94
156
101
252
210
200
536
188
78
273
365
282
110
726
337
298
16
233
135
165
263
50
110
223
156
157
434
160
273
617
68
242
105
481
195
307
110
473
45
208
39
678
207
375
162
39
193
86
53
963
138
121
85
80
98
221
279
236
238
157
85
205
127
329
328
105
36
385
199
187
466
198
240
127
867
249
358
481
95
471
544
145
157
426
632
285
579
358
347
379
220
867
154
72
137
453
240
421
59
121
206
183
201
176
137
62
484
625
183
206
217
112
55
99
0
139
238
117
164
354
235
129
37
445
201
229
183
247
215
200
86
48
901
76
114
197
9
243
103
115
146
107
218
427
675
219
136
127
325
215
712
121
244
126
224
30
103
403
315
29
88
203
254
627
342
181
690
102
223
49
98
43
323
146
244
54
79
83
117
118
457
129
144
711
380
246
240
580
31
252
329
157
145
110
386
160
341
385
442
102
632
112
84
631
175
287
245
183
327
139
901
120
139
112
322
62
58
216
104
283
273
202
97
706
71
236
169
703
84
172
299
206
152
99
116
267
545
301
93
112
159
50
605
52
245
104
191
175
148
92
45
32
711
110
88
83
191
89
173
62
55
511
131
457
46
329
639
197
133
204
98
559
145
275
245
92
101
143
107
87
186
72
48
184
0
316
440
138
350
133
154
62
517
101
313
427
180
167
193
662
471
86
104
300
403
160
316
128
331
612
301
117
152
472
89
399
91
200
76
105
445
127
328
98
44
592
151
353
234
290
35
487
89
55
217
137
147
365
286
27
119
571
257
120
271
186
109
180
536
236
251
51
84
247
116
127
75
93
127
67
149
206
194
202
273
77
525
389
103
152
386
106
344
354
105
389
703
223
207
208
143
249
157
96
681
200
197
100
315
54
85
681
178
109
110
65
103
303
377
121
76
166
74
433
536
265
236
92
122
145
383
243
491
112
73
348
134
76
92
244
60
239
141
191
42
396
158
86
0
71
186
205
120
221
373
145
332
191
338
224
229
711
168
145
103
50
400
116
318
93
380
39
173
10
149
240
205
243
282
34
124
157
473
34
247
336
85
189
204
106
56
203
291
278
144
182
299
0
147
206
170
210
97
128
547
159
186
71
35
446
206
147
138
57
94
137
236
254
157
165
101
170
137
39
183
372
219
348
550
195
93
235
176
384
138
111
31
231
434
78
167
550
605
188
666
114
114
37
684
157
31
154
168
298
390
273
268
101
39
196
285
136
154
89
130
201
294
81
143
223
325
410
17
201
216
370
52
208
212
135
257
95
97
18
162
121
389
228
188
338
426
170
161
85
0
155
86
100
210
145
681
68
191
201
242
173
236
97
94
148
88
91
148
348
95
224
94
77
105
85
65
71
281
320
632
193
334
72
69
234
143
315
120
121
117
50
180
30
89
121
108
130
555
370
47
76
188
105
64
617
53
170
130
98
71
134
89
115
179
183
181
149
64
101
240
218
232
176
10
119
487
180
298
172
84
269
54
248
131
315
136
110
233
429
114
414
121
96
263
455
327
404
284
56
199
263
682
178
158
168
414
250
95
285
193
17
472
117
83
185
93
331
160
137
467
262
95
87
43
203
402
41
50
157
97
301
295
139
199
457
487
176
307
29
63
130
124
33
170
264
243
124
182
102
108
55
357
137
290
117
89
107
148
264
119
105
67
406
120
75
200
94
97
51
429
362
49
195
81
471
92
206
183
86
149
134
484
451
303
91
279
94
65
119
224
651
370
72
158
91
265
656
164
7
144
332
63
0
76
318
113
127
404
118
144
9
114
81
391
93
96
159
385
196
134
150
97
212
107
259
139
219
259
206
130
284
55
298
124
430
28
130
327
177
682
282
25
0
197
322
133
84
384
172
131
61
512
91
73
94
80
203
65
59
46
76
267
207
121
126
27
10
585
662
63
367
460
224
446
157
281
576
158
76
166
375
129
265
230
87
316
146
423
69
185
124
102
399
119
413
92
45
105
114
172
455
423
261
516
288
143
127
126
121
34
64
188
283
54
230
124
157
71
648
459
249
36
177
152
32
82
15
356
412
97
697
66
201
326
35
265
168
344
148
75
663
88
218
80
211
349
334
19
39
80
71
113
450
281
137
152
119
76
185
262
145
196
22
93
153
275
141
147
89
501
10
251
213
201
177
130
697
180
153
9
182
103
334
575
89
351
95
224
11
139
138
170
313
193
12
460
32
18
77
115
235
78
207
308
149
72
610
285
216
146
164
64
249
196
338
29
161
111
297
146
281
47
385
550
0
150
132
95
116
263
87
54
76
186
128
32
235
43
45
530
245
14
200
79
181
579
131
412
264
654
118
381
11
45
22
179
697
133
90
148
0
325
70
140
0
49
41
530
110
143
0
361
146
39
78
116
15
120
467
148
149
321
0
129
168
63
103
298
297
344
300
508
7
0
249
0
114
55
100
133
60
286
0
271
205
194
200
159
158
354
164
140
270
65
154
151
47
257
284
64
0
113
624
140
244
149
365
249
0
520
165
575
101
147
89
105
334
307
113
362
467
281
80
58
350
48
52
261
332
138
144
60
0
230
434
173
230
154
107
153
135
85
116
125
508
94
149
145
142
325
152
575
77
70
59
141
74
56
224
663
294
252
43
25
134
609
512
207
242
208
265
56
112
171
121
128
124
205
25
132
127
154
84
10
697
197
249
14
220
137
74
76
76
107
309
183
313
172
197
167
30
113
100
295
443
206
138
654
44
274
84
149
668
118
579
155
109
124
228
84
432
92
54
40
33
105
160
232
37
209
68
63
192
101
493
547
61
675
27
28
107
136
226
423
129
141
57
81
140
0
45
620
54
385
412
518
76
340
334
136
63
711
36
119
60
238
217
326
126
77
165
145
50
166
105
193
236
130
69
69
298
170
533
557
224
120
212
55
203
205
104
291
205
216
145
219
109
98
533
316
179
127
225
315
118
130
90
245
111
88
121
200
229
160
404
92
102
201
34
433
156
104
83
102
81
168
624
608
113
116
145
145
148
476
212
322
211
131
208
80
215
130
225
326
134
64
76
61
96
137
85
400
175
373
434
60
305
34
66
73
467
184
172
115
51
46
41
80
8
57
32
90
295
57
115
88
105
268
34
247
338
129
318
221
183
163
168
85
458
557
164
99
46
34
260
118
83
104
210
332
243
128
467
128
117
97
268
120
16
119
161
83
81
117
265
119
0
45
61
616
63
102
168
203
16
183
115
127
203
66
301
187
231
146
492
317
0
77
389
215
109
108
257
306
318
28
133
100
0
109
238
493
92
208
26
122
160
241
59
80
89
208
51
121
62
374
325
97
150
107
121
90
117
101
261
105
271
185
121
113
239
49
7
170
195
88
303
261
76
203
36
62
113
25
252
245
367
262
137
259
476
68
8
294
511
283
106
74
103
89
156
94
135
355
355
210
0
141
105
33
95
76
84
65
423
117
487
170
193
88
9
26
91
446
64
433
218
109
169
25
88
90
91
167
160
160
224
330
184
271
0
23
38
471
106
101
152
223
39
249
640
107
62
72
271
115
189
633
200
311
230
279
244
264
616
0
329
138
133
135
518
91
58
649
265
39
0
108
235
94
57
190
226
115
148
245
105
183
0
77
144
91
306
19
0
655
37
215
141
283
111
346
205
281
45
116
114
29
49
229
156
362
42
485
0
168
105
206
200
11
114
104
120
78
262
424
445
424
270
189
157
75
49
81
119
160
155
116
86
451
0
168
314
125
130
139
254
81
94
21
124
127
60
84
52
140
224
55
168
90
15
154
467
183
110
81
0
503
271
129
43
428
616
182
106
38
166
549
95
140
212
122
158
104
14
640
207
135
139
90
242
103
114
336
211
13
144
121
147
111
153
68
292
99
11
0
168
525
232
291
81
47
202
199
29
149
339
150
450
215
145
301
120
22
356
175
72
6
149
153
126
83
10
76
6
391
0
145
120
509
23
140
58
38
78
46
103
171
75
476
