29716
29803
72
200
57
10672
523
153
110
243
87
41
71
134
10672
195
61
153
198
134
194
197
72
293
164
245
722
38
290
199
146
369
126
144
213
217
159
128
171
220
134
131
212
108
116
706
164
211
49
90
173
138
220
478
117
652
298
102
111
132
298
320
243
214
945
617
161
136
387
1079
228
195
132
9
96
133
48
225
223
85
144
1535
908
199
420
122
126
420
108
547
150
108
210
188
196
133
223
125
208
107
655
127
146
139
999
229
172
170
710
97
159
232
262
710
254
260
242
207
652
145
446
373
530
130
1339
116
69
359
320
706
138
267
934
136
88
247
945
166
136
179
530
126
298
242
331
171
188
74
163
81
119
38
225
0
116
706
241
117
264
147
210
241
755
151
234
98
504
164
215
55
298
258
76
64
209
158
249
388
114
162
38
269
252
86
158
90
141
12
359
471
155
195
18
165
219
295
0
9
298
116
76
119
171
140
236
33
500
299
325
762
26
130
331
652
9
352
102
109
84
219
359
129
128
134
266
352
131
231
298
70
785
224
160
66
1408
220
388
206
86
298
82
388
232
62
164
149
173
511
280
262
109
508
945
60
461
266
212
39
467
53
387
581
247
479
710
92
1045
206
530
214
130
162
581
243
147
762
20
299
934
261
119
158
311
964
221
213
199
187
1535
934
1144
934
61
359
182
617
508
151
530
169
143
48
93
142
105
266
195
908
220
446
102
154
785
157
215
945
571
51
228
236
387
934
908
181
483
112
245
269
116
128
710
171
185
230
266
125
134
81
93
184
1125
268
111
169
204
268
176
219
217
271
110
102
863
179
80
232
198
127
62
151
87
214
182
175
307
331
214
215
112
174
331
908
185
134
230
70
652
119
319
855
148
198
145
203
243
623
75
669
146
164
198
127
123
117
249
171
217
137
178
230
127
36
37
313
204
395
896
337
113
183
184
76
170
206
25
106
33
262
1389
114
99
162
243
706
211
104
171
182
226
328
183
195
1339
212
151
100
219
62
223
157
163
112
185
156
242
167
223
110
729
100
521
785
1079
0
16
388
221
706
17
61
223
82
0
206
198
188
107
205
571
28
150
143
409
471
855
530
130
244
171
617
298
114
409
228
22
78
217
230
48
85
190
1087
51
1290
210
195
113
163
570
209
241
312
785
855
225
206
186
65
223
243
809
85
80
228
128
388
110
202
109
60
669
35
159
158
236
921
173
188
999
0
116
167
106
89
139
141
153
189
358
188
762
399
102
304
921
144
100
246
804
526
298
202
55
272
110
210
271
14
248
113
194
142
196
545
703
195
138
78
230
152
217
925
186
45
242
226
348
158
119
211
246
212
77
12
102
92
412
82
113
234
0
182
144
808
159
18
102
159
934
331
203
133
500
203
31
387
241
145
182
123
428
217
38
195
508
53
500
402
220
160
174
111
198
120
367
528
165
177
1079
165
162
119
420
457
125
106
155
127
119
77
207
172
194
293
205
169
151
201
8
832
811
114
359
18
127
109
1164
102
266
238
795
35
151
203
72
998
70
159
420
82
530
0
97
171
570
59
184
325
324
325
212
163
110
508
267
222
297
134
126
1313
108
132
127
162
0
107
126
168
267
114
223
230
259
526
35
528
228
136
669
471
171
214
205
307
184
242
199
500
147
293
388
150
107
197
0
523
256
291
530
87
463
136
48
180
1313
508
0
226
196
212
87
706
129
206
108
78
223
230
110
252
191
103
1169
742
235
365
245
98
91
108
422
130
0
268
115
325
189
298
151
162
104
10
189
119
239
223
207
232
102
155
581
87
147
431
264
84
100
66
199
654
64
189
504
795
108
194
44
0
131
150
71
138
201
228
457
511
623
148
229
155
231
195
206
1339
228
762
134
138
114
319
70
76
48
105
151
77
200
669
107
241
86
0
489
592
808
428
209
135
94
78
94
183
383
234
934
207
104
169
95
386
96
165
151
108
74
387
1313
62
246
298
1389
30
80
191
108
722
110
182
243
326
103
211
206
185
124
242
61
127
66
268
159
100
88
294
1079
103
483
67
55
206
161
547
128
199
234
617
416
243
103
232
151
162
225
157
171
710
836
202
208
17
11
118
125
133
238
100
86
99
921
113
80
69
92
465
220
257
228
574
136
40
41
259
87
124
343
362
89
214
170
24
232
274
139
0
1306
669
156
232
319
372
87
226
89
205
126
236
267
158
112
185
571
239
50
299
217
266
218
999
194
549
214
246
62
125
81
158
251
172
118
112
59
170
999
886
123
755
107
247
523
92
259
36
338
886
592
1169
863
299
25
623
46
239
76
319
143
168
157
142
179
52
87
504
105
88
64
489
1212
522
119
259
84
1339
202
269
189
416
59
441
240
945
153
211
247
80
289
116
219
205
94
1144
116
170
11
319
128
328
26
252
125
212
101
162
117
194
90
164
522
149
19
132
0
167
304
223
111
115
388
145
416
212
863
155
27
110
243
268
246
160
145
896
448
183
0
448
151
190
312
193
110
269
74
229
82
319
70
86
128
1133
151
159
60
207
198
145
128
182
189
79
69
82
125
36
182
171
886
50
73
157
22
68
179
181
266
145
415
24
228
159
170
120
1408
130
373
395
145
46
159
103
483
262
1201
25
38
144
63
201
245
328
228
795
236
196
133
325
86
39
61
192
804
416
16
359
206
945
143
85
710
88
290
119
231
522
196
131
103
102
187
655
194
149
95
385
165
78
267
855
331
201
282
470
384
172
243
116
131
261
214
373
145
179
325
212
236
236
71
8
64
91
115
155
176
80
654
94
179
180
934
172
139
185
130
205
145
1313
523
114
290
170
70
86
214
98
58
142
185
121
110
222
298
322
162
57
156
159
187
119
479
35
220
141
320
231
293
197
164
14
415
0
80
248
362
47
276
945
59
174
119
574
703
297
652
138
195
115
96
106
998
485
162
581
114
7
119
142
74
585
53
84
469
180
182
456
91
17
269
189
331
122
31
120
214
268
392
222
194
151
36
147
119
151
79
34
205
171
92
112
505
116
87
120
146
168
189
192
0
303
217
172
196
182
1347
1133
478
63
113
320
158
14
209
151
145
584
72
78
387
81
153
208
48
191
77
122
106
232
106
667
253
107
219
111
121
176
135
125
203
263
294
290
331
417
471
307
9
1191
192
89
269
247
236
293
118
303
232
549
98
105
172
132
232
84
151
125
187
147
239
82
17
173
220
574
249
141
461
60
223
274
130
154
258
18
48
138
592
373
84
199
198
0
83
204
252
80
120
138
163
157
574
339
160
804
47
133
94
504
118
209
23
412
68
179
185
25
217
102
570
112
77
488
105
88
90
228
154
522
73
264
429
184
158
45
233
119
219
13
804
295
0
92
11
212
92
232
160
18
179
21
219
56
243
134
11
99
171
201
33
289
106
386
234
260
617
114
230
373
76
82
1290
461
241
60
398
207
290
205
223
66
274
198
124
100
139
623
36
97
230
264
319
249
522
222
76
104
467
57
549
23
243
617
241
92
172
145
215
197
53
127
104
1329
79
135
730
598
119
410
106
228
368
215
235
111
252
89
17
232
130
133
145
212
69
248
18
241
76
190
228
82
571
267
108
115
325
99
195
821
147
16
268
383
135
527
571
191
471
372
395
15
128
242
274
48
104
267
162
328
117
195
238
163
133
49
234
255
158
240
142
211
42
863
56
209
231
120
146
228
82
13
12
161
863
886
338
998
214
85
151
219
182
0
108
241
489
1045
535
127
214
87
471
199
527
463
83
299
127
103
114
331
215
70
90
130
86
18
157
208
508
585
195
107
124
105
821
821
199
170
372
114
195
170
198
186
372
268
153
158
552
115
93
359
573
202
328
127
811
365
121
337
1152
88
80
0
261
182
268
307
123
896
127
80
445
146
59
261
180
316
207
125
150
89
124
116
54
8
84
241
206
964
0
220
158
248
186
171
252
392
149
42
51
58
52
82
141
154
395
85
0
168
118
795
530
61
135
505
500
231
125
79
57
114
77
445
87
108
480
706
1101
79
175
120
607
313
245
669
32
821
1212
232
72
420
742
31
94
127
149
182
489
214
119
30
198
245
319
122
238
184
199
199
1182
122
159
85
0
181
41
592
225
143
98
388
182
201
48
309
290
139
0
135
223
217
125
59
114
524
395
248
119
186
45
31
526
64
30
479
64
143
68
153
120
179
1369
159
467
122
328
163
504
45
63
36
527
482
113
47
30
109
112
21
235
95
1203
383
51
344
36
137
130
1144
43
617
103
669
89
90
135
362
7
552
47
125
195
36
234
114
508
500
325
97
48
241
206
162
211
127
262
65
195
64
94
92
253
249
162
204
104
35
243
1388
30
581
523
307
69
55
73
168
821
105
88
1369
49
194
1350
523
706
131
134
23
652
202
304
88
209
344
141
9
104
215
463
127
228
236
164
141
117
84
175
13
623
262
17
106
95
252
180
461
223
104
360
239
204
945
49
263
478
52
527
356
120
147
339
106
312
214
141
1086
223
114
14
118
180
80
55
153
92
290
0
135
39
307
129
804
41
246
86
215
223
113
158
64
48
91
445
98
219
107
143
80
75
170
799
10
